CUDA extension not installed.
Starting ...
Ready.
========================================
Start compressing layer 0：
layers[0].self_attn.k_proj
time 2.96
========================================
layers[0].self_attn.v_proj
time 0.47
========================================
layers[0].self_attn.q_proj
time 0.45
========================================
layers[0].self_attn.out_proj
time 0.46
========================================
layers[0].fc1
time 0.49
========================================
layers[0].fc2
time 1.59
========================================
========================================
Start compressing layer 1：
layers[1].self_attn.k_proj
time 0.46
========================================
layers[1].self_attn.v_proj
time 0.46
========================================
layers[1].self_attn.q_proj
time 0.50
========================================
layers[1].self_attn.out_proj
time 0.49
========================================
layers[1].fc1
time 0.52
========================================
layers[1].fc2
time 1.64
========================================
========================================
Start compressing layer 2：
layers[2].self_attn.k_proj
time 0.51
========================================
layers[2].self_attn.v_proj
time 0.51
========================================
layers[2].self_attn.q_proj
time 0.51
========================================
layers[2].self_attn.out_proj
time 0.50
========================================
layers[2].fc1
time 0.52
========================================
layers[2].fc2
time 1.67
========================================
========================================
Start compressing layer 3：
layers[3].self_attn.k_proj
time 0.48
========================================
layers[3].self_attn.v_proj
time 0.47
========================================
layers[3].self_attn.q_proj
time 0.47
========================================
layers[3].self_attn.out_proj
time 0.46
========================================
layers[3].fc1
time 0.53
========================================
layers[3].fc2
time 1.62
========================================
========================================
Start compressing layer 4：
layers[4].self_attn.k_proj
time 0.47
========================================
layers[4].self_attn.v_proj
time 0.47
========================================
layers[4].self_attn.q_proj
time 0.46
========================================
layers[4].self_attn.out_proj
time 0.46
========================================
layers[4].fc1
time 0.47
========================================
layers[4].fc2
time 1.55
========================================
========================================
Start compressing layer 5：
layers[5].self_attn.k_proj
time 0.48
========================================
layers[5].self_attn.v_proj
time 0.51
========================================
layers[5].self_attn.q_proj
time 0.52
========================================
layers[5].self_attn.out_proj
time 0.50
========================================
layers[5].fc1
time 0.49
========================================
layers[5].fc2
time 1.76
========================================
========================================
Start compressing layer 6：
layers[6].self_attn.k_proj
time 0.54
========================================
layers[6].self_attn.v_proj
time 0.49
========================================
layers[6].self_attn.q_proj
time 0.46
========================================
layers[6].self_attn.out_proj
time 0.46
========================================
layers[6].fc1
time 0.47
========================================
layers[6].fc2
time 1.49
========================================
========================================
Start compressing layer 7：
layers[7].self_attn.k_proj
time 0.47
========================================
layers[7].self_attn.v_proj
time 0.47
========================================
layers[7].self_attn.q_proj
time 0.47
========================================
layers[7].self_attn.out_proj
time 0.47
========================================
layers[7].fc1
time 0.48
========================================
layers[7].fc2
time 1.64
========================================
========================================
Start compressing layer 8：
layers[8].self_attn.k_proj
time 0.45
========================================
layers[8].self_attn.v_proj
time 0.43
========================================
layers[8].self_attn.q_proj
time 0.44
========================================
layers[8].self_attn.out_proj
time 0.43
========================================
layers[8].fc1
time 0.45
========================================
layers[8].fc2
time 1.54
========================================
========================================
Start compressing layer 9：
layers[9].self_attn.k_proj
time 0.52
========================================
layers[9].self_attn.v_proj
time 0.50
========================================
layers[9].self_attn.q_proj
time 0.50
========================================
layers[9].self_attn.out_proj
time 0.50
========================================
layers[9].fc1
time 0.49
========================================
layers[9].fc2
time 1.79
========================================
========================================
Start compressing layer 10：
layers[10].self_attn.k_proj
time 0.50
========================================
layers[10].self_attn.v_proj
time 0.51
========================================
layers[10].self_attn.q_proj
time 0.52
========================================
layers[10].self_attn.out_proj
time 0.52
========================================
layers[10].fc1
time 0.48
========================================
layers[10].fc2
time 1.65
========================================
========================================
Start compressing layer 11：
layers[11].self_attn.k_proj
time 0.45
========================================
layers[11].self_attn.v_proj
time 0.45
========================================
layers[11].self_attn.q_proj
time 0.44
========================================
layers[11].self_attn.out_proj
time 0.43
========================================
layers[11].fc1
time 0.48
========================================
layers[11].fc2
time 1.70
========================================
time
71.12250709533691
wikitext2
Evaluating ...
0
1
2
3
4
5
6
7
8
9
10
11
29.004545211791992
ptb-new
Evaluating ...
0
1
2
3
4
5
6
7
8
9
10
11
41.257389068603516
c4-new
Evaluating ...
0
1
2
3
4
5
6
7
8
9
10
11
27.779939651489258
