CUDA extension not installed.
Starting ...
Ready.
========================================
Start compressing layer 0：
layers[0].self_attn.k_proj
time 5.21
========================================
layers[0].self_attn.v_proj
time 4.21
========================================
layers[0].self_attn.q_proj
time 4.07
========================================
layers[0].self_attn.out_proj
time 3.21
========================================
layers[0].fc1
time 4.72
========================================
layers[0].fc2
time 14.19
========================================
========================================
Start compressing layer 1：
layers[1].self_attn.k_proj
time 4.17
========================================
layers[1].self_attn.v_proj
time 4.24
========================================
layers[1].self_attn.q_proj
time 3.99
========================================
layers[1].self_attn.out_proj
time 3.17
========================================
layers[1].fc1
time 4.62
========================================
layers[1].fc2
time 14.27
========================================
========================================
Start compressing layer 2：
layers[2].self_attn.k_proj
time 4.20
========================================
layers[2].self_attn.v_proj
time 4.06
========================================
layers[2].self_attn.q_proj
time 4.08
========================================
layers[2].self_attn.out_proj
time 3.21
========================================
layers[2].fc1
time 4.64
========================================
layers[2].fc2
time 14.33
========================================
========================================
Start compressing layer 3：
layers[3].self_attn.k_proj
time 4.28
========================================
layers[3].self_attn.v_proj
time 4.15
========================================
layers[3].self_attn.q_proj
time 4.04
========================================
layers[3].self_attn.out_proj
time 3.10
========================================
layers[3].fc1
time 4.61
========================================
layers[3].fc2
time 14.53
========================================
========================================
Start compressing layer 4：
layers[4].self_attn.k_proj
time 4.32
========================================
layers[4].self_attn.v_proj
time 4.22
========================================
layers[4].self_attn.q_proj
time 4.13
========================================
layers[4].self_attn.out_proj
time 3.09
========================================
layers[4].fc1
time 4.73
========================================
layers[4].fc2
time 14.51
========================================
========================================
Start compressing layer 5：
layers[5].self_attn.k_proj
time 4.22
========================================
layers[5].self_attn.v_proj
time 4.21
========================================
layers[5].self_attn.q_proj
time 4.03
========================================
layers[5].self_attn.out_proj
time 3.18
========================================
layers[5].fc1
time 4.69
========================================
layers[5].fc2
time 14.66
========================================
========================================
Start compressing layer 6：
layers[6].self_attn.k_proj
time 4.22
========================================
layers[6].self_attn.v_proj
time 4.30
========================================
layers[6].self_attn.q_proj
time 4.12
========================================
layers[6].self_attn.out_proj
time 3.31
========================================
layers[6].fc1
time 4.70
========================================
layers[6].fc2
time 14.60
========================================
========================================
Start compressing layer 7：
layers[7].self_attn.k_proj
time 4.24
========================================
layers[7].self_attn.v_proj
time 4.30
========================================
layers[7].self_attn.q_proj
time 3.99
========================================
layers[7].self_attn.out_proj
time 3.25
========================================
layers[7].fc1
time 4.68
========================================
layers[7].fc2
time 14.43
========================================
========================================
Start compressing layer 8：
layers[8].self_attn.k_proj
time 4.21
========================================
layers[8].self_attn.v_proj
time 4.25
========================================
layers[8].self_attn.q_proj
time 4.02
========================================
layers[8].self_attn.out_proj
time 3.29
========================================
layers[8].fc1
time 4.64
========================================
layers[8].fc2
time 14.31
========================================
========================================
Start compressing layer 9：
layers[9].self_attn.k_proj
time 4.25
========================================
layers[9].self_attn.v_proj
time 4.23
========================================
layers[9].self_attn.q_proj
time 3.98
========================================
layers[9].self_attn.out_proj
time 3.23
========================================
layers[9].fc1
time 4.57
========================================
layers[9].fc2
time 14.57
========================================
========================================
Start compressing layer 10：
layers[10].self_attn.k_proj
time 4.32
========================================
layers[10].self_attn.v_proj
time 4.34
========================================
layers[10].self_attn.q_proj
time 3.88
========================================
layers[10].self_attn.out_proj
time 3.16
========================================
layers[10].fc1
time 5.18
========================================
layers[10].fc2
time 14.44
========================================
========================================
Start compressing layer 11：
layers[11].self_attn.k_proj
time 4.24
========================================
layers[11].self_attn.v_proj
time 4.25
========================================
layers[11].self_attn.q_proj
time 4.02
========================================
layers[11].self_attn.out_proj
time 3.21
========================================
layers[11].fc1
time 4.65
========================================
layers[11].fc2
time 14.43
========================================
========================================
Start compressing layer 12：
layers[12].self_attn.k_proj
time 4.41
========================================
layers[12].self_attn.v_proj
time 4.35
========================================
layers[12].self_attn.q_proj
time 4.22
========================================
layers[12].self_attn.out_proj
time 3.22
========================================
layers[12].fc1
time 4.77
========================================
layers[12].fc2
time 14.65
========================================
========================================
Start compressing layer 13：
layers[13].self_attn.k_proj
time 4.30
========================================
layers[13].self_attn.v_proj
time 4.24
========================================
layers[13].self_attn.q_proj
time 4.03
========================================
layers[13].self_attn.out_proj
time 3.24
========================================
layers[13].fc1
time 4.68
========================================
layers[13].fc2
time 14.65
========================================
========================================
Start compressing layer 14：
layers[14].self_attn.k_proj
time 4.29
========================================
layers[14].self_attn.v_proj
time 4.37
========================================
layers[14].self_attn.q_proj
time 4.06
========================================
layers[14].self_attn.out_proj
time 3.25
========================================
layers[14].fc1
time 4.72
========================================
layers[14].fc2
time 14.83
========================================
========================================
Start compressing layer 15：
layers[15].self_attn.k_proj
time 4.36
========================================
layers[15].self_attn.v_proj
time 4.36
========================================
layers[15].self_attn.q_proj
time 4.01
========================================
layers[15].self_attn.out_proj
time 3.24
========================================
layers[15].fc1
time 4.71
========================================
layers[15].fc2
time 14.62
========================================
========================================
Start compressing layer 16：
layers[16].self_attn.k_proj
time 4.33
========================================
layers[16].self_attn.v_proj
time 4.27
========================================
layers[16].self_attn.q_proj
time 3.98
========================================
layers[16].self_attn.out_proj
time 3.18
========================================
layers[16].fc1
time 4.67
========================================
layers[16].fc2
time 14.60
========================================
========================================
Start compressing layer 17：
layers[17].self_attn.k_proj
time 4.31
========================================
layers[17].self_attn.v_proj
time 4.28
========================================
layers[17].self_attn.q_proj
time 4.06
========================================
layers[17].self_attn.out_proj
time 3.25
========================================
layers[17].fc1
time 4.69
========================================
layers[17].fc2
time 14.57
========================================
========================================
Start compressing layer 18：
layers[18].self_attn.k_proj
time 4.28
========================================
layers[18].self_attn.v_proj
time 4.27
========================================
layers[18].self_attn.q_proj
time 4.00
========================================
layers[18].self_attn.out_proj
time 3.14
========================================
layers[18].fc1
time 4.67
========================================
layers[18].fc2
time 14.52
========================================
========================================
Start compressing layer 19：
layers[19].self_attn.k_proj
time 4.21
========================================
layers[19].self_attn.v_proj
time 4.27
========================================
layers[19].self_attn.q_proj
time 4.02
========================================
layers[19].self_attn.out_proj
time 3.26
========================================
layers[19].fc1
time 4.66
========================================
layers[19].fc2
time 14.51
========================================
========================================
Start compressing layer 20：
layers[20].self_attn.k_proj
time 4.40
========================================
layers[20].self_attn.v_proj
time 4.47
========================================
layers[20].self_attn.q_proj
time 4.04
========================================
layers[20].self_attn.out_proj
time 3.23
========================================
layers[20].fc1
time 4.66
========================================
layers[20].fc2
time 14.55
========================================
========================================
Start compressing layer 21：
layers[21].self_attn.k_proj
time 4.25
========================================
layers[21].self_attn.v_proj
time 4.21
========================================
layers[21].self_attn.q_proj
time 4.07
========================================
layers[21].self_attn.out_proj
time 3.24
========================================
layers[21].fc1
time 4.64
========================================
layers[21].fc2
time 14.54
========================================
========================================
Start compressing layer 22：
layers[22].self_attn.k_proj
time 4.23
========================================
layers[22].self_attn.v_proj
time 4.24
========================================
layers[22].self_attn.q_proj
time 3.99
========================================
layers[22].self_attn.out_proj
time 3.22
========================================
layers[22].fc1
time 4.70
========================================
layers[22].fc2
time 14.62
========================================
========================================
Start compressing layer 23：
layers[23].self_attn.k_proj
time 4.28
========================================
layers[23].self_attn.v_proj
time 4.19
========================================
layers[23].self_attn.q_proj
time 4.01
========================================
layers[23].self_attn.out_proj
time 3.27
========================================
layers[23].fc1
time 4.68
========================================
layers[23].fc2
time 14.37
========================================
========================================
Start compressing layer 24：
layers[24].self_attn.k_proj
time 4.35
========================================
layers[24].self_attn.v_proj
time 4.18
========================================
layers[24].self_attn.q_proj
time 4.06
========================================
layers[24].self_attn.out_proj
time 3.33
========================================
layers[24].fc1
time 4.68
========================================
layers[24].fc2
time 14.59
========================================
========================================
Start compressing layer 25：
layers[25].self_attn.k_proj
time 4.22
========================================
layers[25].self_attn.v_proj
time 4.23
========================================
layers[25].self_attn.q_proj
time 4.04
========================================
layers[25].self_attn.out_proj
time 3.28
========================================
layers[25].fc1
time 4.69
========================================
layers[25].fc2
time 14.92
========================================
========================================
Start compressing layer 26：
layers[26].self_attn.k_proj
time 4.29
========================================
layers[26].self_attn.v_proj
time 4.21
========================================
layers[26].self_attn.q_proj
time 3.99
========================================
layers[26].self_attn.out_proj
time 3.32
========================================
layers[26].fc1
time 4.67
========================================
layers[26].fc2
time 14.70
========================================
========================================
Start compressing layer 27：
layers[27].self_attn.k_proj
time 4.23
========================================
layers[27].self_attn.v_proj
time 4.19
========================================
layers[27].self_attn.q_proj
time 3.98
========================================
layers[27].self_attn.out_proj
time 3.30
========================================
layers[27].fc1
time 4.66
========================================
layers[27].fc2
time 14.82
========================================
========================================
Start compressing layer 28：
layers[28].self_attn.k_proj
time 4.25
========================================
layers[28].self_attn.v_proj
time 4.21
========================================
layers[28].self_attn.q_proj
time 3.94
========================================
layers[28].self_attn.out_proj
time 3.28
========================================
layers[28].fc1
time 4.73
========================================
layers[28].fc2
time 14.28
========================================
========================================
Start compressing layer 29：
layers[29].self_attn.k_proj
time 4.26
========================================
layers[29].self_attn.v_proj
time 4.19
========================================
layers[29].self_attn.q_proj
time 3.98
========================================
layers[29].self_attn.out_proj
time 3.20
========================================
layers[29].fc1
time 4.71
========================================
layers[29].fc2
time 14.45
========================================
========================================
Start compressing layer 30：
layers[30].self_attn.k_proj
time 4.29
========================================
layers[30].self_attn.v_proj
time 4.27
========================================
layers[30].self_attn.q_proj
time 3.98
========================================
layers[30].self_attn.out_proj
time 3.22
========================================
layers[30].fc1
time 4.70
========================================
layers[30].fc2
time 14.40
========================================
========================================
Start compressing layer 31：
layers[31].self_attn.k_proj
time 4.16
========================================
layers[31].self_attn.v_proj
time 4.27
========================================
layers[31].self_attn.q_proj
time 4.04
========================================
layers[31].self_attn.out_proj
time 3.15
========================================
layers[31].fc1
time 4.74
========================================
layers[31].fc2
time 14.91
========================================
========================================
Start compressing layer 32：
layers[32].self_attn.k_proj
time 4.36
========================================
layers[32].self_attn.v_proj
time 4.38
========================================
layers[32].self_attn.q_proj
time 4.09
========================================
layers[32].self_attn.out_proj
time 3.50
========================================
layers[32].fc1
time 4.79
========================================
layers[32].fc2
time 14.39
========================================
========================================
Start compressing layer 33：
layers[33].self_attn.k_proj
time 4.14
========================================
layers[33].self_attn.v_proj
time 4.19
========================================
layers[33].self_attn.q_proj
time 4.05
========================================
layers[33].self_attn.out_proj
time 3.31
========================================
layers[33].fc1
time 4.69
========================================
layers[33].fc2
time 14.68
========================================
========================================
Start compressing layer 34：
layers[34].self_attn.k_proj
time 4.20
========================================
layers[34].self_attn.v_proj
time 4.14
========================================
layers[34].self_attn.q_proj
time 4.05
========================================
layers[34].self_attn.out_proj
time 3.30
========================================
layers[34].fc1
time 4.71
========================================
layers[34].fc2
time 14.63
========================================
========================================
Start compressing layer 35：
layers[35].self_attn.k_proj
time 4.25
========================================
layers[35].self_attn.v_proj
time 4.28
========================================
layers[35].self_attn.q_proj
time 4.05
========================================
layers[35].self_attn.out_proj
time 3.30
========================================
layers[35].fc1
time 4.76
========================================
layers[35].fc2
time 14.62
========================================
========================================
Start compressing layer 36：
layers[36].self_attn.k_proj
time 4.35
========================================
layers[36].self_attn.v_proj
time 4.23
========================================
layers[36].self_attn.q_proj
time 4.05
========================================
layers[36].self_attn.out_proj
time 3.31
========================================
layers[36].fc1
time 4.76
========================================
layers[36].fc2
time 14.73
========================================
========================================
Start compressing layer 37：
layers[37].self_attn.k_proj
time 4.21
========================================
layers[37].self_attn.v_proj
time 4.24
========================================
layers[37].self_attn.q_proj
time 4.03
========================================
layers[37].self_attn.out_proj
time 3.25
========================================
layers[37].fc1
time 4.72
========================================
layers[37].fc2
time 14.63
========================================
========================================
Start compressing layer 38：
layers[38].self_attn.k_proj
time 4.20
========================================
layers[38].self_attn.v_proj
time 4.28
========================================
layers[38].self_attn.q_proj
time 4.03
========================================
layers[38].self_attn.out_proj
time 3.36
========================================
layers[38].fc1
time 4.79
========================================
layers[38].fc2
time 15.10
========================================
========================================
Start compressing layer 39：
layers[39].self_attn.k_proj
time 4.30
========================================
layers[39].self_attn.v_proj
time 4.34
========================================
layers[39].self_attn.q_proj
time 4.08
========================================
layers[39].self_attn.out_proj
time 3.36
========================================
layers[39].fc1
time 4.72
========================================
layers[39].fc2
time 14.59
========================================
time
2343.001034975052
wikitext2
Evaluating ...
0
1
2
3
4
5
6
7
8
9
10
11
12
13
14
15
16
17
18
19
20
21
22
23
24
25
26
27
28
29
30
31
32
33
34
35
36
37
38
39
11.820451736450195
ptb-new
Evaluating ...
0
1
2
3
4
5
6
7
8
9
10
11
12
13
14
15
16
17
18
19
20
21
22
23
24
25
26
27
28
29
30
31
32
33
34
35
36
37
38
39
17.88450050354004
c4-new
Evaluating ...
0
1
2
3
4
5
6
7
8
9
10
11
12
13
14
15
16
17
18
19
20
21
22
23
24
25
26
27
28
29
30
31
32
33
34
35
36
37
38
39
13.97310733795166
