CUDA extension not installed.
Starting ...
Ready.
========================================
Start compressing layer 0：
layers[0].self_attn.k_proj
time 2.04
========================================
layers[0].self_attn.v_proj
time 1.35
========================================
layers[0].self_attn.q_proj
time 1.31
========================================
layers[0].self_attn.out_proj
time 1.19
========================================
layers[0].fc1
time 1.43
========================================
layers[0].fc2
time 4.52
========================================
========================================
Start compressing layer 1：
layers[1].self_attn.k_proj
time 1.33
========================================
layers[1].self_attn.v_proj
time 1.34
========================================
layers[1].self_attn.q_proj
time 1.31
========================================
layers[1].self_attn.out_proj
time 1.20
========================================
layers[1].fc1
time 1.43
========================================
layers[1].fc2
time 4.53
========================================
========================================
Start compressing layer 2：
layers[2].self_attn.k_proj
time 1.36
========================================
layers[2].self_attn.v_proj
time 1.37
========================================
layers[2].self_attn.q_proj
time 1.31
========================================
layers[2].self_attn.out_proj
time 1.19
========================================
layers[2].fc1
time 1.42
========================================
layers[2].fc2
time 4.50
========================================
========================================
Start compressing layer 3：
layers[3].self_attn.k_proj
time 1.32
========================================
layers[3].self_attn.v_proj
time 1.32
========================================
layers[3].self_attn.q_proj
time 1.29
========================================
layers[3].self_attn.out_proj
time 1.16
========================================
layers[3].fc1
time 1.44
========================================
layers[3].fc2
time 4.52
========================================
========================================
Start compressing layer 4：
layers[4].self_attn.k_proj
time 1.40
========================================
layers[4].self_attn.v_proj
time 1.33
========================================
layers[4].self_attn.q_proj
time 1.32
========================================
layers[4].self_attn.out_proj
time 1.19
========================================
layers[4].fc1
time 1.45
========================================
layers[4].fc2
time 4.49
========================================
========================================
Start compressing layer 5：
layers[5].self_attn.k_proj
time 1.31
========================================
layers[5].self_attn.v_proj
time 1.30
========================================
layers[5].self_attn.q_proj
time 1.26
========================================
layers[5].self_attn.out_proj
time 1.23
========================================
layers[5].fc1
time 1.42
========================================
layers[5].fc2
time 4.51
========================================
========================================
Start compressing layer 6：
layers[6].self_attn.k_proj
time 1.35
========================================
layers[6].self_attn.v_proj
time 1.36
========================================
layers[6].self_attn.q_proj
time 1.27
========================================
layers[6].self_attn.out_proj
time 1.20
========================================
layers[6].fc1
time 1.49
========================================
layers[6].fc2
time 4.59
========================================
========================================
Start compressing layer 7：
layers[7].self_attn.k_proj
time 1.35
========================================
layers[7].self_attn.v_proj
time 1.35
========================================
layers[7].self_attn.q_proj
time 1.32
========================================
layers[7].self_attn.out_proj
time 1.20
========================================
layers[7].fc1
time 1.45
========================================
layers[7].fc2
time 4.68
========================================
========================================
Start compressing layer 8：
layers[8].self_attn.k_proj
time 1.28
========================================
layers[8].self_attn.v_proj
time 1.38
========================================
layers[8].self_attn.q_proj
time 1.30
========================================
layers[8].self_attn.out_proj
time 1.17
========================================
layers[8].fc1
time 1.45
========================================
layers[8].fc2
time 4.47
========================================
========================================
Start compressing layer 9：
layers[9].self_attn.k_proj
time 1.32
========================================
layers[9].self_attn.v_proj
time 1.32
========================================
layers[9].self_attn.q_proj
time 1.29
========================================
layers[9].self_attn.out_proj
time 1.17
========================================
layers[9].fc1
time 1.45
========================================
layers[9].fc2
time 4.57
========================================
========================================
Start compressing layer 10：
layers[10].self_attn.k_proj
time 1.35
========================================
layers[10].self_attn.v_proj
time 1.36
========================================
layers[10].self_attn.q_proj
time 1.31
========================================
layers[10].self_attn.out_proj
time 1.18
========================================
layers[10].fc1
time 1.46
========================================
layers[10].fc2
time 4.53
========================================
========================================
Start compressing layer 11：
layers[11].self_attn.k_proj
time 1.33
========================================
layers[11].self_attn.v_proj
time 1.33
========================================
layers[11].self_attn.q_proj
time 1.28
========================================
layers[11].self_attn.out_proj
time 1.18
========================================
layers[11].fc1
time 1.43
========================================
layers[11].fc2
time 4.52
========================================
========================================
Start compressing layer 12：
layers[12].self_attn.k_proj
time 1.32
========================================
layers[12].self_attn.v_proj
time 1.32
========================================
layers[12].self_attn.q_proj
time 1.29
========================================
layers[12].self_attn.out_proj
time 1.16
========================================
layers[12].fc1
time 1.44
========================================
layers[12].fc2
time 4.53
========================================
========================================
Start compressing layer 13：
layers[13].self_attn.k_proj
time 1.35
========================================
layers[13].self_attn.v_proj
time 1.34
========================================
layers[13].self_attn.q_proj
time 1.30
========================================
layers[13].self_attn.out_proj
time 1.17
========================================
layers[13].fc1
time 1.44
========================================
layers[13].fc2
time 4.53
========================================
========================================
Start compressing layer 14：
layers[14].self_attn.k_proj
time 1.27
========================================
layers[14].self_attn.v_proj
time 1.30
========================================
layers[14].self_attn.q_proj
time 1.28
========================================
layers[14].self_attn.out_proj
time 1.18
========================================
layers[14].fc1
time 1.43
========================================
layers[14].fc2
time 4.49
========================================
========================================
Start compressing layer 15：
layers[15].self_attn.k_proj
time 1.28
========================================
layers[15].self_attn.v_proj
time 1.28
========================================
layers[15].self_attn.q_proj
time 1.28
========================================
layers[15].self_attn.out_proj
time 1.16
========================================
layers[15].fc1
time 1.43
========================================
layers[15].fc2
time 4.55
========================================
========================================
Start compressing layer 16：
layers[16].self_attn.k_proj
time 1.34
========================================
layers[16].self_attn.v_proj
time 1.34
========================================
layers[16].self_attn.q_proj
time 1.30
========================================
layers[16].self_attn.out_proj
time 1.21
========================================
layers[16].fc1
time 1.38
========================================
layers[16].fc2
time 4.49
========================================
========================================
Start compressing layer 17：
layers[17].self_attn.k_proj
time 1.34
========================================
layers[17].self_attn.v_proj
time 1.33
========================================
layers[17].self_attn.q_proj
time 1.30
========================================
layers[17].self_attn.out_proj
time 1.18
========================================
layers[17].fc1
time 1.50
========================================
layers[17].fc2
time 4.46
========================================
========================================
Start compressing layer 18：
layers[18].self_attn.k_proj
time 1.33
========================================
layers[18].self_attn.v_proj
time 1.33
========================================
layers[18].self_attn.q_proj
time 1.38
========================================
layers[18].self_attn.out_proj
time 1.28
========================================
layers[18].fc1
time 1.41
========================================
layers[18].fc2
time 4.43
========================================
========================================
Start compressing layer 19：
layers[19].self_attn.k_proj
time 1.25
========================================
layers[19].self_attn.v_proj
time 1.25
========================================
layers[19].self_attn.q_proj
time 1.21
========================================
layers[19].self_attn.out_proj
time 1.10
========================================
layers[19].fc1
time 1.36
========================================
layers[19].fc2
time 4.58
========================================
========================================
Start compressing layer 20：
layers[20].self_attn.k_proj
time 1.28
========================================
layers[20].self_attn.v_proj
time 1.43
========================================
layers[20].self_attn.q_proj
time 1.29
========================================
layers[20].self_attn.out_proj
time 1.18
========================================
layers[20].fc1
time 1.53
========================================
layers[20].fc2
time 4.27
========================================
========================================
Start compressing layer 21：
layers[21].self_attn.k_proj
time 1.32
========================================
layers[21].self_attn.v_proj
time 1.33
========================================
layers[21].self_attn.q_proj
time 1.30
========================================
layers[21].self_attn.out_proj
time 1.16
========================================
layers[21].fc1
time 1.42
========================================
layers[21].fc2
time 4.27
========================================
========================================
Start compressing layer 22：
layers[22].self_attn.k_proj
time 1.31
========================================
layers[22].self_attn.v_proj
time 1.32
========================================
layers[22].self_attn.q_proj
time 1.28
========================================
layers[22].self_attn.out_proj
time 1.19
========================================
layers[22].fc1
time 1.46
========================================
layers[22].fc2
time 4.65
========================================
========================================
Start compressing layer 23：
layers[23].self_attn.k_proj
time 1.35
========================================
layers[23].self_attn.v_proj
time 1.44
========================================
layers[23].self_attn.q_proj
time 1.30
========================================
layers[23].self_attn.out_proj
time 1.18
========================================
layers[23].fc1
time 1.45
========================================
layers[23].fc2
time 4.57
========================================
time
408.18734979629517
wikitext2
Evaluating ...
0
1
2
3
4
5
6
7
8
9
10
11
12
13
14
15
16
17
18
19
20
21
22
23
20.114704132080078
ptb-new
Evaluating ...
0
1
2
3
4
5
6
7
8
9
10
11
12
13
14
15
16
17
18
19
20
21
22
23
31.229541778564453
c4-new
Evaluating ...
0
1
2
3
4
5
6
7
8
9
10
11
12
13
14
15
16
17
18
19
20
21
22
23
21.640155792236328
