CUDA extension not installed.
Starting ...
Ready.
========================================
Start compressing layer 0：
layers[0].self_attn.k_proj
time 1.69
========================================
layers[0].self_attn.v_proj
time 1.27
========================================
layers[0].self_attn.q_proj
time 1.24
========================================
layers[0].self_attn.out_proj
time 1.12
========================================
layers[0].fc1
time 1.43
========================================
layers[0].fc2
time 4.56
========================================
========================================
Start compressing layer 1：
layers[1].self_attn.k_proj
time 1.28
========================================
layers[1].self_attn.v_proj
time 1.28
========================================
layers[1].self_attn.q_proj
time 1.25
========================================
layers[1].self_attn.out_proj
time 1.20
========================================
layers[1].fc1
time 1.37
========================================
layers[1].fc2
time 4.30
========================================
========================================
Start compressing layer 2：
layers[2].self_attn.k_proj
time 1.31
========================================
layers[2].self_attn.v_proj
time 1.25
========================================
layers[2].self_attn.q_proj
time 1.32
========================================
layers[2].self_attn.out_proj
time 1.21
========================================
layers[2].fc1
time 1.48
========================================
layers[2].fc2
time 4.29
========================================
========================================
Start compressing layer 3：
layers[3].self_attn.k_proj
time 1.25
========================================
layers[3].self_attn.v_proj
time 1.24
========================================
layers[3].self_attn.q_proj
time 1.21
========================================
layers[3].self_attn.out_proj
time 1.11
========================================
layers[3].fc1
time 1.37
========================================
layers[3].fc2
time 4.32
========================================
========================================
Start compressing layer 4：
layers[4].self_attn.k_proj
time 1.21
========================================
layers[4].self_attn.v_proj
time 1.21
========================================
layers[4].self_attn.q_proj
time 1.18
========================================
layers[4].self_attn.out_proj
time 1.14
========================================
layers[4].fc1
time 1.34
========================================
layers[4].fc2
time 4.32
========================================
========================================
Start compressing layer 5：
layers[5].self_attn.k_proj
time 1.25
========================================
layers[5].self_attn.v_proj
time 1.26
========================================
layers[5].self_attn.q_proj
time 1.20
========================================
layers[5].self_attn.out_proj
time 1.10
========================================
layers[5].fc1
time 1.36
========================================
layers[5].fc2
time 4.31
========================================
========================================
Start compressing layer 6：
layers[6].self_attn.k_proj
time 1.42
========================================
layers[6].self_attn.v_proj
time 1.29
========================================
layers[6].self_attn.q_proj
time 1.21
========================================
layers[6].self_attn.out_proj
time 1.14
========================================
layers[6].fc1
time 1.42
========================================
layers[6].fc2
time 4.50
========================================
========================================
Start compressing layer 7：
layers[7].self_attn.k_proj
time 1.23
========================================
layers[7].self_attn.v_proj
time 1.31
========================================
layers[7].self_attn.q_proj
time 1.36
========================================
layers[7].self_attn.out_proj
time 1.22
========================================
layers[7].fc1
time 1.43
========================================
layers[7].fc2
time 4.32
========================================
========================================
Start compressing layer 8：
layers[8].self_attn.k_proj
time 1.35
========================================
layers[8].self_attn.v_proj
time 1.33
========================================
layers[8].self_attn.q_proj
time 1.28
========================================
layers[8].self_attn.out_proj
time 1.10
========================================
layers[8].fc1
time 1.36
========================================
layers[8].fc2
time 4.32
========================================
========================================
Start compressing layer 9：
layers[9].self_attn.k_proj
time 1.22
========================================
layers[9].self_attn.v_proj
time 1.22
========================================
layers[9].self_attn.q_proj
time 1.22
========================================
layers[9].self_attn.out_proj
time 1.15
========================================
layers[9].fc1
time 1.46
========================================
layers[9].fc2
time 4.38
========================================
========================================
Start compressing layer 10：
layers[10].self_attn.k_proj
time 1.24
========================================
layers[10].self_attn.v_proj
time 1.24
========================================
layers[10].self_attn.q_proj
time 1.19
========================================
layers[10].self_attn.out_proj
time 1.10
========================================
layers[10].fc1
time 1.31
========================================
layers[10].fc2
time 4.17
========================================
========================================
Start compressing layer 11：
layers[11].self_attn.k_proj
time 1.25
========================================
layers[11].self_attn.v_proj
time 1.26
========================================
layers[11].self_attn.q_proj
time 1.29
========================================
layers[11].self_attn.out_proj
time 1.18
========================================
layers[11].fc1
time 1.43
========================================
layers[11].fc2
time 4.24
========================================
========================================
Start compressing layer 12：
layers[12].self_attn.k_proj
time 1.42
========================================
layers[12].self_attn.v_proj
time 1.41
========================================
layers[12].self_attn.q_proj
time 1.36
========================================
layers[12].self_attn.out_proj
time 1.19
========================================
layers[12].fc1
time 1.47
========================================
layers[12].fc2
time 4.39
========================================
========================================
Start compressing layer 13：
layers[13].self_attn.k_proj
time 1.30
========================================
layers[13].self_attn.v_proj
time 1.32
========================================
layers[13].self_attn.q_proj
time 1.20
========================================
layers[13].self_attn.out_proj
time 1.09
========================================
layers[13].fc1
time 1.43
========================================
layers[13].fc2
time 4.41
========================================
========================================
Start compressing layer 14：
layers[14].self_attn.k_proj
time 1.28
========================================
layers[14].self_attn.v_proj
time 1.31
========================================
layers[14].self_attn.q_proj
time 1.28
========================================
layers[14].self_attn.out_proj
time 1.13
========================================
layers[14].fc1
time 1.32
========================================
layers[14].fc2
time 4.50
========================================
========================================
Start compressing layer 15：
layers[15].self_attn.k_proj
time 1.32
========================================
layers[15].self_attn.v_proj
time 1.33
========================================
layers[15].self_attn.q_proj
time 1.29
========================================
layers[15].self_attn.out_proj
time 1.16
========================================
layers[15].fc1
time 1.42
========================================
layers[15].fc2
time 4.57
========================================
========================================
Start compressing layer 16：
layers[16].self_attn.k_proj
time 1.29
========================================
layers[16].self_attn.v_proj
time 1.26
========================================
layers[16].self_attn.q_proj
time 1.21
========================================
layers[16].self_attn.out_proj
time 1.13
========================================
layers[16].fc1
time 1.32
========================================
layers[16].fc2
time 4.13
========================================
========================================
Start compressing layer 17：
layers[17].self_attn.k_proj
time 1.43
========================================
layers[17].self_attn.v_proj
time 1.41
========================================
layers[17].self_attn.q_proj
time 1.32
========================================
layers[17].self_attn.out_proj
time 1.09
========================================
layers[17].fc1
time 1.42
========================================
layers[17].fc2
time 4.23
========================================
========================================
Start compressing layer 18：
layers[18].self_attn.k_proj
time 1.24
========================================
layers[18].self_attn.v_proj
time 1.23
========================================
layers[18].self_attn.q_proj
time 1.18
========================================
layers[18].self_attn.out_proj
time 1.07
========================================
layers[18].fc1
time 1.39
========================================
layers[18].fc2
time 4.57
========================================
========================================
Start compressing layer 19：
layers[19].self_attn.k_proj
time 1.34
========================================
layers[19].self_attn.v_proj
time 1.32
========================================
layers[19].self_attn.q_proj
time 1.18
========================================
layers[19].self_attn.out_proj
time 1.09
========================================
layers[19].fc1
time 1.49
========================================
layers[19].fc2
time 4.33
========================================
========================================
Start compressing layer 20：
layers[20].self_attn.k_proj
time 1.25
========================================
layers[20].self_attn.v_proj
time 1.26
========================================
layers[20].self_attn.q_proj
time 1.28
========================================
layers[20].self_attn.out_proj
time 1.15
========================================
layers[20].fc1
time 1.39
========================================
layers[20].fc2
time 4.32
========================================
========================================
Start compressing layer 21：
layers[21].self_attn.k_proj
time 1.25
========================================
layers[21].self_attn.v_proj
time 1.24
========================================
layers[21].self_attn.q_proj
time 1.19
========================================
layers[21].self_attn.out_proj
time 1.08
========================================
layers[21].fc1
time 1.32
========================================
layers[21].fc2
time 4.13
========================================
========================================
Start compressing layer 22：
layers[22].self_attn.k_proj
time 1.22
========================================
layers[22].self_attn.v_proj
time 1.23
========================================
layers[22].self_attn.q_proj
time 1.18
========================================
layers[22].self_attn.out_proj
time 1.07
========================================
layers[22].fc1
time 1.32
========================================
layers[22].fc2
time 4.55
========================================
========================================
Start compressing layer 23：
layers[23].self_attn.k_proj
time 1.25
========================================
layers[23].self_attn.v_proj
time 1.30
========================================
layers[23].self_attn.q_proj
time 1.20
========================================
layers[23].self_attn.out_proj
time 1.17
========================================
layers[23].fc1
time 1.33
========================================
layers[23].fc2
time 4.20
========================================
time
396.92982482910156
wikitext2
Evaluating ...
0
1
2
3
4
5
6
7
8
9
10
11
12
13
14
15
16
17
18
19
20
21
22
23
15.460607528686523
ptb-new
Evaluating ...
0
1
2
3
4
5
6
7
8
9
10
11
12
13
14
15
16
17
18
19
20
21
22
23
22.23727798461914
c4-new
Evaluating ...
0
1
2
3
4
5
6
7
8
9
10
11
12
13
14
15
16
17
18
19
20
21
22
23
16.9947566986084
