CUDA extension not installed.
Starting ...
Ready.
========================================
Start compressing layer 0：
layers[0].self_attn.k_proj
time 2.65
========================================
layers[0].self_attn.v_proj
time 1.77
========================================
layers[0].self_attn.q_proj
time 1.63
========================================
layers[0].self_attn.out_proj
time 1.45
========================================
layers[0].fc1
time 1.85
========================================
layers[0].fc2
time 5.91
========================================
========================================
Start compressing layer 1：
layers[1].self_attn.k_proj
time 1.70
========================================
layers[1].self_attn.v_proj
time 1.71
========================================
layers[1].self_attn.q_proj
time 1.64
========================================
layers[1].self_attn.out_proj
time 1.49
========================================
layers[1].fc1
time 1.84
========================================
layers[1].fc2
time 5.81
========================================
========================================
Start compressing layer 2：
layers[2].self_attn.k_proj
time 1.70
========================================
layers[2].self_attn.v_proj
time 1.68
========================================
layers[2].self_attn.q_proj
time 1.63
========================================
layers[2].self_attn.out_proj
time 1.48
========================================
layers[2].fc1
time 1.85
========================================
layers[2].fc2
time 5.83
========================================
========================================
Start compressing layer 3：
layers[3].self_attn.k_proj
time 1.69
========================================
layers[3].self_attn.v_proj
time 1.65
========================================
layers[3].self_attn.q_proj
time 1.59
========================================
layers[3].self_attn.out_proj
time 1.46
========================================
layers[3].fc1
time 1.86
========================================
layers[3].fc2
time 5.70
========================================
========================================
Start compressing layer 4：
layers[4].self_attn.k_proj
time 1.70
========================================
layers[4].self_attn.v_proj
time 1.67
========================================
layers[4].self_attn.q_proj
time 1.62
========================================
layers[4].self_attn.out_proj
time 1.60
========================================
layers[4].fc1
time 1.85
========================================
layers[4].fc2
time 5.86
========================================
========================================
Start compressing layer 5：
layers[5].self_attn.k_proj
time 1.68
========================================
layers[5].self_attn.v_proj
time 1.68
========================================
layers[5].self_attn.q_proj
time 1.61
========================================
layers[5].self_attn.out_proj
time 1.49
========================================
layers[5].fc1
time 1.80
========================================
layers[5].fc2
time 5.70
========================================
========================================
Start compressing layer 6：
layers[6].self_attn.k_proj
time 1.68
========================================
layers[6].self_attn.v_proj
time 1.71
========================================
layers[6].self_attn.q_proj
time 1.65
========================================
layers[6].self_attn.out_proj
time 1.44
========================================
layers[6].fc1
time 1.79
========================================
layers[6].fc2
time 5.76
========================================
========================================
Start compressing layer 7：
layers[7].self_attn.k_proj
time 1.68
========================================
layers[7].self_attn.v_proj
time 1.68
========================================
layers[7].self_attn.q_proj
time 1.62
========================================
layers[7].self_attn.out_proj
time 1.43
========================================
layers[7].fc1
time 1.83
========================================
layers[7].fc2
time 5.73
========================================
========================================
Start compressing layer 8：
layers[8].self_attn.k_proj
time 1.66
========================================
layers[8].self_attn.v_proj
time 1.66
========================================
layers[8].self_attn.q_proj
time 1.68
========================================
layers[8].self_attn.out_proj
time 1.44
========================================
layers[8].fc1
time 1.86
========================================
layers[8].fc2
time 5.57
========================================
========================================
Start compressing layer 9：
layers[9].self_attn.k_proj
time 1.69
========================================
layers[9].self_attn.v_proj
time 1.71
========================================
layers[9].self_attn.q_proj
time 1.63
========================================
layers[9].self_attn.out_proj
time 1.44
========================================
layers[9].fc1
time 1.86
========================================
layers[9].fc2
time 5.75
========================================
========================================
Start compressing layer 10：
layers[10].self_attn.k_proj
time 1.68
========================================
layers[10].self_attn.v_proj
time 1.83
========================================
layers[10].self_attn.q_proj
time 1.63
========================================
layers[10].self_attn.out_proj
time 1.48
========================================
layers[10].fc1
time 2.05
========================================
layers[10].fc2
time 5.71
========================================
========================================
Start compressing layer 11：
layers[11].self_attn.k_proj
time 1.71
========================================
layers[11].self_attn.v_proj
time 1.70
========================================
layers[11].self_attn.q_proj
time 1.65
========================================
layers[11].self_attn.out_proj
time 1.44
========================================
layers[11].fc1
time 1.85
========================================
layers[11].fc2
time 5.88
========================================
========================================
Start compressing layer 12：
layers[12].self_attn.k_proj
time 1.69
========================================
layers[12].self_attn.v_proj
time 1.64
========================================
layers[12].self_attn.q_proj
time 1.67
========================================
layers[12].self_attn.out_proj
time 1.58
========================================
layers[12].fc1
time 1.87
========================================
layers[12].fc2
time 5.86
========================================
========================================
Start compressing layer 13：
layers[13].self_attn.k_proj
time 1.69
========================================
layers[13].self_attn.v_proj
time 1.68
========================================
layers[13].self_attn.q_proj
time 1.61
========================================
layers[13].self_attn.out_proj
time 1.45
========================================
layers[13].fc1
time 1.82
========================================
layers[13].fc2
time 5.82
========================================
========================================
Start compressing layer 14：
layers[14].self_attn.k_proj
time 1.70
========================================
layers[14].self_attn.v_proj
time 1.70
========================================
layers[14].self_attn.q_proj
time 1.63
========================================
layers[14].self_attn.out_proj
time 1.45
========================================
layers[14].fc1
time 1.86
========================================
layers[14].fc2
time 5.86
========================================
========================================
Start compressing layer 15：
layers[15].self_attn.k_proj
time 1.67
========================================
layers[15].self_attn.v_proj
time 1.72
========================================
layers[15].self_attn.q_proj
time 1.66
========================================
layers[15].self_attn.out_proj
time 1.47
========================================
layers[15].fc1
time 1.83
========================================
layers[15].fc2
time 5.83
========================================
========================================
Start compressing layer 16：
layers[16].self_attn.k_proj
time 1.64
========================================
layers[16].self_attn.v_proj
time 1.67
========================================
layers[16].self_attn.q_proj
time 1.62
========================================
layers[16].self_attn.out_proj
time 1.45
========================================
layers[16].fc1
time 1.87
========================================
layers[16].fc2
time 5.88
========================================
========================================
Start compressing layer 17：
layers[17].self_attn.k_proj
time 1.72
========================================
layers[17].self_attn.v_proj
time 1.71
========================================
layers[17].self_attn.q_proj
time 1.65
========================================
layers[17].self_attn.out_proj
time 1.44
========================================
layers[17].fc1
time 1.87
========================================
layers[17].fc2
time 5.89
========================================
========================================
Start compressing layer 18：
layers[18].self_attn.k_proj
time 1.69
========================================
layers[18].self_attn.v_proj
time 1.68
========================================
layers[18].self_attn.q_proj
time 1.62
========================================
layers[18].self_attn.out_proj
time 1.45
========================================
layers[18].fc1
time 1.84
========================================
layers[18].fc2
time 5.77
========================================
========================================
Start compressing layer 19：
layers[19].self_attn.k_proj
time 1.73
========================================
layers[19].self_attn.v_proj
time 1.70
========================================
layers[19].self_attn.q_proj
time 1.65
========================================
layers[19].self_attn.out_proj
time 1.45
========================================
layers[19].fc1
time 1.88
========================================
layers[19].fc2
time 5.73
========================================
========================================
Start compressing layer 20：
layers[20].self_attn.k_proj
time 1.94
========================================
layers[20].self_attn.v_proj
time 1.71
========================================
layers[20].self_attn.q_proj
time 1.63
========================================
layers[20].self_attn.out_proj
time 1.71
========================================
layers[20].fc1
time 1.86
========================================
layers[20].fc2
time 5.84
========================================
========================================
Start compressing layer 21：
layers[21].self_attn.k_proj
time 1.67
========================================
layers[21].self_attn.v_proj
time 1.67
========================================
layers[21].self_attn.q_proj
time 1.66
========================================
layers[21].self_attn.out_proj
time 1.48
========================================
layers[21].fc1
time 1.86
========================================
layers[21].fc2
time 5.88
========================================
========================================
Start compressing layer 22：
layers[22].self_attn.k_proj
time 1.67
========================================
layers[22].self_attn.v_proj
time 1.71
========================================
layers[22].self_attn.q_proj
time 1.67
========================================
layers[22].self_attn.out_proj
time 1.46
========================================
layers[22].fc1
time 1.79
========================================
layers[22].fc2
time 5.94
========================================
========================================
Start compressing layer 23：
layers[23].self_attn.k_proj
time 1.77
========================================
layers[23].self_attn.v_proj
time 1.69
========================================
layers[23].self_attn.q_proj
time 1.62
========================================
layers[23].self_attn.out_proj
time 1.54
========================================
layers[23].fc1
time 1.88
========================================
layers[23].fc2
time 5.71
========================================
========================================
Start compressing layer 24：
layers[24].self_attn.k_proj
time 1.68
========================================
layers[24].self_attn.v_proj
time 1.93
========================================
layers[24].self_attn.q_proj
time 1.65
========================================
layers[24].self_attn.out_proj
time 1.47
========================================
layers[24].fc1
time 2.12
========================================
layers[24].fc2
time 5.75
========================================
========================================
Start compressing layer 25：
layers[25].self_attn.k_proj
time 1.67
========================================
layers[25].self_attn.v_proj
time 1.71
========================================
layers[25].self_attn.q_proj
time 1.64
========================================
layers[25].self_attn.out_proj
time 1.44
========================================
layers[25].fc1
time 2.07
========================================
layers[25].fc2
time 5.84
========================================
========================================
Start compressing layer 26：
layers[26].self_attn.k_proj
time 1.67
========================================
layers[26].self_attn.v_proj
time 1.70
========================================
layers[26].self_attn.q_proj
time 1.82
========================================
layers[26].self_attn.out_proj
time 1.46
========================================
layers[26].fc1
time 2.16
========================================
layers[26].fc2
time 5.82
========================================
========================================
Start compressing layer 27：
layers[27].self_attn.k_proj
time 1.67
========================================
layers[27].self_attn.v_proj
time 1.72
========================================
layers[27].self_attn.q_proj
time 1.60
========================================
layers[27].self_attn.out_proj
time 1.49
========================================
layers[27].fc1
time 1.90
========================================
layers[27].fc2
time 5.87
========================================
========================================
Start compressing layer 28：
layers[28].self_attn.k_proj
time 1.67
========================================
layers[28].self_attn.v_proj
time 1.67
========================================
layers[28].self_attn.q_proj
time 1.64
========================================
layers[28].self_attn.out_proj
time 1.50
========================================
layers[28].fc1
time 1.95
========================================
layers[28].fc2
time 5.79
========================================
========================================
Start compressing layer 29：
layers[29].self_attn.k_proj
time 1.72
========================================
layers[29].self_attn.v_proj
time 1.73
========================================
layers[29].self_attn.q_proj
time 1.74
========================================
layers[29].self_attn.out_proj
time 1.46
========================================
layers[29].fc1
time 1.86
========================================
layers[29].fc2
time 5.80
========================================
========================================
Start compressing layer 30：
layers[30].self_attn.k_proj
time 1.72
========================================
layers[30].self_attn.v_proj
time 1.69
========================================
layers[30].self_attn.q_proj
time 1.65
========================================
layers[30].self_attn.out_proj
time 1.52
========================================
layers[30].fc1
time 1.88
========================================
layers[30].fc2
time 5.77
========================================
========================================
Start compressing layer 31：
layers[31].self_attn.k_proj
time 1.88
========================================
layers[31].self_attn.v_proj
time 1.78
========================================
layers[31].self_attn.q_proj
time 1.64
========================================
layers[31].self_attn.out_proj
time 1.43
========================================
layers[31].fc1
time 1.86
========================================
layers[31].fc2
time 5.84
========================================
time
704.3349752426147
wikitext2
Evaluating ...
0
1
2
3
4
5
6
7
8
9
10
11
12
13
14
15
16
17
18
19
20
21
22
23
24
25
26
27
28
29
30
31
12.458611488342285
ptb-new
Evaluating ...
0
1
2
3
4
5
6
7
8
9
10
11
12
13
14
15
16
17
18
19
20
21
22
23
24
25
26
27
28
29
30
31
18.250886917114258
c4-new
Evaluating ...
0
1
2
3
4
5
6
7
8
9
10
11
12
13
14
15
16
17
18
19
20
21
22
23
24
25
26
27
28
29
30
31
14.54662036895752
