CUDA extension not installed.
Starting ...
Ready.
========================================
Start compressing layer 0：
layers[0].self_attn.k_proj
time 7.70
========================================
layers[0].self_attn.v_proj
time 6.38
========================================
layers[0].self_attn.q_proj
time 6.15
========================================
layers[0].self_attn.out_proj
time 4.53
========================================
layers[0].fc1
time 7.46
========================================
layers[0].fc2
time 22.84
========================================
========================================
Start compressing layer 1：
layers[1].self_attn.k_proj
time 6.65
========================================
layers[1].self_attn.v_proj
time 6.31
========================================
layers[1].self_attn.q_proj
time 6.15
========================================
layers[1].self_attn.out_proj
time 4.72
========================================
layers[1].fc1
time 7.55
========================================
layers[1].fc2
time 23.15
========================================
========================================
Start compressing layer 2：
layers[2].self_attn.k_proj
time 6.57
========================================
layers[2].self_attn.v_proj
time 6.97
========================================
layers[2].self_attn.q_proj
time 6.15
========================================
layers[2].self_attn.out_proj
time 4.89
========================================
layers[2].fc1
time 7.47
========================================
layers[2].fc2
time 23.02
========================================
========================================
Start compressing layer 3：
layers[3].self_attn.k_proj
time 6.49
========================================
layers[3].self_attn.v_proj
time 6.61
========================================
layers[3].self_attn.q_proj
time 6.36
========================================
layers[3].self_attn.out_proj
time 4.91
========================================
layers[3].fc1
time 7.50
========================================
layers[3].fc2
time 23.40
========================================
========================================
Start compressing layer 4：
layers[4].self_attn.k_proj
time 6.56
========================================
layers[4].self_attn.v_proj
time 6.40
========================================
layers[4].self_attn.q_proj
time 6.21
========================================
layers[4].self_attn.out_proj
time 4.85
========================================
layers[4].fc1
time 7.31
========================================
layers[4].fc2
time 23.89
========================================
========================================
Start compressing layer 5：
layers[5].self_attn.k_proj
time 6.75
========================================
layers[5].self_attn.v_proj
time 6.74
========================================
layers[5].self_attn.q_proj
time 6.48
========================================
layers[5].self_attn.out_proj
time 4.78
========================================
layers[5].fc1
time 7.61
========================================
layers[5].fc2
time 24.33
========================================
========================================
Start compressing layer 6：
layers[6].self_attn.k_proj
time 7.03
========================================
layers[6].self_attn.v_proj
time 6.87
========================================
layers[6].self_attn.q_proj
time 6.46
========================================
layers[6].self_attn.out_proj
time 4.97
========================================
layers[6].fc1
time 7.72
========================================
layers[6].fc2
time 24.46
========================================
========================================
Start compressing layer 7：
layers[7].self_attn.k_proj
time 6.87
========================================
layers[7].self_attn.v_proj
time 6.91
========================================
layers[7].self_attn.q_proj
time 6.54
========================================
layers[7].self_attn.out_proj
time 4.96
========================================
layers[7].fc1
time 7.72
========================================
layers[7].fc2
time 24.11
========================================
========================================
Start compressing layer 8：
layers[8].self_attn.k_proj
time 6.90
========================================
layers[8].self_attn.v_proj
time 6.84
========================================
layers[8].self_attn.q_proj
time 6.53
========================================
layers[8].self_attn.out_proj
time 5.07
========================================
layers[8].fc1
time 7.87
========================================
layers[8].fc2
time 23.90
========================================
========================================
Start compressing layer 9：
layers[9].self_attn.k_proj
time 6.80
========================================
layers[9].self_attn.v_proj
time 6.85
========================================
layers[9].self_attn.q_proj
time 6.47
========================================
layers[9].self_attn.out_proj
time 5.13
========================================
layers[9].fc1
time 7.71
========================================
layers[9].fc2
time 22.90
========================================
========================================
Start compressing layer 10：
layers[10].self_attn.k_proj
time 6.79
========================================
layers[10].self_attn.v_proj
time 6.62
========================================
layers[10].self_attn.q_proj
time 6.55
========================================
layers[10].self_attn.out_proj
time 5.13
========================================
layers[10].fc1
time 7.57
========================================
layers[10].fc2
time 23.86
========================================
========================================
Start compressing layer 11：
layers[11].self_attn.k_proj
time 6.79
========================================
layers[11].self_attn.v_proj
time 6.71
========================================
layers[11].self_attn.q_proj
time 6.32
========================================
layers[11].self_attn.out_proj
time 5.10
========================================
layers[11].fc1
time 7.61
========================================
layers[11].fc2
time 23.90
========================================
========================================
Start compressing layer 12：
layers[12].self_attn.k_proj
time 6.80
========================================
layers[12].self_attn.v_proj
time 6.63
========================================
layers[12].self_attn.q_proj
time 6.43
========================================
layers[12].self_attn.out_proj
time 4.81
========================================
layers[12].fc1
time 7.37
========================================
layers[12].fc2
time 23.94
========================================
========================================
Start compressing layer 13：
layers[13].self_attn.k_proj
time 6.79
========================================
layers[13].self_attn.v_proj
time 6.63
========================================
layers[13].self_attn.q_proj
time 6.33
========================================
layers[13].self_attn.out_proj
time 4.77
========================================
layers[13].fc1
time 7.69
========================================
layers[13].fc2
time 23.94
========================================
========================================
Start compressing layer 14：
layers[14].self_attn.k_proj
time 6.84
========================================
layers[14].self_attn.v_proj
time 6.68
========================================
layers[14].self_attn.q_proj
time 6.43
========================================
layers[14].self_attn.out_proj
time 4.88
========================================
layers[14].fc1
time 7.74
========================================
layers[14].fc2
time 23.87
========================================
========================================
Start compressing layer 15：
layers[15].self_attn.k_proj
time 6.85
========================================
layers[15].self_attn.v_proj
time 6.78
========================================
layers[15].self_attn.q_proj
time 6.46
========================================
layers[15].self_attn.out_proj
time 4.97
========================================
layers[15].fc1
time 7.48
========================================
layers[15].fc2
time 24.11
========================================
========================================
Start compressing layer 16：
layers[16].self_attn.k_proj
time 6.77
========================================
layers[16].self_attn.v_proj
time 6.83
========================================
layers[16].self_attn.q_proj
time 6.42
========================================
layers[16].self_attn.out_proj
time 4.80
========================================
layers[16].fc1
time 7.52
========================================
layers[16].fc2
time 23.58
========================================
========================================
Start compressing layer 17：
layers[17].self_attn.k_proj
time 6.83
========================================
layers[17].self_attn.v_proj
time 6.72
========================================
layers[17].self_attn.q_proj
time 6.30
========================================
layers[17].self_attn.out_proj
time 4.81
========================================
layers[17].fc1
time 7.48
========================================
layers[17].fc2
time 23.88
========================================
========================================
Start compressing layer 18：
layers[18].self_attn.k_proj
time 6.77
========================================
layers[18].self_attn.v_proj
time 6.78
========================================
layers[18].self_attn.q_proj
time 6.50
========================================
layers[18].self_attn.out_proj
time 4.99
========================================
layers[18].fc1
time 7.73
========================================
layers[18].fc2
time 24.60
========================================
========================================
Start compressing layer 19：
layers[19].self_attn.k_proj
time 6.83
========================================
layers[19].self_attn.v_proj
time 6.77
========================================
layers[19].self_attn.q_proj
time 6.37
========================================
layers[19].self_attn.out_proj
time 4.82
========================================
layers[19].fc1
time 7.60
========================================
layers[19].fc2
time 23.88
========================================
========================================
Start compressing layer 20：
layers[20].self_attn.k_proj
time 6.94
========================================
layers[20].self_attn.v_proj
time 6.75
========================================
layers[20].self_attn.q_proj
time 6.49
========================================
layers[20].self_attn.out_proj
time 4.79
========================================
layers[20].fc1
time 7.61
========================================
layers[20].fc2
time 24.06
========================================
========================================
Start compressing layer 21：
layers[21].self_attn.k_proj
time 6.80
========================================
layers[21].self_attn.v_proj
time 6.79
========================================
layers[21].self_attn.q_proj
time 6.36
========================================
layers[21].self_attn.out_proj
time 4.77
========================================
layers[21].fc1
time 7.75
========================================
layers[21].fc2
time 24.07
========================================
========================================
Start compressing layer 22：
layers[22].self_attn.k_proj
time 6.84
========================================
layers[22].self_attn.v_proj
time 6.33
========================================
layers[22].self_attn.q_proj
time 5.92
========================================
layers[22].self_attn.out_proj
time 4.88
========================================
layers[22].fc1
time 7.74
========================================
layers[22].fc2
time 24.17
========================================
========================================
Start compressing layer 23：
layers[23].self_attn.k_proj
time 6.65
========================================
layers[23].self_attn.v_proj
time 6.69
========================================
layers[23].self_attn.q_proj
time 6.43
========================================
layers[23].self_attn.out_proj
time 4.97
========================================
layers[23].fc1
time 7.74
========================================
layers[23].fc2
time 24.34
========================================
========================================
Start compressing layer 24：
layers[24].self_attn.k_proj
time 6.99
========================================
layers[24].self_attn.v_proj
time 6.89
========================================
layers[24].self_attn.q_proj
time 6.39
========================================
layers[24].self_attn.out_proj
time 4.65
========================================
layers[24].fc1
time 7.70
========================================
layers[24].fc2
time 24.07
========================================
========================================
Start compressing layer 25：
layers[25].self_attn.k_proj
time 6.85
========================================
layers[25].self_attn.v_proj
time 6.94
========================================
layers[25].self_attn.q_proj
time 6.25
========================================
layers[25].self_attn.out_proj
time 4.95
========================================
layers[25].fc1
time 7.45
========================================
layers[25].fc2
time 25.21
========================================
========================================
Start compressing layer 26：
layers[26].self_attn.k_proj
time 7.03
========================================
layers[26].self_attn.v_proj
time 6.81
========================================
layers[26].self_attn.q_proj
time 6.40
========================================
layers[26].self_attn.out_proj
time 4.87
========================================
layers[26].fc1
time 7.59
========================================
layers[26].fc2
time 23.77
========================================
========================================
Start compressing layer 27：
layers[27].self_attn.k_proj
time 6.81
========================================
layers[27].self_attn.v_proj
time 6.66
========================================
layers[27].self_attn.q_proj
time 6.19
========================================
layers[27].self_attn.out_proj
time 4.87
========================================
layers[27].fc1
time 7.79
========================================
layers[27].fc2
time 23.37
========================================
========================================
Start compressing layer 28：
layers[28].self_attn.k_proj
time 6.78
========================================
layers[28].self_attn.v_proj
time 6.77
========================================
layers[28].self_attn.q_proj
time 6.36
========================================
layers[28].self_attn.out_proj
time 5.06
========================================
layers[28].fc1
time 7.60
========================================
layers[28].fc2
time 22.89
========================================
========================================
Start compressing layer 29：
layers[29].self_attn.k_proj
time 6.89
========================================
layers[29].self_attn.v_proj
time 6.74
========================================
layers[29].self_attn.q_proj
time 6.18
========================================
layers[29].self_attn.out_proj
time 4.60
========================================
layers[29].fc1
time 7.54
========================================
layers[29].fc2
time 24.22
========================================
========================================
Start compressing layer 30：
layers[30].self_attn.k_proj
time 6.82
========================================
layers[30].self_attn.v_proj
time 6.65
========================================
layers[30].self_attn.q_proj
time 6.28
========================================
layers[30].self_attn.out_proj
time 4.92
========================================
layers[30].fc1
time 7.59
========================================
layers[30].fc2
time 23.61
========================================
========================================
Start compressing layer 31：
layers[31].self_attn.k_proj
time 6.93
========================================
layers[31].self_attn.v_proj
time 6.82
========================================
layers[31].self_attn.q_proj
time 6.48
========================================
layers[31].self_attn.out_proj
time 4.95
========================================
layers[31].fc1
time 7.83
========================================
layers[31].fc2
time 23.68
========================================
========================================
Start compressing layer 32：
layers[32].self_attn.k_proj
time 6.90
========================================
layers[32].self_attn.v_proj
time 6.51
========================================
layers[32].self_attn.q_proj
time 6.25
========================================
layers[32].self_attn.out_proj
time 4.88
========================================
layers[32].fc1
time 7.52
========================================
layers[32].fc2
time 23.71
========================================
========================================
Start compressing layer 33：
layers[33].self_attn.k_proj
time 6.83
========================================
layers[33].self_attn.v_proj
time 6.77
========================================
layers[33].self_attn.q_proj
time 6.40
========================================
layers[33].self_attn.out_proj
time 4.98
========================================
layers[33].fc1
time 7.65
========================================
layers[33].fc2
time 23.84
========================================
========================================
Start compressing layer 34：
layers[34].self_attn.k_proj
time 6.84
========================================
layers[34].self_attn.v_proj
time 6.90
========================================
layers[34].self_attn.q_proj
time 6.33
========================================
layers[34].self_attn.out_proj
time 5.01
========================================
layers[34].fc1
time 7.60
========================================
layers[34].fc2
time 24.26
========================================
========================================
Start compressing layer 35：
layers[35].self_attn.k_proj
time 6.81
========================================
layers[35].self_attn.v_proj
time 6.73
========================================
layers[35].self_attn.q_proj
time 6.42
========================================
layers[35].self_attn.out_proj
time 5.01
========================================
layers[35].fc1
time 7.60
========================================
layers[35].fc2
time 23.85
========================================
========================================
Start compressing layer 36：
layers[36].self_attn.k_proj
time 6.85
========================================
layers[36].self_attn.v_proj
time 6.79
========================================
layers[36].self_attn.q_proj
time 6.43
========================================
layers[36].self_attn.out_proj
time 4.95
========================================
layers[36].fc1
time 7.59
========================================
layers[36].fc2
time 23.25
========================================
========================================
Start compressing layer 37：
layers[37].self_attn.k_proj
time 6.68
========================================
layers[37].self_attn.v_proj
time 6.52
========================================
layers[37].self_attn.q_proj
time 6.35
========================================
layers[37].self_attn.out_proj
time 4.75
========================================
layers[37].fc1
time 7.55
========================================
layers[37].fc2
time 24.06
========================================
========================================
Start compressing layer 38：
layers[38].self_attn.k_proj
time 6.68
========================================
layers[38].self_attn.v_proj
time 6.68
========================================
layers[38].self_attn.q_proj
time 6.20
========================================
layers[38].self_attn.out_proj
time 4.88
========================================
layers[38].fc1
time 7.54
========================================
layers[38].fc2
time 23.88
========================================
========================================
Start compressing layer 39：
layers[39].self_attn.k_proj
time 7.06
========================================
layers[39].self_attn.v_proj
time 6.69
========================================
layers[39].self_attn.q_proj
time 6.50
========================================
layers[39].self_attn.out_proj
time 5.11
========================================
layers[39].fc1
time 7.67
========================================
layers[39].fc2
time 24.07
========================================
========================================
Start compressing layer 40：
layers[40].self_attn.k_proj
time 6.89
========================================
layers[40].self_attn.v_proj
time 6.25
========================================
layers[40].self_attn.q_proj
time 5.84
========================================
layers[40].self_attn.out_proj
time 4.69
========================================
layers[40].fc1
time 7.58
========================================
layers[40].fc2
time 23.79
========================================
========================================
Start compressing layer 41：
layers[41].self_attn.k_proj
time 6.59
========================================
layers[41].self_attn.v_proj
time 6.25
========================================
layers[41].self_attn.q_proj
time 6.19
========================================
layers[41].self_attn.out_proj
time 4.45
========================================
layers[41].fc1
time 7.55
========================================
layers[41].fc2
time 22.44
========================================
========================================
Start compressing layer 42：
layers[42].self_attn.k_proj
time 6.81
========================================
layers[42].self_attn.v_proj
time 6.91
========================================
layers[42].self_attn.q_proj
time 6.19
========================================
layers[42].self_attn.out_proj
time 4.51
========================================
layers[42].fc1
time 7.45
========================================
layers[42].fc2
time 24.78
========================================
========================================
Start compressing layer 43：
layers[43].self_attn.k_proj
time 6.88
========================================
layers[43].self_attn.v_proj
time 6.98
========================================
layers[43].self_attn.q_proj
time 6.32
========================================
layers[43].self_attn.out_proj
time 4.90
========================================
layers[43].fc1
time 7.66
========================================
layers[43].fc2
time 23.99
========================================
========================================
Start compressing layer 44：
layers[44].self_attn.k_proj
time 6.81
========================================
layers[44].self_attn.v_proj
time 6.84
========================================
layers[44].self_attn.q_proj
time 6.34
========================================
layers[44].self_attn.out_proj
time 4.83
========================================
layers[44].fc1
time 7.52
========================================
layers[44].fc2
time 24.37
========================================
========================================
Start compressing layer 45：
layers[45].self_attn.k_proj
time 6.95
========================================
layers[45].self_attn.v_proj
time 6.68
========================================
layers[45].self_attn.q_proj
time 5.89
========================================
layers[45].self_attn.out_proj
time 4.79
========================================
layers[45].fc1
time 7.61
========================================
layers[45].fc2
time 23.86
========================================
========================================
Start compressing layer 46：
layers[46].self_attn.k_proj
time 6.93
========================================
layers[46].self_attn.v_proj
time 6.75
========================================
layers[46].self_attn.q_proj
time 6.44
========================================
layers[46].self_attn.out_proj
time 4.86
========================================
layers[46].fc1
time 7.58
========================================
layers[46].fc2
time 24.07
========================================
========================================
Start compressing layer 47：
layers[47].self_attn.k_proj
time 6.87
========================================
layers[47].self_attn.v_proj
time 6.70
========================================
layers[47].self_attn.q_proj
time 6.38
========================================
layers[47].self_attn.out_proj
time 4.86
========================================
layers[47].fc1
time 7.64
========================================
layers[47].fc2
time 23.41
========================================
time
4803.657155513763
wikitext2
Evaluating ...
0
1
2
3
4
5
6
7
8
9
10
11
12
13
14
15
16
17
18
19
20
21
22
23
24
25
26
27
28
29
30
31
32
33
34
35
36
37
38
39
40
41
42
43
44
45
46
47
10.745165824890137
ptb-new
Evaluating ...
0
1
2
3
4
5
6
7
8
9
10
11
12
13
14
15
16
17
18
19
20
21
22
23
24
25
26
27
28
29
30
31
32
33
34
35
36
37
38
39
40
41
42
43
44
45
46
47
16.398786544799805
c4-new
Evaluating ...
0
1
2
3
4
5
6
7
8
9
10
11
12
13
14
15
16
17
18
19
20
21
22
23
24
25
26
27
28
29
30
31
32
33
34
35
36
37
38
39
40
41
42
43
44
45
46
47
12.80169677734375
