CUDA extension not installed.
Starting ...
Ready.
========================================
Start compressing layer 0：
layers[0].self_attn.k_proj
time 7.81
========================================
layers[0].self_attn.v_proj
time 6.54
========================================
layers[0].self_attn.q_proj
time 6.46
========================================
layers[0].self_attn.out_proj
time 4.71
========================================
layers[0].fc1
time 7.38
========================================
layers[0].fc2
time 23.56
========================================
========================================
Start compressing layer 1：
layers[1].self_attn.k_proj
time 6.60
========================================
layers[1].self_attn.v_proj
time 6.61
========================================
layers[1].self_attn.q_proj
time 6.21
========================================
layers[1].self_attn.out_proj
time 4.68
========================================
layers[1].fc1
time 7.49
========================================
layers[1].fc2
time 23.48
========================================
========================================
Start compressing layer 2：
layers[2].self_attn.k_proj
time 6.57
========================================
layers[2].self_attn.v_proj
time 6.52
========================================
layers[2].self_attn.q_proj
time 6.22
========================================
layers[2].self_attn.out_proj
time 4.69
========================================
layers[2].fc1
time 7.41
========================================
layers[2].fc2
time 23.70
========================================
========================================
Start compressing layer 3：
layers[3].self_attn.k_proj
time 6.63
========================================
layers[3].self_attn.v_proj
time 6.63
========================================
layers[3].self_attn.q_proj
time 6.07
========================================
layers[3].self_attn.out_proj
time 4.65
========================================
layers[3].fc1
time 7.47
========================================
layers[3].fc2
time 23.88
========================================
========================================
Start compressing layer 4：
layers[4].self_attn.k_proj
time 6.68
========================================
layers[4].self_attn.v_proj
time 6.57
========================================
layers[4].self_attn.q_proj
time 5.99
========================================
layers[4].self_attn.out_proj
time 4.51
========================================
layers[4].fc1
time 7.53
========================================
layers[4].fc2
time 22.96
========================================
========================================
Start compressing layer 5：
layers[5].self_attn.k_proj
time 6.68
========================================
layers[5].self_attn.v_proj
time 6.40
========================================
layers[5].self_attn.q_proj
time 6.07
========================================
layers[5].self_attn.out_proj
time 4.58
========================================
layers[5].fc1
time 7.55
========================================
layers[5].fc2
time 23.81
========================================
========================================
Start compressing layer 6：
layers[6].self_attn.k_proj
time 6.54
========================================
layers[6].self_attn.v_proj
time 6.64
========================================
layers[6].self_attn.q_proj
time 6.26
========================================
layers[6].self_attn.out_proj
time 4.65
========================================
layers[6].fc1
time 7.50
========================================
layers[6].fc2
time 22.81
========================================
========================================
Start compressing layer 7：
layers[7].self_attn.k_proj
time 6.43
========================================
layers[7].self_attn.v_proj
time 6.52
========================================
layers[7].self_attn.q_proj
time 6.19
========================================
layers[7].self_attn.out_proj
time 4.57
========================================
layers[7].fc1
time 7.52
========================================
layers[7].fc2
time 22.52
========================================
========================================
Start compressing layer 8：
layers[8].self_attn.k_proj
time 7.00
========================================
layers[8].self_attn.v_proj
time 6.37
========================================
layers[8].self_attn.q_proj
time 6.18
========================================
layers[8].self_attn.out_proj
time 4.69
========================================
layers[8].fc1
time 7.35
========================================
layers[8].fc2
time 23.31
========================================
========================================
Start compressing layer 9：
layers[9].self_attn.k_proj
time 6.20
========================================
layers[9].self_attn.v_proj
time 6.13
========================================
layers[9].self_attn.q_proj
time 6.16
========================================
layers[9].self_attn.out_proj
time 4.41
========================================
layers[9].fc1
time 7.45
========================================
layers[9].fc2
time 22.74
========================================
========================================
Start compressing layer 10：
layers[10].self_attn.k_proj
time 6.74
========================================
layers[10].self_attn.v_proj
time 6.16
========================================
layers[10].self_attn.q_proj
time 6.19
========================================
layers[10].self_attn.out_proj
time 4.41
========================================
layers[10].fc1
time 7.58
========================================
layers[10].fc2
time 22.69
========================================
========================================
Start compressing layer 11：
layers[11].self_attn.k_proj
time 6.44
========================================
layers[11].self_attn.v_proj
time 6.43
========================================
layers[11].self_attn.q_proj
time 5.98
========================================
layers[11].self_attn.out_proj
time 4.56
========================================
layers[11].fc1
time 7.63
========================================
layers[11].fc2
time 23.14
========================================
========================================
Start compressing layer 12：
layers[12].self_attn.k_proj
time 6.41
========================================
layers[12].self_attn.v_proj
time 6.31
========================================
layers[12].self_attn.q_proj
time 5.85
========================================
layers[12].self_attn.out_proj
time 4.45
========================================
layers[12].fc1
time 7.13
========================================
layers[12].fc2
time 22.89
========================================
========================================
Start compressing layer 13：
layers[13].self_attn.k_proj
time 6.47
========================================
layers[13].self_attn.v_proj
time 6.42
========================================
layers[13].self_attn.q_proj
time 5.84
========================================
layers[13].self_attn.out_proj
time 4.50
========================================
layers[13].fc1
time 7.19
========================================
layers[13].fc2
time 22.79
========================================
========================================
Start compressing layer 14：
layers[14].self_attn.k_proj
time 6.30
========================================
layers[14].self_attn.v_proj
time 6.44
========================================
layers[14].self_attn.q_proj
time 6.08
========================================
layers[14].self_attn.out_proj
time 4.58
========================================
layers[14].fc1
time 7.17
========================================
layers[14].fc2
time 22.15
========================================
========================================
Start compressing layer 15：
layers[15].self_attn.k_proj
time 6.51
========================================
layers[15].self_attn.v_proj
time 6.42
========================================
layers[15].self_attn.q_proj
time 6.03
========================================
layers[15].self_attn.out_proj
time 4.62
========================================
layers[15].fc1
time 7.19
========================================
layers[15].fc2
time 23.17
========================================
========================================
Start compressing layer 16：
layers[16].self_attn.k_proj
time 6.57
========================================
layers[16].self_attn.v_proj
time 6.29
========================================
layers[16].self_attn.q_proj
time 6.04
========================================
layers[16].self_attn.out_proj
time 4.43
========================================
layers[16].fc1
time 7.55
========================================
layers[16].fc2
time 22.98
========================================
========================================
Start compressing layer 17：
layers[17].self_attn.k_proj
time 6.26
========================================
layers[17].self_attn.v_proj
time 6.33
========================================
layers[17].self_attn.q_proj
time 5.92
========================================
layers[17].self_attn.out_proj
time 4.50
========================================
layers[17].fc1
time 7.35
========================================
layers[17].fc2
time 23.50
========================================
========================================
Start compressing layer 18：
layers[18].self_attn.k_proj
time 6.20
========================================
layers[18].self_attn.v_proj
time 6.33
========================================
layers[18].self_attn.q_proj
time 6.24
========================================
layers[18].self_attn.out_proj
time 4.27
========================================
layers[18].fc1
time 7.23
========================================
layers[18].fc2
time 23.62
========================================
========================================
Start compressing layer 19：
layers[19].self_attn.k_proj
time 6.29
========================================
layers[19].self_attn.v_proj
time 6.15
========================================
layers[19].self_attn.q_proj
time 6.01
========================================
layers[19].self_attn.out_proj
time 4.56
========================================
layers[19].fc1
time 7.15
========================================
layers[19].fc2
time 22.94
========================================
========================================
Start compressing layer 20：
layers[20].self_attn.k_proj
time 6.33
========================================
layers[20].self_attn.v_proj
time 6.19
========================================
layers[20].self_attn.q_proj
time 5.94
========================================
layers[20].self_attn.out_proj
time 4.53
========================================
layers[20].fc1
time 7.14
========================================
layers[20].fc2
time 23.34
========================================
========================================
Start compressing layer 21：
layers[21].self_attn.k_proj
time 6.49
========================================
layers[21].self_attn.v_proj
time 6.54
========================================
layers[21].self_attn.q_proj
time 6.03
========================================
layers[21].self_attn.out_proj
time 4.54
========================================
layers[21].fc1
time 7.36
========================================
layers[21].fc2
time 23.54
========================================
========================================
Start compressing layer 22：
layers[22].self_attn.k_proj
time 6.42
========================================
layers[22].self_attn.v_proj
time 6.21
========================================
layers[22].self_attn.q_proj
time 5.79
========================================
layers[22].self_attn.out_proj
time 4.46
========================================
layers[22].fc1
time 7.23
========================================
layers[22].fc2
time 23.28
========================================
========================================
Start compressing layer 23：
layers[23].self_attn.k_proj
time 6.43
========================================
layers[23].self_attn.v_proj
time 6.35
========================================
layers[23].self_attn.q_proj
time 5.93
========================================
layers[23].self_attn.out_proj
time 4.58
========================================
layers[23].fc1
time 7.17
========================================
layers[23].fc2
time 22.95
========================================
========================================
Start compressing layer 24：
layers[24].self_attn.k_proj
time 6.52
========================================
layers[24].self_attn.v_proj
time 6.39
========================================
layers[24].self_attn.q_proj
time 6.06
========================================
layers[24].self_attn.out_proj
time 4.56
========================================
layers[24].fc1
time 7.31
========================================
layers[24].fc2
time 23.62
========================================
========================================
Start compressing layer 25：
layers[25].self_attn.k_proj
time 6.56
========================================
layers[25].self_attn.v_proj
time 6.58
========================================
layers[25].self_attn.q_proj
time 6.04
========================================
layers[25].self_attn.out_proj
time 4.60
========================================
layers[25].fc1
time 7.30
========================================
layers[25].fc2
time 23.43
========================================
========================================
Start compressing layer 26：
layers[26].self_attn.k_proj
time 6.59
========================================
layers[26].self_attn.v_proj
time 6.33
========================================
layers[26].self_attn.q_proj
time 6.30
========================================
layers[26].self_attn.out_proj
time 4.56
========================================
layers[26].fc1
time 7.16
========================================
layers[26].fc2
time 23.05
========================================
========================================
Start compressing layer 27：
layers[27].self_attn.k_proj
time 6.58
========================================
layers[27].self_attn.v_proj
time 6.14
========================================
layers[27].self_attn.q_proj
time 5.91
========================================
layers[27].self_attn.out_proj
time 4.35
========================================
layers[27].fc1
time 7.14
========================================
layers[27].fc2
time 22.97
========================================
========================================
Start compressing layer 28：
layers[28].self_attn.k_proj
time 6.55
========================================
layers[28].self_attn.v_proj
time 6.31
========================================
layers[28].self_attn.q_proj
time 5.99
========================================
layers[28].self_attn.out_proj
time 4.56
========================================
layers[28].fc1
time 7.39
========================================
layers[28].fc2
time 22.49
========================================
========================================
Start compressing layer 29：
layers[29].self_attn.k_proj
time 6.43
========================================
layers[29].self_attn.v_proj
time 6.48
========================================
layers[29].self_attn.q_proj
time 6.06
========================================
layers[29].self_attn.out_proj
time 4.51
========================================
layers[29].fc1
time 7.41
========================================
layers[29].fc2
time 23.36
========================================
========================================
Start compressing layer 30：
layers[30].self_attn.k_proj
time 6.56
========================================
layers[30].self_attn.v_proj
time 6.12
========================================
layers[30].self_attn.q_proj
time 5.73
========================================
layers[30].self_attn.out_proj
time 4.25
========================================
layers[30].fc1
time 7.37
========================================
layers[30].fc2
time 22.52
========================================
========================================
Start compressing layer 31：
layers[31].self_attn.k_proj
time 6.37
========================================
layers[31].self_attn.v_proj
time 6.50
========================================
layers[31].self_attn.q_proj
time 6.08
========================================
layers[31].self_attn.out_proj
time 4.75
========================================
layers[31].fc1
time 7.36
========================================
layers[31].fc2
time 22.54
========================================
========================================
Start compressing layer 32：
layers[32].self_attn.k_proj
time 6.47
========================================
layers[32].self_attn.v_proj
time 6.59
========================================
layers[32].self_attn.q_proj
time 6.00
========================================
layers[32].self_attn.out_proj
time 4.67
========================================
layers[32].fc1
time 7.19
========================================
layers[32].fc2
time 22.67
========================================
========================================
Start compressing layer 33：
layers[33].self_attn.k_proj
time 6.49
========================================
layers[33].self_attn.v_proj
time 6.45
========================================
layers[33].self_attn.q_proj
time 5.80
========================================
layers[33].self_attn.out_proj
time 4.34
========================================
layers[33].fc1
time 7.13
========================================
layers[33].fc2
time 23.64
========================================
========================================
Start compressing layer 34：
layers[34].self_attn.k_proj
time 6.47
========================================
layers[34].self_attn.v_proj
time 6.16
========================================
layers[34].self_attn.q_proj
time 5.85
========================================
layers[34].self_attn.out_proj
time 4.46
========================================
layers[34].fc1
time 7.17
========================================
layers[34].fc2
time 23.39
========================================
========================================
Start compressing layer 35：
layers[35].self_attn.k_proj
time 6.57
========================================
layers[35].self_attn.v_proj
time 6.31
========================================
layers[35].self_attn.q_proj
time 5.98
========================================
layers[35].self_attn.out_proj
time 4.55
========================================
layers[35].fc1
time 7.10
========================================
layers[35].fc2
time 23.29
========================================
========================================
Start compressing layer 36：
layers[36].self_attn.k_proj
time 6.49
========================================
layers[36].self_attn.v_proj
time 6.61
========================================
layers[36].self_attn.q_proj
time 5.82
========================================
layers[36].self_attn.out_proj
time 4.27
========================================
layers[36].fc1
time 7.15
========================================
layers[36].fc2
time 23.14
========================================
========================================
Start compressing layer 37：
layers[37].self_attn.k_proj
time 6.39
========================================
layers[37].self_attn.v_proj
time 6.34
========================================
layers[37].self_attn.q_proj
time 5.99
========================================
layers[37].self_attn.out_proj
time 4.53
========================================
layers[37].fc1
time 7.24
========================================
layers[37].fc2
time 23.38
========================================
========================================
Start compressing layer 38：
layers[38].self_attn.k_proj
time 6.63
========================================
layers[38].self_attn.v_proj
time 6.39
========================================
layers[38].self_attn.q_proj
time 5.94
========================================
layers[38].self_attn.out_proj
time 4.57
========================================
layers[38].fc1
time 7.35
========================================
layers[38].fc2
time 22.94
========================================
========================================
Start compressing layer 39：
layers[39].self_attn.k_proj
time 6.42
========================================
layers[39].self_attn.v_proj
time 6.33
========================================
layers[39].self_attn.q_proj
time 6.00
========================================
layers[39].self_attn.out_proj
time 4.40
========================================
layers[39].fc1
time 7.37
========================================
layers[39].fc2
time 23.73
========================================
========================================
Start compressing layer 40：
layers[40].self_attn.k_proj
time 6.73
========================================
layers[40].self_attn.v_proj
time 6.60
========================================
layers[40].self_attn.q_proj
time 6.23
========================================
layers[40].self_attn.out_proj
time 4.70
========================================
layers[40].fc1
time 7.23
========================================
layers[40].fc2
time 22.52
========================================
========================================
Start compressing layer 41：
layers[41].self_attn.k_proj
time 6.55
========================================
layers[41].self_attn.v_proj
time 6.63
========================================
layers[41].self_attn.q_proj
time 5.82
========================================
layers[41].self_attn.out_proj
time 4.63
========================================
layers[41].fc1
time 7.35
========================================
layers[41].fc2
time 23.00
========================================
========================================
Start compressing layer 42：
layers[42].self_attn.k_proj
time 6.49
========================================
layers[42].self_attn.v_proj
time 6.54
========================================
layers[42].self_attn.q_proj
time 6.19
========================================
layers[42].self_attn.out_proj
time 4.69
========================================
layers[42].fc1
time 7.42
========================================
layers[42].fc2
time 23.20
========================================
========================================
Start compressing layer 43：
layers[43].self_attn.k_proj
time 6.40
========================================
layers[43].self_attn.v_proj
time 6.44
========================================
layers[43].self_attn.q_proj
time 6.22
========================================
layers[43].self_attn.out_proj
time 4.46
========================================
layers[43].fc1
time 7.28
========================================
layers[43].fc2
time 23.64
========================================
========================================
Start compressing layer 44：
layers[44].self_attn.k_proj
time 6.65
========================================
layers[44].self_attn.v_proj
time 6.41
========================================
layers[44].self_attn.q_proj
time 6.21
========================================
layers[44].self_attn.out_proj
time 4.56
========================================
layers[44].fc1
time 7.27
========================================
layers[44].fc2
time 23.14
========================================
========================================
Start compressing layer 45：
layers[45].self_attn.k_proj
time 6.37
========================================
layers[45].self_attn.v_proj
time 6.19
========================================
layers[45].self_attn.q_proj
time 5.78
========================================
layers[45].self_attn.out_proj
time 4.62
========================================
layers[45].fc1
time 7.34
========================================
layers[45].fc2
time 23.04
========================================
========================================
Start compressing layer 46：
layers[46].self_attn.k_proj
time 6.67
========================================
layers[46].self_attn.v_proj
time 6.53
========================================
layers[46].self_attn.q_proj
time 6.01
========================================
layers[46].self_attn.out_proj
time 4.53
========================================
layers[46].fc1
time 7.45
========================================
layers[46].fc2
time 22.76
========================================
========================================
Start compressing layer 47：
layers[47].self_attn.k_proj
time 6.27
========================================
layers[47].self_attn.v_proj
time 6.38
========================================
layers[47].self_attn.q_proj
time 5.97
========================================
layers[47].self_attn.out_proj
time 4.75
========================================
layers[47].fc1
time 7.14
========================================
layers[47].fc2
time 23.20
========================================
time
4694.584369659424
wikitext2
Evaluating ...
0
1
2
3
4
5
6
7
8
9
10
11
12
13
14
15
16
17
18
19
20
21
22
23
24
25
26
27
28
29
30
31
32
33
34
35
36
37
38
39
40
41
42
43
44
45
46
47
9.605469703674316
ptb-new
Evaluating ...
0
1
2
3
4
5
6
7
8
9
10
11
12
13
14
15
16
17
18
19
20
21
22
23
24
25
26
27
28
29
30
31
32
33
34
35
36
37
38
39
40
41
42
43
44
45
46
47
14.254620552062988
c4-new
Evaluating ...
0
1
2
3
4
5
6
7
8
9
10
11
12
13
14
15
16
17
18
19
20
21
22
23
24
25
26
27
28
29
30
31
32
33
34
35
36
37
38
39
40
41
42
43
44
45
46
47
11.609373092651367
