CUDA extension not installed.
Starting ...
Ready.
========================================
Start compressing layer 0：
layers[0].self_attn.k_proj
time 8.00
========================================
layers[0].self_attn.v_proj
time 6.70
========================================
layers[0].self_attn.q_proj
time 6.54
========================================
layers[0].self_attn.out_proj
time 5.09
========================================
layers[0].fc1
time 7.63
========================================
layers[0].fc2
time 24.45
========================================
========================================
Start compressing layer 1：
layers[1].self_attn.k_proj
time 6.80
========================================
layers[1].self_attn.v_proj
time 6.73
========================================
layers[1].self_attn.q_proj
time 6.48
========================================
layers[1].self_attn.out_proj
time 5.02
========================================
layers[1].fc1
time 7.58
========================================
layers[1].fc2
time 24.71
========================================
========================================
Start compressing layer 2：
layers[2].self_attn.k_proj
time 7.09
========================================
layers[2].self_attn.v_proj
time 7.29
========================================
layers[2].self_attn.q_proj
time 6.84
========================================
layers[2].self_attn.out_proj
time 5.29
========================================
layers[2].fc1
time 7.69
========================================
layers[2].fc2
time 26.89
========================================
========================================
Start compressing layer 3：
layers[3].self_attn.k_proj
time 6.70
========================================
layers[3].self_attn.v_proj
time 6.81
========================================
layers[3].self_attn.q_proj
time 6.48
========================================
layers[3].self_attn.out_proj
time 4.98
========================================
layers[3].fc1
time 7.45
========================================
layers[3].fc2
time 24.83
========================================
========================================
Start compressing layer 4：
layers[4].self_attn.k_proj
time 6.85
========================================
layers[4].self_attn.v_proj
time 6.80
========================================
layers[4].self_attn.q_proj
time 6.35
========================================
layers[4].self_attn.out_proj
time 5.01
========================================
layers[4].fc1
time 7.41
========================================
layers[4].fc2
time 24.20
========================================
========================================
Start compressing layer 5：
layers[5].self_attn.k_proj
time 7.11
========================================
layers[5].self_attn.v_proj
time 7.16
========================================
layers[5].self_attn.q_proj
time 6.74
========================================
layers[5].self_attn.out_proj
time 4.90
========================================
layers[5].fc1
time 7.46
========================================
layers[5].fc2
time 24.15
========================================
========================================
Start compressing layer 6：
layers[6].self_attn.k_proj
time 6.83
========================================
layers[6].self_attn.v_proj
time 6.77
========================================
layers[6].self_attn.q_proj
time 6.22
========================================
layers[6].self_attn.out_proj
time 4.79
========================================
layers[6].fc1
time 7.51
========================================
layers[6].fc2
time 24.25
========================================
========================================
Start compressing layer 7：
layers[7].self_attn.k_proj
time 6.68
========================================
layers[7].self_attn.v_proj
time 6.56
========================================
layers[7].self_attn.q_proj
time 6.09
========================================
layers[7].self_attn.out_proj
time 5.02
========================================
layers[7].fc1
time 7.46
========================================
layers[7].fc2
time 23.78
========================================
========================================
Start compressing layer 8：
layers[8].self_attn.k_proj
time 6.86
========================================
layers[8].self_attn.v_proj
time 6.87
========================================
layers[8].self_attn.q_proj
time 6.39
========================================
layers[8].self_attn.out_proj
time 5.03
========================================
layers[8].fc1
time 7.50
========================================
layers[8].fc2
time 23.89
========================================
========================================
Start compressing layer 9：
layers[9].self_attn.k_proj
time 6.72
========================================
layers[9].self_attn.v_proj
time 6.64
========================================
layers[9].self_attn.q_proj
time 6.22
========================================
layers[9].self_attn.out_proj
time 4.86
========================================
layers[9].fc1
time 7.42
========================================
layers[9].fc2
time 24.88
========================================
========================================
Start compressing layer 10：
layers[10].self_attn.k_proj
time 6.74
========================================
layers[10].self_attn.v_proj
time 6.92
========================================
layers[10].self_attn.q_proj
time 6.49
========================================
layers[10].self_attn.out_proj
time 5.05
========================================
layers[10].fc1
time 7.40
========================================
layers[10].fc2
time 23.91
========================================
========================================
Start compressing layer 11：
layers[11].self_attn.k_proj
time 6.92
========================================
layers[11].self_attn.v_proj
time 6.81
========================================
layers[11].self_attn.q_proj
time 6.36
========================================
layers[11].self_attn.out_proj
time 4.90
========================================
layers[11].fc1
time 7.49
========================================
layers[11].fc2
time 24.19
========================================
========================================
Start compressing layer 12：
layers[12].self_attn.k_proj
time 6.73
========================================
layers[12].self_attn.v_proj
time 6.76
========================================
layers[12].self_attn.q_proj
time 6.31
========================================
layers[12].self_attn.out_proj
time 4.75
========================================
layers[12].fc1
time 7.44
========================================
layers[12].fc2
time 24.13
========================================
========================================
Start compressing layer 13：
layers[13].self_attn.k_proj
time 6.77
========================================
layers[13].self_attn.v_proj
time 6.73
========================================
layers[13].self_attn.q_proj
time 6.36
========================================
layers[13].self_attn.out_proj
time 4.88
========================================
layers[13].fc1
time 7.40
========================================
layers[13].fc2
time 23.70
========================================
========================================
Start compressing layer 14：
layers[14].self_attn.k_proj
time 6.77
========================================
layers[14].self_attn.v_proj
time 6.65
========================================
layers[14].self_attn.q_proj
time 6.08
========================================
layers[14].self_attn.out_proj
time 4.95
========================================
layers[14].fc1
time 7.50
========================================
layers[14].fc2
time 24.10
========================================
========================================
Start compressing layer 15：
layers[15].self_attn.k_proj
time 6.79
========================================
layers[15].self_attn.v_proj
time 6.77
========================================
layers[15].self_attn.q_proj
time 6.38
========================================
layers[15].self_attn.out_proj
time 4.92
========================================
layers[15].fc1
time 7.42
========================================
layers[15].fc2
time 24.25
========================================
========================================
Start compressing layer 16：
layers[16].self_attn.k_proj
time 6.64
========================================
layers[16].self_attn.v_proj
time 6.63
========================================
layers[16].self_attn.q_proj
time 6.32
========================================
layers[16].self_attn.out_proj
time 4.75
========================================
layers[16].fc1
time 7.31
========================================
layers[16].fc2
time 23.67
========================================
========================================
Start compressing layer 17：
layers[17].self_attn.k_proj
time 6.68
========================================
layers[17].self_attn.v_proj
time 6.83
========================================
layers[17].self_attn.q_proj
time 6.25
========================================
layers[17].self_attn.out_proj
time 4.79
========================================
layers[17].fc1
time 7.43
========================================
layers[17].fc2
time 23.42
========================================
========================================
Start compressing layer 18：
layers[18].self_attn.k_proj
time 6.64
========================================
layers[18].self_attn.v_proj
time 6.55
========================================
layers[18].self_attn.q_proj
time 6.17
========================================
layers[18].self_attn.out_proj
time 4.73
========================================
layers[18].fc1
time 7.43
========================================
layers[18].fc2
time 24.45
========================================
========================================
Start compressing layer 19：
layers[19].self_attn.k_proj
time 6.76
========================================
layers[19].self_attn.v_proj
time 6.84
========================================
layers[19].self_attn.q_proj
time 6.28
========================================
layers[19].self_attn.out_proj
time 4.88
========================================
layers[19].fc1
time 7.46
========================================
layers[19].fc2
time 23.59
========================================
========================================
Start compressing layer 20：
layers[20].self_attn.k_proj
time 6.84
========================================
layers[20].self_attn.v_proj
time 6.80
========================================
layers[20].self_attn.q_proj
time 6.44
========================================
layers[20].self_attn.out_proj
time 4.94
========================================
layers[20].fc1
time 7.48
========================================
layers[20].fc2
time 24.33
========================================
========================================
Start compressing layer 21：
layers[21].self_attn.k_proj
time 6.92
========================================
layers[21].self_attn.v_proj
time 6.96
========================================
layers[21].self_attn.q_proj
time 6.27
========================================
layers[21].self_attn.out_proj
time 4.87
========================================
layers[21].fc1
time 7.45
========================================
layers[21].fc2
time 23.32
========================================
========================================
Start compressing layer 22：
layers[22].self_attn.k_proj
time 6.82
========================================
layers[22].self_attn.v_proj
time 6.46
========================================
layers[22].self_attn.q_proj
time 5.98
========================================
layers[22].self_attn.out_proj
time 4.54
========================================
layers[22].fc1
time 7.38
========================================
layers[22].fc2
time 23.12
========================================
========================================
Start compressing layer 23：
layers[23].self_attn.k_proj
time 6.37
========================================
layers[23].self_attn.v_proj
time 6.80
========================================
layers[23].self_attn.q_proj
time 6.36
========================================
layers[23].self_attn.out_proj
time 4.98
========================================
layers[23].fc1
time 7.46
========================================
layers[23].fc2
time 23.49
========================================
========================================
Start compressing layer 24：
layers[24].self_attn.k_proj
time 6.70
========================================
layers[24].self_attn.v_proj
time 6.67
========================================
layers[24].self_attn.q_proj
time 6.33
========================================
layers[24].self_attn.out_proj
time 4.82
========================================
layers[24].fc1
time 7.49
========================================
layers[24].fc2
time 23.87
========================================
========================================
Start compressing layer 25：
layers[25].self_attn.k_proj
time 6.82
========================================
layers[25].self_attn.v_proj
time 6.80
========================================
layers[25].self_attn.q_proj
time 6.46
========================================
layers[25].self_attn.out_proj
time 5.01
========================================
layers[25].fc1
time 7.47
========================================
layers[25].fc2
time 23.76
========================================
========================================
Start compressing layer 26：
layers[26].self_attn.k_proj
time 6.66
========================================
layers[26].self_attn.v_proj
time 6.79
========================================
layers[26].self_attn.q_proj
time 6.33
========================================
layers[26].self_attn.out_proj
time 4.99
========================================
layers[26].fc1
time 7.50
========================================
layers[26].fc2
time 24.74
========================================
========================================
Start compressing layer 27：
layers[27].self_attn.k_proj
time 6.70
========================================
layers[27].self_attn.v_proj
time 6.75
========================================
layers[27].self_attn.q_proj
time 6.40
========================================
layers[27].self_attn.out_proj
time 4.96
========================================
layers[27].fc1
time 7.44
========================================
layers[27].fc2
time 24.39
========================================
========================================
Start compressing layer 28：
layers[28].self_attn.k_proj
time 7.01
========================================
layers[28].self_attn.v_proj
time 6.85
========================================
layers[28].self_attn.q_proj
time 6.37
========================================
layers[28].self_attn.out_proj
time 4.90
========================================
layers[28].fc1
time 7.34
========================================
layers[28].fc2
time 23.67
========================================
========================================
Start compressing layer 29：
layers[29].self_attn.k_proj
time 6.66
========================================
layers[29].self_attn.v_proj
time 6.75
========================================
layers[29].self_attn.q_proj
time 6.42
========================================
layers[29].self_attn.out_proj
time 4.74
========================================
layers[29].fc1
time 7.47
========================================
layers[29].fc2
time 24.13
========================================
========================================
Start compressing layer 30：
layers[30].self_attn.k_proj
time 6.82
========================================
layers[30].self_attn.v_proj
time 6.64
========================================
layers[30].self_attn.q_proj
time 6.28
========================================
layers[30].self_attn.out_proj
time 4.91
========================================
layers[30].fc1
time 7.44
========================================
layers[30].fc2
time 24.21
========================================
========================================
Start compressing layer 31：
layers[31].self_attn.k_proj
time 6.84
========================================
layers[31].self_attn.v_proj
time 6.82
========================================
layers[31].self_attn.q_proj
time 6.54
========================================
layers[31].self_attn.out_proj
time 5.04
========================================
layers[31].fc1
time 7.40
========================================
layers[31].fc2
time 23.59
========================================
========================================
Start compressing layer 32：
layers[32].self_attn.k_proj
time 6.75
========================================
layers[32].self_attn.v_proj
time 6.87
========================================
layers[32].self_attn.q_proj
time 6.50
========================================
layers[32].self_attn.out_proj
time 4.89
========================================
layers[32].fc1
time 7.40
========================================
layers[32].fc2
time 23.97
========================================
========================================
Start compressing layer 33：
layers[33].self_attn.k_proj
time 6.78
========================================
layers[33].self_attn.v_proj
time 6.76
========================================
layers[33].self_attn.q_proj
time 6.29
========================================
layers[33].self_attn.out_proj
time 4.80
========================================
layers[33].fc1
time 7.40
========================================
layers[33].fc2
time 24.29
========================================
========================================
Start compressing layer 34：
layers[34].self_attn.k_proj
time 6.68
========================================
layers[34].self_attn.v_proj
time 6.77
========================================
layers[34].self_attn.q_proj
time 6.27
========================================
layers[34].self_attn.out_proj
time 4.83
========================================
layers[34].fc1
time 7.43
========================================
layers[34].fc2
time 24.03
========================================
========================================
Start compressing layer 35：
layers[35].self_attn.k_proj
time 6.81
========================================
layers[35].self_attn.v_proj
time 6.67
========================================
layers[35].self_attn.q_proj
time 6.32
========================================
layers[35].self_attn.out_proj
time 4.85
========================================
layers[35].fc1
time 7.43
========================================
layers[35].fc2
time 24.18
========================================
========================================
Start compressing layer 36：
layers[36].self_attn.k_proj
time 6.79
========================================
layers[36].self_attn.v_proj
time 6.74
========================================
layers[36].self_attn.q_proj
time 6.29
========================================
layers[36].self_attn.out_proj
time 4.88
========================================
layers[36].fc1
time 7.41
========================================
layers[36].fc2
time 24.27
========================================
========================================
Start compressing layer 37：
layers[37].self_attn.k_proj
time 6.83
========================================
layers[37].self_attn.v_proj
time 6.92
========================================
layers[37].self_attn.q_proj
time 6.37
========================================
layers[37].self_attn.out_proj
time 4.91
========================================
layers[37].fc1
time 7.41
========================================
layers[37].fc2
time 23.86
========================================
========================================
Start compressing layer 38：
layers[38].self_attn.k_proj
time 6.71
========================================
layers[38].self_attn.v_proj
time 6.68
========================================
layers[38].self_attn.q_proj
time 6.29
========================================
layers[38].self_attn.out_proj
time 4.74
========================================
layers[38].fc1
time 7.41
========================================
layers[38].fc2
time 23.99
========================================
========================================
Start compressing layer 39：
layers[39].self_attn.k_proj
time 6.83
========================================
layers[39].self_attn.v_proj
time 6.71
========================================
layers[39].self_attn.q_proj
time 6.29
========================================
layers[39].self_attn.out_proj
time 4.89
========================================
layers[39].fc1
time 7.46
========================================
layers[39].fc2
time 23.93
========================================
========================================
Start compressing layer 40：
layers[40].self_attn.k_proj
time 6.96
========================================
layers[40].self_attn.v_proj
time 6.76
========================================
layers[40].self_attn.q_proj
time 6.23
========================================
layers[40].self_attn.out_proj
time 4.82
========================================
layers[40].fc1
time 7.41
========================================
layers[40].fc2
time 23.70
========================================
========================================
Start compressing layer 41：
layers[41].self_attn.k_proj
time 6.78
========================================
layers[41].self_attn.v_proj
time 6.62
========================================
layers[41].self_attn.q_proj
time 6.33
========================================
layers[41].self_attn.out_proj
time 4.79
========================================
layers[41].fc1
time 7.46
========================================
layers[41].fc2
time 24.03
========================================
========================================
Start compressing layer 42：
layers[42].self_attn.k_proj
time 7.19
========================================
layers[42].self_attn.v_proj
time 6.83
========================================
layers[42].self_attn.q_proj
time 6.35
========================================
layers[42].self_attn.out_proj
time 4.84
========================================
layers[42].fc1
time 7.44
========================================
layers[42].fc2
time 24.13
========================================
========================================
Start compressing layer 43：
layers[43].self_attn.k_proj
time 6.83
========================================
layers[43].self_attn.v_proj
time 6.69
========================================
layers[43].self_attn.q_proj
time 6.50
========================================
layers[43].self_attn.out_proj
time 4.96
========================================
layers[43].fc1
time 7.44
========================================
layers[43].fc2
time 23.57
========================================
========================================
Start compressing layer 44：
layers[44].self_attn.k_proj
time 6.72
========================================
layers[44].self_attn.v_proj
time 6.62
========================================
layers[44].self_attn.q_proj
time 6.36
========================================
layers[44].self_attn.out_proj
time 4.92
========================================
layers[44].fc1
time 7.46
========================================
layers[44].fc2
time 24.07
========================================
========================================
Start compressing layer 45：
layers[45].self_attn.k_proj
time 6.86
========================================
layers[45].self_attn.v_proj
time 6.71
========================================
layers[45].self_attn.q_proj
time 6.50
========================================
layers[45].self_attn.out_proj
time 4.94
========================================
layers[45].fc1
time 7.45
========================================
layers[45].fc2
time 23.64
========================================
========================================
Start compressing layer 46：
layers[46].self_attn.k_proj
time 6.81
========================================
layers[46].self_attn.v_proj
time 6.71
========================================
layers[46].self_attn.q_proj
time 6.38
========================================
layers[46].self_attn.out_proj
time 4.98
========================================
layers[46].fc1
time 7.46
========================================
layers[46].fc2
time 24.40
========================================
========================================
Start compressing layer 47：
layers[47].self_attn.k_proj
time 6.88
========================================
layers[47].self_attn.v_proj
time 6.78
========================================
layers[47].self_attn.q_proj
time 6.44
========================================
layers[47].self_attn.out_proj
time 4.98
========================================
layers[47].fc1
time 7.43
========================================
layers[47].fc2
time 24.27
========================================
time
4811.303776741028
wikitext2
Evaluating ...
0
1
2
3
4
5
6
7
8
9
10
11
12
13
14
15
16
17
18
19
20
21
22
23
24
25
26
27
28
29
30
31
32
33
34
35
36
37
38
39
40
41
42
43
44
45
46
47
9.539032936096191
ptb-new
Evaluating ...
0
1
2
3
4
5
6
7
8
9
10
11
12
13
14
15
16
17
18
19
20
21
22
23
24
25
26
27
28
29
30
31
32
33
34
35
36
37
38
39
40
41
42
43
44
45
46
47
14.121371269226074
c4-new
Evaluating ...
0
1
2
3
4
5
6
7
8
9
10
11
12
13
14
15
16
17
18
19
20
21
22
23
24
25
26
27
28
29
30
31
32
33
34
35
36
37
38
39
40
41
42
43
44
45
46
47
11.491663932800293
