CUDA extension not installed.
Starting ...
Ready.
========================================
Start compressing layer 0：
layers[0].self_attn.k_proj
time 1.05
========================================
layers[0].self_attn.v_proj
time 0.54
========================================
layers[0].self_attn.q_proj
time 0.57
========================================
layers[0].self_attn.out_proj
time 0.56
========================================
layers[0].fc1
time 0.60
========================================
layers[0].fc2
time 1.96
========================================
========================================
Start compressing layer 1：
layers[1].self_attn.k_proj
time 0.56
========================================
layers[1].self_attn.v_proj
time 0.59
========================================
layers[1].self_attn.q_proj
time 0.60
========================================
layers[1].self_attn.out_proj
time 0.58
========================================
layers[1].fc1
time 0.62
========================================
layers[1].fc2
time 2.10
========================================
========================================
Start compressing layer 2：
layers[2].self_attn.k_proj
time 0.66
========================================
layers[2].self_attn.v_proj
time 0.67
========================================
layers[2].self_attn.q_proj
time 0.65
========================================
layers[2].self_attn.out_proj
time 0.63
========================================
layers[2].fc1
time 0.62
========================================
layers[2].fc2
time 2.25
========================================
========================================
Start compressing layer 3：
layers[3].self_attn.k_proj
time 0.64
========================================
layers[3].self_attn.v_proj
time 0.69
========================================
layers[3].self_attn.q_proj
time 0.66
========================================
layers[3].self_attn.out_proj
time 0.63
========================================
layers[3].fc1
time 0.66
========================================
layers[3].fc2
time 1.93
========================================
========================================
Start compressing layer 4：
layers[4].self_attn.k_proj
time 0.63
========================================
layers[4].self_attn.v_proj
time 0.66
========================================
layers[4].self_attn.q_proj
time 0.65
========================================
layers[4].self_attn.out_proj
time 0.63
========================================
layers[4].fc1
time 0.70
========================================
layers[4].fc2
time 2.10
========================================
========================================
Start compressing layer 5：
layers[5].self_attn.k_proj
time 0.66
========================================
layers[5].self_attn.v_proj
time 0.62
========================================
layers[5].self_attn.q_proj
time 0.66
========================================
layers[5].self_attn.out_proj
time 0.64
========================================
layers[5].fc1
time 0.61
========================================
layers[5].fc2
time 2.01
========================================
========================================
Start compressing layer 6：
layers[6].self_attn.k_proj
time 0.62
========================================
layers[6].self_attn.v_proj
time 0.62
========================================
layers[6].self_attn.q_proj
time 0.61
========================================
layers[6].self_attn.out_proj
time 0.60
========================================
layers[6].fc1
time 0.64
========================================
layers[6].fc2
time 2.04
========================================
========================================
Start compressing layer 7：
layers[7].self_attn.k_proj
time 0.58
========================================
layers[7].self_attn.v_proj
time 0.57
========================================
layers[7].self_attn.q_proj
time 0.57
========================================
layers[7].self_attn.out_proj
time 0.55
========================================
layers[7].fc1
time 0.64
========================================
layers[7].fc2
time 2.06
========================================
========================================
Start compressing layer 8：
layers[8].self_attn.k_proj
time 0.66
========================================
layers[8].self_attn.v_proj
time 0.66
========================================
layers[8].self_attn.q_proj
time 0.66
========================================
layers[8].self_attn.out_proj
time 0.60
========================================
layers[8].fc1
time 0.61
========================================
layers[8].fc2
time 1.94
========================================
========================================
Start compressing layer 9：
layers[9].self_attn.k_proj
time 0.61
========================================
layers[9].self_attn.v_proj
time 0.62
========================================
layers[9].self_attn.q_proj
time 0.64
========================================
layers[9].self_attn.out_proj
time 0.60
========================================
layers[9].fc1
time 0.61
========================================
layers[9].fc2
time 2.00
========================================
========================================
Start compressing layer 10：
layers[10].self_attn.k_proj
time 0.62
========================================
layers[10].self_attn.v_proj
time 0.64
========================================
layers[10].self_attn.q_proj
time 0.64
========================================
layers[10].self_attn.out_proj
time 0.60
========================================
layers[10].fc1
time 0.64
========================================
layers[10].fc2
time 1.99
========================================
========================================
Start compressing layer 11：
layers[11].self_attn.k_proj
time 0.62
========================================
layers[11].self_attn.v_proj
time 0.65
========================================
layers[11].self_attn.q_proj
time 0.64
========================================
layers[11].self_attn.out_proj
time 0.61
========================================
layers[11].fc1
time 0.64
========================================
layers[11].fc2
time 2.12
========================================
========================================
Start compressing layer 12：
layers[12].self_attn.k_proj
time 0.62
========================================
layers[12].self_attn.v_proj
time 0.58
========================================
layers[12].self_attn.q_proj
time 0.57
========================================
layers[12].self_attn.out_proj
time 0.55
========================================
layers[12].fc1
time 0.60
========================================
layers[12].fc2
time 1.94
========================================
========================================
Start compressing layer 13：
layers[13].self_attn.k_proj
time 0.66
========================================
layers[13].self_attn.v_proj
time 0.68
========================================
layers[13].self_attn.q_proj
time 0.67
========================================
layers[13].self_attn.out_proj
time 0.66
========================================
layers[13].fc1
time 0.70
========================================
layers[13].fc2
time 2.23
========================================
========================================
Start compressing layer 14：
layers[14].self_attn.k_proj
time 0.61
========================================
layers[14].self_attn.v_proj
time 0.62
========================================
layers[14].self_attn.q_proj
time 0.62
========================================
layers[14].self_attn.out_proj
time 0.65
========================================
layers[14].fc1
time 0.68
========================================
layers[14].fc2
time 2.18
========================================
========================================
Start compressing layer 15：
layers[15].self_attn.k_proj
time 0.57
========================================
layers[15].self_attn.v_proj
time 0.58
========================================
layers[15].self_attn.q_proj
time 0.58
========================================
layers[15].self_attn.out_proj
time 0.55
========================================
layers[15].fc1
time 0.61
========================================
layers[15].fc2
time 1.96
========================================
========================================
Start compressing layer 16：
layers[16].self_attn.k_proj
time 0.57
========================================
layers[16].self_attn.v_proj
time 0.61
========================================
layers[16].self_attn.q_proj
time 0.61
========================================
layers[16].self_attn.out_proj
time 0.59
========================================
layers[16].fc1
time 0.64
========================================
layers[16].fc2
time 2.10
========================================
========================================
Start compressing layer 17：
layers[17].self_attn.k_proj
time 0.61
========================================
layers[17].self_attn.v_proj
time 0.61
========================================
layers[17].self_attn.q_proj
time 0.60
========================================
layers[17].self_attn.out_proj
time 0.57
========================================
layers[17].fc1
time 0.61
========================================
layers[17].fc2
time 1.97
========================================
========================================
Start compressing layer 18：
layers[18].self_attn.k_proj
time 0.61
========================================
layers[18].self_attn.v_proj
time 0.66
========================================
layers[18].self_attn.q_proj
time 0.64
========================================
layers[18].self_attn.out_proj
time 0.63
========================================
layers[18].fc1
time 0.68
========================================
layers[18].fc2
time 2.06
========================================
========================================
Start compressing layer 19：
layers[19].self_attn.k_proj
time 0.63
========================================
layers[19].self_attn.v_proj
time 0.64
========================================
layers[19].self_attn.q_proj
time 0.64
========================================
layers[19].self_attn.out_proj
time 0.64
========================================
layers[19].fc1
time 0.62
========================================
layers[19].fc2
time 2.22
========================================
========================================
Start compressing layer 20：
layers[20].self_attn.k_proj
time 0.65
========================================
layers[20].self_attn.v_proj
time 0.63
========================================
layers[20].self_attn.q_proj
time 0.65
========================================
layers[20].self_attn.out_proj
time 0.63
========================================
layers[20].fc1
time 0.62
========================================
layers[20].fc2
time 2.00
========================================
========================================
Start compressing layer 21：
layers[21].self_attn.k_proj
time 0.74
========================================
layers[21].self_attn.v_proj
time 0.62
========================================
layers[21].self_attn.q_proj
time 0.64
========================================
layers[21].self_attn.out_proj
time 0.57
========================================
layers[21].fc1
time 0.59
========================================
layers[21].fc2
time 1.91
========================================
========================================
Start compressing layer 22：
layers[22].self_attn.k_proj
time 0.58
========================================
layers[22].self_attn.v_proj
time 0.63
========================================
layers[22].self_attn.q_proj
time 0.63
========================================
layers[22].self_attn.out_proj
time 0.59
========================================
layers[22].fc1
time 0.66
========================================
layers[22].fc2
time 2.16
========================================
========================================
Start compressing layer 23：
layers[23].self_attn.k_proj
time 0.60
========================================
layers[23].self_attn.v_proj
time 0.56
========================================
layers[23].self_attn.q_proj
time 0.57
========================================
layers[23].self_attn.out_proj
time 0.55
========================================
layers[23].fc1
time 0.59
========================================
layers[23].fc2
time 1.96
========================================
time
179.02993726730347
wikitext2
Evaluating ...
0
1
2
3
4
5
6
7
8
9
10
11
12
13
14
15
16
17
18
19
20
21
22
23
24.825176239013672
ptb-new
Evaluating ...
0
1
2
3
4
5
6
7
8
9
10
11
12
13
14
15
16
17
18
19
20
21
22
23
36.105167388916016
c4-new
Evaluating ...
0
1
2
3
4
5
6
7
8
9
10
11
12
13
14
15
16
17
18
19
20
21
22
23
25.184066772460938
