CUDA extension not installed.
Starting ...
Ready.
========================================
Start compressing layer 0：
layers[0].self_attn.k_proj
time 10.84
========================================
layers[0].self_attn.v_proj
time 9.52
========================================
layers[0].self_attn.q_proj
time 8.95
========================================
layers[0].self_attn.out_proj
time 6.95
========================================
layers[0].fc1
time 10.99
========================================
layers[0].fc2
time 36.82
========================================
========================================
Start compressing layer 1：
layers[1].self_attn.k_proj
time 9.81
========================================
layers[1].self_attn.v_proj
time 9.48
========================================
layers[1].self_attn.q_proj
time 8.92
========================================
layers[1].self_attn.out_proj
time 6.62
========================================
layers[1].fc1
time 10.95
========================================
layers[1].fc2
time 36.66
========================================
========================================
Start compressing layer 2：
layers[2].self_attn.k_proj
time 9.81
========================================
layers[2].self_attn.v_proj
time 9.37
========================================
layers[2].self_attn.q_proj
time 8.75
========================================
layers[2].self_attn.out_proj
time 6.64
========================================
layers[2].fc1
time 11.40
========================================
layers[2].fc2
time 37.03
========================================
========================================
Start compressing layer 3：
layers[3].self_attn.k_proj
time 9.98
========================================
layers[3].self_attn.v_proj
time 9.32
========================================
layers[3].self_attn.q_proj
time 8.72
========================================
layers[3].self_attn.out_proj
time 6.56
========================================
layers[3].fc1
time 11.12
========================================
layers[3].fc2
time 37.07
========================================
========================================
Start compressing layer 4：
layers[4].self_attn.k_proj
time 9.86
========================================
layers[4].self_attn.v_proj
time 9.34
========================================
layers[4].self_attn.q_proj
time 8.59
========================================
layers[4].self_attn.out_proj
time 6.53
========================================
layers[4].fc1
time 11.14
========================================
layers[4].fc2
time 36.76
========================================
========================================
Start compressing layer 5：
layers[5].self_attn.k_proj
time 9.80
========================================
layers[5].self_attn.v_proj
time 9.43
========================================
layers[5].self_attn.q_proj
time 8.67
========================================
layers[5].self_attn.out_proj
time 6.57
========================================
layers[5].fc1
time 11.10
========================================
layers[5].fc2
time 36.57
========================================
========================================
Start compressing layer 6：
layers[6].self_attn.k_proj
time 9.77
========================================
layers[6].self_attn.v_proj
time 9.35
========================================
layers[6].self_attn.q_proj
time 8.60
========================================
layers[6].self_attn.out_proj
time 6.53
========================================
layers[6].fc1
time 10.97
========================================
layers[6].fc2
time 36.83
========================================
========================================
Start compressing layer 7：
layers[7].self_attn.k_proj
time 9.80
========================================
layers[7].self_attn.v_proj
time 9.43
========================================
layers[7].self_attn.q_proj
time 8.56
========================================
layers[7].self_attn.out_proj
time 6.76
========================================
layers[7].fc1
time 10.88
========================================
layers[7].fc2
time 36.90
========================================
========================================
Start compressing layer 8：
layers[8].self_attn.k_proj
time 9.72
========================================
layers[8].self_attn.v_proj
time 9.52
========================================
layers[8].self_attn.q_proj
time 8.71
========================================
layers[8].self_attn.out_proj
time 6.85
========================================
layers[8].fc1
time 10.89
========================================
layers[8].fc2
time 36.73
========================================
========================================
Start compressing layer 9：
layers[9].self_attn.k_proj
time 9.83
========================================
layers[9].self_attn.v_proj
time 9.34
========================================
layers[9].self_attn.q_proj
time 8.41
========================================
layers[9].self_attn.out_proj
time 6.75
========================================
layers[9].fc1
time 10.94
========================================
layers[9].fc2
time 36.65
========================================
========================================
Start compressing layer 10：
layers[10].self_attn.k_proj
time 9.97
========================================
layers[10].self_attn.v_proj
time 9.53
========================================
layers[10].self_attn.q_proj
time 8.62
========================================
layers[10].self_attn.out_proj
time 6.82
========================================
layers[10].fc1
time 10.92
========================================
layers[10].fc2
time 36.88
========================================
========================================
Start compressing layer 11：
layers[11].self_attn.k_proj
time 9.84
========================================
layers[11].self_attn.v_proj
time 9.40
========================================
layers[11].self_attn.q_proj
time 8.72
========================================
layers[11].self_attn.out_proj
time 6.65
========================================
layers[11].fc1
time 10.87
========================================
layers[11].fc2
time 37.07
========================================
========================================
Start compressing layer 12：
layers[12].self_attn.k_proj
time 9.74
========================================
layers[12].self_attn.v_proj
time 9.21
========================================
layers[12].self_attn.q_proj
time 8.85
========================================
layers[12].self_attn.out_proj
time 6.64
========================================
layers[12].fc1
time 10.88
========================================
layers[12].fc2
time 36.89
========================================
========================================
Start compressing layer 13：
layers[13].self_attn.k_proj
time 9.80
========================================
layers[13].self_attn.v_proj
time 9.32
========================================
layers[13].self_attn.q_proj
time 8.81
========================================
layers[13].self_attn.out_proj
time 6.63
========================================
layers[13].fc1
time 10.96
========================================
layers[13].fc2
time 37.15
========================================
========================================
Start compressing layer 14：
layers[14].self_attn.k_proj
time 9.85
========================================
layers[14].self_attn.v_proj
time 9.41
========================================
layers[14].self_attn.q_proj
time 8.69
========================================
layers[14].self_attn.out_proj
time 6.67
========================================
layers[14].fc1
time 11.04
========================================
layers[14].fc2
time 36.95
========================================
========================================
Start compressing layer 15：
layers[15].self_attn.k_proj
time 9.71
========================================
layers[15].self_attn.v_proj
time 9.31
========================================
layers[15].self_attn.q_proj
time 8.60
========================================
layers[15].self_attn.out_proj
time 6.57
========================================
layers[15].fc1
time 10.99
========================================
layers[15].fc2
time 37.13
========================================
========================================
Start compressing layer 16：
layers[16].self_attn.k_proj
time 9.85
========================================
layers[16].self_attn.v_proj
time 9.46
========================================
layers[16].self_attn.q_proj
time 8.97
========================================
layers[16].self_attn.out_proj
time 6.52
========================================
layers[16].fc1
time 11.01
========================================
layers[16].fc2
time 36.57
========================================
========================================
Start compressing layer 17：
layers[17].self_attn.k_proj
time 9.95
========================================
layers[17].self_attn.v_proj
time 9.27
========================================
layers[17].self_attn.q_proj
time 8.82
========================================
layers[17].self_attn.out_proj
time 6.96
========================================
layers[17].fc1
time 10.86
========================================
layers[17].fc2
time 37.32
========================================
========================================
Start compressing layer 18：
layers[18].self_attn.k_proj
time 9.80
========================================
layers[18].self_attn.v_proj
time 9.21
========================================
layers[18].self_attn.q_proj
time 8.80
========================================
layers[18].self_attn.out_proj
time 6.59
========================================
layers[18].fc1
time 11.44
========================================
layers[18].fc2
time 36.67
========================================
========================================
Start compressing layer 19：
layers[19].self_attn.k_proj
time 9.76
========================================
layers[19].self_attn.v_proj
time 9.42
========================================
layers[19].self_attn.q_proj
time 8.76
========================================
layers[19].self_attn.out_proj
time 6.81
========================================
layers[19].fc1
time 10.93
========================================
layers[19].fc2
time 36.99
========================================
========================================
Start compressing layer 20：
layers[20].self_attn.k_proj
time 9.57
========================================
layers[20].self_attn.v_proj
time 9.28
========================================
layers[20].self_attn.q_proj
time 8.48
========================================
layers[20].self_attn.out_proj
time 6.57
========================================
layers[20].fc1
time 10.87
========================================
layers[20].fc2
time 37.00
========================================
========================================
Start compressing layer 21：
layers[21].self_attn.k_proj
time 9.72
========================================
layers[21].self_attn.v_proj
time 9.15
========================================
layers[21].self_attn.q_proj
time 8.35
========================================
layers[21].self_attn.out_proj
time 6.63
========================================
layers[21].fc1
time 11.04
========================================
layers[21].fc2
time 36.87
========================================
========================================
Start compressing layer 22：
layers[22].self_attn.k_proj
time 9.81
========================================
layers[22].self_attn.v_proj
time 9.25
========================================
layers[22].self_attn.q_proj
time 8.75
========================================
layers[22].self_attn.out_proj
time 6.68
========================================
layers[22].fc1
time 11.10
========================================
layers[22].fc2
time 36.80
========================================
========================================
Start compressing layer 23：
layers[23].self_attn.k_proj
time 9.89
========================================
layers[23].self_attn.v_proj
time 9.61
========================================
layers[23].self_attn.q_proj
time 8.78
========================================
layers[23].self_attn.out_proj
time 7.33
========================================
layers[23].fc1
time 10.88
========================================
layers[23].fc2
time 36.83
========================================
========================================
Start compressing layer 24：
layers[24].self_attn.k_proj
time 9.68
========================================
layers[24].self_attn.v_proj
time 9.25
========================================
layers[24].self_attn.q_proj
time 8.60
========================================
layers[24].self_attn.out_proj
time 6.55
========================================
layers[24].fc1
time 10.90
========================================
layers[24].fc2
time 36.94
========================================
========================================
Start compressing layer 25：
layers[25].self_attn.k_proj
time 9.66
========================================
layers[25].self_attn.v_proj
time 9.31
========================================
layers[25].self_attn.q_proj
time 8.56
========================================
layers[25].self_attn.out_proj
time 6.61
========================================
layers[25].fc1
time 10.98
========================================
layers[25].fc2
time 37.19
========================================
========================================
Start compressing layer 26：
layers[26].self_attn.k_proj
time 9.91
========================================
layers[26].self_attn.v_proj
time 9.36
========================================
layers[26].self_attn.q_proj
time 8.80
========================================
layers[26].self_attn.out_proj
time 6.63
========================================
layers[26].fc1
time 10.85
========================================
layers[26].fc2
time 36.69
========================================
========================================
Start compressing layer 27：
layers[27].self_attn.k_proj
time 9.76
========================================
layers[27].self_attn.v_proj
time 9.29
========================================
layers[27].self_attn.q_proj
time 8.67
========================================
layers[27].self_attn.out_proj
time 6.64
========================================
layers[27].fc1
time 10.94
========================================
layers[27].fc2
time 36.71
========================================
========================================
Start compressing layer 28：
layers[28].self_attn.k_proj
time 9.70
========================================
layers[28].self_attn.v_proj
time 9.46
========================================
layers[28].self_attn.q_proj
time 8.81
========================================
layers[28].self_attn.out_proj
time 6.53
========================================
layers[28].fc1
time 10.87
========================================
layers[28].fc2
time 36.43
========================================
========================================
Start compressing layer 29：
layers[29].self_attn.k_proj
time 9.76
========================================
layers[29].self_attn.v_proj
time 9.22
========================================
layers[29].self_attn.q_proj
time 8.65
========================================
layers[29].self_attn.out_proj
time 6.64
========================================
layers[29].fc1
time 10.91
========================================
layers[29].fc2
time 36.92
========================================
========================================
Start compressing layer 30：
layers[30].self_attn.k_proj
time 9.87
========================================
layers[30].self_attn.v_proj
time 9.42
========================================
layers[30].self_attn.q_proj
time 8.67
========================================
layers[30].self_attn.out_proj
time 6.57
========================================
layers[30].fc1
time 11.15
========================================
layers[30].fc2
time 36.98
========================================
========================================
Start compressing layer 31：
layers[31].self_attn.k_proj
time 10.12
========================================
layers[31].self_attn.v_proj
time 9.53
========================================
layers[31].self_attn.q_proj
time 8.82
========================================
layers[31].self_attn.out_proj
time 7.02
========================================
layers[31].fc1
time 11.28
========================================
layers[31].fc2
time 36.57
========================================
========================================
Start compressing layer 32：
layers[32].self_attn.k_proj
time 9.79
========================================
layers[32].self_attn.v_proj
time 9.42
========================================
layers[32].self_attn.q_proj
time 8.59
========================================
layers[32].self_attn.out_proj
time 6.61
========================================
layers[32].fc1
time 10.89
========================================
layers[32].fc2
time 36.81
========================================
========================================
Start compressing layer 33：
layers[33].self_attn.k_proj
time 9.99
========================================
layers[33].self_attn.v_proj
time 9.43
========================================
layers[33].self_attn.q_proj
time 8.75
========================================
layers[33].self_attn.out_proj
time 6.86
========================================
layers[33].fc1
time 11.39
========================================
layers[33].fc2
time 37.05
========================================
========================================
Start compressing layer 34：
layers[34].self_attn.k_proj
time 9.82
========================================
layers[34].self_attn.v_proj
time 9.50
========================================
layers[34].self_attn.q_proj
time 9.04
========================================
layers[34].self_attn.out_proj
time 6.91
========================================
layers[34].fc1
time 10.98
========================================
layers[34].fc2
time 37.18
========================================
========================================
Start compressing layer 35：
layers[35].self_attn.k_proj
time 10.18
========================================
layers[35].self_attn.v_proj
time 9.46
========================================
layers[35].self_attn.q_proj
time 8.77
========================================
layers[35].self_attn.out_proj
time 6.93
========================================
layers[35].fc1
time 11.05
========================================
layers[35].fc2
time 37.65
========================================
========================================
Start compressing layer 36：
layers[36].self_attn.k_proj
time 10.13
========================================
layers[36].self_attn.v_proj
time 9.54
========================================
layers[36].self_attn.q_proj
time 9.00
========================================
layers[36].self_attn.out_proj
time 6.84
========================================
layers[36].fc1
time 11.07
========================================
layers[36].fc2
time 36.79
========================================
========================================
Start compressing layer 37：
layers[37].self_attn.k_proj
time 9.93
========================================
layers[37].self_attn.v_proj
time 9.49
========================================
layers[37].self_attn.q_proj
time 8.79
========================================
layers[37].self_attn.out_proj
time 6.78
========================================
layers[37].fc1
time 11.06
========================================
layers[37].fc2
time 36.74
========================================
========================================
Start compressing layer 38：
layers[38].self_attn.k_proj
time 9.83
========================================
layers[38].self_attn.v_proj
time 9.47
========================================
layers[38].self_attn.q_proj
time 8.74
========================================
layers[38].self_attn.out_proj
time 6.64
========================================
layers[38].fc1
time 10.91
========================================
layers[38].fc2
time 36.76
========================================
========================================
Start compressing layer 39：
layers[39].self_attn.k_proj
time 9.77
========================================
layers[39].self_attn.v_proj
time 9.38
========================================
layers[39].self_attn.q_proj
time 8.68
========================================
layers[39].self_attn.out_proj
time 6.66
========================================
layers[39].fc1
time 10.87
========================================
layers[39].fc2
time 36.95
========================================
========================================
Start compressing layer 40：
layers[40].self_attn.k_proj
time 9.80
========================================
layers[40].self_attn.v_proj
time 9.64
========================================
layers[40].self_attn.q_proj
time 8.56
========================================
layers[40].self_attn.out_proj
time 6.60
========================================
layers[40].fc1
time 10.93
========================================
layers[40].fc2
time 36.89
========================================
========================================
Start compressing layer 41：
layers[41].self_attn.k_proj
time 9.91
========================================
layers[41].self_attn.v_proj
time 9.32
========================================
layers[41].self_attn.q_proj
time 8.63
========================================
layers[41].self_attn.out_proj
time 6.65
========================================
layers[41].fc1
time 11.11
========================================
layers[41].fc2
time 36.73
========================================
========================================
Start compressing layer 42：
layers[42].self_attn.k_proj
time 9.84
========================================
layers[42].self_attn.v_proj
time 9.14
========================================
layers[42].self_attn.q_proj
time 8.58
========================================
layers[42].self_attn.out_proj
time 6.32
========================================
layers[42].fc1
time 11.04
========================================
layers[42].fc2
time 36.81
========================================
========================================
Start compressing layer 43：
layers[43].self_attn.k_proj
time 10.00
========================================
layers[43].self_attn.v_proj
time 9.43
========================================
layers[43].self_attn.q_proj
time 8.81
========================================
layers[43].self_attn.out_proj
time 6.66
========================================
layers[43].fc1
time 10.97
========================================
layers[43].fc2
time 36.72
========================================
========================================
Start compressing layer 44：
layers[44].self_attn.k_proj
time 9.79
========================================
layers[44].self_attn.v_proj
time 9.29
========================================
layers[44].self_attn.q_proj
time 8.68
========================================
layers[44].self_attn.out_proj
time 6.74
========================================
layers[44].fc1
time 11.07
========================================
layers[44].fc2
time 36.09
========================================
========================================
Start compressing layer 45：
layers[45].self_attn.k_proj
time 9.82
========================================
layers[45].self_attn.v_proj
time 9.52
========================================
layers[45].self_attn.q_proj
time 8.97
========================================
layers[45].self_attn.out_proj
time 6.70
========================================
layers[45].fc1
time 11.06
========================================
layers[45].fc2
time 36.98
========================================
========================================
Start compressing layer 46：
layers[46].self_attn.k_proj
time 9.88
========================================
layers[46].self_attn.v_proj
time 9.39
========================================
layers[46].self_attn.q_proj
time 8.81
========================================
layers[46].self_attn.out_proj
time 6.54
========================================
layers[46].fc1
time 10.99
========================================
layers[46].fc2
time 36.06
========================================
========================================
Start compressing layer 47：
layers[47].self_attn.k_proj
time 9.88
========================================
layers[47].self_attn.v_proj
time 9.34
========================================
layers[47].self_attn.q_proj
time 8.80
========================================
layers[47].self_attn.out_proj
time 6.62
========================================
layers[47].fc1
time 10.99
========================================
layers[47].fc2
time 36.70
========================================
========================================
Start compressing layer 48：
layers[48].self_attn.k_proj
time 9.89
========================================
layers[48].self_attn.v_proj
time 9.52
========================================
layers[48].self_attn.q_proj
time 8.88
========================================
layers[48].self_attn.out_proj
time 6.66
========================================
layers[48].fc1
time 11.15
========================================
layers[48].fc2
time 37.10
========================================
========================================
Start compressing layer 49：
layers[49].self_attn.k_proj
time 10.22
========================================
layers[49].self_attn.v_proj
time 9.64
========================================
layers[49].self_attn.q_proj
time 8.99
========================================
layers[49].self_attn.out_proj
time 6.86
========================================
layers[49].fc1
time 11.40
========================================
layers[49].fc2
time 36.88
========================================
========================================
Start compressing layer 50：
layers[50].self_attn.k_proj
time 9.80
========================================
layers[50].self_attn.v_proj
time 9.38
========================================
layers[50].self_attn.q_proj
time 8.79
========================================
layers[50].self_attn.out_proj
time 6.70
========================================
layers[50].fc1
time 10.86
========================================
layers[50].fc2
time 36.70
========================================
========================================
Start compressing layer 51：
layers[51].self_attn.k_proj
time 9.85
========================================
layers[51].self_attn.v_proj
time 9.53
========================================
layers[51].self_attn.q_proj
time 8.57
========================================
layers[51].self_attn.out_proj
time 6.53
========================================
layers[51].fc1
time 11.07
========================================
layers[51].fc2
time 37.18
========================================
========================================
Start compressing layer 52：
layers[52].self_attn.k_proj
time 9.79
========================================
layers[52].self_attn.v_proj
time 9.39
========================================
layers[52].self_attn.q_proj
time 8.64
========================================
layers[52].self_attn.out_proj
time 6.49
========================================
layers[52].fc1
time 10.92
========================================
layers[52].fc2
time 36.65
========================================
========================================
Start compressing layer 53：
layers[53].self_attn.k_proj
time 9.81
========================================
layers[53].self_attn.v_proj
time 9.30
========================================
layers[53].self_attn.q_proj
time 8.60
========================================
layers[53].self_attn.out_proj
time 6.69
========================================
layers[53].fc1
time 10.97
========================================
layers[53].fc2
time 36.20
========================================
========================================
Start compressing layer 54：
layers[54].self_attn.k_proj
time 9.77
========================================
layers[54].self_attn.v_proj
time 9.52
========================================
layers[54].self_attn.q_proj
time 8.83
========================================
layers[54].self_attn.out_proj
time 6.72
========================================
layers[54].fc1
time 10.93
========================================
layers[54].fc2
time 36.77
========================================
========================================
Start compressing layer 55：
layers[55].self_attn.k_proj
time 9.78
========================================
layers[55].self_attn.v_proj
time 9.34
========================================
layers[55].self_attn.q_proj
time 8.64
========================================
layers[55].self_attn.out_proj
time 6.57
========================================
layers[55].fc1
time 10.99
========================================
layers[55].fc2
time 37.03
========================================
========================================
Start compressing layer 56：
layers[56].self_attn.k_proj
time 10.05
========================================
layers[56].self_attn.v_proj
time 9.80
========================================
layers[56].self_attn.q_proj
time 8.70
========================================
layers[56].self_attn.out_proj
time 6.77
========================================
layers[56].fc1
time 10.86
========================================
layers[56].fc2
time 37.08
========================================
========================================
Start compressing layer 57：
layers[57].self_attn.k_proj
time 9.89
========================================
layers[57].self_attn.v_proj
time 9.37
========================================
layers[57].self_attn.q_proj
time 8.65
========================================
layers[57].self_attn.out_proj
time 6.62
========================================
layers[57].fc1
time 10.92
========================================
layers[57].fc2
time 37.09
========================================
========================================
Start compressing layer 58：
layers[58].self_attn.k_proj
time 9.55
========================================
layers[58].self_attn.v_proj
time 9.44
========================================
layers[58].self_attn.q_proj
time 8.56
========================================
layers[58].self_attn.out_proj
time 6.58
========================================
layers[58].fc1
time 11.12
========================================
layers[58].fc2
time 36.44
========================================
========================================
Start compressing layer 59：
layers[59].self_attn.k_proj
time 10.01
========================================
layers[59].self_attn.v_proj
time 9.67
========================================
layers[59].self_attn.q_proj
time 8.82
========================================
layers[59].self_attn.out_proj
time 6.68
========================================
layers[59].fc1
time 11.00
========================================
layers[59].fc2
time 36.66
========================================
========================================
Start compressing layer 60：
layers[60].self_attn.k_proj
time 9.92
========================================
layers[60].self_attn.v_proj
time 9.42
========================================
layers[60].self_attn.q_proj
time 8.78
========================================
layers[60].self_attn.out_proj
time 6.65
========================================
layers[60].fc1
time 10.97
========================================
layers[60].fc2
time 36.86
========================================
========================================
Start compressing layer 61：
layers[61].self_attn.k_proj
time 9.72
========================================
layers[61].self_attn.v_proj
time 9.34
========================================
layers[61].self_attn.q_proj
time 8.80
========================================
layers[61].self_attn.out_proj
time 6.65
========================================
layers[61].fc1
time 11.08
========================================
layers[61].fc2
time 35.82
========================================
========================================
Start compressing layer 62：
layers[62].self_attn.k_proj
time 9.61
========================================
layers[62].self_attn.v_proj
time 9.37
========================================
layers[62].self_attn.q_proj
time 8.81
========================================
layers[62].self_attn.out_proj
time 6.68
========================================
layers[62].fc1
time 10.94
========================================
layers[62].fc2
time 36.60
========================================
========================================
Start compressing layer 63：
layers[63].self_attn.k_proj
time 9.81
========================================
layers[63].self_attn.v_proj
time 9.41
========================================
layers[63].self_attn.q_proj
time 8.72
========================================
layers[63].self_attn.out_proj
time 6.61
========================================
layers[63].fc1
time 10.93
========================================
layers[63].fc2
time 37.00
========================================
time
9825.973954200745
wikitext2
Evaluating ...
0
1
2
3
4
5
6
7
8
9
10
11
12
13
14
15
16
17
18
19
20
21
22
23
24
25
26
27
28
29
30
31
32
33
34
35
36
37
38
39
40
41
42
43
44
45
46
47
48
49
50
51
52
53
54
55
56
57
58
59
60
61
62
63
9.934881210327148
ptb-new
Evaluating ...
0
1
2
3
4
5
6
7
8
9
10
11
12
13
14
15
16
17
18
19
20
21
22
23
24
25
26
27
28
29
30
31
32
33
34
35
36
37
38
39
40
41
42
43
44
45
46
47
48
49
50
51
52
53
54
55
56
57
58
59
60
61
62
63
14.928165435791016
c4-new
Evaluating ...
0
1
2
3
4
5
6
7
8
9
10
11
12
13
14
15
16
17
18
19
20
21
22
23
24
25
26
27
28
29
30
31
32
33
34
35
36
37
38
39
40
41
42
43
44
45
46
47
48
49
50
51
52
53
54
55
56
57
58
59
60
61
62
63
11.958786964416504
