CUDA extension not installed.
Starting ...
Ready.
========================================
Start compressing layer 0：
layers[0].self_attn.k_proj
time 11.80
========================================
layers[0].self_attn.v_proj
time 9.43
========================================
layers[0].self_attn.q_proj
time 8.68
========================================
layers[0].self_attn.out_proj
time 6.66
========================================
layers[0].fc1
time 11.35
========================================
layers[0].fc2
time 36.75
========================================
========================================
Start compressing layer 1：
layers[1].self_attn.k_proj
time 9.80
========================================
layers[1].self_attn.v_proj
time 9.40
========================================
layers[1].self_attn.q_proj
time 8.80
========================================
layers[1].self_attn.out_proj
time 6.60
========================================
layers[1].fc1
time 11.47
========================================
layers[1].fc2
time 37.11
========================================
========================================
Start compressing layer 2：
layers[2].self_attn.k_proj
time 9.83
========================================
layers[2].self_attn.v_proj
time 9.42
========================================
layers[2].self_attn.q_proj
time 8.77
========================================
layers[2].self_attn.out_proj
time 6.67
========================================
layers[2].fc1
time 11.25
========================================
layers[2].fc2
time 36.28
========================================
========================================
Start compressing layer 3：
layers[3].self_attn.k_proj
time 9.83
========================================
layers[3].self_attn.v_proj
time 9.35
========================================
layers[3].self_attn.q_proj
time 8.73
========================================
layers[3].self_attn.out_proj
time 6.76
========================================
layers[3].fc1
time 11.12
========================================
layers[3].fc2
time 36.60
========================================
========================================
Start compressing layer 4：
layers[4].self_attn.k_proj
time 9.85
========================================
layers[4].self_attn.v_proj
time 9.34
========================================
layers[4].self_attn.q_proj
time 8.60
========================================
layers[4].self_attn.out_proj
time 6.69
========================================
layers[4].fc1
time 11.02
========================================
layers[4].fc2
time 36.08
========================================
========================================
Start compressing layer 5：
layers[5].self_attn.k_proj
time 9.51
========================================
layers[5].self_attn.v_proj
time 9.19
========================================
layers[5].self_attn.q_proj
time 8.66
========================================
layers[5].self_attn.out_proj
time 6.71
========================================
layers[5].fc1
time 11.15
========================================
layers[5].fc2
time 36.82
========================================
========================================
Start compressing layer 6：
layers[6].self_attn.k_proj
time 9.98
========================================
layers[6].self_attn.v_proj
time 9.43
========================================
layers[6].self_attn.q_proj
time 8.80
========================================
layers[6].self_attn.out_proj
time 6.65
========================================
layers[6].fc1
time 11.12
========================================
layers[6].fc2
time 36.70
========================================
========================================
Start compressing layer 7：
layers[7].self_attn.k_proj
time 9.94
========================================
layers[7].self_attn.v_proj
time 9.45
========================================
layers[7].self_attn.q_proj
time 8.74
========================================
layers[7].self_attn.out_proj
time 6.66
========================================
layers[7].fc1
time 11.13
========================================
layers[7].fc2
time 36.88
========================================
========================================
Start compressing layer 8：
layers[8].self_attn.k_proj
time 9.90
========================================
layers[8].self_attn.v_proj
time 9.50
========================================
layers[8].self_attn.q_proj
time 8.62
========================================
layers[8].self_attn.out_proj
time 6.69
========================================
layers[8].fc1
time 11.48
========================================
layers[8].fc2
time 36.83
========================================
========================================
Start compressing layer 9：
layers[9].self_attn.k_proj
time 9.95
========================================
layers[9].self_attn.v_proj
time 9.45
========================================
layers[9].self_attn.q_proj
time 8.81
========================================
layers[9].self_attn.out_proj
time 6.78
========================================
layers[9].fc1
time 11.25
========================================
layers[9].fc2
time 36.78
========================================
========================================
Start compressing layer 10：
layers[10].self_attn.k_proj
time 9.82
========================================
layers[10].self_attn.v_proj
time 9.25
========================================
layers[10].self_attn.q_proj
time 8.66
========================================
layers[10].self_attn.out_proj
time 9.09
========================================
layers[10].fc1
time 11.53
========================================
layers[10].fc2
time 37.38
========================================
========================================
Start compressing layer 11：
layers[11].self_attn.k_proj
time 9.86
========================================
layers[11].self_attn.v_proj
time 8.99
========================================
layers[11].self_attn.q_proj
time 8.66
========================================
layers[11].self_attn.out_proj
time 6.65
========================================
layers[11].fc1
time 12.66
========================================
layers[11].fc2
time 36.56
========================================
========================================
Start compressing layer 12：
layers[12].self_attn.k_proj
time 9.79
========================================
layers[12].self_attn.v_proj
time 9.40
========================================
layers[12].self_attn.q_proj
time 8.61
========================================
layers[12].self_attn.out_proj
time 6.69
========================================
layers[12].fc1
time 12.62
========================================
layers[12].fc2
time 38.22
========================================
========================================
Start compressing layer 13：
layers[13].self_attn.k_proj
time 10.09
========================================
layers[13].self_attn.v_proj
time 9.59
========================================
layers[13].self_attn.q_proj
time 8.71
========================================
layers[13].self_attn.out_proj
time 6.54
========================================
layers[13].fc1
time 11.26
========================================
layers[13].fc2
time 37.09
========================================
========================================
Start compressing layer 14：
layers[14].self_attn.k_proj
time 9.67
========================================
layers[14].self_attn.v_proj
time 9.57
========================================
layers[14].self_attn.q_proj
time 8.96
========================================
layers[14].self_attn.out_proj
time 6.78
========================================
layers[14].fc1
time 11.28
========================================
layers[14].fc2
time 36.95
========================================
========================================
Start compressing layer 15：
layers[15].self_attn.k_proj
time 9.84
========================================
layers[15].self_attn.v_proj
time 9.23
========================================
layers[15].self_attn.q_proj
time 8.82
========================================
layers[15].self_attn.out_proj
time 6.84
========================================
layers[15].fc1
time 11.33
========================================
layers[15].fc2
time 35.75
========================================
========================================
Start compressing layer 16：
layers[16].self_attn.k_proj
time 9.49
========================================
layers[16].self_attn.v_proj
time 9.02
========================================
layers[16].self_attn.q_proj
time 8.51
========================================
layers[16].self_attn.out_proj
time 6.54
========================================
layers[16].fc1
time 11.14
========================================
layers[16].fc2
time 36.98
========================================
========================================
Start compressing layer 17：
layers[17].self_attn.k_proj
time 9.73
========================================
layers[17].self_attn.v_proj
time 9.45
========================================
layers[17].self_attn.q_proj
time 8.74
========================================
layers[17].self_attn.out_proj
time 6.66
========================================
layers[17].fc1
time 11.18
========================================
layers[17].fc2
time 37.07
========================================
========================================
Start compressing layer 18：
layers[18].self_attn.k_proj
time 9.82
========================================
layers[18].self_attn.v_proj
time 9.82
========================================
layers[18].self_attn.q_proj
time 8.69
========================================
layers[18].self_attn.out_proj
time 6.52
========================================
layers[18].fc1
time 11.11
========================================
layers[18].fc2
time 36.74
========================================
========================================
Start compressing layer 19：
layers[19].self_attn.k_proj
time 9.94
========================================
layers[19].self_attn.v_proj
time 9.45
========================================
layers[19].self_attn.q_proj
time 8.74
========================================
layers[19].self_attn.out_proj
time 6.71
========================================
layers[19].fc1
time 11.16
========================================
layers[19].fc2
time 37.43
========================================
========================================
Start compressing layer 20：
layers[20].self_attn.k_proj
time 9.90
========================================
layers[20].self_attn.v_proj
time 9.33
========================================
layers[20].self_attn.q_proj
time 8.45
========================================
layers[20].self_attn.out_proj
time 6.71
========================================
layers[20].fc1
time 11.31
========================================
layers[20].fc2
time 37.05
========================================
========================================
Start compressing layer 21：
layers[21].self_attn.k_proj
time 9.69
========================================
layers[21].self_attn.v_proj
time 9.40
========================================
layers[21].self_attn.q_proj
time 8.72
========================================
layers[21].self_attn.out_proj
time 6.57
========================================
layers[21].fc1
time 11.21
========================================
layers[21].fc2
time 36.20
========================================
========================================
Start compressing layer 22：
layers[22].self_attn.k_proj
time 9.90
========================================
layers[22].self_attn.v_proj
time 9.46
========================================
layers[22].self_attn.q_proj
time 8.70
========================================
layers[22].self_attn.out_proj
time 6.51
========================================
layers[22].fc1
time 11.07
========================================
layers[22].fc2
time 37.23
========================================
========================================
Start compressing layer 23：
layers[23].self_attn.k_proj
time 9.89
========================================
layers[23].self_attn.v_proj
time 9.41
========================================
layers[23].self_attn.q_proj
time 8.67
========================================
layers[23].self_attn.out_proj
time 6.29
========================================
layers[23].fc1
time 11.14
========================================
layers[23].fc2
time 36.49
========================================
========================================
Start compressing layer 24：
layers[24].self_attn.k_proj
time 9.90
========================================
layers[24].self_attn.v_proj
time 9.47
========================================
layers[24].self_attn.q_proj
time 8.71
========================================
layers[24].self_attn.out_proj
time 6.84
========================================
layers[24].fc1
time 11.04
========================================
layers[24].fc2
time 37.13
========================================
========================================
Start compressing layer 25：
layers[25].self_attn.k_proj
time 9.71
========================================
layers[25].self_attn.v_proj
time 9.57
========================================
layers[25].self_attn.q_proj
time 8.87
========================================
layers[25].self_attn.out_proj
time 6.74
========================================
layers[25].fc1
time 11.11
========================================
layers[25].fc2
time 36.61
========================================
========================================
Start compressing layer 26：
layers[26].self_attn.k_proj
time 9.91
========================================
layers[26].self_attn.v_proj
time 9.42
========================================
layers[26].self_attn.q_proj
time 8.85
========================================
layers[26].self_attn.out_proj
time 6.69
========================================
layers[26].fc1
time 11.02
========================================
layers[26].fc2
time 37.07
========================================
========================================
Start compressing layer 27：
layers[27].self_attn.k_proj
time 9.86
========================================
layers[27].self_attn.v_proj
time 9.56
========================================
layers[27].self_attn.q_proj
time 9.02
========================================
layers[27].self_attn.out_proj
time 6.88
========================================
layers[27].fc1
time 11.35
========================================
layers[27].fc2
time 37.02
========================================
========================================
Start compressing layer 28：
layers[28].self_attn.k_proj
time 9.84
========================================
layers[28].self_attn.v_proj
time 9.54
========================================
layers[28].self_attn.q_proj
time 8.38
========================================
layers[28].self_attn.out_proj
time 6.30
========================================
layers[28].fc1
time 11.12
========================================
layers[28].fc2
time 37.24
========================================
========================================
Start compressing layer 29：
layers[29].self_attn.k_proj
time 9.92
========================================
layers[29].self_attn.v_proj
time 9.37
========================================
layers[29].self_attn.q_proj
time 8.73
========================================
layers[29].self_attn.out_proj
time 6.67
========================================
layers[29].fc1
time 11.18
========================================
layers[29].fc2
time 36.66
========================================
========================================
Start compressing layer 30：
layers[30].self_attn.k_proj
time 9.78
========================================
layers[30].self_attn.v_proj
time 9.34
========================================
layers[30].self_attn.q_proj
time 8.32
========================================
layers[30].self_attn.out_proj
time 6.24
========================================
layers[30].fc1
time 11.10
========================================
layers[30].fc2
time 36.86
========================================
========================================
Start compressing layer 31：
layers[31].self_attn.k_proj
time 9.78
========================================
layers[31].self_attn.v_proj
time 9.36
========================================
layers[31].self_attn.q_proj
time 8.70
========================================
layers[31].self_attn.out_proj
time 6.72
========================================
layers[31].fc1
time 11.13
========================================
layers[31].fc2
time 36.25
========================================
========================================
Start compressing layer 32：
layers[32].self_attn.k_proj
time 9.59
========================================
layers[32].self_attn.v_proj
time 9.49
========================================
layers[32].self_attn.q_proj
time 8.84
========================================
layers[32].self_attn.out_proj
time 6.84
========================================
layers[32].fc1
time 11.09
========================================
layers[32].fc2
time 37.17
========================================
========================================
Start compressing layer 33：
layers[33].self_attn.k_proj
time 9.97
========================================
layers[33].self_attn.v_proj
time 9.49
========================================
layers[33].self_attn.q_proj
time 8.83
========================================
layers[33].self_attn.out_proj
time 6.82
========================================
layers[33].fc1
time 11.23
========================================
layers[33].fc2
time 36.89
========================================
========================================
Start compressing layer 34：
layers[34].self_attn.k_proj
time 9.87
========================================
layers[34].self_attn.v_proj
time 9.44
========================================
layers[34].self_attn.q_proj
time 8.81
========================================
layers[34].self_attn.out_proj
time 6.58
========================================
layers[34].fc1
time 11.15
========================================
layers[34].fc2
time 36.90
========================================
========================================
Start compressing layer 35：
layers[35].self_attn.k_proj
time 9.82
========================================
layers[35].self_attn.v_proj
time 9.45
========================================
layers[35].self_attn.q_proj
time 8.77
========================================
layers[35].self_attn.out_proj
time 6.74
========================================
layers[35].fc1
time 11.16
========================================
layers[35].fc2
time 37.09
========================================
========================================
Start compressing layer 36：
layers[36].self_attn.k_proj
time 9.69
========================================
layers[36].self_attn.v_proj
time 9.43
========================================
layers[36].self_attn.q_proj
time 8.92
========================================
layers[36].self_attn.out_proj
time 6.64
========================================
layers[36].fc1
time 11.18
========================================
layers[36].fc2
time 36.88
========================================
========================================
Start compressing layer 37：
layers[37].self_attn.k_proj
time 9.87
========================================
layers[37].self_attn.v_proj
time 9.41
========================================
layers[37].self_attn.q_proj
time 8.87
========================================
layers[37].self_attn.out_proj
time 6.75
========================================
layers[37].fc1
time 11.13
========================================
layers[37].fc2
time 36.74
========================================
========================================
Start compressing layer 38：
layers[38].self_attn.k_proj
time 9.79
========================================
layers[38].self_attn.v_proj
time 9.34
========================================
layers[38].self_attn.q_proj
time 8.77
========================================
layers[38].self_attn.out_proj
time 6.65
========================================
layers[38].fc1
time 11.07
========================================
layers[38].fc2
time 37.10
========================================
========================================
Start compressing layer 39：
layers[39].self_attn.k_proj
time 9.88
========================================
layers[39].self_attn.v_proj
time 9.41
========================================
layers[39].self_attn.q_proj
time 8.82
========================================
layers[39].self_attn.out_proj
time 6.67
========================================
layers[39].fc1
time 11.12
========================================
layers[39].fc2
time 35.62
========================================
========================================
Start compressing layer 40：
layers[40].self_attn.k_proj
time 9.61
========================================
layers[40].self_attn.v_proj
time 9.19
========================================
layers[40].self_attn.q_proj
time 8.46
========================================
layers[40].self_attn.out_proj
time 6.26
========================================
layers[40].fc1
time 11.10
========================================
layers[40].fc2
time 37.34
========================================
========================================
Start compressing layer 41：
layers[41].self_attn.k_proj
time 10.13
========================================
layers[41].self_attn.v_proj
time 9.47
========================================
layers[41].self_attn.q_proj
time 8.65
========================================
layers[41].self_attn.out_proj
time 6.80
========================================
layers[41].fc1
time 11.12
========================================
layers[41].fc2
time 37.76
========================================
========================================
Start compressing layer 42：
layers[42].self_attn.k_proj
time 9.84
========================================
layers[42].self_attn.v_proj
time 9.30
========================================
layers[42].self_attn.q_proj
time 8.77
========================================
layers[42].self_attn.out_proj
time 7.00
========================================
layers[42].fc1
time 11.11
========================================
layers[42].fc2
time 37.23
========================================
========================================
Start compressing layer 43：
layers[43].self_attn.k_proj
time 9.87
========================================
layers[43].self_attn.v_proj
time 9.44
========================================
layers[43].self_attn.q_proj
time 8.70
========================================
layers[43].self_attn.out_proj
time 6.86
========================================
layers[43].fc1
time 11.13
========================================
layers[43].fc2
time 36.73
========================================
========================================
Start compressing layer 44：
layers[44].self_attn.k_proj
time 9.79
========================================
layers[44].self_attn.v_proj
time 9.48
========================================
layers[44].self_attn.q_proj
time 8.66
========================================
layers[44].self_attn.out_proj
time 6.77
========================================
layers[44].fc1
time 11.38
========================================
layers[44].fc2
time 37.44
========================================
========================================
Start compressing layer 45：
layers[45].self_attn.k_proj
time 9.80
========================================
layers[45].self_attn.v_proj
time 9.58
========================================
layers[45].self_attn.q_proj
time 9.01
========================================
layers[45].self_attn.out_proj
time 6.38
========================================
layers[45].fc1
time 11.22
========================================
layers[45].fc2
time 36.74
========================================
========================================
Start compressing layer 46：
layers[46].self_attn.k_proj
time 9.79
========================================
layers[46].self_attn.v_proj
time 9.76
========================================
layers[46].self_attn.q_proj
time 9.00
========================================
layers[46].self_attn.out_proj
time 6.94
========================================
layers[46].fc1
time 11.27
========================================
layers[46].fc2
time 37.71
========================================
========================================
Start compressing layer 47：
layers[47].self_attn.k_proj
time 9.66
========================================
layers[47].self_attn.v_proj
time 9.18
========================================
layers[47].self_attn.q_proj
time 8.64
========================================
layers[47].self_attn.out_proj
time 6.88
========================================
layers[47].fc1
time 11.36
========================================
layers[47].fc2
time 37.05
========================================
========================================
Start compressing layer 48：
layers[48].self_attn.k_proj
time 10.06
========================================
layers[48].self_attn.v_proj
time 9.06
========================================
layers[48].self_attn.q_proj
time 8.74
========================================
layers[48].self_attn.out_proj
time 6.89
========================================
layers[48].fc1
time 11.15
========================================
layers[48].fc2
time 36.61
========================================
========================================
Start compressing layer 49：
layers[49].self_attn.k_proj
time 9.95
========================================
layers[49].self_attn.v_proj
time 9.46
========================================
layers[49].self_attn.q_proj
time 8.63
========================================
layers[49].self_attn.out_proj
time 6.44
========================================
layers[49].fc1
time 11.36
========================================
layers[49].fc2
time 36.81
========================================
========================================
Start compressing layer 50：
layers[50].self_attn.k_proj
time 9.99
========================================
layers[50].self_attn.v_proj
time 9.55
========================================
layers[50].self_attn.q_proj
time 8.46
========================================
layers[50].self_attn.out_proj
time 6.24
========================================
layers[50].fc1
time 11.06
========================================
layers[50].fc2
time 37.03
========================================
========================================
Start compressing layer 51：
layers[51].self_attn.k_proj
time 9.46
========================================
layers[51].self_attn.v_proj
time 9.42
========================================
layers[51].self_attn.q_proj
time 8.93
========================================
layers[51].self_attn.out_proj
time 6.54
========================================
layers[51].fc1
time 11.31
========================================
layers[51].fc2
time 35.96
========================================
========================================
Start compressing layer 52：
layers[52].self_attn.k_proj
time 9.41
========================================
layers[52].self_attn.v_proj
time 9.32
========================================
layers[52].self_attn.q_proj
time 8.69
========================================
layers[52].self_attn.out_proj
time 6.48
========================================
layers[52].fc1
time 11.32
========================================
layers[52].fc2
time 37.04
========================================
========================================
Start compressing layer 53：
layers[53].self_attn.k_proj
time 9.91
========================================
layers[53].self_attn.v_proj
time 9.92
========================================
layers[53].self_attn.q_proj
time 8.83
========================================
layers[53].self_attn.out_proj
time 6.83
========================================
layers[53].fc1
time 11.26
========================================
layers[53].fc2
time 36.98
========================================
========================================
Start compressing layer 54：
layers[54].self_attn.k_proj
time 9.98
========================================
layers[54].self_attn.v_proj
time 9.54
========================================
layers[54].self_attn.q_proj
time 8.79
========================================
layers[54].self_attn.out_proj
time 6.61
========================================
layers[54].fc1
time 11.30
========================================
layers[54].fc2
time 36.79
========================================
========================================
Start compressing layer 55：
layers[55].self_attn.k_proj
time 9.92
========================================
layers[55].self_attn.v_proj
time 9.67
========================================
layers[55].self_attn.q_proj
time 8.77
========================================
layers[55].self_attn.out_proj
time 6.77
========================================
layers[55].fc1
time 11.31
========================================
layers[55].fc2
time 37.25
========================================
========================================
Start compressing layer 56：
layers[56].self_attn.k_proj
time 10.02
========================================
layers[56].self_attn.v_proj
time 9.56
========================================
layers[56].self_attn.q_proj
time 8.81
========================================
layers[56].self_attn.out_proj
time 6.78
========================================
layers[56].fc1
time 11.25
========================================
layers[56].fc2
time 37.32
========================================
========================================
Start compressing layer 57：
layers[57].self_attn.k_proj
time 9.63
========================================
layers[57].self_attn.v_proj
time 9.49
========================================
layers[57].self_attn.q_proj
time 8.62
========================================
layers[57].self_attn.out_proj
time 6.81
========================================
layers[57].fc1
time 11.18
========================================
layers[57].fc2
time 37.07
========================================
========================================
Start compressing layer 58：
layers[58].self_attn.k_proj
time 9.96
========================================
layers[58].self_attn.v_proj
time 9.58
========================================
layers[58].self_attn.q_proj
time 8.86
========================================
layers[58].self_attn.out_proj
time 6.89
========================================
layers[58].fc1
time 11.09
========================================
layers[58].fc2
time 37.17
========================================
========================================
Start compressing layer 59：
layers[59].self_attn.k_proj
time 10.11
========================================
layers[59].self_attn.v_proj
time 9.49
========================================
layers[59].self_attn.q_proj
time 8.77
========================================
layers[59].self_attn.out_proj
time 6.60
========================================
layers[59].fc1
time 11.30
========================================
layers[59].fc2
time 36.23
========================================
========================================
Start compressing layer 60：
layers[60].self_attn.k_proj
time 9.92
========================================
layers[60].self_attn.v_proj
time 9.48
========================================
layers[60].self_attn.q_proj
time 8.78
========================================
layers[60].self_attn.out_proj
time 6.81
========================================
layers[60].fc1
time 11.28
========================================
layers[60].fc2
time 37.14
========================================
========================================
Start compressing layer 61：
layers[61].self_attn.k_proj
time 10.02
========================================
layers[61].self_attn.v_proj
time 9.32
========================================
layers[61].self_attn.q_proj
time 9.05
========================================
layers[61].self_attn.out_proj
time 6.77
========================================
layers[61].fc1
time 11.04
========================================
layers[61].fc2
time 36.07
========================================
========================================
Start compressing layer 62：
layers[62].self_attn.k_proj
time 9.99
========================================
layers[62].self_attn.v_proj
time 9.41
========================================
layers[62].self_attn.q_proj
time 8.56
========================================
layers[62].self_attn.out_proj
time 6.74
========================================
layers[62].fc1
time 11.05
========================================
layers[62].fc2
time 37.07
========================================
========================================
Start compressing layer 63：
layers[63].self_attn.k_proj
time 9.91
========================================
layers[63].self_attn.v_proj
time 9.48
========================================
layers[63].self_attn.q_proj
time 8.86
========================================
layers[63].self_attn.out_proj
time 6.62
========================================
layers[63].fc1
time 11.30
========================================
layers[63].fc2
time 36.30
========================================
time
9855.948850631714
wikitext2
Evaluating ...
0
1
2
3
4
5
6
7
8
9
10
11
12
13
14
15
16
17
18
19
20
21
22
23
24
25
26
27
28
29
30
31
32
33
34
35
36
37
38
39
40
41
42
43
44
45
46
47
48
49
50
51
52
53
54
55
56
57
58
59
60
61
62
63
9.272542953491211
ptb-new
Evaluating ...
0
1
2
3
4
5
6
7
8
9
10
11
12
13
14
15
16
17
18
19
20
21
22
23
24
25
26
27
28
29
30
31
32
33
34
35
36
37
38
39
40
41
42
43
44
45
46
47
48
49
50
51
52
53
54
55
56
57
58
59
60
61
62
63
13.50778579711914
c4-new
Evaluating ...
0
1
2
3
4
5
6
7
8
9
10
11
12
13
14
15
16
17
18
19
20
21
22
23
24
25
26
27
28
29
30
31
32
33
34
35
36
37
38
39
40
41
42
43
44
45
46
47
48
49
50
51
52
53
54
55
56
57
58
59
60
61
62
63
11.105496406555176
