CUDA extension not installed.
Starting ...
Ready.
========================================
Start compressing layer 0：
layers[0].self_attn.k_proj
time 9.82
========================================
layers[0].self_attn.v_proj
time 9.30
========================================
layers[0].self_attn.q_proj
time 8.96
========================================
layers[0].self_attn.out_proj
time 6.61
========================================
layers[0].fc1
time 10.83
========================================
layers[0].fc2
time 35.93
========================================
========================================
Start compressing layer 1：
layers[1].self_attn.k_proj
time 9.50
========================================
layers[1].self_attn.v_proj
time 9.36
========================================
layers[1].self_attn.q_proj
time 8.64
========================================
layers[1].self_attn.out_proj
time 6.52
========================================
layers[1].fc1
time 10.88
========================================
layers[1].fc2
time 35.21
========================================
========================================
Start compressing layer 2：
layers[2].self_attn.k_proj
time 9.77
========================================
layers[2].self_attn.v_proj
time 9.45
========================================
layers[2].self_attn.q_proj
time 8.34
========================================
layers[2].self_attn.out_proj
time 6.25
========================================
layers[2].fc1
time 10.96
========================================
layers[2].fc2
time 35.04
========================================
========================================
Start compressing layer 3：
layers[3].self_attn.k_proj
time 9.37
========================================
layers[3].self_attn.v_proj
time 9.04
========================================
layers[3].self_attn.q_proj
time 8.41
========================================
layers[3].self_attn.out_proj
time 6.36
========================================
layers[3].fc1
time 11.20
========================================
layers[3].fc2
time 35.19
========================================
========================================
Start compressing layer 4：
layers[4].self_attn.k_proj
time 9.47
========================================
layers[4].self_attn.v_proj
time 9.04
========================================
layers[4].self_attn.q_proj
time 8.23
========================================
layers[4].self_attn.out_proj
time 6.38
========================================
layers[4].fc1
time 10.89
========================================
layers[4].fc2
time 34.94
========================================
========================================
Start compressing layer 5：
layers[5].self_attn.k_proj
time 9.58
========================================
layers[5].self_attn.v_proj
time 8.85
========================================
layers[5].self_attn.q_proj
time 8.20
========================================
layers[5].self_attn.out_proj
time 6.21
========================================
layers[5].fc1
time 10.81
========================================
layers[5].fc2
time 34.96
========================================
========================================
Start compressing layer 6：
layers[6].self_attn.k_proj
time 9.55
========================================
layers[6].self_attn.v_proj
time 8.80
========================================
layers[6].self_attn.q_proj
time 8.09
========================================
layers[6].self_attn.out_proj
time 6.21
========================================
layers[6].fc1
time 10.68
========================================
layers[6].fc2
time 34.96
========================================
========================================
Start compressing layer 7：
layers[7].self_attn.k_proj
time 9.29
========================================
layers[7].self_attn.v_proj
time 9.04
========================================
layers[7].self_attn.q_proj
time 8.25
========================================
layers[7].self_attn.out_proj
time 6.19
========================================
layers[7].fc1
time 10.75
========================================
layers[7].fc2
time 34.80
========================================
========================================
Start compressing layer 8：
layers[8].self_attn.k_proj
time 9.39
========================================
layers[8].self_attn.v_proj
time 8.99
========================================
layers[8].self_attn.q_proj
time 8.41
========================================
layers[8].self_attn.out_proj
time 6.53
========================================
layers[8].fc1
time 10.95
========================================
layers[8].fc2
time 35.99
========================================
========================================
Start compressing layer 9：
layers[9].self_attn.k_proj
time 9.27
========================================
layers[9].self_attn.v_proj
time 8.76
========================================
layers[9].self_attn.q_proj
time 8.36
========================================
layers[9].self_attn.out_proj
time 6.27
========================================
layers[9].fc1
time 10.78
========================================
layers[9].fc2
time 35.74
========================================
========================================
Start compressing layer 10：
layers[10].self_attn.k_proj
time 9.41
========================================
layers[10].self_attn.v_proj
time 8.86
========================================
layers[10].self_attn.q_proj
time 8.30
========================================
layers[10].self_attn.out_proj
time 6.14
========================================
layers[10].fc1
time 10.88
========================================
layers[10].fc2
time 35.14
========================================
========================================
Start compressing layer 11：
layers[11].self_attn.k_proj
time 9.33
========================================
layers[11].self_attn.v_proj
time 9.03
========================================
layers[11].self_attn.q_proj
time 8.42
========================================
layers[11].self_attn.out_proj
time 6.53
========================================
layers[11].fc1
time 10.84
========================================
layers[11].fc2
time 35.99
========================================
========================================
Start compressing layer 12：
layers[12].self_attn.k_proj
time 9.62
========================================
layers[12].self_attn.v_proj
time 9.18
========================================
layers[12].self_attn.q_proj
time 8.30
========================================
layers[12].self_attn.out_proj
time 6.44
========================================
layers[12].fc1
time 11.07
========================================
layers[12].fc2
time 35.49
========================================
========================================
Start compressing layer 13：
layers[13].self_attn.k_proj
time 9.49
========================================
layers[13].self_attn.v_proj
time 9.43
========================================
layers[13].self_attn.q_proj
time 8.84
========================================
layers[13].self_attn.out_proj
time 6.36
========================================
layers[13].fc1
time 10.89
========================================
layers[13].fc2
time 36.19
========================================
========================================
Start compressing layer 14：
layers[14].self_attn.k_proj
time 9.56
========================================
layers[14].self_attn.v_proj
time 8.99
========================================
layers[14].self_attn.q_proj
time 8.21
========================================
layers[14].self_attn.out_proj
time 6.09
========================================
layers[14].fc1
time 10.69
========================================
layers[14].fc2
time 35.29
========================================
========================================
Start compressing layer 15：
layers[15].self_attn.k_proj
time 9.34
========================================
layers[15].self_attn.v_proj
time 9.15
========================================
layers[15].self_attn.q_proj
time 8.02
========================================
layers[15].self_attn.out_proj
time 6.29
========================================
layers[15].fc1
time 10.78
========================================
layers[15].fc2
time 35.87
========================================
========================================
Start compressing layer 16：
layers[16].self_attn.k_proj
time 9.34
========================================
layers[16].self_attn.v_proj
time 8.96
========================================
layers[16].self_attn.q_proj
time 8.37
========================================
layers[16].self_attn.out_proj
time 6.22
========================================
layers[16].fc1
time 10.76
========================================
layers[16].fc2
time 35.76
========================================
========================================
Start compressing layer 17：
layers[17].self_attn.k_proj
time 9.33
========================================
layers[17].self_attn.v_proj
time 9.03
========================================
layers[17].self_attn.q_proj
time 8.30
========================================
layers[17].self_attn.out_proj
time 6.39
========================================
layers[17].fc1
time 10.88
========================================
layers[17].fc2
time 35.85
========================================
========================================
Start compressing layer 18：
layers[18].self_attn.k_proj
time 9.33
========================================
layers[18].self_attn.v_proj
time 9.04
========================================
layers[18].self_attn.q_proj
time 8.68
========================================
layers[18].self_attn.out_proj
time 6.21
========================================
layers[18].fc1
time 10.83
========================================
layers[18].fc2
time 36.15
========================================
========================================
Start compressing layer 19：
layers[19].self_attn.k_proj
time 9.70
========================================
layers[19].self_attn.v_proj
time 9.01
========================================
layers[19].self_attn.q_proj
time 8.42
========================================
layers[19].self_attn.out_proj
time 6.26
========================================
layers[19].fc1
time 10.69
========================================
layers[19].fc2
time 36.02
========================================
========================================
Start compressing layer 20：
layers[20].self_attn.k_proj
time 9.49
========================================
layers[20].self_attn.v_proj
time 8.92
========================================
layers[20].self_attn.q_proj
time 8.31
========================================
layers[20].self_attn.out_proj
time 6.20
========================================
layers[20].fc1
time 10.85
========================================
layers[20].fc2
time 34.92
========================================
========================================
Start compressing layer 21：
layers[21].self_attn.k_proj
time 9.29
========================================
layers[21].self_attn.v_proj
time 8.90
========================================
layers[21].self_attn.q_proj
time 8.52
========================================
layers[21].self_attn.out_proj
time 6.69
========================================
layers[21].fc1
time 10.70
========================================
layers[21].fc2
time 35.83
========================================
========================================
Start compressing layer 22：
layers[22].self_attn.k_proj
time 9.44
========================================
layers[22].self_attn.v_proj
time 9.11
========================================
layers[22].self_attn.q_proj
time 8.25
========================================
layers[22].self_attn.out_proj
time 6.10
========================================
layers[22].fc1
time 10.92
========================================
layers[22].fc2
time 35.52
========================================
========================================
Start compressing layer 23：
layers[23].self_attn.k_proj
time 9.32
========================================
layers[23].self_attn.v_proj
time 9.00
========================================
layers[23].self_attn.q_proj
time 8.09
========================================
layers[23].self_attn.out_proj
time 6.02
========================================
layers[23].fc1
time 10.73
========================================
layers[23].fc2
time 35.35
========================================
========================================
Start compressing layer 24：
layers[24].self_attn.k_proj
time 9.56
========================================
layers[24].self_attn.v_proj
time 9.01
========================================
layers[24].self_attn.q_proj
time 8.20
========================================
layers[24].self_attn.out_proj
time 6.25
========================================
layers[24].fc1
time 10.73
========================================
layers[24].fc2
time 35.46
========================================
========================================
Start compressing layer 25：
layers[25].self_attn.k_proj
time 9.39
========================================
layers[25].self_attn.v_proj
time 9.02
========================================
layers[25].self_attn.q_proj
time 8.32
========================================
layers[25].self_attn.out_proj
time 6.42
========================================
layers[25].fc1
time 11.11
========================================
layers[25].fc2
time 35.80
========================================
========================================
Start compressing layer 26：
layers[26].self_attn.k_proj
time 9.27
========================================
layers[26].self_attn.v_proj
time 8.86
========================================
layers[26].self_attn.q_proj
time 8.55
========================================
layers[26].self_attn.out_proj
time 6.15
========================================
layers[26].fc1
time 10.82
========================================
layers[26].fc2
time 35.11
========================================
========================================
Start compressing layer 27：
layers[27].self_attn.k_proj
time 9.19
========================================
layers[27].self_attn.v_proj
time 9.05
========================================
layers[27].self_attn.q_proj
time 8.53
========================================
layers[27].self_attn.out_proj
time 6.36
========================================
layers[27].fc1
time 10.58
========================================
layers[27].fc2
time 35.77
========================================
========================================
Start compressing layer 28：
layers[28].self_attn.k_proj
time 9.58
========================================
layers[28].self_attn.v_proj
time 9.38
========================================
layers[28].self_attn.q_proj
time 8.33
========================================
layers[28].self_attn.out_proj
time 6.46
========================================
layers[28].fc1
time 10.81
========================================
layers[28].fc2
time 34.89
========================================
========================================
Start compressing layer 29：
layers[29].self_attn.k_proj
time 9.40
========================================
layers[29].self_attn.v_proj
time 8.96
========================================
layers[29].self_attn.q_proj
time 8.65
========================================
layers[29].self_attn.out_proj
time 6.64
========================================
layers[29].fc1
time 10.77
========================================
layers[29].fc2
time 35.51
========================================
========================================
Start compressing layer 30：
layers[30].self_attn.k_proj
time 9.66
========================================
layers[30].self_attn.v_proj
time 8.82
========================================
layers[30].self_attn.q_proj
time 8.52
========================================
layers[30].self_attn.out_proj
time 6.60
========================================
layers[30].fc1
time 11.18
========================================
layers[30].fc2
time 35.85
========================================
========================================
Start compressing layer 31：
layers[31].self_attn.k_proj
time 9.82
========================================
layers[31].self_attn.v_proj
time 9.20
========================================
layers[31].self_attn.q_proj
time 8.65
========================================
layers[31].self_attn.out_proj
time 6.55
========================================
layers[31].fc1
time 10.88
========================================
layers[31].fc2
time 35.27
========================================
========================================
Start compressing layer 32：
layers[32].self_attn.k_proj
time 9.46
========================================
layers[32].self_attn.v_proj
time 9.17
========================================
layers[32].self_attn.q_proj
time 8.50
========================================
layers[32].self_attn.out_proj
time 6.49
========================================
layers[32].fc1
time 10.64
========================================
layers[32].fc2
time 34.94
========================================
========================================
Start compressing layer 33：
layers[33].self_attn.k_proj
time 9.41
========================================
layers[33].self_attn.v_proj
time 8.75
========================================
layers[33].self_attn.q_proj
time 8.20
========================================
layers[33].self_attn.out_proj
time 6.22
========================================
layers[33].fc1
time 10.98
========================================
layers[33].fc2
time 36.79
========================================
========================================
Start compressing layer 34：
layers[34].self_attn.k_proj
time 9.21
========================================
layers[34].self_attn.v_proj
time 9.16
========================================
layers[34].self_attn.q_proj
time 8.05
========================================
layers[34].self_attn.out_proj
time 6.48
========================================
layers[34].fc1
time 10.74
========================================
layers[34].fc2
time 36.26
========================================
========================================
Start compressing layer 35：
layers[35].self_attn.k_proj
time 9.07
========================================
layers[35].self_attn.v_proj
time 8.66
========================================
layers[35].self_attn.q_proj
time 8.51
========================================
layers[35].self_attn.out_proj
time 6.50
========================================
layers[35].fc1
time 10.81
========================================
layers[35].fc2
time 36.11
========================================
========================================
Start compressing layer 36：
layers[36].self_attn.k_proj
time 9.76
========================================
layers[36].self_attn.v_proj
time 9.04
========================================
layers[36].self_attn.q_proj
time 8.54
========================================
layers[36].self_attn.out_proj
time 6.34
========================================
layers[36].fc1
time 10.79
========================================
layers[36].fc2
time 35.59
========================================
========================================
Start compressing layer 37：
layers[37].self_attn.k_proj
time 9.60
========================================
layers[37].self_attn.v_proj
time 9.49
========================================
layers[37].self_attn.q_proj
time 8.46
========================================
layers[37].self_attn.out_proj
time 6.36
========================================
layers[37].fc1
time 10.80
========================================
layers[37].fc2
time 36.32
========================================
========================================
Start compressing layer 38：
layers[38].self_attn.k_proj
time 9.41
========================================
layers[38].self_attn.v_proj
time 9.20
========================================
layers[38].self_attn.q_proj
time 8.90
========================================
layers[38].self_attn.out_proj
time 6.64
========================================
layers[38].fc1
time 10.64
========================================
layers[38].fc2
time 35.77
========================================
========================================
Start compressing layer 39：
layers[39].self_attn.k_proj
time 9.65
========================================
layers[39].self_attn.v_proj
time 8.71
========================================
layers[39].self_attn.q_proj
time 8.31
========================================
layers[39].self_attn.out_proj
time 6.52
========================================
layers[39].fc1
time 10.83
========================================
layers[39].fc2
time 35.73
========================================
========================================
Start compressing layer 40：
layers[40].self_attn.k_proj
time 9.46
========================================
layers[40].self_attn.v_proj
time 9.03
========================================
layers[40].self_attn.q_proj
time 8.66
========================================
layers[40].self_attn.out_proj
time 6.46
========================================
layers[40].fc1
time 10.87
========================================
layers[40].fc2
time 35.88
========================================
========================================
Start compressing layer 41：
layers[41].self_attn.k_proj
time 9.66
========================================
layers[41].self_attn.v_proj
time 9.24
========================================
layers[41].self_attn.q_proj
time 8.42
========================================
layers[41].self_attn.out_proj
time 6.36
========================================
layers[41].fc1
time 10.81
========================================
layers[41].fc2
time 35.16
========================================
========================================
Start compressing layer 42：
layers[42].self_attn.k_proj
time 9.60
========================================
layers[42].self_attn.v_proj
time 8.89
========================================
layers[42].self_attn.q_proj
time 8.59
========================================
layers[42].self_attn.out_proj
time 6.65
========================================
layers[42].fc1
time 10.86
========================================
layers[42].fc2
time 35.82
========================================
========================================
Start compressing layer 43：
layers[43].self_attn.k_proj
time 9.57
========================================
layers[43].self_attn.v_proj
time 9.11
========================================
layers[43].self_attn.q_proj
time 8.60
========================================
layers[43].self_attn.out_proj
time 6.49
========================================
layers[43].fc1
time 10.74
========================================
layers[43].fc2
time 35.89
========================================
========================================
Start compressing layer 44：
layers[44].self_attn.k_proj
time 9.79
========================================
layers[44].self_attn.v_proj
time 9.36
========================================
layers[44].self_attn.q_proj
time 8.49
========================================
layers[44].self_attn.out_proj
time 6.62
========================================
layers[44].fc1
time 10.79
========================================
layers[44].fc2
time 35.96
========================================
========================================
Start compressing layer 45：
layers[45].self_attn.k_proj
time 9.60
========================================
layers[45].self_attn.v_proj
time 8.74
========================================
layers[45].self_attn.q_proj
time 8.52
========================================
layers[45].self_attn.out_proj
time 6.54
========================================
layers[45].fc1
time 10.79
========================================
layers[45].fc2
time 35.68
========================================
========================================
Start compressing layer 46：
layers[46].self_attn.k_proj
time 9.70
========================================
layers[46].self_attn.v_proj
time 9.27
========================================
layers[46].self_attn.q_proj
time 8.76
========================================
layers[46].self_attn.out_proj
time 6.49
========================================
layers[46].fc1
time 10.83
========================================
layers[46].fc2
time 36.51
========================================
========================================
Start compressing layer 47：
layers[47].self_attn.k_proj
time 9.62
========================================
layers[47].self_attn.v_proj
time 8.86
========================================
layers[47].self_attn.q_proj
time 8.38
========================================
layers[47].self_attn.out_proj
time 6.50
========================================
layers[47].fc1
time 10.90
========================================
layers[47].fc2
time 36.38
========================================
========================================
Start compressing layer 48：
layers[48].self_attn.k_proj
time 9.70
========================================
layers[48].self_attn.v_proj
time 9.10
========================================
layers[48].self_attn.q_proj
time 8.48
========================================
layers[48].self_attn.out_proj
time 6.59
========================================
layers[48].fc1
time 11.19
========================================
layers[48].fc2
time 36.38
========================================
========================================
Start compressing layer 49：
layers[49].self_attn.k_proj
time 9.02
========================================
layers[49].self_attn.v_proj
time 9.16
========================================
layers[49].self_attn.q_proj
time 8.68
========================================
layers[49].self_attn.out_proj
time 6.62
========================================
layers[49].fc1
time 10.81
========================================
layers[49].fc2
time 36.02
========================================
========================================
Start compressing layer 50：
layers[50].self_attn.k_proj
time 9.73
========================================
layers[50].self_attn.v_proj
time 9.28
========================================
layers[50].self_attn.q_proj
time 8.42
========================================
layers[50].self_attn.out_proj
time 6.28
========================================
layers[50].fc1
time 10.84
========================================
layers[50].fc2
time 36.32
========================================
========================================
Start compressing layer 51：
layers[51].self_attn.k_proj
time 9.59
========================================
layers[51].self_attn.v_proj
time 9.27
========================================
layers[51].self_attn.q_proj
time 8.40
========================================
layers[51].self_attn.out_proj
time 6.40
========================================
layers[51].fc1
time 10.79
========================================
layers[51].fc2
time 36.62
========================================
========================================
Start compressing layer 52：
layers[52].self_attn.k_proj
time 9.40
========================================
layers[52].self_attn.v_proj
time 9.37
========================================
layers[52].self_attn.q_proj
time 8.60
========================================
layers[52].self_attn.out_proj
time 6.68
========================================
layers[52].fc1
time 10.64
========================================
layers[52].fc2
time 35.76
========================================
========================================
Start compressing layer 53：
layers[53].self_attn.k_proj
time 9.45
========================================
layers[53].self_attn.v_proj
time 9.12
========================================
layers[53].self_attn.q_proj
time 8.44
========================================
layers[53].self_attn.out_proj
time 6.48
========================================
layers[53].fc1
time 10.95
========================================
layers[53].fc2
time 36.06
========================================
========================================
Start compressing layer 54：
layers[54].self_attn.k_proj
time 9.30
========================================
layers[54].self_attn.v_proj
time 9.26
========================================
layers[54].self_attn.q_proj
time 8.59
========================================
layers[54].self_attn.out_proj
time 6.48
========================================
layers[54].fc1
time 10.81
========================================
layers[54].fc2
time 36.07
========================================
========================================
Start compressing layer 55：
layers[55].self_attn.k_proj
time 9.47
========================================
layers[55].self_attn.v_proj
time 9.06
========================================
layers[55].self_attn.q_proj
time 8.54
========================================
layers[55].self_attn.out_proj
time 6.43
========================================
layers[55].fc1
time 10.91
========================================
layers[55].fc2
time 35.75
========================================
========================================
Start compressing layer 56：
layers[56].self_attn.k_proj
time 9.55
========================================
layers[56].self_attn.v_proj
time 9.11
========================================
layers[56].self_attn.q_proj
time 8.32
========================================
layers[56].self_attn.out_proj
time 6.39
========================================
layers[56].fc1
time 11.17
========================================
layers[56].fc2
time 36.12
========================================
========================================
Start compressing layer 57：
layers[57].self_attn.k_proj
time 9.53
========================================
layers[57].self_attn.v_proj
time 9.19
========================================
layers[57].self_attn.q_proj
time 8.30
========================================
layers[57].self_attn.out_proj
time 6.48
========================================
layers[57].fc1
time 10.80
========================================
layers[57].fc2
time 35.81
========================================
========================================
Start compressing layer 58：
layers[58].self_attn.k_proj
time 9.64
========================================
layers[58].self_attn.v_proj
time 9.10
========================================
layers[58].self_attn.q_proj
time 8.46
========================================
layers[58].self_attn.out_proj
time 6.57
========================================
layers[58].fc1
time 10.77
========================================
layers[58].fc2
time 35.87
========================================
========================================
Start compressing layer 59：
layers[59].self_attn.k_proj
time 9.46
========================================
layers[59].self_attn.v_proj
time 8.95
========================================
layers[59].self_attn.q_proj
time 8.47
========================================
layers[59].self_attn.out_proj
time 6.47
========================================
layers[59].fc1
time 10.78
========================================
layers[59].fc2
time 36.15
========================================
========================================
Start compressing layer 60：
layers[60].self_attn.k_proj
time 9.74
========================================
layers[60].self_attn.v_proj
time 9.44
========================================
layers[60].self_attn.q_proj
time 8.19
========================================
layers[60].self_attn.out_proj
time 6.35
========================================
layers[60].fc1
time 10.81
========================================
layers[60].fc2
time 36.01
========================================
========================================
Start compressing layer 61：
layers[61].self_attn.k_proj
time 9.42
========================================
layers[61].self_attn.v_proj
time 9.18
========================================
layers[61].self_attn.q_proj
time 8.24
========================================
layers[61].self_attn.out_proj
time 6.21
========================================
layers[61].fc1
time 10.88
========================================
layers[61].fc2
time 35.83
========================================
========================================
Start compressing layer 62：
layers[62].self_attn.k_proj
time 9.70
========================================
layers[62].self_attn.v_proj
time 9.29
========================================
layers[62].self_attn.q_proj
time 8.52
========================================
layers[62].self_attn.out_proj
time 6.33
========================================
layers[62].fc1
time 10.84
========================================
layers[62].fc2
time 35.75
========================================
========================================
Start compressing layer 63：
layers[63].self_attn.k_proj
time 9.49
========================================
layers[63].self_attn.v_proj
time 9.15
========================================
layers[63].self_attn.q_proj
time 8.61
========================================
layers[63].self_attn.out_proj
time 6.30
========================================
layers[63].fc1
time 10.67
========================================
layers[63].fc2
time 36.15
========================================
time
9657.25131726265
wikitext2
Evaluating ...
0
1
2
3
4
5
6
7
8
9
10
11
12
13
14
15
16
17
18
19
20
21
22
23
24
25
26
27
28
29
30
31
32
33
34
35
36
37
38
39
40
41
42
43
44
45
46
47
48
49
50
51
52
53
54
55
56
57
58
59
60
61
62
63
9.265043258666992
ptb-new
Evaluating ...
0
1
2
3
4
5
6
7
8
9
10
11
12
13
14
15
16
17
18
19
20
21
22
23
24
25
26
27
28
29
30
31
32
33
34
35
36
37
38
39
40
41
42
43
44
45
46
47
48
49
50
51
52
53
54
55
56
57
58
59
60
61
62
63
13.401552200317383
c4-new
Evaluating ...
0
1
2
3
4
5
6
7
8
9
10
11
12
13
14
15
16
17
18
19
20
21
22
23
24
25
26
27
28
29
30
31
32
33
34
35
36
37
38
39
40
41
42
43
44
45
46
47
48
49
50
51
52
53
54
55
56
57
58
59
60
61
62
63
11.023298263549805
