CUDA extension not installed.
Starting ...
Ready.
========================================
Start compressing layer 0：
layers[0].self_attn.k_proj
time 3.72
========================================
layers[0].self_attn.v_proj
time 3.01
========================================
layers[0].self_attn.q_proj
time 2.89
========================================
layers[0].self_attn.out_proj
time 2.45
========================================
layers[0].fc1
time 3.38
========================================
layers[0].fc2
time 10.64
========================================
========================================
Start compressing layer 1：
layers[1].self_attn.k_proj
time 3.07
========================================
layers[1].self_attn.v_proj
time 3.06
========================================
layers[1].self_attn.q_proj
time 2.86
========================================
layers[1].self_attn.out_proj
time 2.36
========================================
layers[1].fc1
time 3.43
========================================
layers[1].fc2
time 10.46
========================================
========================================
Start compressing layer 2：
layers[2].self_attn.k_proj
time 2.95
========================================
layers[2].self_attn.v_proj
time 3.04
========================================
layers[2].self_attn.q_proj
time 2.90
========================================
layers[2].self_attn.out_proj
time 2.44
========================================
layers[2].fc1
time 3.35
========================================
layers[2].fc2
time 10.54
========================================
========================================
Start compressing layer 3：
layers[3].self_attn.k_proj
time 3.08
========================================
layers[3].self_attn.v_proj
time 3.07
========================================
layers[3].self_attn.q_proj
time 2.90
========================================
layers[3].self_attn.out_proj
time 2.55
========================================
layers[3].fc1
time 3.33
========================================
layers[3].fc2
time 10.37
========================================
========================================
Start compressing layer 4：
layers[4].self_attn.k_proj
time 3.05
========================================
layers[4].self_attn.v_proj
time 2.97
========================================
layers[4].self_attn.q_proj
time 2.72
========================================
layers[4].self_attn.out_proj
time 2.25
========================================
layers[4].fc1
time 3.44
========================================
layers[4].fc2
time 10.58
========================================
========================================
Start compressing layer 5：
layers[5].self_attn.k_proj
time 3.08
========================================
layers[5].self_attn.v_proj
time 3.06
========================================
layers[5].self_attn.q_proj
time 2.98
========================================
layers[5].self_attn.out_proj
time 2.47
========================================
layers[5].fc1
time 3.42
========================================
layers[5].fc2
time 10.58
========================================
========================================
Start compressing layer 6：
layers[6].self_attn.k_proj
time 3.03
========================================
layers[6].self_attn.v_proj
time 3.10
========================================
layers[6].self_attn.q_proj
time 2.83
========================================
layers[6].self_attn.out_proj
time 2.39
========================================
layers[6].fc1
time 3.32
========================================
layers[6].fc2
time 10.44
========================================
========================================
Start compressing layer 7：
layers[7].self_attn.k_proj
time 3.06
========================================
layers[7].self_attn.v_proj
time 3.01
========================================
layers[7].self_attn.q_proj
time 2.79
========================================
layers[7].self_attn.out_proj
time 2.32
========================================
layers[7].fc1
time 3.30
========================================
layers[7].fc2
time 10.43
========================================
========================================
Start compressing layer 8：
layers[8].self_attn.k_proj
time 3.09
========================================
layers[8].self_attn.v_proj
time 3.02
========================================
layers[8].self_attn.q_proj
time 2.82
========================================
layers[8].self_attn.out_proj
time 2.37
========================================
layers[8].fc1
time 3.47
========================================
layers[8].fc2
time 10.26
========================================
========================================
Start compressing layer 9：
layers[9].self_attn.k_proj
time 3.07
========================================
layers[9].self_attn.v_proj
time 2.99
========================================
layers[9].self_attn.q_proj
time 2.89
========================================
layers[9].self_attn.out_proj
time 2.42
========================================
layers[9].fc1
time 3.46
========================================
layers[9].fc2
time 10.55
========================================
========================================
Start compressing layer 10：
layers[10].self_attn.k_proj
time 3.04
========================================
layers[10].self_attn.v_proj
time 3.04
========================================
layers[10].self_attn.q_proj
time 2.92
========================================
layers[10].self_attn.out_proj
time 2.47
========================================
layers[10].fc1
time 3.30
========================================
layers[10].fc2
time 10.60
========================================
========================================
Start compressing layer 11：
layers[11].self_attn.k_proj
time 3.06
========================================
layers[11].self_attn.v_proj
time 2.98
========================================
layers[11].self_attn.q_proj
time 2.81
========================================
layers[11].self_attn.out_proj
time 2.31
========================================
layers[11].fc1
time 3.36
========================================
layers[11].fc2
time 9.95
========================================
========================================
Start compressing layer 12：
layers[12].self_attn.k_proj
time 3.10
========================================
layers[12].self_attn.v_proj
time 2.90
========================================
layers[12].self_attn.q_proj
time 2.82
========================================
layers[12].self_attn.out_proj
time 2.41
========================================
layers[12].fc1
time 3.50
========================================
layers[12].fc2
time 10.26
========================================
========================================
Start compressing layer 13：
layers[13].self_attn.k_proj
time 3.05
========================================
layers[13].self_attn.v_proj
time 2.97
========================================
layers[13].self_attn.q_proj
time 2.83
========================================
layers[13].self_attn.out_proj
time 2.35
========================================
layers[13].fc1
time 3.37
========================================
layers[13].fc2
time 10.70
========================================
========================================
Start compressing layer 14：
layers[14].self_attn.k_proj
time 3.05
========================================
layers[14].self_attn.v_proj
time 3.11
========================================
layers[14].self_attn.q_proj
time 2.85
========================================
layers[14].self_attn.out_proj
time 2.51
========================================
layers[14].fc1
time 3.42
========================================
layers[14].fc2
time 9.92
========================================
========================================
Start compressing layer 15：
layers[15].self_attn.k_proj
time 3.04
========================================
layers[15].self_attn.v_proj
time 2.97
========================================
layers[15].self_attn.q_proj
time 2.82
========================================
layers[15].self_attn.out_proj
time 2.44
========================================
layers[15].fc1
time 3.40
========================================
layers[15].fc2
time 10.46
========================================
========================================
Start compressing layer 16：
layers[16].self_attn.k_proj
time 3.11
========================================
layers[16].self_attn.v_proj
time 3.06
========================================
layers[16].self_attn.q_proj
time 2.96
========================================
layers[16].self_attn.out_proj
time 2.45
========================================
layers[16].fc1
time 3.39
========================================
layers[16].fc2
time 10.56
========================================
========================================
Start compressing layer 17：
layers[17].self_attn.k_proj
time 3.06
========================================
layers[17].self_attn.v_proj
time 2.98
========================================
layers[17].self_attn.q_proj
time 2.84
========================================
layers[17].self_attn.out_proj
time 2.49
========================================
layers[17].fc1
time 3.36
========================================
layers[17].fc2
time 10.37
========================================
========================================
Start compressing layer 18：
layers[18].self_attn.k_proj
time 3.10
========================================
layers[18].self_attn.v_proj
time 2.96
========================================
layers[18].self_attn.q_proj
time 2.84
========================================
layers[18].self_attn.out_proj
time 2.45
========================================
layers[18].fc1
time 3.37
========================================
layers[18].fc2
time 10.45
========================================
========================================
Start compressing layer 19：
layers[19].self_attn.k_proj
time 3.05
========================================
layers[19].self_attn.v_proj
time 3.00
========================================
layers[19].self_attn.q_proj
time 2.87
========================================
layers[19].self_attn.out_proj
time 2.44
========================================
layers[19].fc1
time 3.43
========================================
layers[19].fc2
time 10.34
========================================
========================================
Start compressing layer 20：
layers[20].self_attn.k_proj
time 3.11
========================================
layers[20].self_attn.v_proj
time 2.93
========================================
layers[20].self_attn.q_proj
time 2.90
========================================
layers[20].self_attn.out_proj
time 2.51
========================================
layers[20].fc1
time 3.41
========================================
layers[20].fc2
time 10.13
========================================
========================================
Start compressing layer 21：
layers[21].self_attn.k_proj
time 3.02
========================================
layers[21].self_attn.v_proj
time 2.96
========================================
layers[21].self_attn.q_proj
time 2.83
========================================
layers[21].self_attn.out_proj
time 2.43
========================================
layers[21].fc1
time 3.41
========================================
layers[21].fc2
time 10.23
========================================
========================================
Start compressing layer 22：
layers[22].self_attn.k_proj
time 3.01
========================================
layers[22].self_attn.v_proj
time 2.96
========================================
layers[22].self_attn.q_proj
time 2.83
========================================
layers[22].self_attn.out_proj
time 2.37
========================================
layers[22].fc1
time 3.31
========================================
layers[22].fc2
time 10.32
========================================
========================================
Start compressing layer 23：
layers[23].self_attn.k_proj
time 3.00
========================================
layers[23].self_attn.v_proj
time 2.95
========================================
layers[23].self_attn.q_proj
time 2.88
========================================
layers[23].self_attn.out_proj
time 2.41
========================================
layers[23].fc1
time 3.31
========================================
layers[23].fc2
time 9.97
========================================
========================================
Start compressing layer 24：
layers[24].self_attn.k_proj
time 2.94
========================================
layers[24].self_attn.v_proj
time 2.84
========================================
layers[24].self_attn.q_proj
time 2.89
========================================
layers[24].self_attn.out_proj
time 2.31
========================================
layers[24].fc1
time 3.39
========================================
layers[24].fc2
time 10.27
========================================
========================================
Start compressing layer 25：
layers[25].self_attn.k_proj
time 3.10
========================================
layers[25].self_attn.v_proj
time 3.00
========================================
layers[25].self_attn.q_proj
time 2.86
========================================
layers[25].self_attn.out_proj
time 2.54
========================================
layers[25].fc1
time 3.33
========================================
layers[25].fc2
time 10.57
========================================
========================================
Start compressing layer 26：
layers[26].self_attn.k_proj
time 3.05
========================================
layers[26].self_attn.v_proj
time 3.07
========================================
layers[26].self_attn.q_proj
time 2.87
========================================
layers[26].self_attn.out_proj
time 2.46
========================================
layers[26].fc1
time 3.37
========================================
layers[26].fc2
time 10.40
========================================
========================================
Start compressing layer 27：
layers[27].self_attn.k_proj
time 3.06
========================================
layers[27].self_attn.v_proj
time 2.92
========================================
layers[27].self_attn.q_proj
time 2.73
========================================
layers[27].self_attn.out_proj
time 2.43
========================================
layers[27].fc1
time 3.36
========================================
layers[27].fc2
time 10.52
========================================
========================================
Start compressing layer 28：
layers[28].self_attn.k_proj
time 3.14
========================================
layers[28].self_attn.v_proj
time 3.00
========================================
layers[28].self_attn.q_proj
time 2.81
========================================
layers[28].self_attn.out_proj
time 2.46
========================================
layers[28].fc1
time 3.43
========================================
layers[28].fc2
time 10.58
========================================
========================================
Start compressing layer 29：
layers[29].self_attn.k_proj
time 3.00
========================================
layers[29].self_attn.v_proj
time 3.02
========================================
layers[29].self_attn.q_proj
time 2.91
========================================
layers[29].self_attn.out_proj
time 2.50
========================================
layers[29].fc1
time 3.30
========================================
layers[29].fc2
time 10.33
========================================
========================================
Start compressing layer 30：
layers[30].self_attn.k_proj
time 3.02
========================================
layers[30].self_attn.v_proj
time 2.96
========================================
layers[30].self_attn.q_proj
time 2.90
========================================
layers[30].self_attn.out_proj
time 2.49
========================================
layers[30].fc1
time 3.39
========================================
layers[30].fc2
time 10.57
========================================
========================================
Start compressing layer 31：
layers[31].self_attn.k_proj
time 3.04
========================================
layers[31].self_attn.v_proj
time 3.06
========================================
layers[31].self_attn.q_proj
time 2.87
========================================
layers[31].self_attn.out_proj
time 2.39
========================================
layers[31].fc1
time 3.42
========================================
layers[31].fc2
time 10.49
========================================
time
1308.0264687538147
wikitext2
Evaluating ...
0
1
2
3
4
5
6
7
8
9
10
11
12
13
14
15
16
17
18
19
20
21
22
23
24
25
26
27
28
29
30
31
12.96602725982666
ptb-new
Evaluating ...
0
1
2
3
4
5
6
7
8
9
10
11
12
13
14
15
16
17
18
19
20
21
22
23
24
25
26
27
28
29
30
31
19.27918243408203
c4-new
Evaluating ...
0
1
2
3
4
5
6
7
8
9
10
11
12
13
14
15
16
17
18
19
20
21
22
23
24
25
26
27
28
29
30
31
15.1873779296875
