CUDA extension not installed.
Starting ...
Ready.
layers[0].self_attention.query_key_value
time 1.72
========================================
layers[0].self_attention.dense
time 1.22
========================================
layers[0].mlp.dense_h_to_4h
time 1.25
========================================
layers[0].mlp.dense_4h_to_h
time 3.75
========================================
layers[1].self_attention.query_key_value
time 1.14
========================================
layers[1].self_attention.dense
time 1.20
========================================
layers[1].mlp.dense_h_to_4h
time 1.30
========================================
layers[1].mlp.dense_4h_to_h
time 4.10
========================================
layers[2].self_attention.query_key_value
time 1.04
========================================
layers[2].self_attention.dense
time 1.22
========================================
layers[2].mlp.dense_h_to_4h
time 1.30
========================================
layers[2].mlp.dense_4h_to_h
time 3.66
========================================
layers[3].self_attention.query_key_value
time 1.23
========================================
layers[3].self_attention.dense
time 1.09
========================================
layers[3].mlp.dense_h_to_4h
time 1.27
========================================
layers[3].mlp.dense_4h_to_h
time 3.69
========================================
layers[4].self_attention.query_key_value
time 1.10
========================================
layers[4].self_attention.dense
time 1.11
========================================
layers[4].mlp.dense_h_to_4h
time 1.33
========================================
layers[4].mlp.dense_4h_to_h
time 4.38
========================================
layers[5].self_attention.query_key_value
time 1.13
========================================
layers[5].self_attention.dense
time 1.25
========================================
layers[5].mlp.dense_h_to_4h
time 1.34
========================================
layers[5].mlp.dense_4h_to_h
time 3.86
========================================
layers[6].self_attention.query_key_value
time 1.09
========================================
layers[6].self_attention.dense
time 1.13
========================================
layers[6].mlp.dense_h_to_4h
time 1.25
========================================
layers[6].mlp.dense_4h_to_h
time 3.93
========================================
layers[7].self_attention.query_key_value
time 1.18
========================================
layers[7].self_attention.dense
time 1.11
========================================
layers[7].mlp.dense_h_to_4h
time 1.22
========================================
layers[7].mlp.dense_4h_to_h
time 3.65
========================================
layers[8].self_attention.query_key_value
time 1.04
========================================
layers[8].self_attention.dense
time 1.15
========================================
layers[8].mlp.dense_h_to_4h
time 1.26
========================================
layers[8].mlp.dense_4h_to_h
time 4.05
========================================
layers[9].self_attention.query_key_value
time 1.06
========================================
layers[9].self_attention.dense
time 1.23
========================================
layers[9].mlp.dense_h_to_4h
time 1.24
========================================
layers[9].mlp.dense_4h_to_h
time 4.05
========================================
layers[10].self_attention.query_key_value
time 1.19
========================================
layers[10].self_attention.dense
time 1.16
========================================
layers[10].mlp.dense_h_to_4h
time 1.36
========================================
layers[10].mlp.dense_4h_to_h
time 4.17
========================================
layers[11].self_attention.query_key_value
time 1.12
========================================
layers[11].self_attention.dense
time 1.21
========================================
layers[11].mlp.dense_h_to_4h
time 1.29
========================================
layers[11].mlp.dense_4h_to_h
time 3.96
========================================
layers[12].self_attention.query_key_value
time 1.17
========================================
layers[12].self_attention.dense
time 1.14
========================================
layers[12].mlp.dense_h_to_4h
time 1.28
========================================
layers[12].mlp.dense_4h_to_h
time 4.07
========================================
layers[13].self_attention.query_key_value
time 1.17
========================================
layers[13].self_attention.dense
time 1.22
========================================
layers[13].mlp.dense_h_to_4h
time 1.31
========================================
layers[13].mlp.dense_4h_to_h
time 3.80
========================================
layers[14].self_attention.query_key_value
time 1.10
========================================
layers[14].self_attention.dense
time 1.17
========================================
layers[14].mlp.dense_h_to_4h
time 1.23
========================================
layers[14].mlp.dense_4h_to_h
time 4.03
========================================
layers[15].self_attention.query_key_value
time 1.03
========================================
layers[15].self_attention.dense
time 1.19
========================================
layers[15].mlp.dense_h_to_4h
time 1.45
========================================
layers[15].mlp.dense_4h_to_h
time 3.93
========================================
layers[16].self_attention.query_key_value
time 1.00
========================================
layers[16].self_attention.dense
time 1.18
========================================
layers[16].mlp.dense_h_to_4h
time 1.24
========================================
layers[16].mlp.dense_4h_to_h
time 4.40
========================================
layers[17].self_attention.query_key_value
time 1.03
========================================
layers[17].self_attention.dense
time 1.09
========================================
layers[17].mlp.dense_h_to_4h
time 1.23
========================================
layers[17].mlp.dense_4h_to_h
time 3.86
========================================
layers[18].self_attention.query_key_value
time 1.12
========================================
layers[18].self_attention.dense
time 1.19
========================================
layers[18].mlp.dense_h_to_4h
time 1.24
========================================
layers[18].mlp.dense_4h_to_h
time 3.88
========================================
layers[19].self_attention.query_key_value
time 1.12
========================================
layers[19].self_attention.dense
time 1.23
========================================
layers[19].mlp.dense_h_to_4h
time 1.32
========================================
layers[19].mlp.dense_4h_to_h
time 4.04
========================================
layers[20].self_attention.query_key_value
time 1.15
========================================
layers[20].self_attention.dense
time 1.23
========================================
layers[20].mlp.dense_h_to_4h
time 1.30
========================================
layers[20].mlp.dense_4h_to_h
time 3.88
========================================
layers[21].self_attention.query_key_value
time 1.09
========================================
layers[21].self_attention.dense
time 1.18
========================================
layers[21].mlp.dense_h_to_4h
time 1.24
========================================
layers[21].mlp.dense_4h_to_h
time 3.82
========================================
layers[22].self_attention.query_key_value
time 1.08
========================================
layers[22].self_attention.dense
time 1.08
========================================
layers[22].mlp.dense_h_to_4h
time 1.25
========================================
layers[22].mlp.dense_4h_to_h
time 4.07
========================================
layers[23].self_attention.query_key_value
time 1.02
========================================
layers[23].self_attention.dense
time 1.22
========================================
layers[23].mlp.dense_h_to_4h
time 1.23
========================================
layers[23].mlp.dense_4h_to_h
time 3.85
========================================
251.00966477394104
wikitext2
Evaluation...
0
1
2
3
4
5
6
7
8
9
10
11
12
13
14
15
16
17
18
19
20
21
22
23
26.662160873413086
ptb-new
Evaluation...
0
1
2
3
4
5
6
7
8
9
10
11
12
13
14
15
16
17
18
19
20
21
22
23
98.6978759765625
c4-new
Evaluation...
0
1
2
3
4
5
6
7
8
9
10
11
12
13
14
15
16
17
18
19
20
21
22
23
30.32562255859375
