CUDA extension not installed.
Starting ...
Ready.
layers[0].self_attention.query_key_value
time 1.14
========================================
layers[0].self_attention.dense
time 1.15
========================================
layers[0].mlp.dense_h_to_4h
time 1.23
========================================
layers[0].mlp.dense_4h_to_h
time 3.75
========================================
layers[1].self_attention.query_key_value
time 1.07
========================================
layers[1].self_attention.dense
time 1.11
========================================
layers[1].mlp.dense_h_to_4h
time 1.41
========================================
layers[1].mlp.dense_4h_to_h
time 4.03
========================================
layers[2].self_attention.query_key_value
time 1.06
========================================
layers[2].self_attention.dense
time 1.10
========================================
layers[2].mlp.dense_h_to_4h
time 1.22
========================================
layers[2].mlp.dense_4h_to_h
time 3.71
========================================
layers[3].self_attention.query_key_value
time 1.13
========================================
layers[3].self_attention.dense
time 1.04
========================================
layers[3].mlp.dense_h_to_4h
time 1.17
========================================
layers[3].mlp.dense_4h_to_h
time 3.51
========================================
layers[4].self_attention.query_key_value
time 0.99
========================================
layers[4].self_attention.dense
time 1.19
========================================
layers[4].mlp.dense_h_to_4h
time 1.25
========================================
layers[4].mlp.dense_4h_to_h
time 3.54
========================================
layers[5].self_attention.query_key_value
time 1.03
========================================
layers[5].self_attention.dense
time 1.17
========================================
layers[5].mlp.dense_h_to_4h
time 1.28
========================================
layers[5].mlp.dense_4h_to_h
time 3.72
========================================
layers[6].self_attention.query_key_value
time 1.24
========================================
layers[6].self_attention.dense
time 1.03
========================================
layers[6].mlp.dense_h_to_4h
time 1.21
========================================
layers[6].mlp.dense_4h_to_h
time 3.61
========================================
layers[7].self_attention.query_key_value
time 1.11
========================================
layers[7].self_attention.dense
time 1.32
========================================
layers[7].mlp.dense_h_to_4h
time 1.16
========================================
layers[7].mlp.dense_4h_to_h
time 3.88
========================================
layers[8].self_attention.query_key_value
time 1.10
========================================
layers[8].self_attention.dense
time 1.16
========================================
layers[8].mlp.dense_h_to_4h
time 1.29
========================================
layers[8].mlp.dense_4h_to_h
time 3.75
========================================
layers[9].self_attention.query_key_value
time 1.07
========================================
layers[9].self_attention.dense
time 1.15
========================================
layers[9].mlp.dense_h_to_4h
time 1.20
========================================
layers[9].mlp.dense_4h_to_h
time 3.54
========================================
layers[10].self_attention.query_key_value
time 1.00
========================================
layers[10].self_attention.dense
time 1.04
========================================
layers[10].mlp.dense_h_to_4h
time 1.15
========================================
layers[10].mlp.dense_4h_to_h
time 3.75
========================================
layers[11].self_attention.query_key_value
time 0.98
========================================
layers[11].self_attention.dense
time 1.06
========================================
layers[11].mlp.dense_h_to_4h
time 1.18
========================================
layers[11].mlp.dense_4h_to_h
time 3.57
========================================
layers[12].self_attention.query_key_value
time 1.23
========================================
layers[12].self_attention.dense
time 1.04
========================================
layers[12].mlp.dense_h_to_4h
time 1.22
========================================
layers[12].mlp.dense_4h_to_h
time 3.71
========================================
layers[13].self_attention.query_key_value
time 1.29
========================================
layers[13].self_attention.dense
time 1.10
========================================
layers[13].mlp.dense_h_to_4h
time 1.15
========================================
layers[13].mlp.dense_4h_to_h
time 3.70
========================================
layers[14].self_attention.query_key_value
time 1.06
========================================
layers[14].self_attention.dense
time 1.13
========================================
layers[14].mlp.dense_h_to_4h
time 1.16
========================================
layers[14].mlp.dense_4h_to_h
time 3.79
========================================
layers[15].self_attention.query_key_value
time 1.02
========================================
layers[15].self_attention.dense
time 1.06
========================================
layers[15].mlp.dense_h_to_4h
time 1.16
========================================
layers[15].mlp.dense_4h_to_h
time 3.83
========================================
layers[16].self_attention.query_key_value
time 1.09
========================================
layers[16].self_attention.dense
time 1.04
========================================
layers[16].mlp.dense_h_to_4h
time 1.23
========================================
layers[16].mlp.dense_4h_to_h
time 3.66
========================================
layers[17].self_attention.query_key_value
time 1.08
========================================
layers[17].self_attention.dense
time 1.05
========================================
layers[17].mlp.dense_h_to_4h
time 1.19
========================================
layers[17].mlp.dense_4h_to_h
time 3.53
========================================
layers[18].self_attention.query_key_value
time 0.98
========================================
layers[18].self_attention.dense
time 1.09
========================================
layers[18].mlp.dense_h_to_4h
time 1.16
========================================
layers[18].mlp.dense_4h_to_h
time 3.62
========================================
layers[19].self_attention.query_key_value
time 1.00
========================================
layers[19].self_attention.dense
time 1.05
========================================
layers[19].mlp.dense_h_to_4h
time 1.20
========================================
layers[19].mlp.dense_4h_to_h
time 3.80
========================================
layers[20].self_attention.query_key_value
time 1.01
========================================
layers[20].self_attention.dense
time 1.04
========================================
layers[20].mlp.dense_h_to_4h
time 1.14
========================================
layers[20].mlp.dense_4h_to_h
time 3.61
========================================
layers[21].self_attention.query_key_value
time 1.01
========================================
layers[21].self_attention.dense
time 1.11
========================================
layers[21].mlp.dense_h_to_4h
time 1.20
========================================
layers[21].mlp.dense_4h_to_h
time 3.88
========================================
layers[22].self_attention.query_key_value
time 0.99
========================================
layers[22].self_attention.dense
time 1.08
========================================
layers[22].mlp.dense_h_to_4h
time 1.32
========================================
layers[22].mlp.dense_4h_to_h
time 3.64
========================================
layers[23].self_attention.query_key_value
time 0.98
========================================
layers[23].self_attention.dense
time 1.05
========================================
layers[23].mlp.dense_h_to_4h
time 1.18
========================================
layers[23].mlp.dense_4h_to_h
time 3.69
========================================
237.70036387443542
wikitext2
Evaluation...
0
1
2
3
4
5
6
7
8
9
10
11
12
13
14
15
16
17
18
19
20
21
22
23
18.1396541595459
ptb-new
Evaluation...
0
1
2
3
4
5
6
7
8
9
10
11
12
13
14
15
16
17
18
19
20
21
22
23
60.12693786621094
c4-new
Evaluation...
0
1
2
3
4
5
6
7
8
9
10
11
12
13
14
15
16
17
18
19
20
21
22
23
22.518129348754883
