CUDA extension not installed.
Starting ...
Ready.
layers[0].self_attention.query_key_value
time 1.93
========================================
layers[0].self_attention.dense
time 1.49
========================================
layers[0].mlp.dense_h_to_4h
time 1.65
========================================
layers[0].mlp.dense_4h_to_h
time 5.04
========================================
layers[1].self_attention.query_key_value
time 1.45
========================================
layers[1].self_attention.dense
time 1.50
========================================
layers[1].mlp.dense_h_to_4h
time 1.57
========================================
layers[1].mlp.dense_4h_to_h
time 5.02
========================================
layers[2].self_attention.query_key_value
time 1.45
========================================
layers[2].self_attention.dense
time 1.52
========================================
layers[2].mlp.dense_h_to_4h
time 1.56
========================================
layers[2].mlp.dense_4h_to_h
time 4.85
========================================
layers[3].self_attention.query_key_value
time 1.39
========================================
layers[3].self_attention.dense
time 1.36
========================================
layers[3].mlp.dense_h_to_4h
time 1.61
========================================
layers[3].mlp.dense_4h_to_h
time 5.14
========================================
layers[4].self_attention.query_key_value
time 1.50
========================================
layers[4].self_attention.dense
time 1.49
========================================
layers[4].mlp.dense_h_to_4h
time 1.59
========================================
layers[4].mlp.dense_4h_to_h
time 4.92
========================================
layers[5].self_attention.query_key_value
time 1.44
========================================
layers[5].self_attention.dense
time 1.39
========================================
layers[5].mlp.dense_h_to_4h
time 1.67
========================================
layers[5].mlp.dense_4h_to_h
time 5.22
========================================
layers[6].self_attention.query_key_value
time 1.44
========================================
layers[6].self_attention.dense
time 1.39
========================================
layers[6].mlp.dense_h_to_4h
time 1.70
========================================
layers[6].mlp.dense_4h_to_h
time 5.15
========================================
layers[7].self_attention.query_key_value
time 1.46
========================================
layers[7].self_attention.dense
time 1.43
========================================
layers[7].mlp.dense_h_to_4h
time 1.63
========================================
layers[7].mlp.dense_4h_to_h
time 4.93
========================================
layers[8].self_attention.query_key_value
time 1.42
========================================
layers[8].self_attention.dense
time 1.36
========================================
layers[8].mlp.dense_h_to_4h
time 1.57
========================================
layers[8].mlp.dense_4h_to_h
time 5.19
========================================
layers[9].self_attention.query_key_value
time 1.53
========================================
layers[9].self_attention.dense
time 1.34
========================================
layers[9].mlp.dense_h_to_4h
time 1.63
========================================
layers[9].mlp.dense_4h_to_h
time 5.09
========================================
layers[10].self_attention.query_key_value
time 1.46
========================================
layers[10].self_attention.dense
time 1.44
========================================
layers[10].mlp.dense_h_to_4h
time 1.59
========================================
layers[10].mlp.dense_4h_to_h
time 4.89
========================================
layers[11].self_attention.query_key_value
time 1.53
========================================
layers[11].self_attention.dense
time 1.49
========================================
layers[11].mlp.dense_h_to_4h
time 1.64
========================================
layers[11].mlp.dense_4h_to_h
time 5.37
========================================
layers[12].self_attention.query_key_value
time 1.46
========================================
layers[12].self_attention.dense
time 1.34
========================================
layers[12].mlp.dense_h_to_4h
time 1.61
========================================
layers[12].mlp.dense_4h_to_h
time 5.01
========================================
layers[13].self_attention.query_key_value
time 1.38
========================================
layers[13].self_attention.dense
time 1.50
========================================
layers[13].mlp.dense_h_to_4h
time 1.64
========================================
layers[13].mlp.dense_4h_to_h
time 5.32
========================================
layers[14].self_attention.query_key_value
time 1.42
========================================
layers[14].self_attention.dense
time 1.45
========================================
layers[14].mlp.dense_h_to_4h
time 1.60
========================================
layers[14].mlp.dense_4h_to_h
time 5.14
========================================
layers[15].self_attention.query_key_value
time 1.47
========================================
layers[15].self_attention.dense
time 1.39
========================================
layers[15].mlp.dense_h_to_4h
time 1.67
========================================
layers[15].mlp.dense_4h_to_h
time 5.26
========================================
layers[16].self_attention.query_key_value
time 1.52
========================================
layers[16].self_attention.dense
time 1.47
========================================
layers[16].mlp.dense_h_to_4h
time 1.58
========================================
layers[16].mlp.dense_4h_to_h
time 5.24
========================================
layers[17].self_attention.query_key_value
time 1.49
========================================
layers[17].self_attention.dense
time 1.40
========================================
layers[17].mlp.dense_h_to_4h
time 1.66
========================================
layers[17].mlp.dense_4h_to_h
time 4.97
========================================
layers[18].self_attention.query_key_value
time 1.51
========================================
layers[18].self_attention.dense
time 1.40
========================================
layers[18].mlp.dense_h_to_4h
time 1.58
========================================
layers[18].mlp.dense_4h_to_h
time 4.98
========================================
layers[19].self_attention.query_key_value
time 1.47
========================================
layers[19].self_attention.dense
time 1.46
========================================
layers[19].mlp.dense_h_to_4h
time 1.54
========================================
layers[19].mlp.dense_4h_to_h
time 5.19
========================================
layers[20].self_attention.query_key_value
time 1.42
========================================
layers[20].self_attention.dense
time 1.37
========================================
layers[20].mlp.dense_h_to_4h
time 1.62
========================================
layers[20].mlp.dense_4h_to_h
time 5.01
========================================
layers[21].self_attention.query_key_value
time 1.47
========================================
layers[21].self_attention.dense
time 1.40
========================================
layers[21].mlp.dense_h_to_4h
time 1.58
========================================
layers[21].mlp.dense_4h_to_h
time 5.24
========================================
layers[22].self_attention.query_key_value
time 1.39
========================================
layers[22].self_attention.dense
time 1.33
========================================
layers[22].mlp.dense_h_to_4h
time 1.57
========================================
layers[22].mlp.dense_4h_to_h
time 4.80
========================================
layers[23].self_attention.query_key_value
time 1.52
========================================
layers[23].self_attention.dense
time 1.44
========================================
layers[23].mlp.dense_h_to_4h
time 1.64
========================================
layers[23].mlp.dense_4h_to_h
time 5.27
========================================
327.4940595626831
wikitext2
Evaluation...
0
1
2
3
4
5
6
7
8
9
10
11
12
13
14
15
16
17
18
19
20
21
22
23
16.49917984008789
ptb-new
Evaluation...
0
1
2
3
4
5
6
7
8
9
10
11
12
13
14
15
16
17
18
19
20
21
22
23
32.61073684692383
c4-new
Evaluation...
0
1
2
3
4
5
6
7
8
9
10
11
12
13
14
15
16
17
18
19
20
21
22
23
20.66947364807129
