CUDA extension not installed.
Starting ...
Ready.
layers[0].self_attention.query_key_value
time 1.94
========================================
layers[0].self_attention.dense
time 1.38
========================================
layers[0].mlp.dense_h_to_4h
time 1.56
========================================
layers[0].mlp.dense_4h_to_h
time 5.67
========================================
layers[1].self_attention.query_key_value
time 1.52
========================================
layers[1].self_attention.dense
time 1.46
========================================
layers[1].mlp.dense_h_to_4h
time 1.58
========================================
layers[1].mlp.dense_4h_to_h
time 4.98
========================================
layers[2].self_attention.query_key_value
time 1.44
========================================
layers[2].self_attention.dense
time 1.42
========================================
layers[2].mlp.dense_h_to_4h
time 1.58
========================================
layers[2].mlp.dense_4h_to_h
time 4.79
========================================
layers[3].self_attention.query_key_value
time 1.40
========================================
layers[3].self_attention.dense
time 1.44
========================================
layers[3].mlp.dense_h_to_4h
time 1.62
========================================
layers[3].mlp.dense_4h_to_h
time 4.90
========================================
layers[4].self_attention.query_key_value
time 1.40
========================================
layers[4].self_attention.dense
time 1.39
========================================
layers[4].mlp.dense_h_to_4h
time 1.63
========================================
layers[4].mlp.dense_4h_to_h
time 5.14
========================================
layers[5].self_attention.query_key_value
time 1.48
========================================
layers[5].self_attention.dense
time 1.42
========================================
layers[5].mlp.dense_h_to_4h
time 1.62
========================================
layers[5].mlp.dense_4h_to_h
time 5.14
========================================
layers[6].self_attention.query_key_value
time 1.46
========================================
layers[6].self_attention.dense
time 1.43
========================================
layers[6].mlp.dense_h_to_4h
time 1.55
========================================
layers[6].mlp.dense_4h_to_h
time 4.98
========================================
layers[7].self_attention.query_key_value
time 1.41
========================================
layers[7].self_attention.dense
time 1.36
========================================
layers[7].mlp.dense_h_to_4h
time 1.57
========================================
layers[7].mlp.dense_4h_to_h
time 4.85
========================================
layers[8].self_attention.query_key_value
time 1.38
========================================
layers[8].self_attention.dense
time 1.38
========================================
layers[8].mlp.dense_h_to_4h
time 1.53
========================================
layers[8].mlp.dense_4h_to_h
time 5.19
========================================
layers[9].self_attention.query_key_value
time 1.38
========================================
layers[9].self_attention.dense
time 1.35
========================================
layers[9].mlp.dense_h_to_4h
time 1.53
========================================
layers[9].mlp.dense_4h_to_h
time 4.88
========================================
layers[10].self_attention.query_key_value
time 1.48
========================================
layers[10].self_attention.dense
time 1.42
========================================
layers[10].mlp.dense_h_to_4h
time 1.51
========================================
layers[10].mlp.dense_4h_to_h
time 4.89
========================================
layers[11].self_attention.query_key_value
time 1.38
========================================
layers[11].self_attention.dense
time 1.42
========================================
layers[11].mlp.dense_h_to_4h
time 1.56
========================================
layers[11].mlp.dense_4h_to_h
time 5.00
========================================
layers[12].self_attention.query_key_value
time 1.45
========================================
layers[12].self_attention.dense
time 1.44
========================================
layers[12].mlp.dense_h_to_4h
time 1.60
========================================
layers[12].mlp.dense_4h_to_h
time 5.06
========================================
layers[13].self_attention.query_key_value
time 1.39
========================================
layers[13].self_attention.dense
time 1.31
========================================
layers[13].mlp.dense_h_to_4h
time 1.57
========================================
layers[13].mlp.dense_4h_to_h
time 4.95
========================================
layers[14].self_attention.query_key_value
time 1.35
========================================
layers[14].self_attention.dense
time 1.37
========================================
layers[14].mlp.dense_h_to_4h
time 1.55
========================================
layers[14].mlp.dense_4h_to_h
time 5.07
========================================
layers[15].self_attention.query_key_value
time 1.41
========================================
layers[15].self_attention.dense
time 1.41
========================================
layers[15].mlp.dense_h_to_4h
time 1.62
========================================
layers[15].mlp.dense_4h_to_h
time 5.19
========================================
layers[16].self_attention.query_key_value
time 1.42
========================================
layers[16].self_attention.dense
time 1.33
========================================
layers[16].mlp.dense_h_to_4h
time 1.53
========================================
layers[16].mlp.dense_4h_to_h
time 5.17
========================================
layers[17].self_attention.query_key_value
time 1.35
========================================
layers[17].self_attention.dense
time 1.44
========================================
layers[17].mlp.dense_h_to_4h
time 1.54
========================================
layers[17].mlp.dense_4h_to_h
time 5.19
========================================
layers[18].self_attention.query_key_value
time 1.41
========================================
layers[18].self_attention.dense
time 1.39
========================================
layers[18].mlp.dense_h_to_4h
time 1.61
========================================
layers[18].mlp.dense_4h_to_h
time 5.03
========================================
layers[19].self_attention.query_key_value
time 1.36
========================================
layers[19].self_attention.dense
time 1.30
========================================
layers[19].mlp.dense_h_to_4h
time 1.56
========================================
layers[19].mlp.dense_4h_to_h
time 5.22
========================================
layers[20].self_attention.query_key_value
time 1.38
========================================
layers[20].self_attention.dense
time 1.39
========================================
layers[20].mlp.dense_h_to_4h
time 1.56
========================================
layers[20].mlp.dense_4h_to_h
time 4.98
========================================
layers[21].self_attention.query_key_value
time 1.47
========================================
layers[21].self_attention.dense
time 1.38
========================================
layers[21].mlp.dense_h_to_4h
time 1.58
========================================
layers[21].mlp.dense_4h_to_h
time 5.27
========================================
layers[22].self_attention.query_key_value
time 1.43
========================================
layers[22].self_attention.dense
time 1.30
========================================
layers[22].mlp.dense_h_to_4h
time 1.59
========================================
layers[22].mlp.dense_4h_to_h
time 4.94
========================================
layers[23].self_attention.query_key_value
time 1.44
========================================
layers[23].self_attention.dense
time 1.32
========================================
layers[23].mlp.dense_h_to_4h
time 1.59
========================================
layers[23].mlp.dense_4h_to_h
time 5.17
========================================
322.68319749832153
wikitext2
Evaluation...
0
1
2
3
4
5
6
7
8
9
10
11
12
13
14
15
16
17
18
19
20
21
22
23
15.723947525024414
ptb-new
Evaluation...
0
1
2
3
4
5
6
7
8
9
10
11
12
13
14
15
16
17
18
19
20
21
22
23
30.86699676513672
c4-new
Evaluation...
0
1
2
3
4
5
6
7
8
9
10
11
12
13
14
15
16
17
18
19
20
21
22
23
19.809207916259766
