CUDA extension not installed.
Starting ...
Ready.
layers[0].self_attention.query_key_value
time 1.98
========================================
layers[0].self_attention.dense
time 1.40
========================================
layers[0].mlp.dense_h_to_4h
time 1.70
========================================
layers[0].mlp.dense_4h_to_h
time 5.02
========================================
layers[1].self_attention.query_key_value
time 1.53
========================================
layers[1].self_attention.dense
time 1.46
========================================
layers[1].mlp.dense_h_to_4h
time 1.60
========================================
layers[1].mlp.dense_4h_to_h
time 5.12
========================================
layers[2].self_attention.query_key_value
time 1.47
========================================
layers[2].self_attention.dense
time 1.51
========================================
layers[2].mlp.dense_h_to_4h
time 1.55
========================================
layers[2].mlp.dense_4h_to_h
time 4.92
========================================
layers[3].self_attention.query_key_value
time 1.40
========================================
layers[3].self_attention.dense
time 1.39
========================================
layers[3].mlp.dense_h_to_4h
time 1.59
========================================
layers[3].mlp.dense_4h_to_h
time 4.92
========================================
layers[4].self_attention.query_key_value
time 1.52
========================================
layers[4].self_attention.dense
time 1.54
========================================
layers[4].mlp.dense_h_to_4h
time 1.55
========================================
layers[4].mlp.dense_4h_to_h
time 4.75
========================================
layers[5].self_attention.query_key_value
time 1.37
========================================
layers[5].self_attention.dense
time 1.46
========================================
layers[5].mlp.dense_h_to_4h
time 1.65
========================================
layers[5].mlp.dense_4h_to_h
time 5.19
========================================
layers[6].self_attention.query_key_value
time 1.55
========================================
layers[6].self_attention.dense
time 1.45
========================================
layers[6].mlp.dense_h_to_4h
time 1.65
========================================
layers[6].mlp.dense_4h_to_h
time 4.99
========================================
layers[7].self_attention.query_key_value
time 1.49
========================================
layers[7].self_attention.dense
time 1.44
========================================
layers[7].mlp.dense_h_to_4h
time 1.66
========================================
layers[7].mlp.dense_4h_to_h
time 5.20
========================================
layers[8].self_attention.query_key_value
time 1.40
========================================
layers[8].self_attention.dense
time 1.41
========================================
layers[8].mlp.dense_h_to_4h
time 1.52
========================================
layers[8].mlp.dense_4h_to_h
time 4.99
========================================
layers[9].self_attention.query_key_value
time 1.46
========================================
layers[9].self_attention.dense
time 1.45
========================================
layers[9].mlp.dense_h_to_4h
time 1.59
========================================
layers[9].mlp.dense_4h_to_h
time 4.88
========================================
layers[10].self_attention.query_key_value
time 1.50
========================================
layers[10].self_attention.dense
time 1.42
========================================
layers[10].mlp.dense_h_to_4h
time 1.61
========================================
layers[10].mlp.dense_4h_to_h
time 4.95
========================================
layers[11].self_attention.query_key_value
time 1.54
========================================
layers[11].self_attention.dense
time 1.40
========================================
layers[11].mlp.dense_h_to_4h
time 1.59
========================================
layers[11].mlp.dense_4h_to_h
time 5.24
========================================
layers[12].self_attention.query_key_value
time 1.38
========================================
layers[12].self_attention.dense
time 1.42
========================================
layers[12].mlp.dense_h_to_4h
time 1.64
========================================
layers[12].mlp.dense_4h_to_h
time 4.95
========================================
layers[13].self_attention.query_key_value
time 1.39
========================================
layers[13].self_attention.dense
time 1.35
========================================
layers[13].mlp.dense_h_to_4h
time 1.51
========================================
layers[13].mlp.dense_4h_to_h
time 5.11
========================================
layers[14].self_attention.query_key_value
time 1.47
========================================
layers[14].self_attention.dense
time 1.41
========================================
layers[14].mlp.dense_h_to_4h
time 1.64
========================================
layers[14].mlp.dense_4h_to_h
time 5.19
========================================
layers[15].self_attention.query_key_value
time 1.54
========================================
layers[15].self_attention.dense
time 1.45
========================================
layers[15].mlp.dense_h_to_4h
time 1.57
========================================
layers[15].mlp.dense_4h_to_h
time 4.98
========================================
layers[16].self_attention.query_key_value
time 1.52
========================================
layers[16].self_attention.dense
time 1.43
========================================
layers[16].mlp.dense_h_to_4h
time 1.58
========================================
layers[16].mlp.dense_4h_to_h
time 4.83
========================================
layers[17].self_attention.query_key_value
time 1.43
========================================
layers[17].self_attention.dense
time 1.47
========================================
layers[17].mlp.dense_h_to_4h
time 1.63
========================================
layers[17].mlp.dense_4h_to_h
time 4.82
========================================
layers[18].self_attention.query_key_value
time 1.42
========================================
layers[18].self_attention.dense
time 1.36
========================================
layers[18].mlp.dense_h_to_4h
time 1.66
========================================
layers[18].mlp.dense_4h_to_h
time 5.19
========================================
layers[19].self_attention.query_key_value
time 1.38
========================================
layers[19].self_attention.dense
time 1.32
========================================
layers[19].mlp.dense_h_to_4h
time 1.64
========================================
layers[19].mlp.dense_4h_to_h
time 5.21
========================================
layers[20].self_attention.query_key_value
time 1.36
========================================
layers[20].self_attention.dense
time 1.31
========================================
layers[20].mlp.dense_h_to_4h
time 1.57
========================================
layers[20].mlp.dense_4h_to_h
time 5.12
========================================
layers[21].self_attention.query_key_value
time 1.38
========================================
layers[21].self_attention.dense
time 1.32
========================================
layers[21].mlp.dense_h_to_4h
time 1.63
========================================
layers[21].mlp.dense_4h_to_h
time 5.02
========================================
layers[22].self_attention.query_key_value
time 1.53
========================================
layers[22].self_attention.dense
time 1.50
========================================
layers[22].mlp.dense_h_to_4h
time 1.64
========================================
layers[22].mlp.dense_4h_to_h
time 4.76
========================================
layers[23].self_attention.query_key_value
time 1.41
========================================
layers[23].self_attention.dense
time 1.39
========================================
layers[23].mlp.dense_h_to_4h
time 1.54
========================================
layers[23].mlp.dense_4h_to_h
time 4.75
========================================
324.5059862136841
wikitext2
Evaluation...
0
1
2
3
4
5
6
7
8
9
10
11
12
13
14
15
16
17
18
19
20
21
22
23
22.990034103393555
ptb-new
Evaluation...
0
1
2
3
4
5
6
7
8
9
10
11
12
13
14
15
16
17
18
19
20
21
22
23
47.444122314453125
c4-new
Evaluation...
0
1
2
3
4
5
6
7
8
9
10
11
12
13
14
15
16
17
18
19
20
21
22
23
26.45608139038086
