CUDA extension not installed.
Starting ...
Ready.
layers[0].self_attention.query_key_value
time 2.51
========================================
layers[0].self_attention.dense
time 1.99
========================================
layers[0].mlp.dense_h_to_4h
time 2.56
========================================
layers[0].mlp.dense_4h_to_h
time 6.95
========================================
layers[1].self_attention.query_key_value
time 1.99
========================================
layers[1].self_attention.dense
time 1.98
========================================
layers[1].mlp.dense_h_to_4h
time 2.44
========================================
layers[1].mlp.dense_4h_to_h
time 6.86
========================================
layers[2].self_attention.query_key_value
time 2.00
========================================
layers[2].self_attention.dense
time 1.96
========================================
layers[2].mlp.dense_h_to_4h
time 2.31
========================================
layers[2].mlp.dense_4h_to_h
time 6.85
========================================
layers[3].self_attention.query_key_value
time 2.04
========================================
layers[3].self_attention.dense
time 1.97
========================================
layers[3].mlp.dense_h_to_4h
time 2.31
========================================
layers[3].mlp.dense_4h_to_h
time 6.92
========================================
layers[4].self_attention.query_key_value
time 2.00
========================================
layers[4].self_attention.dense
time 1.98
========================================
layers[4].mlp.dense_h_to_4h
time 2.27
========================================
layers[4].mlp.dense_4h_to_h
time 6.72
========================================
layers[5].self_attention.query_key_value
time 1.98
========================================
layers[5].self_attention.dense
time 1.96
========================================
layers[5].mlp.dense_h_to_4h
time 2.32
========================================
layers[5].mlp.dense_4h_to_h
time 7.03
========================================
layers[6].self_attention.query_key_value
time 2.10
========================================
layers[6].self_attention.dense
time 2.03
========================================
layers[6].mlp.dense_h_to_4h
time 2.31
========================================
layers[6].mlp.dense_4h_to_h
time 6.99
========================================
layers[7].self_attention.query_key_value
time 1.99
========================================
layers[7].self_attention.dense
time 2.01
========================================
layers[7].mlp.dense_h_to_4h
time 2.40
========================================
layers[7].mlp.dense_4h_to_h
time 7.02
========================================
layers[8].self_attention.query_key_value
time 1.98
========================================
layers[8].self_attention.dense
time 1.99
========================================
layers[8].mlp.dense_h_to_4h
time 2.33
========================================
layers[8].mlp.dense_4h_to_h
time 7.00
========================================
layers[9].self_attention.query_key_value
time 1.94
========================================
layers[9].self_attention.dense
time 1.92
========================================
layers[9].mlp.dense_h_to_4h
time 2.22
========================================
layers[9].mlp.dense_4h_to_h
time 7.12
========================================
layers[10].self_attention.query_key_value
time 2.03
========================================
layers[10].self_attention.dense
time 2.00
========================================
layers[10].mlp.dense_h_to_4h
time 2.32
========================================
layers[10].mlp.dense_4h_to_h
time 7.04
========================================
layers[11].self_attention.query_key_value
time 1.99
========================================
layers[11].self_attention.dense
time 2.00
========================================
layers[11].mlp.dense_h_to_4h
time 2.37
========================================
layers[11].mlp.dense_4h_to_h
time 7.15
========================================
layers[12].self_attention.query_key_value
time 1.96
========================================
layers[12].self_attention.dense
time 2.02
========================================
layers[12].mlp.dense_h_to_4h
time 2.32
========================================
layers[12].mlp.dense_4h_to_h
time 6.97
========================================
layers[13].self_attention.query_key_value
time 1.96
========================================
layers[13].self_attention.dense
time 2.01
========================================
layers[13].mlp.dense_h_to_4h
time 2.32
========================================
layers[13].mlp.dense_4h_to_h
time 7.12
========================================
layers[14].self_attention.query_key_value
time 2.03
========================================
layers[14].self_attention.dense
time 2.01
========================================
layers[14].mlp.dense_h_to_4h
time 2.31
========================================
layers[14].mlp.dense_4h_to_h
time 6.91
========================================
layers[15].self_attention.query_key_value
time 2.09
========================================
layers[15].self_attention.dense
time 2.01
========================================
layers[15].mlp.dense_h_to_4h
time 2.34
========================================
layers[15].mlp.dense_4h_to_h
time 7.05
========================================
layers[16].self_attention.query_key_value
time 2.04
========================================
layers[16].self_attention.dense
time 2.02
========================================
layers[16].mlp.dense_h_to_4h
time 2.38
========================================
layers[16].mlp.dense_4h_to_h
time 6.94
========================================
layers[17].self_attention.query_key_value
time 2.01
========================================
layers[17].self_attention.dense
time 1.96
========================================
layers[17].mlp.dense_h_to_4h
time 2.26
========================================
layers[17].mlp.dense_4h_to_h
time 6.84
========================================
layers[18].self_attention.query_key_value
time 2.10
========================================
layers[18].self_attention.dense
time 1.96
========================================
layers[18].mlp.dense_h_to_4h
time 2.28
========================================
layers[18].mlp.dense_4h_to_h
time 7.00
========================================
layers[19].self_attention.query_key_value
time 2.04
========================================
layers[19].self_attention.dense
time 2.02
========================================
layers[19].mlp.dense_h_to_4h
time 2.32
========================================
layers[19].mlp.dense_4h_to_h
time 7.03
========================================
layers[20].self_attention.query_key_value
time 2.04
========================================
layers[20].self_attention.dense
time 1.99
========================================
layers[20].mlp.dense_h_to_4h
time 2.31
========================================
layers[20].mlp.dense_4h_to_h
time 7.10
========================================
layers[21].self_attention.query_key_value
time 2.02
========================================
layers[21].self_attention.dense
time 2.00
========================================
layers[21].mlp.dense_h_to_4h
time 2.35
========================================
layers[21].mlp.dense_4h_to_h
time 7.00
========================================
layers[22].self_attention.query_key_value
time 2.06
========================================
layers[22].self_attention.dense
time 2.07
========================================
layers[22].mlp.dense_h_to_4h
time 2.32
========================================
layers[22].mlp.dense_4h_to_h
time 6.90
========================================
layers[23].self_attention.query_key_value
time 2.04
========================================
layers[23].self_attention.dense
time 2.16
========================================
layers[23].mlp.dense_h_to_4h
time 2.30
========================================
layers[23].mlp.dense_4h_to_h
time 6.86
========================================
layers[24].self_attention.query_key_value
time 1.99
========================================
layers[24].self_attention.dense
time 2.02
========================================
layers[24].mlp.dense_h_to_4h
time 2.31
========================================
layers[24].mlp.dense_4h_to_h
time 7.17
========================================
layers[25].self_attention.query_key_value
time 2.06
========================================
layers[25].self_attention.dense
time 1.99
========================================
layers[25].mlp.dense_h_to_4h
time 2.29
========================================
layers[25].mlp.dense_4h_to_h
time 6.99
========================================
layers[26].self_attention.query_key_value
time 1.98
========================================
layers[26].self_attention.dense
time 1.99
========================================
layers[26].mlp.dense_h_to_4h
time 2.27
========================================
layers[26].mlp.dense_4h_to_h
time 6.76
========================================
layers[27].self_attention.query_key_value
time 1.97
========================================
layers[27].self_attention.dense
time 2.00
========================================
layers[27].mlp.dense_h_to_4h
time 2.43
========================================
layers[27].mlp.dense_4h_to_h
time 7.12
========================================
layers[28].self_attention.query_key_value
time 2.13
========================================
layers[28].self_attention.dense
time 2.05
========================================
layers[28].mlp.dense_h_to_4h
time 2.30
========================================
layers[28].mlp.dense_4h_to_h
time 7.18
========================================
layers[29].self_attention.query_key_value
time 2.03
========================================
layers[29].self_attention.dense
time 2.01
========================================
layers[29].mlp.dense_h_to_4h
time 2.31
========================================
layers[29].mlp.dense_4h_to_h
time 6.95
========================================
597.1751668453217
wikitext2
Evaluation...
0
1
2
3
4
5
6
7
8
9
10
11
12
13
14
15
16
17
18
19
20
21
22
23
24
25
26
27
28
29
18.302488327026367
ptb-new
Evaluation...
0
1
2
3
4
5
6
7
8
9
10
11
12
13
14
15
16
17
18
19
20
21
22
23
24
25
26
27
28
29
35.75392532348633
c4-new
Evaluation...
0
1
2
3
4
5
6
7
8
9
10
11
12
13
14
15
16
17
18
19
20
21
22
23
24
25
26
27
28
29
21.784727096557617
