CUDA extension not installed.
Starting ...
Ready.
layers[0].self_attention.query_key_value
time 2.29
========================================
layers[0].self_attention.dense
time 1.96
========================================
layers[0].mlp.dense_h_to_4h
time 2.57
========================================
layers[0].mlp.dense_4h_to_h
time 7.17
========================================
layers[1].self_attention.query_key_value
time 2.09
========================================
layers[1].self_attention.dense
time 2.09
========================================
layers[1].mlp.dense_h_to_4h
time 2.32
========================================
layers[1].mlp.dense_4h_to_h
time 6.89
========================================
layers[2].self_attention.query_key_value
time 2.05
========================================
layers[2].self_attention.dense
time 2.06
========================================
layers[2].mlp.dense_h_to_4h
time 2.20
========================================
layers[2].mlp.dense_4h_to_h
time 6.64
========================================
layers[3].self_attention.query_key_value
time 1.97
========================================
layers[3].self_attention.dense
time 1.90
========================================
layers[3].mlp.dense_h_to_4h
time 2.18
========================================
layers[3].mlp.dense_4h_to_h
time 7.02
========================================
layers[4].self_attention.query_key_value
time 1.93
========================================
layers[4].self_attention.dense
time 1.99
========================================
layers[4].mlp.dense_h_to_4h
time 2.21
========================================
layers[4].mlp.dense_4h_to_h
time 6.89
========================================
layers[5].self_attention.query_key_value
time 1.94
========================================
layers[5].self_attention.dense
time 1.96
========================================
layers[5].mlp.dense_h_to_4h
time 2.23
========================================
layers[5].mlp.dense_4h_to_h
time 7.14
========================================
layers[6].self_attention.query_key_value
time 2.17
========================================
layers[6].self_attention.dense
time 2.06
========================================
layers[6].mlp.dense_h_to_4h
time 2.26
========================================
layers[6].mlp.dense_4h_to_h
time 7.09
========================================
layers[7].self_attention.query_key_value
time 1.88
========================================
layers[7].self_attention.dense
time 1.91
========================================
layers[7].mlp.dense_h_to_4h
time 2.32
========================================
layers[7].mlp.dense_4h_to_h
time 6.58
========================================
layers[8].self_attention.query_key_value
time 1.92
========================================
layers[8].self_attention.dense
time 1.83
========================================
layers[8].mlp.dense_h_to_4h
time 2.16
========================================
layers[8].mlp.dense_4h_to_h
time 6.60
========================================
layers[9].self_attention.query_key_value
time 1.86
========================================
layers[9].self_attention.dense
time 1.82
========================================
layers[9].mlp.dense_h_to_4h
time 2.28
========================================
layers[9].mlp.dense_4h_to_h
time 7.09
========================================
layers[10].self_attention.query_key_value
time 2.13
========================================
layers[10].self_attention.dense
time 2.21
========================================
layers[10].mlp.dense_h_to_4h
time 2.30
========================================
layers[10].mlp.dense_4h_to_h
time 6.89
========================================
layers[11].self_attention.query_key_value
time 1.92
========================================
layers[11].self_attention.dense
time 1.91
========================================
layers[11].mlp.dense_h_to_4h
time 2.26
========================================
layers[11].mlp.dense_4h_to_h
time 6.63
========================================
layers[12].self_attention.query_key_value
time 2.07
========================================
layers[12].self_attention.dense
time 2.12
========================================
layers[12].mlp.dense_h_to_4h
time 2.31
========================================
layers[12].mlp.dense_4h_to_h
time 6.85
========================================
layers[13].self_attention.query_key_value
time 1.89
========================================
layers[13].self_attention.dense
time 1.94
========================================
layers[13].mlp.dense_h_to_4h
time 2.13
========================================
layers[13].mlp.dense_4h_to_h
time 6.78
========================================
layers[14].self_attention.query_key_value
time 1.91
========================================
layers[14].self_attention.dense
time 2.04
========================================
layers[14].mlp.dense_h_to_4h
time 2.41
========================================
layers[14].mlp.dense_4h_to_h
time 6.44
========================================
layers[15].self_attention.query_key_value
time 1.90
========================================
layers[15].self_attention.dense
time 1.91
========================================
layers[15].mlp.dense_h_to_4h
time 2.16
========================================
layers[15].mlp.dense_4h_to_h
time 6.57
========================================
layers[16].self_attention.query_key_value
time 1.99
========================================
layers[16].self_attention.dense
time 1.92
========================================
layers[16].mlp.dense_h_to_4h
time 2.22
========================================
layers[16].mlp.dense_4h_to_h
time 7.07
========================================
layers[17].self_attention.query_key_value
time 1.86
========================================
layers[17].self_attention.dense
time 1.82
========================================
layers[17].mlp.dense_h_to_4h
time 2.31
========================================
layers[17].mlp.dense_4h_to_h
time 7.24
========================================
layers[18].self_attention.query_key_value
time 1.96
========================================
layers[18].self_attention.dense
time 2.04
========================================
layers[18].mlp.dense_h_to_4h
time 2.15
========================================
layers[18].mlp.dense_4h_to_h
time 7.05
========================================
layers[19].self_attention.query_key_value
time 2.05
========================================
layers[19].self_attention.dense
time 2.12
========================================
layers[19].mlp.dense_h_to_4h
time 2.15
========================================
layers[19].mlp.dense_4h_to_h
time 6.94
========================================
layers[20].self_attention.query_key_value
time 1.94
========================================
layers[20].self_attention.dense
time 1.98
========================================
layers[20].mlp.dense_h_to_4h
time 2.16
========================================
layers[20].mlp.dense_4h_to_h
time 6.58
========================================
layers[21].self_attention.query_key_value
time 1.91
========================================
layers[21].self_attention.dense
time 1.96
========================================
layers[21].mlp.dense_h_to_4h
time 2.14
========================================
layers[21].mlp.dense_4h_to_h
time 7.23
========================================
layers[22].self_attention.query_key_value
time 1.88
========================================
layers[22].self_attention.dense
time 1.85
========================================
layers[22].mlp.dense_h_to_4h
time 2.20
========================================
layers[22].mlp.dense_4h_to_h
time 7.23
========================================
layers[23].self_attention.query_key_value
time 1.87
========================================
layers[23].self_attention.dense
time 1.84
========================================
layers[23].mlp.dense_h_to_4h
time 2.22
========================================
layers[23].mlp.dense_4h_to_h
time 7.12
========================================
layers[24].self_attention.query_key_value
time 1.88
========================================
layers[24].self_attention.dense
time 1.83
========================================
layers[24].mlp.dense_h_to_4h
time 2.14
========================================
layers[24].mlp.dense_4h_to_h
time 7.34
========================================
layers[25].self_attention.query_key_value
time 1.91
========================================
layers[25].self_attention.dense
time 1.96
========================================
layers[25].mlp.dense_h_to_4h
time 2.29
========================================
layers[25].mlp.dense_4h_to_h
time 7.11
========================================
layers[26].self_attention.query_key_value
time 2.01
========================================
layers[26].self_attention.dense
time 1.98
========================================
layers[26].mlp.dense_h_to_4h
time 2.32
========================================
layers[26].mlp.dense_4h_to_h
time 6.85
========================================
layers[27].self_attention.query_key_value
time 2.05
========================================
layers[27].self_attention.dense
time 1.97
========================================
layers[27].mlp.dense_h_to_4h
time 2.37
========================================
layers[27].mlp.dense_4h_to_h
time 7.05
========================================
layers[28].self_attention.query_key_value
time 2.00
========================================
layers[28].self_attention.dense
time 2.01
========================================
layers[28].mlp.dense_h_to_4h
time 2.26
========================================
layers[28].mlp.dense_4h_to_h
time 7.05
========================================
layers[29].self_attention.query_key_value
time 2.04
========================================
layers[29].self_attention.dense
time 1.96
========================================
layers[29].mlp.dense_h_to_4h
time 2.29
========================================
layers[29].mlp.dense_4h_to_h
time 7.14
========================================
590.1574666500092
wikitext2
Evaluation...
0
1
2
3
4
5
6
7
8
9
10
11
12
13
14
15
16
17
18
19
20
21
22
23
24
25
26
27
28
29
14.2742338180542
ptb-new
Evaluation...
0
1
2
3
4
5
6
7
8
9
10
11
12
13
14
15
16
17
18
19
20
21
22
23
24
25
26
27
28
29
26.996871948242188
c4-new
Evaluation...
0
1
2
3
4
5
6
7
8
9
10
11
12
13
14
15
16
17
18
19
20
21
22
23
24
25
26
27
28
29
18.238033294677734
