CUDA extension not installed.
Starting ...
Ready.
layers[0].self_attention.query_key_value
time 2.76
========================================
layers[0].self_attention.dense
time 2.02
========================================
layers[0].mlp.dense_h_to_4h
time 2.24
========================================
layers[0].mlp.dense_4h_to_h
time 7.16
========================================
layers[1].self_attention.query_key_value
time 2.30
========================================
layers[1].self_attention.dense
time 2.23
========================================
layers[1].mlp.dense_h_to_4h
time 2.34
========================================
layers[1].mlp.dense_4h_to_h
time 7.61
========================================
layers[2].self_attention.query_key_value
time 2.10
========================================
layers[2].self_attention.dense
time 2.16
========================================
layers[2].mlp.dense_h_to_4h
time 2.45
========================================
layers[2].mlp.dense_4h_to_h
time 7.60
========================================
layers[3].self_attention.query_key_value
time 2.02
========================================
layers[3].self_attention.dense
time 2.08
========================================
layers[3].mlp.dense_h_to_4h
time 2.30
========================================
layers[3].mlp.dense_4h_to_h
time 7.37
========================================
layers[4].self_attention.query_key_value
time 2.10
========================================
layers[4].self_attention.dense
time 1.98
========================================
layers[4].mlp.dense_h_to_4h
time 2.33
========================================
layers[4].mlp.dense_4h_to_h
time 7.53
========================================
layers[5].self_attention.query_key_value
time 2.11
========================================
layers[5].self_attention.dense
time 2.08
========================================
layers[5].mlp.dense_h_to_4h
time 2.43
========================================
layers[5].mlp.dense_4h_to_h
time 7.22
========================================
layers[6].self_attention.query_key_value
time 2.09
========================================
layers[6].self_attention.dense
time 2.04
========================================
layers[6].mlp.dense_h_to_4h
time 2.47
========================================
layers[6].mlp.dense_4h_to_h
time 7.51
========================================
layers[7].self_attention.query_key_value
time 2.09
========================================
layers[7].self_attention.dense
time 2.05
========================================
layers[7].mlp.dense_h_to_4h
time 2.32
========================================
layers[7].mlp.dense_4h_to_h
time 7.25
========================================
layers[8].self_attention.query_key_value
time 2.02
========================================
layers[8].self_attention.dense
time 2.08
========================================
layers[8].mlp.dense_h_to_4h
time 2.33
========================================
layers[8].mlp.dense_4h_to_h
time 7.46
========================================
layers[9].self_attention.query_key_value
time 1.99
========================================
layers[9].self_attention.dense
time 2.08
========================================
layers[9].mlp.dense_h_to_4h
time 2.37
========================================
layers[9].mlp.dense_4h_to_h
time 7.53
========================================
layers[10].self_attention.query_key_value
time 2.10
========================================
layers[10].self_attention.dense
time 2.09
========================================
layers[10].mlp.dense_h_to_4h
time 2.27
========================================
layers[10].mlp.dense_4h_to_h
time 7.56
========================================
layers[11].self_attention.query_key_value
time 1.95
========================================
layers[11].self_attention.dense
time 1.96
========================================
layers[11].mlp.dense_h_to_4h
time 2.32
========================================
layers[11].mlp.dense_4h_to_h
time 7.50
========================================
layers[12].self_attention.query_key_value
time 2.10
========================================
layers[12].self_attention.dense
time 2.09
========================================
layers[12].mlp.dense_h_to_4h
time 2.35
========================================
layers[12].mlp.dense_4h_to_h
time 7.43
========================================
layers[13].self_attention.query_key_value
time 1.96
========================================
layers[13].self_attention.dense
time 2.02
========================================
layers[13].mlp.dense_h_to_4h
time 2.32
========================================
layers[13].mlp.dense_4h_to_h
time 7.56
========================================
layers[14].self_attention.query_key_value
time 2.04
========================================
layers[14].self_attention.dense
time 2.06
========================================
layers[14].mlp.dense_h_to_4h
time 2.36
========================================
layers[14].mlp.dense_4h_to_h
time 7.40
========================================
layers[15].self_attention.query_key_value
time 2.05
========================================
layers[15].self_attention.dense
time 2.08
========================================
layers[15].mlp.dense_h_to_4h
time 2.34
========================================
layers[15].mlp.dense_4h_to_h
time 7.39
========================================
layers[16].self_attention.query_key_value
time 2.11
========================================
layers[16].self_attention.dense
time 2.11
========================================
layers[16].mlp.dense_h_to_4h
time 2.34
========================================
layers[16].mlp.dense_4h_to_h
time 6.88
========================================
layers[17].self_attention.query_key_value
time 2.09
========================================
layers[17].self_attention.dense
time 2.09
========================================
layers[17].mlp.dense_h_to_4h
time 2.42
========================================
layers[17].mlp.dense_4h_to_h
time 7.54
========================================
layers[18].self_attention.query_key_value
time 2.08
========================================
layers[18].self_attention.dense
time 1.99
========================================
layers[18].mlp.dense_h_to_4h
time 2.38
========================================
layers[18].mlp.dense_4h_to_h
time 7.67
========================================
layers[19].self_attention.query_key_value
time 2.02
========================================
layers[19].self_attention.dense
time 2.07
========================================
layers[19].mlp.dense_h_to_4h
time 2.46
========================================
layers[19].mlp.dense_4h_to_h
time 7.48
========================================
layers[20].self_attention.query_key_value
time 2.05
========================================
layers[20].self_attention.dense
time 1.99
========================================
layers[20].mlp.dense_h_to_4h
time 2.31
========================================
layers[20].mlp.dense_4h_to_h
time 7.07
========================================
layers[21].self_attention.query_key_value
time 2.15
========================================
layers[21].self_attention.dense
time 2.08
========================================
layers[21].mlp.dense_h_to_4h
time 2.36
========================================
layers[21].mlp.dense_4h_to_h
time 7.14
========================================
layers[22].self_attention.query_key_value
time 2.04
========================================
layers[22].self_attention.dense
time 2.03
========================================
layers[22].mlp.dense_h_to_4h
time 2.36
========================================
layers[22].mlp.dense_4h_to_h
time 7.72
========================================
layers[23].self_attention.query_key_value
time 2.06
========================================
layers[23].self_attention.dense
time 2.17
========================================
layers[23].mlp.dense_h_to_4h
time 2.33
========================================
layers[23].mlp.dense_4h_to_h
time 7.78
========================================
layers[24].self_attention.query_key_value
time 2.10
========================================
layers[24].self_attention.dense
time 2.11
========================================
layers[24].mlp.dense_h_to_4h
time 2.29
========================================
layers[24].mlp.dense_4h_to_h
time 7.58
========================================
layers[25].self_attention.query_key_value
time 2.09
========================================
layers[25].self_attention.dense
time 2.09
========================================
layers[25].mlp.dense_h_to_4h
time 2.40
========================================
layers[25].mlp.dense_4h_to_h
time 7.46
========================================
layers[26].self_attention.query_key_value
time 2.15
========================================
layers[26].self_attention.dense
time 2.05
========================================
layers[26].mlp.dense_h_to_4h
time 2.32
========================================
layers[26].mlp.dense_4h_to_h
time 7.31
========================================
layers[27].self_attention.query_key_value
time 2.19
========================================
layers[27].self_attention.dense
time 2.12
========================================
layers[27].mlp.dense_h_to_4h
time 2.33
========================================
layers[27].mlp.dense_4h_to_h
time 7.28
========================================
layers[28].self_attention.query_key_value
time 2.12
========================================
layers[28].self_attention.dense
time 2.04
========================================
layers[28].mlp.dense_h_to_4h
time 2.42
========================================
layers[28].mlp.dense_4h_to_h
time 7.50
========================================
layers[29].self_attention.query_key_value
time 2.09
========================================
layers[29].self_attention.dense
time 2.09
========================================
layers[29].mlp.dense_h_to_4h
time 2.36
========================================
layers[29].mlp.dense_4h_to_h
time 7.38
========================================
615.8495149612427
wikitext2
Evaluation...
0
1
2
3
4
5
6
7
8
9
10
11
12
13
14
15
16
17
18
19
20
21
22
23
24
25
26
27
28
29
13.694743156433105
ptb-new
Evaluation...
0
1
2
3
4
5
6
7
8
9
10
11
12
13
14
15
16
17
18
19
20
21
22
23
24
25
26
27
28
29
25.760597229003906
c4-new
Evaluation...
0
1
2
3
4
5
6
7
8
9
10
11
12
13
14
15
16
17
18
19
20
21
22
23
24
25
26
27
28
29
17.700794219970703
