CUDA extension not installed.
Starting ...
Ready.
layers[0].self_attention.query_key_value
time 0.72
========================================
layers[0].self_attention.dense
time 0.84
========================================
layers[0].mlp.dense_h_to_4h
time 0.86
========================================
layers[0].mlp.dense_4h_to_h
time 2.23
========================================
layers[1].self_attention.query_key_value
time 0.69
========================================
layers[1].self_attention.dense
time 0.89
========================================
layers[1].mlp.dense_h_to_4h
time 0.86
========================================
layers[1].mlp.dense_4h_to_h
time 2.49
========================================
layers[2].self_attention.query_key_value
time 0.68
========================================
layers[2].self_attention.dense
time 0.84
========================================
layers[2].mlp.dense_h_to_4h
time 0.85
========================================
layers[2].mlp.dense_4h_to_h
time 2.51
========================================
layers[3].self_attention.query_key_value
time 0.69
========================================
layers[3].self_attention.dense
time 0.84
========================================
layers[3].mlp.dense_h_to_4h
time 0.85
========================================
layers[3].mlp.dense_4h_to_h
time 2.47
========================================
layers[4].self_attention.query_key_value
time 0.69
========================================
layers[4].self_attention.dense
time 0.85
========================================
layers[4].mlp.dense_h_to_4h
time 0.86
========================================
layers[4].mlp.dense_4h_to_h
time 2.52
========================================
layers[5].self_attention.query_key_value
time 0.70
========================================
layers[5].self_attention.dense
time 0.84
========================================
layers[5].mlp.dense_h_to_4h
time 0.87
========================================
layers[5].mlp.dense_4h_to_h
time 2.40
========================================
layers[6].self_attention.query_key_value
time 0.67
========================================
layers[6].self_attention.dense
time 0.82
========================================
layers[6].mlp.dense_h_to_4h
time 0.83
========================================
layers[6].mlp.dense_4h_to_h
time 2.43
========================================
layers[7].self_attention.query_key_value
time 0.66
========================================
layers[7].self_attention.dense
time 0.82
========================================
layers[7].mlp.dense_h_to_4h
time 0.83
========================================
layers[7].mlp.dense_4h_to_h
time 2.39
========================================
layers[8].self_attention.query_key_value
time 0.67
========================================
layers[8].self_attention.dense
time 0.84
========================================
layers[8].mlp.dense_h_to_4h
time 0.85
========================================
layers[8].mlp.dense_4h_to_h
time 2.41
========================================
layers[9].self_attention.query_key_value
time 0.67
========================================
layers[9].self_attention.dense
time 0.83
========================================
layers[9].mlp.dense_h_to_4h
time 0.85
========================================
layers[9].mlp.dense_4h_to_h
time 2.36
========================================
layers[10].self_attention.query_key_value
time 0.67
========================================
layers[10].self_attention.dense
time 0.82
========================================
layers[10].mlp.dense_h_to_4h
time 0.82
========================================
layers[10].mlp.dense_4h_to_h
time 2.36
========================================
layers[11].self_attention.query_key_value
time 0.67
========================================
layers[11].self_attention.dense
time 0.82
========================================
layers[11].mlp.dense_h_to_4h
time 0.84
========================================
layers[11].mlp.dense_4h_to_h
time 2.38
========================================
layers[12].self_attention.query_key_value
time 0.66
========================================
layers[12].self_attention.dense
time 0.82
========================================
layers[12].mlp.dense_h_to_4h
time 0.84
========================================
layers[12].mlp.dense_4h_to_h
time 2.43
========================================
layers[13].self_attention.query_key_value
time 0.65
========================================
layers[13].self_attention.dense
time 0.81
========================================
layers[13].mlp.dense_h_to_4h
time 0.84
========================================
layers[13].mlp.dense_4h_to_h
time 2.40
========================================
layers[14].self_attention.query_key_value
time 0.66
========================================
layers[14].self_attention.dense
time 0.82
========================================
layers[14].mlp.dense_h_to_4h
time 0.84
========================================
layers[14].mlp.dense_4h_to_h
time 2.45
========================================
layers[15].self_attention.query_key_value
time 0.67
========================================
layers[15].self_attention.dense
time 0.82
========================================
layers[15].mlp.dense_h_to_4h
time 0.83
========================================
layers[15].mlp.dense_4h_to_h
time 2.42
========================================
layers[16].self_attention.query_key_value
time 0.71
========================================
layers[16].self_attention.dense
time 0.81
========================================
layers[16].mlp.dense_h_to_4h
time 0.83
========================================
layers[16].mlp.dense_4h_to_h
time 2.44
========================================
layers[17].self_attention.query_key_value
time 0.67
========================================
layers[17].self_attention.dense
time 0.83
========================================
layers[17].mlp.dense_h_to_4h
time 0.90
========================================
layers[17].mlp.dense_4h_to_h
time 2.45
========================================
layers[18].self_attention.query_key_value
time 0.68
========================================
layers[18].self_attention.dense
time 0.82
========================================
layers[18].mlp.dense_h_to_4h
time 0.84
========================================
layers[18].mlp.dense_4h_to_h
time 2.50
========================================
layers[19].self_attention.query_key_value
time 0.81
========================================
layers[19].self_attention.dense
time 0.83
========================================
layers[19].mlp.dense_h_to_4h
time 0.85
========================================
layers[19].mlp.dense_4h_to_h
time 2.46
========================================
layers[20].self_attention.query_key_value
time 0.68
========================================
layers[20].self_attention.dense
time 0.81
========================================
layers[20].mlp.dense_h_to_4h
time 0.85
========================================
layers[20].mlp.dense_4h_to_h
time 2.50
========================================
layers[21].self_attention.query_key_value
time 0.68
========================================
layers[21].self_attention.dense
time 0.84
========================================
layers[21].mlp.dense_h_to_4h
time 0.85
========================================
layers[21].mlp.dense_4h_to_h
time 2.40
========================================
layers[22].self_attention.query_key_value
time 0.65
========================================
layers[22].self_attention.dense
time 0.81
========================================
layers[22].mlp.dense_h_to_4h
time 0.83
========================================
layers[22].mlp.dense_4h_to_h
time 2.70
========================================
layers[23].self_attention.query_key_value
time 0.67
========================================
layers[23].self_attention.dense
time 0.83
========================================
layers[23].mlp.dense_h_to_4h
time 0.94
========================================
layers[23].mlp.dense_4h_to_h
time 2.45
========================================
162.3825559616089
wikitext2
Evaluation...
0
1
2
3
4
5
6
7
8
9
10
11
12
13
14
15
16
17
18
19
20
21
22
23
24.846628189086914
ptb-new
Evaluation...
0
1
2
3
4
5
6
7
8
9
10
11
12
13
14
15
16
17
18
19
20
21
22
23
48.59510040283203
c4-new
Evaluation...
0
1
2
3
4
5
6
7
8
9
10
11
12
13
14
15
16
17
18
19
20
21
22
23
28.77328872680664
