CUDA extension not installed.
Starting ...
Ready.
layers[0].self_attention.query_key_value
time 0.70
========================================
layers[0].self_attention.dense
time 0.79
========================================
layers[0].mlp.dense_h_to_4h
time 0.80
========================================
layers[0].mlp.dense_4h_to_h
time 2.49
========================================
layers[1].self_attention.query_key_value
time 0.63
========================================
layers[1].self_attention.dense
time 0.80
========================================
layers[1].mlp.dense_h_to_4h
time 0.91
========================================
layers[1].mlp.dense_4h_to_h
time 2.33
========================================
layers[2].self_attention.query_key_value
time 0.66
========================================
layers[2].self_attention.dense
time 0.78
========================================
layers[2].mlp.dense_h_to_4h
time 0.80
========================================
layers[2].mlp.dense_4h_to_h
time 2.38
========================================
layers[3].self_attention.query_key_value
time 0.80
========================================
layers[3].self_attention.dense
time 0.79
========================================
layers[3].mlp.dense_h_to_4h
time 0.80
========================================
layers[3].mlp.dense_4h_to_h
time 2.25
========================================
layers[4].self_attention.query_key_value
time 0.69
========================================
layers[4].self_attention.dense
time 0.79
========================================
layers[4].mlp.dense_h_to_4h
time 0.81
========================================
layers[4].mlp.dense_4h_to_h
time 2.39
========================================
layers[5].self_attention.query_key_value
time 0.67
========================================
layers[5].self_attention.dense
time 0.81
========================================
layers[5].mlp.dense_h_to_4h
time 0.89
========================================
layers[5].mlp.dense_4h_to_h
time 2.36
========================================
layers[6].self_attention.query_key_value
time 0.69
========================================
layers[6].self_attention.dense
time 0.84
========================================
layers[6].mlp.dense_h_to_4h
time 0.87
========================================
layers[6].mlp.dense_4h_to_h
time 2.48
========================================
layers[7].self_attention.query_key_value
time 0.67
========================================
layers[7].self_attention.dense
time 0.82
========================================
layers[7].mlp.dense_h_to_4h
time 0.85
========================================
layers[7].mlp.dense_4h_to_h
time 2.44
========================================
layers[8].self_attention.query_key_value
time 0.69
========================================
layers[8].self_attention.dense
time 0.82
========================================
layers[8].mlp.dense_h_to_4h
time 0.85
========================================
layers[8].mlp.dense_4h_to_h
time 2.38
========================================
layers[9].self_attention.query_key_value
time 0.69
========================================
layers[9].self_attention.dense
time 0.85
========================================
layers[9].mlp.dense_h_to_4h
time 0.85
========================================
layers[9].mlp.dense_4h_to_h
time 2.47
========================================
layers[10].self_attention.query_key_value
time 0.66
========================================
layers[10].self_attention.dense
time 0.82
========================================
layers[10].mlp.dense_h_to_4h
time 0.85
========================================
layers[10].mlp.dense_4h_to_h
time 2.30
========================================
layers[11].self_attention.query_key_value
time 0.69
========================================
layers[11].self_attention.dense
time 0.84
========================================
layers[11].mlp.dense_h_to_4h
time 0.83
========================================
layers[11].mlp.dense_4h_to_h
time 2.44
========================================
layers[12].self_attention.query_key_value
time 0.63
========================================
layers[12].self_attention.dense
time 0.79
========================================
layers[12].mlp.dense_h_to_4h
time 0.80
========================================
layers[12].mlp.dense_4h_to_h
time 2.27
========================================
layers[13].self_attention.query_key_value
time 0.64
========================================
layers[13].self_attention.dense
time 0.78
========================================
layers[13].mlp.dense_h_to_4h
time 0.82
========================================
layers[13].mlp.dense_4h_to_h
time 2.39
========================================
layers[14].self_attention.query_key_value
time 0.65
========================================
layers[14].self_attention.dense
time 0.84
========================================
layers[14].mlp.dense_h_to_4h
time 0.85
========================================
layers[14].mlp.dense_4h_to_h
time 2.40
========================================
layers[15].self_attention.query_key_value
time 0.69
========================================
layers[15].self_attention.dense
time 0.85
========================================
layers[15].mlp.dense_h_to_4h
time 0.85
========================================
layers[15].mlp.dense_4h_to_h
time 2.25
========================================
layers[16].self_attention.query_key_value
time 0.65
========================================
layers[16].self_attention.dense
time 0.81
========================================
layers[16].mlp.dense_h_to_4h
time 0.88
========================================
layers[16].mlp.dense_4h_to_h
time 2.27
========================================
layers[17].self_attention.query_key_value
time 0.71
========================================
layers[17].self_attention.dense
time 0.84
========================================
layers[17].mlp.dense_h_to_4h
time 0.81
========================================
layers[17].mlp.dense_4h_to_h
time 2.35
========================================
layers[18].self_attention.query_key_value
time 0.71
========================================
layers[18].self_attention.dense
time 0.85
========================================
layers[18].mlp.dense_h_to_4h
time 0.83
========================================
layers[18].mlp.dense_4h_to_h
time 2.26
========================================
layers[19].self_attention.query_key_value
time 0.67
========================================
layers[19].self_attention.dense
time 0.80
========================================
layers[19].mlp.dense_h_to_4h
time 0.85
========================================
layers[19].mlp.dense_4h_to_h
time 2.34
========================================
layers[20].self_attention.query_key_value
time 0.65
========================================
layers[20].self_attention.dense
time 0.82
========================================
layers[20].mlp.dense_h_to_4h
time 0.82
========================================
layers[20].mlp.dense_4h_to_h
time 2.34
========================================
layers[21].self_attention.query_key_value
time 0.64
========================================
layers[21].self_attention.dense
time 0.79
========================================
layers[21].mlp.dense_h_to_4h
time 0.82
========================================
layers[21].mlp.dense_4h_to_h
time 2.31
========================================
layers[22].self_attention.query_key_value
time 0.66
========================================
layers[22].self_attention.dense
time 0.82
========================================
layers[22].mlp.dense_h_to_4h
time 0.83
========================================
layers[22].mlp.dense_4h_to_h
time 2.40
========================================
layers[23].self_attention.query_key_value
time 0.68
========================================
layers[23].self_attention.dense
time 0.82
========================================
layers[23].mlp.dense_h_to_4h
time 0.84
========================================
layers[23].mlp.dense_4h_to_h
time 2.39
========================================
159.6588430404663
wikitext2
Evaluation...
0
1
2
3
4
5
6
7
8
9
10
11
12
13
14
15
16
17
18
19
20
21
22
23
38.34718322753906
ptb-new
Evaluation...
0
1
2
3
4
5
6
7
8
9
10
11
12
13
14
15
16
17
18
19
20
21
22
23
83.69688415527344
c4-new
Evaluation...
0
1
2
3
4
5
6
7
8
9
10
11
12
13
14
15
16
17
18
19
20
21
22
23
41.02008056640625

