CUDA extension not installed.
Starting ...
Ready.
layers[0].self_attention.query_key_value
time 0.69
========================================
layers[0].self_attention.dense
time 0.77
========================================
layers[0].mlp.dense_h_to_4h
time 0.80
========================================
layers[0].mlp.dense_4h_to_h
time 2.46
========================================
layers[1].self_attention.query_key_value
time 0.65
========================================
layers[1].self_attention.dense
time 0.80
========================================
layers[1].mlp.dense_h_to_4h
time 0.89
========================================
layers[1].mlp.dense_4h_to_h
time 2.34
========================================
layers[2].self_attention.query_key_value
time 0.69
========================================
layers[2].self_attention.dense
time 0.77
========================================
layers[2].mlp.dense_h_to_4h
time 0.77
========================================
layers[2].mlp.dense_4h_to_h
time 2.32
========================================
layers[3].self_attention.query_key_value
time 0.62
========================================
layers[3].self_attention.dense
time 0.78
========================================
layers[3].mlp.dense_h_to_4h
time 0.77
========================================
layers[3].mlp.dense_4h_to_h
time 2.33
========================================
layers[4].self_attention.query_key_value
time 0.61
========================================
layers[4].self_attention.dense
time 0.76
========================================
layers[4].mlp.dense_h_to_4h
time 0.78
========================================
layers[4].mlp.dense_4h_to_h
time 2.28
========================================
layers[5].self_attention.query_key_value
time 0.61
========================================
layers[5].self_attention.dense
time 0.77
========================================
layers[5].mlp.dense_h_to_4h
time 0.78
========================================
layers[5].mlp.dense_4h_to_h
time 2.24
========================================
layers[6].self_attention.query_key_value
time 0.61
========================================
layers[6].self_attention.dense
time 0.77
========================================
layers[6].mlp.dense_h_to_4h
time 0.79
========================================
layers[6].mlp.dense_4h_to_h
time 2.34
========================================
layers[7].self_attention.query_key_value
time 0.64
========================================
layers[7].self_attention.dense
time 0.82
========================================
layers[7].mlp.dense_h_to_4h
time 0.83
========================================
layers[7].mlp.dense_4h_to_h
time 2.37
========================================
layers[8].self_attention.query_key_value
time 0.66
========================================
layers[8].self_attention.dense
time 0.79
========================================
layers[8].mlp.dense_h_to_4h
time 0.84
========================================
layers[8].mlp.dense_4h_to_h
time 2.39
========================================
layers[9].self_attention.query_key_value
time 0.64
========================================
layers[9].self_attention.dense
time 0.80
========================================
layers[9].mlp.dense_h_to_4h
time 0.80
========================================
layers[9].mlp.dense_4h_to_h
time 2.23
========================================
layers[10].self_attention.query_key_value
time 0.62
========================================
layers[10].self_attention.dense
time 0.76
========================================
layers[10].mlp.dense_h_to_4h
time 0.78
========================================
layers[10].mlp.dense_4h_to_h
time 2.29
========================================
layers[11].self_attention.query_key_value
time 0.66
========================================
layers[11].self_attention.dense
time 0.79
========================================
layers[11].mlp.dense_h_to_4h
time 0.82
========================================
layers[11].mlp.dense_4h_to_h
time 2.30
========================================
layers[12].self_attention.query_key_value
time 0.64
========================================
layers[12].self_attention.dense
time 0.87
========================================
layers[12].mlp.dense_h_to_4h
time 0.79
========================================
layers[12].mlp.dense_4h_to_h
time 2.37
========================================
layers[13].self_attention.query_key_value
time 0.61
========================================
layers[13].self_attention.dense
time 0.76
========================================
layers[13].mlp.dense_h_to_4h
time 0.79
========================================
layers[13].mlp.dense_4h_to_h
time 2.29
========================================
layers[14].self_attention.query_key_value
time 0.61
========================================
layers[14].self_attention.dense
time 0.94
========================================
layers[14].mlp.dense_h_to_4h
time 0.81
========================================
layers[14].mlp.dense_4h_to_h
time 2.23
========================================
layers[15].self_attention.query_key_value
time 0.63
========================================
layers[15].self_attention.dense
time 0.79
========================================
layers[15].mlp.dense_h_to_4h
time 0.80
========================================
layers[15].mlp.dense_4h_to_h
time 2.35
========================================
layers[16].self_attention.query_key_value
time 0.66
========================================
layers[16].self_attention.dense
time 0.81
========================================
layers[16].mlp.dense_h_to_4h
time 0.82
========================================
layers[16].mlp.dense_4h_to_h
time 2.38
========================================
layers[17].self_attention.query_key_value
time 0.66
========================================
layers[17].self_attention.dense
time 0.81
========================================
layers[17].mlp.dense_h_to_4h
time 0.81
========================================
layers[17].mlp.dense_4h_to_h
time 2.35
========================================
layers[18].self_attention.query_key_value
time 0.65
========================================
layers[18].self_attention.dense
time 0.76
========================================
layers[18].mlp.dense_h_to_4h
time 0.76
========================================
layers[18].mlp.dense_4h_to_h
time 2.28
========================================
layers[19].self_attention.query_key_value
time 0.62
========================================
layers[19].self_attention.dense
time 0.78
========================================
layers[19].mlp.dense_h_to_4h
time 0.82
========================================
layers[19].mlp.dense_4h_to_h
time 2.31
========================================
layers[20].self_attention.query_key_value
time 0.63
========================================
layers[20].self_attention.dense
time 0.76
========================================
layers[20].mlp.dense_h_to_4h
time 0.82
========================================
layers[20].mlp.dense_4h_to_h
time 2.34
========================================
layers[21].self_attention.query_key_value
time 0.63
========================================
layers[21].self_attention.dense
time 0.79
========================================
layers[21].mlp.dense_h_to_4h
time 0.81
========================================
layers[21].mlp.dense_4h_to_h
time 2.31
========================================
layers[22].self_attention.query_key_value
time 0.64
========================================
layers[22].self_attention.dense
time 0.81
========================================
layers[22].mlp.dense_h_to_4h
time 0.81
========================================
layers[22].mlp.dense_4h_to_h
time 2.43
========================================
layers[23].self_attention.query_key_value
time 0.63
========================================
layers[23].self_attention.dense
time 0.77
========================================
layers[23].mlp.dense_h_to_4h
time 0.79
========================================
layers[23].mlp.dense_4h_to_h
time 2.32
========================================
156.17904472351074
wikitext2
Evaluation...
0
1
2
3
4
5
6
7
8
9
10
11
12
13
14
15
16
17
18
19
20
21
22
23
23.17620849609375
ptb-new
Evaluation...
0
1
2
3
4
5
6
7
8
9
10
11
12
13
14
15
16
17
18
19
20
21
22
23
45.267478942871094
c4-new
Evaluation...
0
1
2
3
4
5
6
7
8
9
10
11
12
13
14
15
16
17
18
19
20
21
22
23
27.29094123840332
