CUDA extension not installed.
Starting ...
Ready.
layers[0].self_attention.query_key_value
time 4.59
========================================
layers[0].self_attention.dense
time 3.30
========================================
layers[0].mlp.dense_h_to_4h
time 4.03
========================================
layers[0].mlp.dense_4h_to_h
time 13.14
========================================
layers[1].self_attention.query_key_value
time 3.68
========================================
layers[1].self_attention.dense
time 3.39
========================================
layers[1].mlp.dense_h_to_4h
time 3.96
========================================
layers[1].mlp.dense_4h_to_h
time 13.70
========================================
layers[2].self_attention.query_key_value
time 3.84
========================================
layers[2].self_attention.dense
time 3.35
========================================
layers[2].mlp.dense_h_to_4h
time 4.05
========================================
layers[2].mlp.dense_4h_to_h
time 13.87
========================================
layers[3].self_attention.query_key_value
time 3.78
========================================
layers[3].self_attention.dense
time 3.32
========================================
layers[3].mlp.dense_h_to_4h
time 3.94
========================================
layers[3].mlp.dense_4h_to_h
time 13.36
========================================
layers[4].self_attention.query_key_value
time 3.62
========================================
layers[4].self_attention.dense
time 2.99
========================================
layers[4].mlp.dense_h_to_4h
time 3.95
========================================
layers[4].mlp.dense_4h_to_h
time 13.19
========================================
layers[5].self_attention.query_key_value
time 3.63
========================================
layers[5].self_attention.dense
time 3.24
========================================
layers[5].mlp.dense_h_to_4h
time 4.00
========================================
layers[5].mlp.dense_4h_to_h
time 13.63
========================================
layers[6].self_attention.query_key_value
time 3.82
========================================
layers[6].self_attention.dense
time 3.22
========================================
layers[6].mlp.dense_h_to_4h
time 4.01
========================================
layers[6].mlp.dense_4h_to_h
time 12.60
========================================
layers[7].self_attention.query_key_value
time 3.69
========================================
layers[7].self_attention.dense
time 3.33
========================================
layers[7].mlp.dense_h_to_4h
time 4.01
========================================
layers[7].mlp.dense_4h_to_h
time 12.67
========================================
layers[8].self_attention.query_key_value
time 3.89
========================================
layers[8].self_attention.dense
time 3.11
========================================
layers[8].mlp.dense_h_to_4h
time 3.85
========================================
layers[8].mlp.dense_4h_to_h
time 13.28
========================================
layers[9].self_attention.query_key_value
time 3.87
========================================
layers[9].self_attention.dense
time 3.13
========================================
layers[9].mlp.dense_h_to_4h
time 4.02
========================================
layers[9].mlp.dense_4h_to_h
time 13.39
========================================
layers[10].self_attention.query_key_value
time 3.91
========================================
layers[10].self_attention.dense
time 3.32
========================================
layers[10].mlp.dense_h_to_4h
time 4.08
========================================
layers[10].mlp.dense_4h_to_h
time 13.64
========================================
layers[11].self_attention.query_key_value
time 3.73
========================================
layers[11].self_attention.dense
time 3.45
========================================
layers[11].mlp.dense_h_to_4h
time 3.99
========================================
layers[11].mlp.dense_4h_to_h
time 13.17
========================================
layers[12].self_attention.query_key_value
time 3.73
========================================
layers[12].self_attention.dense
time 3.23
========================================
layers[12].mlp.dense_h_to_4h
time 4.03
========================================
layers[12].mlp.dense_4h_to_h
time 13.51
========================================
layers[13].self_attention.query_key_value
time 3.86
========================================
layers[13].self_attention.dense
time 3.27
========================================
layers[13].mlp.dense_h_to_4h
time 4.04
========================================
layers[13].mlp.dense_4h_to_h
time 13.99
========================================
layers[14].self_attention.query_key_value
time 3.87
========================================
layers[14].self_attention.dense
time 3.34
========================================
layers[14].mlp.dense_h_to_4h
time 4.08
========================================
layers[14].mlp.dense_4h_to_h
time 13.77
========================================
layers[15].self_attention.query_key_value
time 3.89
========================================
layers[15].self_attention.dense
time 3.19
========================================
layers[15].mlp.dense_h_to_4h
time 4.04
========================================
layers[15].mlp.dense_4h_to_h
time 13.12
========================================
layers[16].self_attention.query_key_value
time 3.89
========================================
layers[16].self_attention.dense
time 3.36
========================================
layers[16].mlp.dense_h_to_4h
time 4.05
========================================
layers[16].mlp.dense_4h_to_h
time 13.91
========================================
layers[17].self_attention.query_key_value
time 3.83
========================================
layers[17].self_attention.dense
time 3.29
========================================
layers[17].mlp.dense_h_to_4h
time 4.04
========================================
layers[17].mlp.dense_4h_to_h
time 13.50
========================================
layers[18].self_attention.query_key_value
time 3.82
========================================
layers[18].self_attention.dense
time 3.30
========================================
layers[18].mlp.dense_h_to_4h
time 4.04
========================================
layers[18].mlp.dense_4h_to_h
time 13.72
========================================
layers[19].self_attention.query_key_value
time 3.89
========================================
layers[19].self_attention.dense
time 3.32
========================================
layers[19].mlp.dense_h_to_4h
time 4.06
========================================
layers[19].mlp.dense_4h_to_h
time 13.67
========================================
layers[20].self_attention.query_key_value
time 3.88
========================================
layers[20].self_attention.dense
time 3.39
========================================
layers[20].mlp.dense_h_to_4h
time 4.05
========================================
layers[20].mlp.dense_4h_to_h
time 13.48
========================================
layers[21].self_attention.query_key_value
time 3.93
========================================
layers[21].self_attention.dense
time 3.32
========================================
layers[21].mlp.dense_h_to_4h
time 4.09
========================================
layers[21].mlp.dense_4h_to_h
time 13.81
========================================
layers[22].self_attention.query_key_value
time 3.88
========================================
layers[22].self_attention.dense
time 3.30
========================================
layers[22].mlp.dense_h_to_4h
time 4.03
========================================
layers[22].mlp.dense_4h_to_h
time 13.71
========================================
layers[23].self_attention.query_key_value
time 3.86
========================================
layers[23].self_attention.dense
time 3.34
========================================
layers[23].mlp.dense_h_to_4h
time 4.04
========================================
layers[23].mlp.dense_4h_to_h
time 13.82
========================================
layers[24].self_attention.query_key_value
time 3.81
========================================
layers[24].self_attention.dense
time 3.27
========================================
layers[24].mlp.dense_h_to_4h
time 4.06
========================================
layers[24].mlp.dense_4h_to_h
time 13.65
========================================
layers[25].self_attention.query_key_value
time 3.89
========================================
layers[25].self_attention.dense
time 3.34
========================================
layers[25].mlp.dense_h_to_4h
time 4.03
========================================
layers[25].mlp.dense_4h_to_h
time 13.45
========================================
layers[26].self_attention.query_key_value
time 3.88
========================================
layers[26].self_attention.dense
time 3.30
========================================
layers[26].mlp.dense_h_to_4h
time 4.08
========================================
layers[26].mlp.dense_4h_to_h
time 12.98
========================================
layers[27].self_attention.query_key_value
time 3.64
========================================
layers[27].self_attention.dense
time 3.22
========================================
layers[27].mlp.dense_h_to_4h
time 4.08
========================================
layers[27].mlp.dense_4h_to_h
time 13.68
========================================
layers[28].self_attention.query_key_value
time 3.83
========================================
layers[28].self_attention.dense
time 3.31
========================================
layers[28].mlp.dense_h_to_4h
time 4.08
========================================
layers[28].mlp.dense_4h_to_h
time 13.71
========================================
layers[29].self_attention.query_key_value
time 3.70
========================================
layers[29].self_attention.dense
time 3.31
========================================
layers[29].mlp.dense_h_to_4h
time 4.06
========================================
layers[29].mlp.dense_4h_to_h
time 13.78
========================================
1117.256105184555
wikitext2
Evaluation...
0
1
2
3
4
5
6
7
8
9
10
11
12
13
14
15
16
17
18
19
20
21
22
23
24
25
26
27
28
29
14.174299240112305
ptb-new
Evaluation...
0
1
2
3
4
5
6
7
8
9
10
11
12
13
14
15
16
17
18
19
20
21
22
23
24
25
26
27
28
29
26.77726936340332
c4-new
Evaluation...
0
1
2
3
4
5
6
7
8
9
10
11
12
13
14
15
16
17
18
19
20
21
22
23
24
25
26
27
28
29
18.026517868041992
