CUDA extension not installed.
Starting ...
Ready.
layers[0].self_attention.query_key_value
time 4.38
========================================
layers[0].self_attention.dense
time 3.36
========================================
layers[0].mlp.dense_h_to_4h
time 3.88
========================================
layers[0].mlp.dense_4h_to_h
time 12.90
========================================
layers[1].self_attention.query_key_value
time 3.71
========================================
layers[1].self_attention.dense
time 3.09
========================================
layers[1].mlp.dense_h_to_4h
time 3.92
========================================
layers[1].mlp.dense_4h_to_h
time 12.99
========================================
layers[2].self_attention.query_key_value
time 3.67
========================================
layers[2].self_attention.dense
time 3.05
========================================
layers[2].mlp.dense_h_to_4h
time 3.88
========================================
layers[2].mlp.dense_4h_to_h
time 12.87
========================================
layers[3].self_attention.query_key_value
time 3.68
========================================
layers[3].self_attention.dense
time 3.04
========================================
layers[3].mlp.dense_h_to_4h
time 3.86
========================================
layers[3].mlp.dense_4h_to_h
time 12.96
========================================
layers[4].self_attention.query_key_value
time 3.67
========================================
layers[4].self_attention.dense
time 3.03
========================================
layers[4].mlp.dense_h_to_4h
time 3.87
========================================
layers[4].mlp.dense_4h_to_h
time 12.84
========================================
layers[5].self_attention.query_key_value
time 3.70
========================================
layers[5].self_attention.dense
time 3.06
========================================
layers[5].mlp.dense_h_to_4h
time 3.93
========================================
layers[5].mlp.dense_4h_to_h
time 12.41
========================================
layers[6].self_attention.query_key_value
time 3.60
========================================
layers[6].self_attention.dense
time 3.06
========================================
layers[6].mlp.dense_h_to_4h
time 3.92
========================================
layers[6].mlp.dense_4h_to_h
time 12.84
========================================
layers[7].self_attention.query_key_value
time 3.70
========================================
layers[7].self_attention.dense
time 3.09
========================================
layers[7].mlp.dense_h_to_4h
time 3.99
========================================
layers[7].mlp.dense_4h_to_h
time 12.85
========================================
layers[8].self_attention.query_key_value
time 3.66
========================================
layers[8].self_attention.dense
time 3.03
========================================
layers[8].mlp.dense_h_to_4h
time 3.83
========================================
layers[8].mlp.dense_4h_to_h
time 12.84
========================================
layers[9].self_attention.query_key_value
time 3.76
========================================
layers[9].self_attention.dense
time 3.09
========================================
layers[9].mlp.dense_h_to_4h
time 3.90
========================================
layers[9].mlp.dense_4h_to_h
time 13.01
========================================
layers[10].self_attention.query_key_value
time 3.67
========================================
layers[10].self_attention.dense
time 3.16
========================================
layers[10].mlp.dense_h_to_4h
time 3.90
========================================
layers[10].mlp.dense_4h_to_h
time 12.80
========================================
layers[11].self_attention.query_key_value
time 3.66
========================================
layers[11].self_attention.dense
time 3.06
========================================
layers[11].mlp.dense_h_to_4h
time 3.88
========================================
layers[11].mlp.dense_4h_to_h
time 12.82
========================================
layers[12].self_attention.query_key_value
time 3.67
========================================
layers[12].self_attention.dense
time 3.08
========================================
layers[12].mlp.dense_h_to_4h
time 3.95
========================================
layers[12].mlp.dense_4h_to_h
time 12.94
========================================
layers[13].self_attention.query_key_value
time 3.70
========================================
layers[13].self_attention.dense
time 3.11
========================================
layers[13].mlp.dense_h_to_4h
time 4.01
========================================
layers[13].mlp.dense_4h_to_h
time 12.81
========================================
layers[14].self_attention.query_key_value
time 3.71
========================================
layers[14].self_attention.dense
time 3.12
========================================
layers[14].mlp.dense_h_to_4h
time 3.88
========================================
layers[14].mlp.dense_4h_to_h
time 12.59
========================================
layers[15].self_attention.query_key_value
time 3.67
========================================
layers[15].self_attention.dense
time 3.05
========================================
layers[15].mlp.dense_h_to_4h
time 3.87
========================================
layers[15].mlp.dense_4h_to_h
time 12.94
========================================
layers[16].self_attention.query_key_value
time 3.65
========================================
layers[16].self_attention.dense
time 3.18
========================================
layers[16].mlp.dense_h_to_4h
time 3.90
========================================
layers[16].mlp.dense_4h_to_h
time 12.78
========================================
layers[17].self_attention.query_key_value
time 3.61
========================================
layers[17].self_attention.dense
time 3.11
========================================
layers[17].mlp.dense_h_to_4h
time 3.95
========================================
layers[17].mlp.dense_4h_to_h
time 12.84
========================================
layers[18].self_attention.query_key_value
time 3.68
========================================
layers[18].self_attention.dense
time 3.12
========================================
layers[18].mlp.dense_h_to_4h
time 3.96
========================================
layers[18].mlp.dense_4h_to_h
time 12.95
========================================
layers[19].self_attention.query_key_value
time 3.65
========================================
layers[19].self_attention.dense
time 3.00
========================================
layers[19].mlp.dense_h_to_4h
time 3.86
========================================
layers[19].mlp.dense_4h_to_h
time 12.72
========================================
layers[20].self_attention.query_key_value
time 3.71
========================================
layers[20].self_attention.dense
time 3.04
========================================
layers[20].mlp.dense_h_to_4h
time 3.88
========================================
layers[20].mlp.dense_4h_to_h
time 12.81
========================================
layers[21].self_attention.query_key_value
time 3.57
========================================
layers[21].self_attention.dense
time 3.02
========================================
layers[21].mlp.dense_h_to_4h
time 3.84
========================================
layers[21].mlp.dense_4h_to_h
time 12.91
========================================
layers[22].self_attention.query_key_value
time 3.69
========================================
layers[22].self_attention.dense
time 3.05
========================================
layers[22].mlp.dense_h_to_4h
time 3.85
========================================
layers[22].mlp.dense_4h_to_h
time 12.86
========================================
layers[23].self_attention.query_key_value
time 3.69
========================================
layers[23].self_attention.dense
time 3.03
========================================
layers[23].mlp.dense_h_to_4h
time 3.89
========================================
layers[23].mlp.dense_4h_to_h
time 12.90
========================================
layers[24].self_attention.query_key_value
time 3.67
========================================
layers[24].self_attention.dense
time 3.05
========================================
layers[24].mlp.dense_h_to_4h
time 3.85
========================================
layers[24].mlp.dense_4h_to_h
time 12.96
========================================
layers[25].self_attention.query_key_value
time 3.69
========================================
layers[25].self_attention.dense
time 2.96
========================================
layers[25].mlp.dense_h_to_4h
time 3.81
========================================
layers[25].mlp.dense_4h_to_h
time 12.76
========================================
layers[26].self_attention.query_key_value
time 3.67
========================================
layers[26].self_attention.dense
time 3.07
========================================
layers[26].mlp.dense_h_to_4h
time 3.96
========================================
layers[26].mlp.dense_4h_to_h
time 12.70
========================================
layers[27].self_attention.query_key_value
time 3.72
========================================
layers[27].self_attention.dense
time 3.05
========================================
layers[27].mlp.dense_h_to_4h
time 3.95
========================================
layers[27].mlp.dense_4h_to_h
time 12.65
========================================
layers[28].self_attention.query_key_value
time 3.68
========================================
layers[28].self_attention.dense
time 3.14
========================================
layers[28].mlp.dense_h_to_4h
time 3.90
========================================
layers[28].mlp.dense_4h_to_h
time 12.99
========================================
layers[29].self_attention.query_key_value
time 3.68
========================================
layers[29].self_attention.dense
time 3.10
========================================
layers[29].mlp.dense_h_to_4h
time 3.86
========================================
layers[29].mlp.dense_4h_to_h
time 13.15
========================================
1081.3577814102173
wikitext2
Evaluation...
0
1
2
3
4
5
6
7
8
9
10
11
12
13
14
15
16
17
18
19
20
21
22
23
24
25
26
27
28
29
11.760324478149414
ptb-new
Evaluation...
0
1
2
3
4
5
6
7
8
9
10
11
12
13
14
15
16
17
18
19
20
21
22
23
24
25
26
27
28
29
21.84526824951172
c4-new
Evaluation...
0
1
2
3
4
5
6
7
8
9
10
11
12
13
14
15
16
17
18
19
20
21
22
23
24
25
26
27
28
29
15.66690731048584
