CUDA extension not installed.
Starting ...
Ready.
0 self_attn.k_proj
Quantizing ...
time 4.27
error 28154.875
0 self_attn.v_proj
Quantizing ...
time 1.81
error 792.188720703125
0 self_attn.q_proj
Quantizing ...
time 1.80
error 27701.59765625
0 self_attn.o_proj
Quantizing ...
time 2.46
error 135.6185760498047
0 mlp.up_proj
Quantizing ...
time 2.32
error 8719.1640625
0 mlp.gate_proj
Quantizing ...
time 1.80
error 9643.314453125
0 mlp.down_proj
Quantizing ...
time 6.71
error 644.7235717773438
1 self_attn.k_proj
Quantizing ...
time 2.36
error 71649.359375
1 self_attn.v_proj
Quantizing ...
time 1.77
error 4797.6865234375
1 self_attn.q_proj
Quantizing ...
time 1.76
error 65835.03125
1 self_attn.o_proj
Quantizing ...
time 2.16
error 1106.4515380859375
1 mlp.up_proj
Quantizing ...
time 2.30
error 50553.4375
1 mlp.gate_proj
Quantizing ...
time 1.80
error 59241.74609375
1 mlp.down_proj
Quantizing ...
time 6.73
error 4510.177734375
2 self_attn.k_proj
Quantizing ...
time 2.32
error 155689.609375
2 self_attn.v_proj
Quantizing ...
time 1.75
error 18451.12890625
2 self_attn.q_proj
Quantizing ...
time 1.75
error 143195.453125
2 self_attn.o_proj
Quantizing ...
time 2.15
error 2230.509765625
2 mlp.up_proj
Quantizing ...
time 2.31
error 143336.125
2 mlp.gate_proj
Quantizing ...
time 1.80
error 179673.8125
2 mlp.down_proj
Quantizing ...
time 6.73
error 13922.59765625
3 self_attn.k_proj
Quantizing ...
time 2.41
error 477967.125
3 self_attn.v_proj
Quantizing ...
time 1.82
error 130452.9375
3 self_attn.q_proj
Quantizing ...
time 1.78
error 495282.75
3 self_attn.o_proj
Quantizing ...
time 2.18
error 5396.08984375
3 mlp.up_proj
Quantizing ...
time 2.32
error 259320.453125
3 mlp.gate_proj
Quantizing ...
time 1.81
error 315579.125
3 mlp.down_proj
Quantizing ...
time 6.79
error 22298.33203125
4 self_attn.k_proj
Quantizing ...
time 2.36
error 628892.625
4 self_attn.v_proj
Quantizing ...
time 1.77
error 194720.53125
4 self_attn.q_proj
Quantizing ...
time 1.78
error 702462.0
4 self_attn.o_proj
Quantizing ...
time 2.17
error 6853.6650390625
4 mlp.up_proj
Quantizing ...
time 2.31
error 394078.0
4 mlp.gate_proj
Quantizing ...
time 1.80
error 485184.3125
4 mlp.down_proj
Quantizing ...
time 6.72
error 37301.94140625
5 self_attn.k_proj
Quantizing ...
time 2.35
error 836750.1875
5 self_attn.v_proj
Quantizing ...
time 1.76
error 293094.375
5 self_attn.q_proj
Quantizing ...
time 1.77
error 899566.25
5 self_attn.o_proj
Quantizing ...
time 2.16
error 7898.80224609375
5 mlp.up_proj
Quantizing ...
time 2.31
error 510192.78125
5 mlp.gate_proj
Quantizing ...
time 1.82
error 622854.875
5 mlp.down_proj
Quantizing ...
time 6.76
error 50869.4296875
6 self_attn.k_proj
Quantizing ...
time 2.35
error 852077.0
6 self_attn.v_proj
Quantizing ...
time 1.78
error 293495.6875
6 self_attn.q_proj
Quantizing ...
time 1.77
error 902480.3125
6 self_attn.o_proj
Quantizing ...
time 2.15
error 11050.6875
6 mlp.up_proj
Quantizing ...
time 2.32
error 604063.375
6 mlp.gate_proj
Quantizing ...
time 1.76
error 744234.875
6 mlp.down_proj
Quantizing ...
time 6.71
error 64135.078125
7 self_attn.k_proj
Quantizing ...
time 2.35
error 921832.0
7 self_attn.v_proj
Quantizing ...
time 1.79
error 357840.84375
7 self_attn.q_proj
Quantizing ...
time 1.79
error 957894.875
7 self_attn.o_proj
Quantizing ...
time 2.16
error 14165.8623046875
7 mlp.up_proj
Quantizing ...
time 2.31
error 663306.125
7 mlp.gate_proj
Quantizing ...
time 1.80
error 776095.3125
7 mlp.down_proj
Quantizing ...
time 6.73
error 73623.09375
8 self_attn.k_proj
Quantizing ...
time 2.35
error 1115851.875
8 self_attn.v_proj
Quantizing ...
time 1.78
error 469075.6875
8 self_attn.q_proj
Quantizing ...
time 1.78
error 1180377.75
8 self_attn.o_proj
Quantizing ...
time 2.17
error 15571.5302734375
8 mlp.up_proj
Quantizing ...
time 2.30
error 709324.875
8 mlp.gate_proj
Quantizing ...
time 1.81
error 789569.25
8 mlp.down_proj
Quantizing ...
time 6.75
error 80359.96875
9 self_attn.k_proj
Quantizing ...
time 2.36
error 1041392.375
9 self_attn.v_proj
Quantizing ...
time 1.78
error 424836.5625
9 self_attn.q_proj
Quantizing ...
time 1.79
error 1027561.75
9 self_attn.o_proj
Quantizing ...
time 2.16
error 17505.326171875
9 mlp.up_proj
Quantizing ...
time 2.30
error 731430.875
9 mlp.gate_proj
Quantizing ...
time 1.81
error 802917.6875
9 mlp.down_proj
Quantizing ...
time 6.76
error 86341.921875
10 self_attn.k_proj
Quantizing ...
time 2.36
error 1038486.5
10 self_attn.v_proj
Quantizing ...
time 1.78
error 475585.53125
10 self_attn.q_proj
Quantizing ...
time 1.79
error 1034093.5625
10 self_attn.o_proj
Quantizing ...
time 2.17
error 18537.611328125
10 mlp.up_proj
Quantizing ...
time 2.31
error 793362.625
10 mlp.gate_proj
Quantizing ...
time 1.82
error 839104.25
10 mlp.down_proj
Quantizing ...
time 6.76
error 99796.4765625
11 self_attn.k_proj
Quantizing ...
time 2.36
error 1099223.25
11 self_attn.v_proj
Quantizing ...
time 1.75
error 502576.875
11 self_attn.q_proj
Quantizing ...
time 1.79
error 1055894.5
11 self_attn.o_proj
Quantizing ...
time 2.17
error 25927.09375
11 mlp.up_proj
Quantizing ...
time 2.32
error 864422.875
11 mlp.gate_proj
Quantizing ...
time 1.82
error 889204.875
11 mlp.down_proj
Quantizing ...
time 6.74
error 122628.53125
12 self_attn.k_proj
Quantizing ...
time 2.35
error 1125188.5
12 self_attn.v_proj
Quantizing ...
time 1.78
error 525548.125
12 self_attn.q_proj
Quantizing ...
time 1.79
error 1074044.5
12 self_attn.o_proj
Quantizing ...
time 2.18
error 28401.625
12 mlp.up_proj
Quantizing ...
time 2.32
error 902777.8125
12 mlp.gate_proj
Quantizing ...
time 1.82
error 910603.5625
12 mlp.down_proj
Quantizing ...
time 6.85
error 132949.359375
13 self_attn.k_proj
Quantizing ...
time 2.35
error 1193620.25
13 self_attn.v_proj
Quantizing ...
time 1.78
error 646703.625
13 self_attn.q_proj
Quantizing ...
time 1.76
error 1152737.125
13 self_attn.o_proj
Quantizing ...
time 2.17
error 30330.490234375
13 mlp.up_proj
Quantizing ...
time 2.31
error 978737.25
13 mlp.gate_proj
Quantizing ...
time 1.81
error 984191.0
13 mlp.down_proj
Quantizing ...
time 6.72
error 157218.546875
14 self_attn.k_proj
Quantizing ...
time 2.31
error 1088184.625
14 self_attn.v_proj
Quantizing ...
time 1.84
error 623381.0
14 self_attn.q_proj
Quantizing ...
time 1.78
error 1063679.75
14 self_attn.o_proj
Quantizing ...
time 2.16
error 29705.7578125
14 mlp.up_proj
Quantizing ...
time 2.31
error 1061232.0
14 mlp.gate_proj
Quantizing ...
time 1.80
error 1072881.25
14 mlp.down_proj
Quantizing ...
time 6.71
error 182162.109375
15 self_attn.k_proj
Quantizing ...
time 2.45
error 1283474.625
15 self_attn.v_proj
Quantizing ...
time 1.80
error 734357.125
15 self_attn.q_proj
Quantizing ...
time 1.78
error 1253076.0
15 self_attn.o_proj
Quantizing ...
time 2.16
error 43602.90234375
15 mlp.up_proj
Quantizing ...
time 2.32
error 1125396.75
15 mlp.gate_proj
Quantizing ...
time 1.83
error 1148028.375
15 mlp.down_proj
Quantizing ...
time 6.69
error 208438.34375
16 self_attn.k_proj
Quantizing ...
time 2.35
error 1182137.625
16 self_attn.v_proj
Quantizing ...
time 1.78
error 715962.875
16 self_attn.q_proj
Quantizing ...
time 1.79
error 1189809.25
16 self_attn.o_proj
Quantizing ...
time 2.17
error 43722.51171875
16 mlp.up_proj
Quantizing ...
time 2.31
error 1197781.25
16 mlp.gate_proj
Quantizing ...
time 1.82
error 1218409.875
16 mlp.down_proj
Quantizing ...
time 6.72
error 237770.65625
17 self_attn.k_proj
Quantizing ...
time 2.36
error 1131541.25
17 self_attn.v_proj
Quantizing ...
time 1.77
error 661256.625
17 self_attn.q_proj
Quantizing ...
time 1.77
error 1097721.0
17 self_attn.o_proj
Quantizing ...
time 2.16
error 62326.3984375
17 mlp.up_proj
Quantizing ...
time 2.30
error 1261029.625
17 mlp.gate_proj
Quantizing ...
time 1.81
error 1292991.0
17 mlp.down_proj
Quantizing ...
time 6.75
error 269298.875
18 self_attn.k_proj
Quantizing ...
time 2.36
error 1182469.25
18 self_attn.v_proj
Quantizing ...
time 1.79
error 768510.4375
18 self_attn.q_proj
Quantizing ...
time 1.79
error 1213983.5
18 self_attn.o_proj
Quantizing ...
time 2.17
error 40949.671875
18 mlp.up_proj
Quantizing ...
time 2.31
error 1326235.375
18 mlp.gate_proj
Quantizing ...
time 1.82
error 1379566.0
18 mlp.down_proj
Quantizing ...
time 6.74
error 310806.78125
19 self_attn.k_proj
Quantizing ...
time 2.35
error 1181350.125
19 self_attn.v_proj
Quantizing ...
time 1.76
error 812042.5
19 self_attn.q_proj
Quantizing ...
time 1.77
error 1205783.375
19 self_attn.o_proj
Quantizing ...
time 2.16
error 68203.109375
19 mlp.up_proj
Quantizing ...
time 2.32
error 1413194.875
19 mlp.gate_proj
Quantizing ...
time 1.82
error 1487786.375
19 mlp.down_proj
Quantizing ...
time 6.75
error 369123.34375
20 self_attn.k_proj
Quantizing ...
time 2.34
error 1118708.875
20 self_attn.v_proj
Quantizing ...
time 1.78
error 803041.75
20 self_attn.q_proj
Quantizing ...
time 1.77
error 1195379.0
20 self_attn.o_proj
Quantizing ...
time 2.16
error 84970.4609375
20 mlp.up_proj
Quantizing ...
time 2.31
error 1433032.75
20 mlp.gate_proj
Quantizing ...
time 1.81
error 1532676.5
20 mlp.down_proj
Quantizing ...
time 6.75
error 409713.5
21 self_attn.k_proj
Quantizing ...
time 2.37
error 1082545.0
21 self_attn.v_proj
Quantizing ...
time 1.78
error 832573.875
21 self_attn.q_proj
Quantizing ...
time 1.77
error 1155226.25
21 self_attn.o_proj
Quantizing ...
time 2.16
error 113245.875
21 mlp.up_proj
Quantizing ...
time 2.31
error 1474555.375
21 mlp.gate_proj
Quantizing ...
time 1.82
error 1582499.5
21 mlp.down_proj
Quantizing ...
time 6.74
error 439153.5625
22 self_attn.k_proj
Quantizing ...
time 2.37
error 1055036.5
22 self_attn.v_proj
Quantizing ...
time 1.78
error 809350.375
22 self_attn.q_proj
Quantizing ...
time 1.83
error 1136163.0
22 self_attn.o_proj
Quantizing ...
time 2.20
error 101903.8359375
22 mlp.up_proj
Quantizing ...
time 2.35
error 1527774.375
22 mlp.gate_proj
Quantizing ...
time 1.81
error 1671313.25
22 mlp.down_proj
Quantizing ...
time 6.76
error 485212.25
23 self_attn.k_proj
Quantizing ...
time 2.36
error 1158206.875
23 self_attn.v_proj
Quantizing ...
time 1.79
error 970243.625
23 self_attn.q_proj
Quantizing ...
time 1.79
error 1308969.125
23 self_attn.o_proj
Quantizing ...
time 2.16
error 141014.5
23 mlp.up_proj
Quantizing ...
time 2.31
error 1577717.375
23 mlp.gate_proj
Quantizing ...
time 1.81
error 1747684.25
23 mlp.down_proj
Quantizing ...
time 6.73
error 507664.21875
24 self_attn.k_proj
Quantizing ...
time 2.36
error 1142067.0
24 self_attn.v_proj
Quantizing ...
time 1.79
error 954521.875
24 self_attn.q_proj
Quantizing ...
time 1.78
error 1280660.75
24 self_attn.o_proj
Quantizing ...
time 2.16
error 125044.421875
24 mlp.up_proj
Quantizing ...
time 2.31
error 1595245.625
24 mlp.gate_proj
Quantizing ...
time 1.81
error 1782917.0
24 mlp.down_proj
Quantizing ...
time 6.72
error 489916.65625
25 self_attn.k_proj
Quantizing ...
time 2.35
error 1089566.0
25 self_attn.v_proj
Quantizing ...
time 1.77
error 927325.125
25 self_attn.q_proj
Quantizing ...
time 1.78
error 1180247.125
25 self_attn.o_proj
Quantizing ...
time 2.16
error 134599.390625
25 mlp.up_proj
Quantizing ...
time 2.30
error 1623506.375
25 mlp.gate_proj
Quantizing ...
time 1.81
error 1814333.25
25 mlp.down_proj
Quantizing ...
time 6.72
error 495184.9375
26 self_attn.k_proj
Quantizing ...
time 2.36
error 1159404.25
26 self_attn.v_proj
Quantizing ...
time 1.80
error 1028360.25
26 self_attn.q_proj
Quantizing ...
time 1.79
error 1283123.875
26 self_attn.o_proj
Quantizing ...
time 2.18
error 100444.2734375
26 mlp.up_proj
Quantizing ...
time 2.31
error 1685233.125
26 mlp.gate_proj
Quantizing ...
time 1.79
error 1886409.25
26 mlp.down_proj
Quantizing ...
time 6.77
error 510003.5
27 self_attn.k_proj
Quantizing ...
time 2.37
error 1145112.0
27 self_attn.v_proj
Quantizing ...
time 1.79
error 1030529.8125
27 self_attn.q_proj
Quantizing ...
time 1.80
error 1244346.0
27 self_attn.o_proj
Quantizing ...
time 2.18
error 104035.921875
27 mlp.up_proj
Quantizing ...
time 2.33
error 1754126.0
27 mlp.gate_proj
Quantizing ...
time 1.83
error 1967147.5
27 mlp.down_proj
Quantizing ...
time 6.85
error 518891.8125
28 self_attn.k_proj
Quantizing ...
time 2.36
error 1173889.5
28 self_attn.v_proj
Quantizing ...
time 1.79
error 992099.5
28 self_attn.q_proj
Quantizing ...
time 1.79
error 1317236.875
28 self_attn.o_proj
Quantizing ...
time 2.16
error 114792.15625
28 mlp.up_proj
Quantizing ...
time 2.31
error 1791182.5
28 mlp.gate_proj
Quantizing ...
time 1.81
error 2015576.5
28 mlp.down_proj
Quantizing ...
time 6.74
error 527617.9375
29 self_attn.k_proj
Quantizing ...
time 2.36
error 1128673.5
29 self_attn.v_proj
Quantizing ...
time 1.77
error 1030638.4375
29 self_attn.q_proj
Quantizing ...
time 1.77
error 1267639.875
29 self_attn.o_proj
Quantizing ...
time 2.16
error 105761.5390625
29 mlp.up_proj
Quantizing ...
time 2.31
error 1868566.5
29 mlp.gate_proj
Quantizing ...
time 1.82
error 2090464.25
29 mlp.down_proj
Quantizing ...
time 6.73
error 560012.5
30 self_attn.k_proj
Quantizing ...
time 2.36
error 1295478.5
30 self_attn.v_proj
Quantizing ...
time 1.79
error 1098837.25
30 self_attn.q_proj
Quantizing ...
time 1.78
error 1421847.5
30 self_attn.o_proj
Quantizing ...
time 2.17
error 91800.921875
30 mlp.up_proj
Quantizing ...
time 2.31
error 1966424.0
30 mlp.gate_proj
Quantizing ...
time 1.81
error 2184350.0
30 mlp.down_proj
Quantizing ...
time 6.76
error 598878.5625
31 self_attn.k_proj
Quantizing ...
time 2.37
error 1189435.25
31 self_attn.v_proj
Quantizing ...
time 1.79
error 1142650.0
31 self_attn.q_proj
Quantizing ...
time 1.79
error 1326236.5
31 self_attn.o_proj
Quantizing ...
time 2.16
error 73344.0625
31 mlp.up_proj
Quantizing ...
time 2.31
error 2038433.0
31 mlp.gate_proj
Quantizing ...
time 1.81
error 2266199.0
31 mlp.down_proj
Quantizing ...
time 6.71
error 665086.9375
32 self_attn.k_proj
Quantizing ...
time 2.35
error 1256137.5
32 self_attn.v_proj
Quantizing ...
time 1.77
error 1218533.25
32 self_attn.q_proj
Quantizing ...
time 1.76
error 1389573.875
32 self_attn.o_proj
Quantizing ...
time 2.16
error 49939.4453125
32 mlp.up_proj
Quantizing ...
time 2.31
error 2128101.5
32 mlp.gate_proj
Quantizing ...
time 1.81
error 2325231.5
32 mlp.down_proj
Quantizing ...
time 6.73
error 726758.5
33 self_attn.k_proj
Quantizing ...
time 2.35
error 1373751.375
33 self_attn.v_proj
Quantizing ...
time 1.77
error 1301156.625
33 self_attn.q_proj
Quantizing ...
time 1.78
error 1673242.125
33 self_attn.o_proj
Quantizing ...
time 2.18
error 99316.359375
33 mlp.up_proj
Quantizing ...
time 2.29
error 2230604.5
33 mlp.gate_proj
Quantizing ...
time 1.81
error 2415017.0
33 mlp.down_proj
Quantizing ...
time 6.76
error 796197.0625
34 self_attn.k_proj
Quantizing ...
time 2.37
error 1184887.0
34 self_attn.v_proj
Quantizing ...
time 1.78
error 1166816.625
34 self_attn.q_proj
Quantizing ...
time 1.78
error 1260016.875
34 self_attn.o_proj
Quantizing ...
time 2.17
error 102377.640625
34 mlp.up_proj
Quantizing ...
time 2.30
error 2299850.25
34 mlp.gate_proj
Quantizing ...
time 1.81
error 2433680.0
34 mlp.down_proj
Quantizing ...
time 6.79
error 929386.0625
35 self_attn.k_proj
Quantizing ...
time 2.38
error 1138758.875
35 self_attn.v_proj
Quantizing ...
time 1.81
error 1036381.0
35 self_attn.q_proj
Quantizing ...
time 1.89
error 1209516.125
35 self_attn.o_proj
Quantizing ...
time 2.21
error 108089.8515625
35 mlp.up_proj
Quantizing ...
time 2.36
error 2396544.75
35 mlp.gate_proj
Quantizing ...
time 1.86
error 2481224.25
35 mlp.down_proj
Quantizing ...
time 6.84
error 1073117.375
36 self_attn.k_proj
Quantizing ...
time 2.34
error 1134274.25
36 self_attn.v_proj
Quantizing ...
time 1.77
error 1129913.375
36 self_attn.q_proj
Quantizing ...
time 1.77
error 1183344.5
36 self_attn.o_proj
Quantizing ...
time 2.14
error 82556.3125
36 mlp.up_proj
Quantizing ...
time 2.31
error 2494110.0
36 mlp.gate_proj
Quantizing ...
time 1.80
error 2559143.75
36 mlp.down_proj
Quantizing ...
time 6.83
error 1348653.0
37 self_attn.k_proj
Quantizing ...
time 2.36
error 1076422.0
37 self_attn.v_proj
Quantizing ...
time 1.80
error 1063925.5
37 self_attn.q_proj
Quantizing ...
time 1.88
error 1115542.0
37 self_attn.o_proj
Quantizing ...
time 2.17
error 189043.9375
37 mlp.up_proj
Quantizing ...
time 2.32
error 2478735.0
37 mlp.gate_proj
Quantizing ...
time 1.83
error 2555452.75
37 mlp.down_proj
Quantizing ...
time 6.70
error 1591786.75
38 self_attn.k_proj
Quantizing ...
time 2.36
error 1007292.0
38 self_attn.v_proj
Quantizing ...
time 1.78
error 1048366.1875
38 self_attn.q_proj
Quantizing ...
time 1.77
error 1117255.25
38 self_attn.o_proj
Quantizing ...
time 2.16
error 275938.15625
38 mlp.up_proj
Quantizing ...
time 2.31
error 2109567.75
38 mlp.gate_proj
Quantizing ...
time 1.82
error 2185099.25
38 mlp.down_proj
Quantizing ...
time 6.75
error 1994945.0
39 self_attn.k_proj
Quantizing ...
time 2.35
error 681119.5625
39 self_attn.v_proj
Quantizing ...
time 1.78
error 546800.9375
39 self_attn.q_proj
Quantizing ...
time 1.76
error 762215.75
39 self_attn.o_proj
Quantizing ...
time 2.16
error 159626.296875
39 mlp.up_proj
Quantizing ...
time 2.31
error 1771301.5
39 mlp.gate_proj
Quantizing ...
time 1.81
error 1842742.5
39 mlp.down_proj
Quantizing ...
time 6.76
error 4361491.0
1509.3327214717865
wikitext2
Evaluating ...
0
1
2
3
4
5
6
7
8
9
10
11
12
13
14
15
16
17
18
19
20
21
22
23
24
25
26
27
28
29
30
31
32
33
34
35
36
37
38
39
2850.077392578125
ptb-new
Evaluating ...
0
1
2
3
4
5
6
7
8
9
10
11
12
13
14
15
16
17
18
19
20
21
22
23
24
25
26
27
28
29
30
31
32
33
34
35
36
37
38
39
11080.6005859375
c4-new
Evaluating ...
0
1
2
3
4
5
6
7
8
9
10
11
12
13
14
15
16
17
18
19
20
21
22
23
24
25
26
27
28
29
30
31
32
33
34
35
36
37
38
39
1557.536376953125
