CUDA extension not installed.
Starting ...
Ready.
0 self_attn.k_proj
Quantizing ...
time 4.37
error 1602.7481689453125
0 self_attn.v_proj
Quantizing ...
time 2.35
error 89.11833190917969
0 self_attn.q_proj
Quantizing ...
time 2.34
error 1226.10693359375
0 self_attn.o_proj
Quantizing ...
time 2.93
error 7.931493282318115
0 mlp.up_proj
Quantizing ...
time 3.22
error 626.1634521484375
0 mlp.gate_proj
Quantizing ...
time 2.40
error 701.5223388671875
0 mlp.down_proj
Quantizing ...
time 9.81
error 41.046531677246094
1 self_attn.k_proj
Quantizing ...
time 3.27
error 5399.9990234375
1 self_attn.v_proj
Quantizing ...
time 2.45
error 463.73834228515625
1 self_attn.q_proj
Quantizing ...
time 2.37
error 4750.947265625
1 self_attn.o_proj
Quantizing ...
time 2.93
error 128.09475708007812
1 mlp.up_proj
Quantizing ...
time 3.19
error 5016.02392578125
1 mlp.gate_proj
Quantizing ...
time 2.39
error 5813.396484375
1 mlp.down_proj
Quantizing ...
time 9.75
error 479.90020751953125
2 self_attn.k_proj
Quantizing ...
time 3.38
error 20183.97265625
2 self_attn.v_proj
Quantizing ...
time 2.36
error 2664.2900390625
2 self_attn.q_proj
Quantizing ...
time 2.36
error 19722.875
2 self_attn.o_proj
Quantizing ...
time 2.99
error 296.9859619140625
2 mlp.up_proj
Quantizing ...
time 3.20
error 17544.328125
2 mlp.gate_proj
Quantizing ...
time 2.45
error 21244.779296875
2 mlp.down_proj
Quantizing ...
time 9.81
error 1122.1583251953125
3 self_attn.k_proj
Quantizing ...
time 3.27
error 35590.984375
3 self_attn.v_proj
Quantizing ...
time 2.36
error 5451.71484375
3 self_attn.q_proj
Quantizing ...
time 2.36
error 30715.087890625
3 self_attn.o_proj
Quantizing ...
time 2.94
error 525.085693359375
3 mlp.up_proj
Quantizing ...
time 3.20
error 31245.34765625
3 mlp.gate_proj
Quantizing ...
time 2.40
error 36977.9453125
3 mlp.down_proj
Quantizing ...
time 9.77
error 4579.03125
4 self_attn.k_proj
Quantizing ...
time 3.28
error 92769.1640625
4 self_attn.v_proj
Quantizing ...
time 2.36
error 28457.828125
4 self_attn.q_proj
Quantizing ...
time 2.35
error 87620.2734375
4 self_attn.o_proj
Quantizing ...
time 2.94
error 862.4144897460938
4 mlp.up_proj
Quantizing ...
time 3.21
error 47670.2890625
4 mlp.gate_proj
Quantizing ...
time 2.42
error 55936.51953125
4 mlp.down_proj
Quantizing ...
time 9.80
error 3190.6796875
5 self_attn.k_proj
Quantizing ...
time 3.27
error 106926.5
5 self_attn.v_proj
Quantizing ...
time 2.37
error 35800.703125
5 self_attn.q_proj
Quantizing ...
time 2.35
error 101800.640625
5 self_attn.o_proj
Quantizing ...
time 2.94
error 925.6187133789062
5 mlp.up_proj
Quantizing ...
time 3.20
error 58792.046875
5 mlp.gate_proj
Quantizing ...
time 2.41
error 69363.03125
5 mlp.down_proj
Quantizing ...
time 9.89
error 4236.275390625
6 self_attn.k_proj
Quantizing ...
time 3.27
error 122897.546875
6 self_attn.v_proj
Quantizing ...
time 2.34
error 44838.3359375
6 self_attn.q_proj
Quantizing ...
time 2.35
error 117311.1328125
6 self_attn.o_proj
Quantizing ...
time 2.94
error 1372.0377197265625
6 mlp.up_proj
Quantizing ...
time 3.29
error 74282.640625
6 mlp.gate_proj
Quantizing ...
time 2.42
error 85341.453125
6 mlp.down_proj
Quantizing ...
time 9.86
error 5655.36181640625
7 self_attn.k_proj
Quantizing ...
time 3.26
error 142202.59375
7 self_attn.v_proj
Quantizing ...
time 2.33
error 52770.62890625
7 self_attn.q_proj
Quantizing ...
time 2.35
error 132028.59375
7 self_attn.o_proj
Quantizing ...
time 2.94
error 1901.540283203125
7 mlp.up_proj
Quantizing ...
time 3.20
error 90975.8046875
7 mlp.gate_proj
Quantizing ...
time 2.41
error 102994.234375
7 mlp.down_proj
Quantizing ...
time 9.67
error 7196.296875
8 self_attn.k_proj
Quantizing ...
time 3.26
error 150864.703125
8 self_attn.v_proj
Quantizing ...
time 2.34
error 59144.875
8 self_attn.q_proj
Quantizing ...
time 2.33
error 140531.96875
8 self_attn.o_proj
Quantizing ...
time 2.94
error 2838.49462890625
8 mlp.up_proj
Quantizing ...
time 3.21
error 107295.2734375
8 mlp.gate_proj
Quantizing ...
time 2.40
error 120786.796875
8 mlp.down_proj
Quantizing ...
time 9.88
error 9345.35546875
9 self_attn.k_proj
Quantizing ...
time 3.27
error 149267.828125
9 self_attn.v_proj
Quantizing ...
time 2.36
error 59970.765625
9 self_attn.q_proj
Quantizing ...
time 2.34
error 137343.890625
9 self_attn.o_proj
Quantizing ...
time 2.94
error 3290.68896484375
9 mlp.up_proj
Quantizing ...
time 3.21
error 124372.6875
9 mlp.gate_proj
Quantizing ...
time 2.41
error 139367.78125
9 mlp.down_proj
Quantizing ...
time 9.76
error 11416.0986328125
10 self_attn.k_proj
Quantizing ...
time 3.27
error 170822.25
10 self_attn.v_proj
Quantizing ...
time 2.33
error 70650.4140625
10 self_attn.q_proj
Quantizing ...
time 2.34
error 162839.3125
10 self_attn.o_proj
Quantizing ...
time 2.94
error 4693.21484375
10 mlp.up_proj
Quantizing ...
time 3.20
error 136197.5625
10 mlp.gate_proj
Quantizing ...
time 2.41
error 150043.546875
10 mlp.down_proj
Quantizing ...
time 9.89
error 14569.078125
11 self_attn.k_proj
Quantizing ...
time 3.26
error 213923.96875
11 self_attn.v_proj
Quantizing ...
time 2.36
error 102579.703125
11 self_attn.q_proj
Quantizing ...
time 2.36
error 224525.875
11 self_attn.o_proj
Quantizing ...
time 2.94
error 4356.7109375
11 mlp.up_proj
Quantizing ...
time 3.21
error 152686.265625
11 mlp.gate_proj
Quantizing ...
time 2.42
error 165819.265625
11 mlp.down_proj
Quantizing ...
time 9.75
error 14723.10546875
12 self_attn.k_proj
Quantizing ...
time 3.28
error 219988.84375
12 self_attn.v_proj
Quantizing ...
time 2.34
error 100436.65625
12 self_attn.q_proj
Quantizing ...
time 2.37
error 219580.90625
12 self_attn.o_proj
Quantizing ...
time 2.95
error 4511.88916015625
12 mlp.up_proj
Quantizing ...
time 3.20
error 167886.453125
12 mlp.gate_proj
Quantizing ...
time 2.41
error 181105.96875
12 mlp.down_proj
Quantizing ...
time 9.78
error 16224.5283203125
13 self_attn.k_proj
Quantizing ...
time 3.26
error 203478.859375
13 self_attn.v_proj
Quantizing ...
time 2.34
error 95124.3046875
13 self_attn.q_proj
Quantizing ...
time 2.36
error 202064.53125
13 self_attn.o_proj
Quantizing ...
time 2.94
error 6543.0791015625
13 mlp.up_proj
Quantizing ...
time 3.20
error 174085.03125
13 mlp.gate_proj
Quantizing ...
time 2.40
error 183683.90625
13 mlp.down_proj
Quantizing ...
time 9.77
error 18081.263671875
14 self_attn.k_proj
Quantizing ...
time 3.27
error 210416.28125
14 self_attn.v_proj
Quantizing ...
time 2.34
error 102851.0625
14 self_attn.q_proj
Quantizing ...
time 2.34
error 211898.140625
14 self_attn.o_proj
Quantizing ...
time 2.94
error 6226.9521484375
14 mlp.up_proj
Quantizing ...
time 3.21
error 181388.15625
14 mlp.gate_proj
Quantizing ...
time 2.40
error 190123.21875
14 mlp.down_proj
Quantizing ...
time 9.75
error 19817.525390625
15 self_attn.k_proj
Quantizing ...
time 3.26
error 251989.296875
15 self_attn.v_proj
Quantizing ...
time 2.35
error 126299.4453125
15 self_attn.q_proj
Quantizing ...
time 2.34
error 249887.828125
15 self_attn.o_proj
Quantizing ...
time 2.94
error 9878.361328125
15 mlp.up_proj
Quantizing ...
time 3.22
error 188163.1875
15 mlp.gate_proj
Quantizing ...
time 2.41
error 197278.828125
15 mlp.down_proj
Quantizing ...
time 9.76
error 22564.72265625
16 self_attn.k_proj
Quantizing ...
time 3.28
error 255269.4375
16 self_attn.v_proj
Quantizing ...
time 2.37
error 139996.28125
16 self_attn.q_proj
Quantizing ...
time 2.36
error 258249.40625
16 self_attn.o_proj
Quantizing ...
time 2.96
error 8453.072265625
16 mlp.up_proj
Quantizing ...
time 3.21
error 201295.234375
16 mlp.gate_proj
Quantizing ...
time 2.40
error 206841.28125
16 mlp.down_proj
Quantizing ...
time 9.78
error 23739.11328125
17 self_attn.k_proj
Quantizing ...
time 3.27
error 240517.40625
17 self_attn.v_proj
Quantizing ...
time 2.35
error 134644.96875
17 self_attn.q_proj
Quantizing ...
time 2.34
error 253524.578125
17 self_attn.o_proj
Quantizing ...
time 2.93
error 8448.0078125
17 mlp.up_proj
Quantizing ...
time 3.21
error 212964.984375
17 mlp.gate_proj
Quantizing ...
time 2.41
error 216272.0
17 mlp.down_proj
Quantizing ...
time 9.76
error 25657.517578125
18 self_attn.k_proj
Quantizing ...
time 3.23
error 253537.0
18 self_attn.v_proj
Quantizing ...
time 2.33
error 137854.3125
18 self_attn.q_proj
Quantizing ...
time 2.35
error 250998.0
18 self_attn.o_proj
Quantizing ...
time 2.94
error 12793.6650390625
18 mlp.up_proj
Quantizing ...
time 3.21
error 220668.09375
18 mlp.gate_proj
Quantizing ...
time 2.51
error 224186.734375
18 mlp.down_proj
Quantizing ...
time 9.77
error 29688.421875
19 self_attn.k_proj
Quantizing ...
time 3.26
error 246106.796875
19 self_attn.v_proj
Quantizing ...
time 2.36
error 145183.53125
19 self_attn.q_proj
Quantizing ...
time 2.35
error 252764.453125
19 self_attn.o_proj
Quantizing ...
time 2.94
error 11813.0625
19 mlp.up_proj
Quantizing ...
time 3.22
error 232336.34375
19 mlp.gate_proj
Quantizing ...
time 2.43
error 237347.390625
19 mlp.down_proj
Quantizing ...
time 9.86
error 32501.78125
20 self_attn.k_proj
Quantizing ...
time 3.28
error 250404.90625
20 self_attn.v_proj
Quantizing ...
time 2.36
error 155632.5625
20 self_attn.q_proj
Quantizing ...
time 2.37
error 278407.71875
20 self_attn.o_proj
Quantizing ...
time 2.95
error 9806.841796875
20 mlp.up_proj
Quantizing ...
time 3.21
error 250721.453125
20 mlp.gate_proj
Quantizing ...
time 2.40
error 256612.171875
20 mlp.down_proj
Quantizing ...
time 9.76
error 35112.3203125
21 self_attn.k_proj
Quantizing ...
time 3.27
error 243644.484375
21 self_attn.v_proj
Quantizing ...
time 2.37
error 144933.15625
21 self_attn.q_proj
Quantizing ...
time 2.33
error 255507.3125
21 self_attn.o_proj
Quantizing ...
time 2.94
error 14061.541015625
21 mlp.up_proj
Quantizing ...
time 3.20
error 253425.625
21 mlp.gate_proj
Quantizing ...
time 2.40
error 260534.875
21 mlp.down_proj
Quantizing ...
time 9.75
error 40095.07421875
22 self_attn.k_proj
Quantizing ...
time 3.27
error 206153.390625
22 self_attn.v_proj
Quantizing ...
time 2.34
error 141677.125
22 self_attn.q_proj
Quantizing ...
time 2.34
error 234679.1875
22 self_attn.o_proj
Quantizing ...
time 2.95
error 11040.84375
22 mlp.up_proj
Quantizing ...
time 3.22
error 271532.25
22 mlp.gate_proj
Quantizing ...
time 2.40
error 279826.46875
22 mlp.down_proj
Quantizing ...
time 9.76
error 44277.7421875
23 self_attn.k_proj
Quantizing ...
time 3.37
error 257876.40625
23 self_attn.v_proj
Quantizing ...
time 2.34
error 172716.375
23 self_attn.q_proj
Quantizing ...
time 2.34
error 282451.15625
23 self_attn.o_proj
Quantizing ...
time 2.93
error 10986.248046875
23 mlp.up_proj
Quantizing ...
time 3.21
error 285141.46875
23 mlp.gate_proj
Quantizing ...
time 2.40
error 300415.8125
23 mlp.down_proj
Quantizing ...
time 9.79
error 48471.6796875
24 self_attn.k_proj
Quantizing ...
time 3.26
error 237429.59375
24 self_attn.v_proj
Quantizing ...
time 2.36
error 167584.46875
24 self_attn.q_proj
Quantizing ...
time 2.36
error 270894.25
24 self_attn.o_proj
Quantizing ...
time 2.93
error 14177.96875
24 mlp.up_proj
Quantizing ...
time 3.21
error 292292.28125
24 mlp.gate_proj
Quantizing ...
time 2.39
error 305623.0
24 mlp.down_proj
Quantizing ...
time 9.76
error 53699.2265625
25 self_attn.k_proj
Quantizing ...
time 3.29
error 248250.953125
25 self_attn.v_proj
Quantizing ...
time 2.36
error 155819.5
25 self_attn.q_proj
Quantizing ...
time 2.34
error 253593.578125
25 self_attn.o_proj
Quantizing ...
time 2.94
error 20939.78515625
25 mlp.up_proj
Quantizing ...
time 3.20
error 298199.03125
25 mlp.gate_proj
Quantizing ...
time 2.41
error 318901.0
25 mlp.down_proj
Quantizing ...
time 9.76
error 63792.2734375
26 self_attn.k_proj
Quantizing ...
time 3.28
error 267944.15625
26 self_attn.v_proj
Quantizing ...
time 2.34
error 197748.796875
26 self_attn.q_proj
Quantizing ...
time 2.35
error 293133.75
26 self_attn.o_proj
Quantizing ...
time 2.94
error 13496.283203125
26 mlp.up_proj
Quantizing ...
time 3.20
error 317517.125
26 mlp.gate_proj
Quantizing ...
time 2.42
error 348581.375
26 mlp.down_proj
Quantizing ...
time 9.81
error 68467.8359375
27 self_attn.k_proj
Quantizing ...
time 3.26
error 230865.03125
27 self_attn.v_proj
Quantizing ...
time 2.36
error 168418.90625
27 self_attn.q_proj
Quantizing ...
time 2.37
error 282680.9375
27 self_attn.o_proj
Quantizing ...
time 2.95
error 9303.2646484375
27 mlp.up_proj
Quantizing ...
time 3.22
error 337903.8125
27 mlp.gate_proj
Quantizing ...
time 2.40
error 375284.46875
27 mlp.down_proj
Quantizing ...
time 9.79
error 73755.3984375
28 self_attn.k_proj
Quantizing ...
time 3.28
error 261970.6875
28 self_attn.v_proj
Quantizing ...
time 2.35
error 201008.5
28 self_attn.q_proj
Quantizing ...
time 2.34
error 301399.1875
28 self_attn.o_proj
Quantizing ...
time 2.94
error 11502.591796875
28 mlp.up_proj
Quantizing ...
time 3.20
error 352529.625
28 mlp.gate_proj
Quantizing ...
time 2.39
error 397152.375
28 mlp.down_proj
Quantizing ...
time 9.76
error 77954.2421875
29 self_attn.k_proj
Quantizing ...
time 3.27
error 230337.828125
29 self_attn.v_proj
Quantizing ...
time 2.35
error 180915.90625
29 self_attn.q_proj
Quantizing ...
time 2.35
error 278431.6875
29 self_attn.o_proj
Quantizing ...
time 2.96
error 10092.607421875
29 mlp.up_proj
Quantizing ...
time 3.21
error 366620.84375
29 mlp.gate_proj
Quantizing ...
time 2.40
error 416534.25
29 mlp.down_proj
Quantizing ...
time 9.79
error 80098.984375
30 self_attn.k_proj
Quantizing ...
time 3.27
error 246430.96875
30 self_attn.v_proj
Quantizing ...
time 2.36
error 188223.328125
30 self_attn.q_proj
Quantizing ...
time 2.35
error 289540.65625
30 self_attn.o_proj
Quantizing ...
time 2.94
error 14120.81640625
30 mlp.up_proj
Quantizing ...
time 3.22
error 377381.25
30 mlp.gate_proj
Quantizing ...
time 2.41
error 434265.71875
30 mlp.down_proj
Quantizing ...
time 9.79
error 83797.3828125
31 self_attn.k_proj
Quantizing ...
time 3.27
error 230977.890625
31 self_attn.v_proj
Quantizing ...
time 2.36
error 172428.8125
31 self_attn.q_proj
Quantizing ...
time 2.37
error 278073.625
31 self_attn.o_proj
Quantizing ...
time 2.96
error 8446.58203125
31 mlp.up_proj
Quantizing ...
time 3.22
error 392514.8125
31 mlp.gate_proj
Quantizing ...
time 2.40
error 454612.25
31 mlp.down_proj
Quantizing ...
time 9.88
error 86747.265625
32 self_attn.k_proj
Quantizing ...
time 3.27
error 227830.71875
32 self_attn.v_proj
Quantizing ...
time 2.36
error 173962.9375
32 self_attn.q_proj
Quantizing ...
time 2.36
error 271221.125
32 self_attn.o_proj
Quantizing ...
time 2.94
error 14699.607421875
32 mlp.up_proj
Quantizing ...
time 3.22
error 403858.3125
32 mlp.gate_proj
Quantizing ...
time 2.42
error 468140.625
32 mlp.down_proj
Quantizing ...
time 9.79
error 91206.890625
33 self_attn.k_proj
Quantizing ...
time 3.27
error 271799.4375
33 self_attn.v_proj
Quantizing ...
time 2.36
error 200594.375
33 self_attn.q_proj
Quantizing ...
time 2.36
error 299935.0
33 self_attn.o_proj
Quantizing ...
time 2.94
error 16396.16015625
33 mlp.up_proj
Quantizing ...
time 3.21
error 411255.9375
33 mlp.gate_proj
Quantizing ...
time 2.40
error 480902.6875
33 mlp.down_proj
Quantizing ...
time 9.74
error 95529.6640625
34 self_attn.k_proj
Quantizing ...
time 3.28
error 273506.40625
34 self_attn.v_proj
Quantizing ...
time 2.37
error 207123.25
34 self_attn.q_proj
Quantizing ...
time 2.37
error 320467.375
34 self_attn.o_proj
Quantizing ...
time 2.95
error 11126.9921875
34 mlp.up_proj
Quantizing ...
time 3.21
error 425585.0625
34 mlp.gate_proj
Quantizing ...
time 2.42
error 496063.0
34 mlp.down_proj
Quantizing ...
time 9.75
error 98399.25
35 self_attn.k_proj
Quantizing ...
time 3.28
error 254745.5625
35 self_attn.v_proj
Quantizing ...
time 2.36
error 195145.140625
35 self_attn.q_proj
Quantizing ...
time 2.37
error 284300.875
35 self_attn.o_proj
Quantizing ...
time 2.98
error 12328.765625
35 mlp.up_proj
Quantizing ...
time 3.21
error 432116.09375
35 mlp.gate_proj
Quantizing ...
time 2.41
error 512008.0625
35 mlp.down_proj
Quantizing ...
time 9.80
error 103009.78125
36 self_attn.k_proj
Quantizing ...
time 3.27
error 280302.0625
36 self_attn.v_proj
Quantizing ...
time 2.35
error 220420.78125
36 self_attn.q_proj
Quantizing ...
time 2.35
error 324267.0625
36 self_attn.o_proj
Quantizing ...
time 2.95
error 14816.7275390625
36 mlp.up_proj
Quantizing ...
time 3.21
error 444352.0625
36 mlp.gate_proj
Quantizing ...
time 2.40
error 529742.3125
36 mlp.down_proj
Quantizing ...
time 9.79
error 106607.6484375
37 self_attn.k_proj
Quantizing ...
time 3.28
error 270146.0625
37 self_attn.v_proj
Quantizing ...
time 2.37
error 206198.125
37 self_attn.q_proj
Quantizing ...
time 2.36
error 299780.8125
37 self_attn.o_proj
Quantizing ...
time 2.95
error 10727.302734375
37 mlp.up_proj
Quantizing ...
time 3.21
error 456899.1875
37 mlp.gate_proj
Quantizing ...
time 2.40
error 541271.1875
37 mlp.down_proj
Quantizing ...
time 9.78
error 109560.5546875
38 self_attn.k_proj
Quantizing ...
time 3.29
error 262085.40625
38 self_attn.v_proj
Quantizing ...
time 2.38
error 211638.6875
38 self_attn.q_proj
Quantizing ...
time 2.38
error 299339.03125
38 self_attn.o_proj
Quantizing ...
time 2.94
error 10948.791015625
38 mlp.up_proj
Quantizing ...
time 3.23
error 469139.75
38 mlp.gate_proj
Quantizing ...
time 2.40
error 557877.75
38 mlp.down_proj
Quantizing ...
time 9.90
error 112300.859375
39 self_attn.k_proj
Quantizing ...
time 3.28
error 266708.0625
39 self_attn.v_proj
Quantizing ...
time 2.37
error 203124.1875
39 self_attn.q_proj
Quantizing ...
time 2.37
error 312785.21875
39 self_attn.o_proj
Quantizing ...
time 2.94
error 8013.0693359375
39 mlp.up_proj
Quantizing ...
time 3.22
error 485464.0
39 mlp.gate_proj
Quantizing ...
time 2.40
error 571079.4375
39 mlp.down_proj
Quantizing ...
time 9.76
error 116457.921875
40 self_attn.k_proj
Quantizing ...
time 3.27
error 273116.5625
40 self_attn.v_proj
Quantizing ...
time 2.34
error 220363.6875
40 self_attn.q_proj
Quantizing ...
time 2.35
error 308859.84375
40 self_attn.o_proj
Quantizing ...
time 2.95
error 9572.916015625
40 mlp.up_proj
Quantizing ...
time 3.21
error 497583.5625
40 mlp.gate_proj
Quantizing ...
time 2.40
error 583472.6875
40 mlp.down_proj
Quantizing ...
time 9.77
error 118181.3515625
41 self_attn.k_proj
Quantizing ...
time 3.28
error 252462.359375
41 self_attn.v_proj
Quantizing ...
time 2.36
error 199252.90625
41 self_attn.q_proj
Quantizing ...
time 2.36
error 315288.8125
41 self_attn.o_proj
Quantizing ...
time 2.95
error 9638.462890625
41 mlp.up_proj
Quantizing ...
time 3.21
error 510254.625
41 mlp.gate_proj
Quantizing ...
time 2.41
error 596987.25
41 mlp.down_proj
Quantizing ...
time 9.79
error 121830.484375
42 self_attn.k_proj
Quantizing ...
time 3.28
error 241073.203125
42 self_attn.v_proj
Quantizing ...
time 2.37
error 180065.84375
42 self_attn.q_proj
Quantizing ...
time 2.41
error 287363.15625
42 self_attn.o_proj
Quantizing ...
time 2.95
error 7184.8583984375
42 mlp.up_proj
Quantizing ...
time 3.32
error 526862.0625
42 mlp.gate_proj
Quantizing ...
time 2.42
error 615129.0
42 mlp.down_proj
Quantizing ...
time 9.87
error 125783.0625
43 self_attn.k_proj
Quantizing ...
time 3.27
error 283382.5625
43 self_attn.v_proj
Quantizing ...
time 2.35
error 227395.59375
43 self_attn.q_proj
Quantizing ...
time 2.34
error 336808.125
43 self_attn.o_proj
Quantizing ...
time 2.94
error 13678.044921875
43 mlp.up_proj
Quantizing ...
time 3.22
error 544677.375
43 mlp.gate_proj
Quantizing ...
time 2.40
error 633605.75
43 mlp.down_proj
Quantizing ...
time 9.90
error 131760.9375
44 self_attn.k_proj
Quantizing ...
time 3.27
error 261799.0
44 self_attn.v_proj
Quantizing ...
time 2.35
error 203195.421875
44 self_attn.q_proj
Quantizing ...
time 2.36
error 326663.875
44 self_attn.o_proj
Quantizing ...
time 2.94
error 11448.9775390625
44 mlp.up_proj
Quantizing ...
time 3.21
error 553724.3125
44 mlp.gate_proj
Quantizing ...
time 2.42
error 642114.5
44 mlp.down_proj
Quantizing ...
time 9.79
error 136621.6875
45 self_attn.k_proj
Quantizing ...
time 3.28
error 270750.0
45 self_attn.v_proj
Quantizing ...
time 2.35
error 208957.96875
45 self_attn.q_proj
Quantizing ...
time 2.36
error 304691.875
45 self_attn.o_proj
Quantizing ...
time 2.95
error 10933.52734375
45 mlp.up_proj
Quantizing ...
time 3.22
error 568375.875
45 mlp.gate_proj
Quantizing ...
time 2.43
error 656654.5
45 mlp.down_proj
Quantizing ...
time 9.82
error 139756.125
46 self_attn.k_proj
Quantizing ...
time 3.27
error 238228.0
46 self_attn.v_proj
Quantizing ...
time 2.36
error 174950.140625
46 self_attn.q_proj
Quantizing ...
time 2.36
error 318013.8125
46 self_attn.o_proj
Quantizing ...
time 2.97
error 6810.6435546875
46 mlp.up_proj
Quantizing ...
time 3.22
error 582304.0
46 mlp.gate_proj
Quantizing ...
time 2.41
error 669797.5
46 mlp.down_proj
Quantizing ...
time 9.82
error 145277.71875
47 self_attn.k_proj
Quantizing ...
time 3.26
error 261567.625
47 self_attn.v_proj
Quantizing ...
time 2.34
error 195916.65625
47 self_attn.q_proj
Quantizing ...
time 2.34
error 341874.625
47 self_attn.o_proj
Quantizing ...
time 2.93
error 8651.005859375
47 mlp.up_proj
Quantizing ...
time 3.21
error 598046.625
47 mlp.gate_proj
Quantizing ...
time 2.39
error 686324.5
47 mlp.down_proj
Quantizing ...
time 9.80
error 148256.3125
48 self_attn.k_proj
Quantizing ...
time 3.28
error 260226.453125
48 self_attn.v_proj
Quantizing ...
time 2.35
error 195699.1875
48 self_attn.q_proj
Quantizing ...
time 2.35
error 315392.125
48 self_attn.o_proj
Quantizing ...
time 2.95
error 6832.32568359375
48 mlp.up_proj
Quantizing ...
time 3.21
error 612181.875
48 mlp.gate_proj
Quantizing ...
time 2.41
error 694100.0
48 mlp.down_proj
Quantizing ...
time 9.80
error 149628.09375
49 self_attn.k_proj
Quantizing ...
time 3.27
error 306637.1875
49 self_attn.v_proj
Quantizing ...
time 2.34
error 261236.0625
49 self_attn.q_proj
Quantizing ...
time 2.36
error 367542.25
49 self_attn.o_proj
Quantizing ...
time 2.94
error 17340.96875
49 mlp.up_proj
Quantizing ...
time 3.21
error 623638.75
49 mlp.gate_proj
Quantizing ...
time 2.41
error 701176.5625
49 mlp.down_proj
Quantizing ...
time 9.75
error 155233.078125
50 self_attn.k_proj
Quantizing ...
time 3.28
error 291816.1875
50 self_attn.v_proj
Quantizing ...
time 2.37
error 236822.515625
50 self_attn.q_proj
Quantizing ...
time 2.49
error 378945.875
50 self_attn.o_proj
Quantizing ...
time 2.94
error 10930.0361328125
50 mlp.up_proj
Quantizing ...
time 3.19
error 633185.75
50 mlp.gate_proj
Quantizing ...
time 2.39
error 706818.1875
50 mlp.down_proj
Quantizing ...
time 9.61
error 158156.71875
51 self_attn.k_proj
Quantizing ...
time 3.26
error 276785.3125
51 self_attn.v_proj
Quantizing ...
time 2.33
error 228989.65625
51 self_attn.q_proj
Quantizing ...
time 2.35
error 362246.375
51 self_attn.o_proj
Quantizing ...
time 2.94
error 10916.615234375
51 mlp.up_proj
Quantizing ...
time 3.20
error 642157.9375
51 mlp.gate_proj
Quantizing ...
time 2.40
error 709062.0
51 mlp.down_proj
Quantizing ...
time 9.76
error 163686.203125
52 self_attn.k_proj
Quantizing ...
time 3.27
error 275997.46875
52 self_attn.v_proj
Quantizing ...
time 2.37
error 189066.015625
52 self_attn.q_proj
Quantizing ...
time 2.35
error 306949.78125
52 self_attn.o_proj
Quantizing ...
time 2.95
error 9891.248046875
52 mlp.up_proj
Quantizing ...
time 3.21
error 648358.5625
52 mlp.gate_proj
Quantizing ...
time 2.40
error 709962.0625
52 mlp.down_proj
Quantizing ...
time 9.76
error 170136.375
53 self_attn.k_proj
Quantizing ...
time 3.24
error 251350.203125
53 self_attn.v_proj
Quantizing ...
time 2.28
error 176348.0625
53 self_attn.q_proj
Quantizing ...
time 2.44
error 261791.4375
53 self_attn.o_proj
Quantizing ...
time 2.92
error 9124.56640625
53 mlp.up_proj
Quantizing ...
time 3.19
error 650233.5625
53 mlp.gate_proj
Quantizing ...
time 2.36
error 705443.4375
53 mlp.down_proj
Quantizing ...
time 9.78
error 171716.015625
54 self_attn.k_proj
Quantizing ...
time 3.22
error 263188.375
54 self_attn.v_proj
Quantizing ...
time 2.30
error 209772.21875
54 self_attn.q_proj
Quantizing ...
time 2.44
error 296362.0
54 self_attn.o_proj
Quantizing ...
time 2.89
error 10465.552734375
54 mlp.up_proj
Quantizing ...
time 3.19
error 658180.0
54 mlp.gate_proj
Quantizing ...
time 2.34
error 709795.125
54 mlp.down_proj
Quantizing ...
time 9.80
error 186064.078125
55 self_attn.k_proj
Quantizing ...
time 3.25
error 281668.9375
55 self_attn.v_proj
Quantizing ...
time 2.34
error 214255.5625
55 self_attn.q_proj
Quantizing ...
time 2.40
error 316569.625
55 self_attn.o_proj
Quantizing ...
time 2.89
error 14882.4716796875
55 mlp.up_proj
Quantizing ...
time 3.16
error 663101.75
55 mlp.gate_proj
Quantizing ...
time 2.36
error 703809.125
55 mlp.down_proj
Quantizing ...
time 9.69
error 202544.75
56 self_attn.k_proj
Quantizing ...
time 3.22
error 257475.71875
56 self_attn.v_proj
Quantizing ...
time 2.30
error 208750.90625
56 self_attn.q_proj
Quantizing ...
time 2.29
error 285742.03125
56 self_attn.o_proj
Quantizing ...
time 2.89
error 22312.244140625
56 mlp.up_proj
Quantizing ...
time 3.16
error 672550.5625
56 mlp.gate_proj
Quantizing ...
time 2.36
error 709214.0625
56 mlp.down_proj
Quantizing ...
time 9.80
error 228702.0625
57 self_attn.k_proj
Quantizing ...
time 3.21
error 253708.5625
57 self_attn.v_proj
Quantizing ...
time 2.29
error 177235.125
57 self_attn.q_proj
Quantizing ...
time 2.35
error 318377.6875
57 self_attn.o_proj
Quantizing ...
time 2.88
error 12550.150390625
57 mlp.up_proj
Quantizing ...
time 3.18
error 646637.6875
57 mlp.gate_proj
Quantizing ...
time 2.36
error 682140.1875
57 mlp.down_proj
Quantizing ...
time 9.66
error 279762.90625
58 self_attn.k_proj
Quantizing ...
time 3.24
error 232490.515625
58 self_attn.v_proj
Quantizing ...
time 2.34
error 144704.6875
58 self_attn.q_proj
Quantizing ...
time 2.39
error 314559.15625
58 self_attn.o_proj
Quantizing ...
time 2.89
error 12169.384765625
58 mlp.up_proj
Quantizing ...
time 3.15
error 593000.375
58 mlp.gate_proj
Quantizing ...
time 2.34
error 637062.5
58 mlp.down_proj
Quantizing ...
time 9.63
error 371482.5625
59 self_attn.k_proj
Quantizing ...
time 3.23
error 189675.0
59 self_attn.v_proj
Quantizing ...
time 2.29
error 110002.8046875
59 self_attn.q_proj
Quantizing ...
time 2.36
error 286479.40625
59 self_attn.o_proj
Quantizing ...
time 2.89
error 19286.84765625
59 mlp.up_proj
Quantizing ...
time 3.16
error 470513.90625
59 mlp.gate_proj
Quantizing ...
time 2.37
error 508459.28125
59 mlp.down_proj
Quantizing ...
time 9.68
error 541512.8125
3387.7211532592773
wikitext2
Evaluating ...
0
1
2
3
4
5
6
7
8
9
10
11
12
13
14
15
16
17
18
19
20
21
22
23
24
25
26
27
28
29
30
31
32
33
34
35
36
37
38
39
40
41
42
43
44
45
46
47
48
49
50
51
52
53
54
55
56
57
58
59
5.6983771324157715
ptb-new
Evaluating ...
0
1
2
3
4
5
6
7
8
9
10
11
12
13
14
15
16
17
18
19
20
21
22
23
24
25
26
27
28
29
30
31
32
33
34
35
36
37
38
39
40
41
42
43
44
45
46
47
48
49
50
51
52
53
54
55
56
57
58
59
27.983591079711914
c4-new
Evaluating ...
0
1
2
3
4
5
6
7
8
9
10
11
12
13
14
15
16
17
18
19
20
21
22
23
24
25
26
27
28
29
30
31
32
33
34
35
36
37
38
39
40
41
42
43
44
45
46
47
48
49
50
51
52
53
54
55
56
57
58
59
7.856597900390625
