CUDA extension not installed.
Starting ...
Ready.
0 self_attn.k_proj
Quantizing ...
time 4.25
error 1522.40673828125
0 self_attn.v_proj
Quantizing ...
time 3.05
error 77.58714294433594
0 self_attn.q_proj
Quantizing ...
time 3.05
error 989.1505737304688
0 self_attn.o_proj
Quantizing ...
time 3.79
error 22.308937072753906
0 mlp.up_proj
Quantizing ...
time 4.16
error 300.7278137207031
0 mlp.gate_proj
Quantizing ...
time 3.13
error 346.71954345703125
0 mlp.down_proj
Quantizing ...
time 13.25
error 68.93659973144531
1 self_attn.k_proj
Quantizing ...
time 4.26
error 4478.75146484375
1 self_attn.v_proj
Quantizing ...
time 2.93
error 432.7464904785156
1 self_attn.q_proj
Quantizing ...
time 3.00
error 3700.29541015625
1 self_attn.o_proj
Quantizing ...
time 3.79
error 154.4881591796875
1 mlp.up_proj
Quantizing ...
time 4.17
error 3751.65478515625
1 mlp.gate_proj
Quantizing ...
time 3.12
error 4526.08154296875
1 mlp.down_proj
Quantizing ...
time 13.24
error 659.3826904296875
2 self_attn.k_proj
Quantizing ...
time 4.27
error 9957.541015625
2 self_attn.v_proj
Quantizing ...
time 3.05
error 1291.012451171875
2 self_attn.q_proj
Quantizing ...
time 3.04
error 7199.93603515625
2 self_attn.o_proj
Quantizing ...
time 3.80
error 459.481689453125
2 mlp.up_proj
Quantizing ...
time 4.18
error 14255.58203125
2 mlp.gate_proj
Quantizing ...
time 3.14
error 17173.546875
2 mlp.down_proj
Quantizing ...
time 13.25
error 10995.07421875
3 self_attn.k_proj
Quantizing ...
time 4.28
error 45276.5625
3 self_attn.v_proj
Quantizing ...
time 3.05
error 15189.41015625
3 self_attn.q_proj
Quantizing ...
time 2.95
error 40569.953125
3 self_attn.o_proj
Quantizing ...
time 3.78
error 640.6010131835938
3 mlp.up_proj
Quantizing ...
time 4.14
error 30328.2265625
3 mlp.gate_proj
Quantizing ...
time 3.13
error 35575.515625
3 mlp.down_proj
Quantizing ...
time 13.28
error 2651.001953125
4 self_attn.k_proj
Quantizing ...
time 4.23
error 62772.5390625
4 self_attn.v_proj
Quantizing ...
time 3.02
error 23825.15625
4 self_attn.q_proj
Quantizing ...
time 3.03
error 56262.171875
4 self_attn.o_proj
Quantizing ...
time 3.74
error 793.3055419921875
4 mlp.up_proj
Quantizing ...
time 4.18
error 46765.296875
4 mlp.gate_proj
Quantizing ...
time 3.08
error 53702.87109375
4 mlp.down_proj
Quantizing ...
time 13.32
error 3968.253662109375
5 self_attn.k_proj
Quantizing ...
time 4.24
error 82857.703125
5 self_attn.v_proj
Quantizing ...
time 3.01
error 32261.76953125
5 self_attn.q_proj
Quantizing ...
time 2.96
error 72303.296875
5 self_attn.o_proj
Quantizing ...
time 3.77
error 1652.3287353515625
5 mlp.up_proj
Quantizing ...
time 4.15
error 64792.73828125
5 mlp.gate_proj
Quantizing ...
time 3.12
error 74804.1328125
5 mlp.down_proj
Quantizing ...
time 13.24
error 6140.59326171875
6 self_attn.k_proj
Quantizing ...
time 4.25
error 100601.875
6 self_attn.v_proj
Quantizing ...
time 3.03
error 42497.40234375
6 self_attn.q_proj
Quantizing ...
time 3.02
error 86330.34375
6 self_attn.o_proj
Quantizing ...
time 3.73
error 1468.10107421875
6 mlp.up_proj
Quantizing ...
time 4.16
error 87549.3828125
6 mlp.gate_proj
Quantizing ...
time 3.10
error 101241.6640625
6 mlp.down_proj
Quantizing ...
time 13.41
error 8298.169921875
7 self_attn.k_proj
Quantizing ...
time 4.23
error 106684.2734375
7 self_attn.v_proj
Quantizing ...
time 3.01
error 47561.0234375
7 self_attn.q_proj
Quantizing ...
time 3.01
error 88991.40625
7 self_attn.o_proj
Quantizing ...
time 3.79
error 1427.869140625
7 mlp.up_proj
Quantizing ...
time 4.19
error 108239.09375
7 mlp.gate_proj
Quantizing ...
time 3.14
error 127026.09375
7 mlp.down_proj
Quantizing ...
time 13.24
error 10906.171875
8 self_attn.k_proj
Quantizing ...
time 4.25
error 99878.953125
8 self_attn.v_proj
Quantizing ...
time 3.08
error 44000.1171875
8 self_attn.q_proj
Quantizing ...
time 3.03
error 86509.3515625
8 self_attn.o_proj
Quantizing ...
time 3.76
error 1964.306640625
8 mlp.up_proj
Quantizing ...
time 4.13
error 123611.7265625
8 mlp.gate_proj
Quantizing ...
time 3.12
error 143417.0625
8 mlp.down_proj
Quantizing ...
time 13.17
error 13315.763671875
9 self_attn.k_proj
Quantizing ...
time 4.22
error 117524.65625
9 self_attn.v_proj
Quantizing ...
time 2.98
error 53068.3125
9 self_attn.q_proj
Quantizing ...
time 2.94
error 105112.9375
9 self_attn.o_proj
Quantizing ...
time 3.77
error 3800.560302734375
9 mlp.up_proj
Quantizing ...
time 4.16
error 136020.75
9 mlp.gate_proj
Quantizing ...
time 3.11
error 153806.90625
9 mlp.down_proj
Quantizing ...
time 13.28
error 15962.802734375
10 self_attn.k_proj
Quantizing ...
time 4.24
error 152096.15625
10 self_attn.v_proj
Quantizing ...
time 2.98
error 69214.9375
10 self_attn.q_proj
Quantizing ...
time 2.95
error 137665.1875
10 self_attn.o_proj
Quantizing ...
time 3.81
error 5294.5458984375
10 mlp.up_proj
Quantizing ...
time 4.13
error 154577.265625
10 mlp.gate_proj
Quantizing ...
time 3.07
error 173184.40625
10 mlp.down_proj
Quantizing ...
time 13.11
error 20543.484375
11 self_attn.k_proj
Quantizing ...
time 4.24
error 162689.078125
11 self_attn.v_proj
Quantizing ...
time 3.02
error 78698.9296875
11 self_attn.q_proj
Quantizing ...
time 3.02
error 187321.875
11 self_attn.o_proj
Quantizing ...
time 3.76
error 6754.6865234375
11 mlp.up_proj
Quantizing ...
time 4.16
error 177575.625
11 mlp.gate_proj
Quantizing ...
time 3.11
error 195506.46875
11 mlp.down_proj
Quantizing ...
time 13.27
error 23564.640625
12 self_attn.k_proj
Quantizing ...
time 4.24
error 181102.40625
12 self_attn.v_proj
Quantizing ...
time 2.93
error 93463.8828125
12 self_attn.q_proj
Quantizing ...
time 2.93
error 212739.28125
12 self_attn.o_proj
Quantizing ...
time 3.77
error 9151.482421875
12 mlp.up_proj
Quantizing ...
time 4.17
error 190530.578125
12 mlp.gate_proj
Quantizing ...
time 3.14
error 206039.71875
12 mlp.down_proj
Quantizing ...
time 13.16
error 26649.109375
13 self_attn.k_proj
Quantizing ...
time 4.25
error 214423.40625
13 self_attn.v_proj
Quantizing ...
time 3.01
error 113961.265625
13 self_attn.q_proj
Quantizing ...
time 3.01
error 237931.1875
13 self_attn.o_proj
Quantizing ...
time 3.73
error 9212.5546875
13 mlp.up_proj
Quantizing ...
time 4.14
error 215523.71875
13 mlp.gate_proj
Quantizing ...
time 3.05
error 231000.59375
13 mlp.down_proj
Quantizing ...
time 13.40
error 28122.8515625
14 self_attn.k_proj
Quantizing ...
time 4.18
error 233314.046875
14 self_attn.v_proj
Quantizing ...
time 3.00
error 140585.03125
14 self_attn.q_proj
Quantizing ...
time 2.93
error 273289.96875
14 self_attn.o_proj
Quantizing ...
time 3.80
error 8833.96484375
14 mlp.up_proj
Quantizing ...
time 4.17
error 232699.6875
14 mlp.gate_proj
Quantizing ...
time 3.09
error 242319.53125
14 mlp.down_proj
Quantizing ...
time 13.20
error 31432.283203125
15 self_attn.k_proj
Quantizing ...
time 4.20
error 243554.5
15 self_attn.v_proj
Quantizing ...
time 3.01
error 133404.78125
15 self_attn.q_proj
Quantizing ...
time 2.97
error 270033.53125
15 self_attn.o_proj
Quantizing ...
time 3.79
error 11803.36328125
15 mlp.up_proj
Quantizing ...
time 4.20
error 238650.09375
15 mlp.gate_proj
Quantizing ...
time 3.14
error 248281.828125
15 mlp.down_proj
Quantizing ...
time 13.29
error 32820.5
16 self_attn.k_proj
Quantizing ...
time 4.26
error 276670.25
16 self_attn.v_proj
Quantizing ...
time 3.02
error 158104.5
16 self_attn.q_proj
Quantizing ...
time 2.92
error 291436.75
16 self_attn.o_proj
Quantizing ...
time 3.75
error 17136.666015625
16 mlp.up_proj
Quantizing ...
time 4.18
error 250426.3125
16 mlp.gate_proj
Quantizing ...
time 3.19
error 255372.71875
16 mlp.down_proj
Quantizing ...
time 13.28
error 36986.4609375
17 self_attn.k_proj
Quantizing ...
time 4.23
error 252812.703125
17 self_attn.v_proj
Quantizing ...
time 2.97
error 162954.140625
17 self_attn.q_proj
Quantizing ...
time 2.99
error 307047.75
17 self_attn.o_proj
Quantizing ...
time 3.76
error 14915.5966796875
17 mlp.up_proj
Quantizing ...
time 4.16
error 262913.75
17 mlp.gate_proj
Quantizing ...
time 3.08
error 269750.25
17 mlp.down_proj
Quantizing ...
time 13.25
error 39639.33984375
18 self_attn.k_proj
Quantizing ...
time 4.25
error 262288.25
18 self_attn.v_proj
Quantizing ...
time 3.05
error 160456.28125
18 self_attn.q_proj
Quantizing ...
time 3.09
error 298777.75
18 self_attn.o_proj
Quantizing ...
time 3.79
error 16779.46875
18 mlp.up_proj
Quantizing ...
time 4.20
error 274681.34375
18 mlp.gate_proj
Quantizing ...
time 3.15
error 277525.0
18 mlp.down_proj
Quantizing ...
time 13.27
error 42861.5546875
19 self_attn.k_proj
Quantizing ...
time 4.27
error 260149.90625
19 self_attn.v_proj
Quantizing ...
time 3.06
error 179670.5
19 self_attn.q_proj
Quantizing ...
time 3.06
error 330201.875
19 self_attn.o_proj
Quantizing ...
time 3.73
error 14828.716796875
19 mlp.up_proj
Quantizing ...
time 4.17
error 284329.21875
19 mlp.gate_proj
Quantizing ...
time 3.10
error 287191.875
19 mlp.down_proj
Quantizing ...
time 13.29
error 45896.8828125
20 self_attn.k_proj
Quantizing ...
time 4.37
error 259079.40625
20 self_attn.v_proj
Quantizing ...
time 2.95
error 173604.96875
20 self_attn.q_proj
Quantizing ...
time 3.00
error 333502.1875
20 self_attn.o_proj
Quantizing ...
time 3.79
error 13541.353515625
20 mlp.up_proj
Quantizing ...
time 4.19
error 292746.9375
20 mlp.gate_proj
Quantizing ...
time 3.07
error 298459.25
20 mlp.down_proj
Quantizing ...
time 13.16
error 47957.7265625
21 self_attn.k_proj
Quantizing ...
time 4.23
error 232008.3125
21 self_attn.v_proj
Quantizing ...
time 2.96
error 147060.21875
21 self_attn.q_proj
Quantizing ...
time 3.00
error 301874.875
21 self_attn.o_proj
Quantizing ...
time 3.81
error 13363.486328125
21 mlp.up_proj
Quantizing ...
time 4.18
error 299408.375
21 mlp.gate_proj
Quantizing ...
time 3.19
error 303922.125
21 mlp.down_proj
Quantizing ...
time 13.29
error 50242.375
22 self_attn.k_proj
Quantizing ...
time 4.17
error 250899.1875
22 self_attn.v_proj
Quantizing ...
time 2.96
error 180613.40625
22 self_attn.q_proj
Quantizing ...
time 2.96
error 339010.1875
22 self_attn.o_proj
Quantizing ...
time 3.79
error 13552.2734375
22 mlp.up_proj
Quantizing ...
time 4.18
error 308704.46875
22 mlp.gate_proj
Quantizing ...
time 3.11
error 315183.96875
22 mlp.down_proj
Quantizing ...
time 13.33
error 53608.8046875
23 self_attn.k_proj
Quantizing ...
time 4.28
error 234668.84375
23 self_attn.v_proj
Quantizing ...
time 3.04
error 158340.8125
23 self_attn.q_proj
Quantizing ...
time 3.03
error 325335.1875
23 self_attn.o_proj
Quantizing ...
time 3.82
error 11897.458984375
23 mlp.up_proj
Quantizing ...
time 4.20
error 322126.65625
23 mlp.gate_proj
Quantizing ...
time 3.15
error 332482.15625
23 mlp.down_proj
Quantizing ...
time 13.35
error 56082.15625
24 self_attn.k_proj
Quantizing ...
time 4.28
error 242556.3125
24 self_attn.v_proj
Quantizing ...
time 3.06
error 169907.625
24 self_attn.q_proj
Quantizing ...
time 3.05
error 353015.0625
24 self_attn.o_proj
Quantizing ...
time 3.83
error 8596.962890625
24 mlp.up_proj
Quantizing ...
time 4.18
error 338344.8125
24 mlp.gate_proj
Quantizing ...
time 3.13
error 352435.1875
24 mlp.down_proj
Quantizing ...
time 13.26
error 57696.53125
25 self_attn.k_proj
Quantizing ...
time 4.17
error 228217.765625
25 self_attn.v_proj
Quantizing ...
time 2.88
error 161476.515625
25 self_attn.q_proj
Quantizing ...
time 2.97
error 350603.03125
25 self_attn.o_proj
Quantizing ...
time 3.67
error 8589.796875
25 mlp.up_proj
Quantizing ...
time 4.09
error 353618.9375
25 mlp.gate_proj
Quantizing ...
time 2.98
error 370517.53125
25 mlp.down_proj
Quantizing ...
time 12.82
error 59196.546875
26 self_attn.k_proj
Quantizing ...
time 4.09
error 263104.3125
26 self_attn.v_proj
Quantizing ...
time 2.90
error 185544.328125
26 self_attn.q_proj
Quantizing ...
time 2.96
error 366964.0625
26 self_attn.o_proj
Quantizing ...
time 3.63
error 11547.29296875
26 mlp.up_proj
Quantizing ...
time 4.11
error 363755.8125
26 mlp.gate_proj
Quantizing ...
time 3.11
error 384850.125
26 mlp.down_proj
Quantizing ...
time 12.81
error 63027.6171875
27 self_attn.k_proj
Quantizing ...
time 4.17
error 212363.6875
27 self_attn.v_proj
Quantizing ...
time 2.85
error 135903.375
27 self_attn.q_proj
Quantizing ...
time 2.87
error 326631.59375
27 self_attn.o_proj
Quantizing ...
time 3.67
error 3951.921630859375
27 mlp.up_proj
Quantizing ...
time 4.03
error 379915.5625
27 mlp.gate_proj
Quantizing ...
time 2.96
error 400484.03125
27 mlp.down_proj
Quantizing ...
time 13.06
error 64051.078125
28 self_attn.k_proj
Quantizing ...
time 4.30
error 219241.375
28 self_attn.v_proj
Quantizing ...
time 3.05
error 150788.984375
28 self_attn.q_proj
Quantizing ...
time 2.94
error 329828.5625
28 self_attn.o_proj
Quantizing ...
time 3.62
error 8159.5849609375
28 mlp.up_proj
Quantizing ...
time 4.01
error 389522.125
28 mlp.gate_proj
Quantizing ...
time 3.11
error 412228.375
28 mlp.down_proj
Quantizing ...
time 12.86
error 68661.78125
29 self_attn.k_proj
Quantizing ...
time 4.13
error 204811.65625
29 self_attn.v_proj
Quantizing ...
time 3.02
error 136201.90625
29 self_attn.q_proj
Quantizing ...
time 2.85
error 290845.09375
29 self_attn.o_proj
Quantizing ...
time 3.74
error 7935.21484375
29 mlp.up_proj
Quantizing ...
time 4.00
error 399994.15625
29 mlp.gate_proj
Quantizing ...
time 2.99
error 426651.25
29 mlp.down_proj
Quantizing ...
time 12.80
error 72531.6875
30 self_attn.k_proj
Quantizing ...
time 4.09
error 264259.375
30 self_attn.v_proj
Quantizing ...
time 2.86
error 191190.28125
30 self_attn.q_proj
Quantizing ...
time 3.02
error 373021.125
30 self_attn.o_proj
Quantizing ...
time 3.62
error 13955.5888671875
30 mlp.up_proj
Quantizing ...
time 4.02
error 406654.5
30 mlp.gate_proj
Quantizing ...
time 3.00
error 432048.46875
30 mlp.down_proj
Quantizing ...
time 13.29
error 76831.765625
31 self_attn.k_proj
Quantizing ...
time 4.08
error 255993.375
31 self_attn.v_proj
Quantizing ...
time 3.02
error 167377.890625
31 self_attn.q_proj
Quantizing ...
time 2.85
error 305088.0625
31 self_attn.o_proj
Quantizing ...
time 3.63
error 19116.458984375
31 mlp.up_proj
Quantizing ...
time 4.05
error 414294.28125
31 mlp.gate_proj
Quantizing ...
time 3.16
error 440603.84375
31 mlp.down_proj
Quantizing ...
time 12.89
error 84352.4375
32 self_attn.k_proj
Quantizing ...
time 4.11
error 297665.0625
32 self_attn.v_proj
Quantizing ...
time 2.87
error 222303.984375
32 self_attn.q_proj
Quantizing ...
time 2.89
error 349739.3125
32 self_attn.o_proj
Quantizing ...
time 3.64
error 24564.98046875
32 mlp.up_proj
Quantizing ...
time 4.01
error 428836.4375
32 mlp.gate_proj
Quantizing ...
time 3.07
error 460634.0625
32 mlp.down_proj
Quantizing ...
time 12.99
error 91950.4375
33 self_attn.k_proj
Quantizing ...
time 4.09
error 304401.40625
33 self_attn.v_proj
Quantizing ...
time 3.09
error 221415.3125
33 self_attn.q_proj
Quantizing ...
time 2.85
error 351933.84375
33 self_attn.o_proj
Quantizing ...
time 3.61
error 21539.80859375
33 mlp.up_proj
Quantizing ...
time 4.11
error 442126.96875
33 mlp.gate_proj
Quantizing ...
time 3.07
error 479765.3125
33 mlp.down_proj
Quantizing ...
time 12.85
error 99848.6171875
34 self_attn.k_proj
Quantizing ...
time 4.07
error 312618.75
34 self_attn.v_proj
Quantizing ...
time 2.84
error 222616.78125
34 self_attn.q_proj
Quantizing ...
time 3.06
error 344712.96875
34 self_attn.o_proj
Quantizing ...
time 3.65
error 29049.28515625
34 mlp.up_proj
Quantizing ...
time 4.03
error 453173.875
34 mlp.gate_proj
Quantizing ...
time 2.98
error 492979.375
34 mlp.down_proj
Quantizing ...
time 12.91
error 108560.578125
35 self_attn.k_proj
Quantizing ...
time 4.13
error 323251.625
35 self_attn.v_proj
Quantizing ...
time 2.93
error 233621.0
35 self_attn.q_proj
Quantizing ...
time 2.86
error 365138.8125
35 self_attn.o_proj
Quantizing ...
time 3.77
error 24290.2265625
35 mlp.up_proj
Quantizing ...
time 4.11
error 459557.0
35 mlp.gate_proj
Quantizing ...
time 3.00
error 509127.5
35 mlp.down_proj
Quantizing ...
time 12.84
error 112678.4453125
36 self_attn.k_proj
Quantizing ...
time 4.11
error 297996.9375
36 self_attn.v_proj
Quantizing ...
time 2.97
error 222846.1875
36 self_attn.q_proj
Quantizing ...
time 2.94
error 356027.96875
36 self_attn.o_proj
Quantizing ...
time 3.65
error 29533.60546875
36 mlp.up_proj
Quantizing ...
time 4.01
error 463693.875
36 mlp.gate_proj
Quantizing ...
time 2.97
error 522613.875
36 mlp.down_proj
Quantizing ...
time 12.87
error 124062.3515625
37 self_attn.k_proj
Quantizing ...
time 4.08
error 280984.40625
37 self_attn.v_proj
Quantizing ...
time 2.85
error 210022.0
37 self_attn.q_proj
Quantizing ...
time 3.08
error 356862.125
37 self_attn.o_proj
Quantizing ...
time 3.64
error 28414.609375
37 mlp.up_proj
Quantizing ...
time 4.06
error 466201.71875
37 mlp.gate_proj
Quantizing ...
time 2.96
error 538265.375
37 mlp.down_proj
Quantizing ...
time 12.85
error 136745.34375
38 self_attn.k_proj
Quantizing ...
time 4.09
error 306259.78125
38 self_attn.v_proj
Quantizing ...
time 2.87
error 238138.96875
38 self_attn.q_proj
Quantizing ...
time 2.96
error 377763.9375
38 self_attn.o_proj
Quantizing ...
time 3.68
error 30581.671875
38 mlp.up_proj
Quantizing ...
time 4.24
error 477876.6875
38 mlp.gate_proj
Quantizing ...
time 3.10
error 560622.0
38 mlp.down_proj
Quantizing ...
time 12.83
error 142947.4375
39 self_attn.k_proj
Quantizing ...
time 4.11
error 281160.6875
39 self_attn.v_proj
Quantizing ...
time 2.85
error 226749.3125
39 self_attn.q_proj
Quantizing ...
time 2.90
error 370760.5
39 self_attn.o_proj
Quantizing ...
time 3.71
error 23070.046875
39 mlp.up_proj
Quantizing ...
time 4.01
error 487920.84375
39 mlp.gate_proj
Quantizing ...
time 2.98
error 584863.375
39 mlp.down_proj
Quantizing ...
time 12.85
error 149922.4375
40 self_attn.k_proj
Quantizing ...
time 4.10
error 278974.0
40 self_attn.v_proj
Quantizing ...
time 2.98
error 210804.5625
40 self_attn.q_proj
Quantizing ...
time 2.84
error 363226.375
40 self_attn.o_proj
Quantizing ...
time 3.64
error 20282.9765625
40 mlp.up_proj
Quantizing ...
time 4.08
error 499838.625
40 mlp.gate_proj
Quantizing ...
time 3.01
error 608130.25
40 mlp.down_proj
Quantizing ...
time 12.85
error 155381.5625
41 self_attn.k_proj
Quantizing ...
time 4.12
error 270088.0625
41 self_attn.v_proj
Quantizing ...
time 2.85
error 206185.203125
41 self_attn.q_proj
Quantizing ...
time 3.07
error 373374.875
41 self_attn.o_proj
Quantizing ...
time 3.68
error 20703.80859375
41 mlp.up_proj
Quantizing ...
time 4.05
error 508669.71875
41 mlp.gate_proj
Quantizing ...
time 3.14
error 629381.75
41 mlp.down_proj
Quantizing ...
time 12.87
error 156362.9375
42 self_attn.k_proj
Quantizing ...
time 4.27
error 265980.3125
42 self_attn.v_proj
Quantizing ...
time 2.86
error 195095.59375
42 self_attn.q_proj
Quantizing ...
time 2.97
error 352885.0625
42 self_attn.o_proj
Quantizing ...
time 3.61
error 19483.90234375
42 mlp.up_proj
Quantizing ...
time 4.02
error 515999.375
42 mlp.gate_proj
Quantizing ...
time 2.99
error 641472.625
42 mlp.down_proj
Quantizing ...
time 12.80
error 161511.28125
43 self_attn.k_proj
Quantizing ...
time 4.08
error 239414.078125
43 self_attn.v_proj
Quantizing ...
time 2.87
error 169337.65625
43 self_attn.q_proj
Quantizing ...
time 2.85
error 316757.4375
43 self_attn.o_proj
Quantizing ...
time 3.63
error 7911.7041015625
43 mlp.up_proj
Quantizing ...
time 4.04
error 530723.125
43 mlp.gate_proj
Quantizing ...
time 3.04
error 664200.625
43 mlp.down_proj
Quantizing ...
time 13.36
error 164721.34375
44 self_attn.k_proj
Quantizing ...
time 4.12
error 228394.21875
44 self_attn.v_proj
Quantizing ...
time 2.93
error 148053.03125
44 self_attn.q_proj
Quantizing ...
time 2.86
error 296388.6875
44 self_attn.o_proj
Quantizing ...
time 3.66
error 8354.671875
44 mlp.up_proj
Quantizing ...
time 4.01
error 543326.5
44 mlp.gate_proj
Quantizing ...
time 3.00
error 682674.75
44 mlp.down_proj
Quantizing ...
time 12.86
error 166594.796875
45 self_attn.k_proj
Quantizing ...
time 4.32
error 223854.625
45 self_attn.v_proj
Quantizing ...
time 2.89
error 147504.171875
45 self_attn.q_proj
Quantizing ...
time 2.95
error 296634.15625
45 self_attn.o_proj
Quantizing ...
time 3.74
error 7100.412109375
45 mlp.up_proj
Quantizing ...
time 4.03
error 548578.625
45 mlp.gate_proj
Quantizing ...
time 2.97
error 688982.1875
45 mlp.down_proj
Quantizing ...
time 12.90
error 168096.125
46 self_attn.k_proj
Quantizing ...
time 4.38
error 220083.03125
46 self_attn.v_proj
Quantizing ...
time 3.08
error 140023.28125
46 self_attn.q_proj
Quantizing ...
time 2.98
error 278890.75
46 self_attn.o_proj
Quantizing ...
time 3.68
error 7927.22998046875
46 mlp.up_proj
Quantizing ...
time 4.12
error 561408.5
46 mlp.gate_proj
Quantizing ...
time 3.00
error 702665.875
46 mlp.down_proj
Quantizing ...
time 12.96
error 168952.28125
47 self_attn.k_proj
Quantizing ...
time 4.11
error 225818.890625
47 self_attn.v_proj
Quantizing ...
time 2.94
error 146110.375
47 self_attn.q_proj
Quantizing ...
time 2.86
error 291011.1875
47 self_attn.o_proj
Quantizing ...
time 3.64
error 10941.80078125
47 mlp.up_proj
Quantizing ...
time 4.04
error 570361.25
47 mlp.gate_proj
Quantizing ...
time 2.95
error 712814.5625
47 mlp.down_proj
Quantizing ...
time 12.81
error 172197.375
48 self_attn.k_proj
Quantizing ...
time 4.29
error 233693.9375
48 self_attn.v_proj
Quantizing ...
time 3.04
error 155106.15625
48 self_attn.q_proj
Quantizing ...
time 3.03
error 303450.5625
48 self_attn.o_proj
Quantizing ...
time 3.75
error 9289.6875
48 mlp.up_proj
Quantizing ...
time 4.17
error 585336.75
48 mlp.gate_proj
Quantizing ...
time 3.08
error 726494.1875
48 mlp.down_proj
Quantizing ...
time 13.19
error 178162.203125
49 self_attn.k_proj
Quantizing ...
time 4.26
error 207420.1875
49 self_attn.v_proj
Quantizing ...
time 3.06
error 112238.953125
49 self_attn.q_proj
Quantizing ...
time 3.07
error 227824.46875
49 self_attn.o_proj
Quantizing ...
time 3.81
error 5085.7353515625
49 mlp.up_proj
Quantizing ...
time 4.23
error 589961.125
49 mlp.gate_proj
Quantizing ...
time 3.16
error 728654.375
49 mlp.down_proj
Quantizing ...
time 13.31
error 177516.046875
50 self_attn.k_proj
Quantizing ...
time 4.26
error 220592.59375
50 self_attn.v_proj
Quantizing ...
time 3.02
error 126860.890625
50 self_attn.q_proj
Quantizing ...
time 3.01
error 244500.046875
50 self_attn.o_proj
Quantizing ...
time 3.75
error 5544.7001953125
50 mlp.up_proj
Quantizing ...
time 4.16
error 605600.9375
50 mlp.gate_proj
Quantizing ...
time 3.09
error 745081.625
50 mlp.down_proj
Quantizing ...
time 13.18
error 180688.65625
51 self_attn.k_proj
Quantizing ...
time 4.26
error 207115.578125
51 self_attn.v_proj
Quantizing ...
time 3.05
error 97158.0
51 self_attn.q_proj
Quantizing ...
time 2.94
error 204660.40625
51 self_attn.o_proj
Quantizing ...
time 3.79
error 2924.07421875
51 mlp.up_proj
Quantizing ...
time 4.20
error 618873.0
51 mlp.gate_proj
Quantizing ...
time 3.12
error 756034.6875
51 mlp.down_proj
Quantizing ...
time 13.21
error 180468.765625
52 self_attn.k_proj
Quantizing ...
time 4.23
error 214851.5
52 self_attn.v_proj
Quantizing ...
time 2.99
error 115685.6953125
52 self_attn.q_proj
Quantizing ...
time 2.98
error 229689.84375
52 self_attn.o_proj
Quantizing ...
time 3.80
error 5043.5244140625
52 mlp.up_proj
Quantizing ...
time 4.19
error 637139.375
52 mlp.gate_proj
Quantizing ...
time 3.11
error 775045.125
52 mlp.down_proj
Quantizing ...
time 13.20
error 187409.21875
53 self_attn.k_proj
Quantizing ...
time 4.27
error 207391.8125
53 self_attn.v_proj
Quantizing ...
time 2.98
error 102663.96875
53 self_attn.q_proj
Quantizing ...
time 2.96
error 215793.71875
53 self_attn.o_proj
Quantizing ...
time 3.77
error 4619.505859375
53 mlp.up_proj
Quantizing ...
time 4.17
error 649578.75
53 mlp.gate_proj
Quantizing ...
time 3.12
error 786677.0
53 mlp.down_proj
Quantizing ...
time 13.32
error 187748.765625
54 self_attn.k_proj
Quantizing ...
time 4.22
error 243335.78125
54 self_attn.v_proj
Quantizing ...
time 3.05
error 144299.4375
54 self_attn.q_proj
Quantizing ...
time 3.04
error 265113.75
54 self_attn.o_proj
Quantizing ...
time 3.79
error 7074.146484375
54 mlp.up_proj
Quantizing ...
time 4.18
error 666590.0625
54 mlp.gate_proj
Quantizing ...
time 3.13
error 801507.8125
54 mlp.down_proj
Quantizing ...
time 13.30
error 194425.09375
55 self_attn.k_proj
Quantizing ...
time 4.27
error 223688.828125
55 self_attn.v_proj
Quantizing ...
time 3.14
error 127801.8046875
55 self_attn.q_proj
Quantizing ...
time 2.96
error 246157.625
55 self_attn.o_proj
Quantizing ...
time 3.78
error 3418.48681640625
55 mlp.up_proj
Quantizing ...
time 4.20
error 685068.625
55 mlp.gate_proj
Quantizing ...
time 3.16
error 820786.25
55 mlp.down_proj
Quantizing ...
time 13.29
error 200419.109375
56 self_attn.k_proj
Quantizing ...
time 4.27
error 212174.09375
56 self_attn.v_proj
Quantizing ...
time 3.04
error 109060.296875
56 self_attn.q_proj
Quantizing ...
time 3.02
error 207823.09375
56 self_attn.o_proj
Quantizing ...
time 3.79
error 3158.7998046875
56 mlp.up_proj
Quantizing ...
time 4.17
error 694068.875
56 mlp.gate_proj
Quantizing ...
time 3.12
error 824762.375
56 mlp.down_proj
Quantizing ...
time 13.28
error 200202.125
57 self_attn.k_proj
Quantizing ...
time 4.26
error 234949.59375
57 self_attn.v_proj
Quantizing ...
time 2.98
error 119832.4609375
57 self_attn.q_proj
Quantizing ...
time 2.96
error 231049.359375
57 self_attn.o_proj
Quantizing ...
time 3.78
error 5085.79296875
57 mlp.up_proj
Quantizing ...
time 4.16
error 715864.375
57 mlp.gate_proj
Quantizing ...
time 3.16
error 848600.0625
57 mlp.down_proj
Quantizing ...
time 13.17
error 207313.75
58 self_attn.k_proj
Quantizing ...
time 4.20
error 186006.78125
58 self_attn.v_proj
Quantizing ...
time 2.89
error 95409.0625
58 self_attn.q_proj
Quantizing ...
time 2.88
error 190938.234375
58 self_attn.o_proj
Quantizing ...
time 3.63
error 3451.0205078125
58 mlp.up_proj
Quantizing ...
time 4.11
error 734006.8125
58 mlp.gate_proj
Quantizing ...
time 3.12
error 865185.1875
58 mlp.down_proj
Quantizing ...
time 13.00
error 214585.359375
59 self_attn.k_proj
Quantizing ...
time 4.15
error 240931.5
59 self_attn.v_proj
Quantizing ...
time 2.89
error 136894.75
59 self_attn.q_proj
Quantizing ...
time 2.86
error 253011.3125
59 self_attn.o_proj
Quantizing ...
time 3.64
error 5070.22900390625
59 mlp.up_proj
Quantizing ...
time 4.06
error 751038.9375
59 mlp.gate_proj
Quantizing ...
time 2.96
error 880770.125
59 mlp.down_proj
Quantizing ...
time 12.81
error 218656.390625
60 self_attn.k_proj
Quantizing ...
time 4.09
error 245468.46875
60 self_attn.v_proj
Quantizing ...
time 2.84
error 137884.859375
60 self_attn.q_proj
Quantizing ...
time 3.09
error 256901.125
60 self_attn.o_proj
Quantizing ...
time 3.62
error 6878.63671875
60 mlp.up_proj
Quantizing ...
time 4.06
error 772649.5
60 mlp.gate_proj
Quantizing ...
time 3.00
error 898391.5
60 mlp.down_proj
Quantizing ...
time 12.79
error 225456.03125
61 self_attn.k_proj
Quantizing ...
time 4.09
error 252473.40625
61 self_attn.v_proj
Quantizing ...
time 2.89
error 154683.53125
61 self_attn.q_proj
Quantizing ...
time 2.84
error 284952.78125
61 self_attn.o_proj
Quantizing ...
time 3.62
error 6166.49609375
61 mlp.up_proj
Quantizing ...
time 4.10
error 791069.875
61 mlp.gate_proj
Quantizing ...
time 3.05
error 919214.4375
61 mlp.down_proj
Quantizing ...
time 12.86
error 233030.09375
62 self_attn.k_proj
Quantizing ...
time 4.10
error 252394.25
62 self_attn.v_proj
Quantizing ...
time 3.04
error 142937.515625
62 self_attn.q_proj
Quantizing ...
time 2.90
error 258383.0
62 self_attn.o_proj
Quantizing ...
time 3.67
error 10417.255859375
62 mlp.up_proj
Quantizing ...
time 4.01
error 808281.875
62 mlp.gate_proj
Quantizing ...
time 2.96
error 932214.3125
62 mlp.down_proj
Quantizing ...
time 12.92
error 243688.046875
63 self_attn.k_proj
Quantizing ...
time 4.09
error 229689.0625
63 self_attn.v_proj
Quantizing ...
time 2.88
error 134014.359375
63 self_attn.q_proj
Quantizing ...
time 2.88
error 257292.375
63 self_attn.o_proj
Quantizing ...
time 3.69
error 4434.6669921875
63 mlp.up_proj
Quantizing ...
time 4.02
error 827045.0
63 mlp.gate_proj
Quantizing ...
time 3.09
error 945943.375
63 mlp.down_proj
Quantizing ...
time 12.85
error 247731.921875
64 self_attn.k_proj
Quantizing ...
time 4.12
error 271436.53125
64 self_attn.v_proj
Quantizing ...
time 2.87
error 173878.34375
64 self_attn.q_proj
Quantizing ...
time 2.84
error 325267.8125
64 self_attn.o_proj
Quantizing ...
time 3.64
error 8975.111328125
64 mlp.up_proj
Quantizing ...
time 4.03
error 853642.625
64 mlp.gate_proj
Quantizing ...
time 3.14
error 970381.25
64 mlp.down_proj
Quantizing ...
time 12.86
error 264153.4375
65 self_attn.k_proj
Quantizing ...
time 4.12
error 206954.5
65 self_attn.v_proj
Quantizing ...
time 3.05
error 106875.03125
65 self_attn.q_proj
Quantizing ...
time 2.84
error 221721.34375
65 self_attn.o_proj
Quantizing ...
time 3.93
error 6564.2666015625
65 mlp.up_proj
Quantizing ...
time 4.11
error 864226.6875
65 mlp.gate_proj
Quantizing ...
time 3.06
error 969183.6875
65 mlp.down_proj
Quantizing ...
time 12.80
error 268188.15625
66 self_attn.k_proj
Quantizing ...
time 4.11
error 242901.34375
66 self_attn.v_proj
Quantizing ...
time 3.00
error 149609.953125
66 self_attn.q_proj
Quantizing ...
time 2.86
error 259623.90625
66 self_attn.o_proj
Quantizing ...
time 3.66
error 10610.92578125
66 mlp.up_proj
Quantizing ...
time 4.01
error 889848.0
66 mlp.gate_proj
Quantizing ...
time 2.98
error 995617.5625
66 mlp.down_proj
Quantizing ...
time 12.88
error 298747.5625
67 self_attn.k_proj
Quantizing ...
time 4.09
error 303527.6875
67 self_attn.v_proj
Quantizing ...
time 2.86
error 232498.796875
67 self_attn.q_proj
Quantizing ...
time 2.84
error 330998.6875
67 self_attn.o_proj
Quantizing ...
time 3.63
error 16314.412109375
67 mlp.up_proj
Quantizing ...
time 4.02
error 904128.5
67 mlp.gate_proj
Quantizing ...
time 3.00
error 1007503.625
67 mlp.down_proj
Quantizing ...
time 12.89
error 297463.15625
68 self_attn.k_proj
Quantizing ...
time 4.29
error 292995.71875
68 self_attn.v_proj
Quantizing ...
time 3.07
error 198320.640625
68 self_attn.q_proj
Quantizing ...
time 2.95
error 332474.71875
68 self_attn.o_proj
Quantizing ...
time 3.78
error 13828.7763671875
68 mlp.up_proj
Quantizing ...
time 4.19
error 925929.0
68 mlp.gate_proj
Quantizing ...
time 3.15
error 1026435.25
68 mlp.down_proj
Quantizing ...
time 13.27
error 316614.6875
69 self_attn.k_proj
Quantizing ...
time 4.28
error 332343.25
69 self_attn.v_proj
Quantizing ...
time 2.94
error 241710.4375
69 self_attn.q_proj
Quantizing ...
time 3.03
error 361960.96875
69 self_attn.o_proj
Quantizing ...
time 3.80
error 25746.65234375
69 mlp.up_proj
Quantizing ...
time 4.20
error 930449.5625
69 mlp.gate_proj
Quantizing ...
time 3.03
error 1022778.625
69 mlp.down_proj
Quantizing ...
time 13.27
error 322433.3125
70 self_attn.k_proj
Quantizing ...
time 4.17
error 273691.1875
70 self_attn.v_proj
Quantizing ...
time 2.97
error 173574.0
70 self_attn.q_proj
Quantizing ...
time 2.85
error 299136.875
70 self_attn.o_proj
Quantizing ...
time 3.72
error 9238.5322265625
70 mlp.up_proj
Quantizing ...
time 4.13
error 954630.0625
70 mlp.gate_proj
Quantizing ...
time 2.97
error 1044135.125
70 mlp.down_proj
Quantizing ...
time 12.86
error 334437.875
71 self_attn.k_proj
Quantizing ...
time 4.26
error 288604.4375
71 self_attn.v_proj
Quantizing ...
time 2.97
error 193226.328125
71 self_attn.q_proj
Quantizing ...
time 3.00
error 323947.1875
71 self_attn.o_proj
Quantizing ...
time 3.81
error 15517.978515625
71 mlp.up_proj
Quantizing ...
time 4.15
error 964194.0
71 mlp.gate_proj
Quantizing ...
time 3.07
error 1048234.875
71 mlp.down_proj
Quantizing ...
time 13.20
error 343363.875
72 self_attn.k_proj
Quantizing ...
time 4.24
error 301076.375
72 self_attn.v_proj
Quantizing ...
time 3.01
error 238534.234375
72 self_attn.q_proj
Quantizing ...
time 2.95
error 340105.9375
72 self_attn.o_proj
Quantizing ...
time 3.77
error 30014.15625
72 mlp.up_proj
Quantizing ...
time 4.17
error 974264.375
72 mlp.gate_proj
Quantizing ...
time 3.04
error 1054196.75
72 mlp.down_proj
Quantizing ...
time 13.31
error 355714.4375
73 self_attn.k_proj
Quantizing ...
time 4.24
error 258636.703125
73 self_attn.v_proj
Quantizing ...
time 3.03
error 181124.1875
73 self_attn.q_proj
Quantizing ...
time 3.03
error 268757.5
73 self_attn.o_proj
Quantizing ...
time 3.76
error 17970.9296875
73 mlp.up_proj
Quantizing ...
time 4.19
error 1000130.875
73 mlp.gate_proj
Quantizing ...
time 3.14
error 1078464.875
73 mlp.down_proj
Quantizing ...
time 13.30
error 421941.5625
74 self_attn.k_proj
Quantizing ...
time 4.30
error 304329.0625
74 self_attn.v_proj
Quantizing ...
time 3.05
error 255027.28125
74 self_attn.q_proj
Quantizing ...
time 3.01
error 359682.125
74 self_attn.o_proj
Quantizing ...
time 3.80
error 23854.4453125
74 mlp.up_proj
Quantizing ...
time 4.19
error 1006263.125
74 mlp.gate_proj
Quantizing ...
time 3.10
error 1096634.875
74 mlp.down_proj
Quantizing ...
time 13.24
error 453387.0
75 self_attn.k_proj
Quantizing ...
time 4.27
error 310414.90625
75 self_attn.v_proj
Quantizing ...
time 3.00
error 270500.03125
75 self_attn.q_proj
Quantizing ...
time 2.97
error 353664.15625
75 self_attn.o_proj
Quantizing ...
time 3.77
error 49678.3828125
75 mlp.up_proj
Quantizing ...
time 4.16
error 1013601.875
75 mlp.gate_proj
Quantizing ...
time 3.08
error 1097805.375
75 mlp.down_proj
Quantizing ...
time 13.27
error 509323.6875
76 self_attn.k_proj
Quantizing ...
time 4.26
error 299299.21875
76 self_attn.v_proj
Quantizing ...
time 2.94
error 229949.90625
76 self_attn.q_proj
Quantizing ...
time 3.02
error 317948.375
76 self_attn.o_proj
Quantizing ...
time 3.79
error 30742.814453125
76 mlp.up_proj
Quantizing ...
time 4.20
error 1018969.875
76 mlp.gate_proj
Quantizing ...
time 3.12
error 1101447.0
76 mlp.down_proj
Quantizing ...
time 13.26
error 632811.25
77 self_attn.k_proj
Quantizing ...
time 4.24
error 261726.25
77 self_attn.v_proj
Quantizing ...
time 3.00
error 191547.625
77 self_attn.q_proj
Quantizing ...
time 2.96
error 292141.5625
77 self_attn.o_proj
Quantizing ...
time 3.79
error 35302.47265625
77 mlp.up_proj
Quantizing ...
time 4.19
error 921498.5625
77 mlp.gate_proj
Quantizing ...
time 3.09
error 985573.0625
77 mlp.down_proj
Quantizing ...
time 13.35
error 730436.0625
78 self_attn.k_proj
Quantizing ...
time 4.24
error 270114.53125
78 self_attn.v_proj
Quantizing ...
time 2.92
error 192145.5625
78 self_attn.q_proj
Quantizing ...
time 3.01
error 301963.8125
78 self_attn.o_proj
Quantizing ...
time 3.80
error 34614.234375
78 mlp.up_proj
Quantizing ...
time 4.15
error 784223.5
78 mlp.gate_proj
Quantizing ...
time 3.14
error 846520.875
78 mlp.down_proj
Quantizing ...
time 13.24
error 955921.125
79 self_attn.k_proj
Quantizing ...
time 4.26
error 122969.984375
79 self_attn.v_proj
Quantizing ...
time 3.06
error 52239.19140625
79 self_attn.q_proj
Quantizing ...
time 3.01
error 145780.625
79 self_attn.o_proj
Quantizing ...
time 3.81
error 6227.58984375
79 mlp.up_proj
Quantizing ...
time 4.21
error 509572.5625
79 mlp.gate_proj
Quantizing ...
time 3.04
error 529578.625
79 mlp.down_proj
Quantizing ...
time 13.24
error 893785.0
6314.896073579788
wikitext2
Evaluating ...
0
1
2
3
4
5
6
7
8
9
10
11
12
13
14
15
16
17
18
19
20
21
22
23
24
25
26
27
28
29
30
31
32
33
34
35
36
37
38
39
40
41
42
43
44
45
46
47
48
49
50
51
52
53
54
55
56
57
58
59
60
61
62
63
64
65
66
67
68
69
70
71
72
73
74
75
76
77
78
79
4.999111652374268
ptb-new
Evaluating ...
0
1
2
3
4
5
6
7
8
9
10
11
12
13
14
15
16
17
18
19
20
21
22
23
24
25
26
27
28
29
30
31
32
33
34
35
36
37
38
39
40
41
42
43
44
45
46
47
48
49
50
51
52
53
54
55
56
57
58
59
60
61
62
63
64
65
66
67
68
69
70
71
72
73
74
75
76
77
78
79
41.67360305786133
c4-new
Evaluating ...
0
1
2
3
4
5
6
7
8
9
10
11
12
13
14
15
16
17
18
19
20
21
22
23
24
25
26
27
28
29
30
31
32
33
34
35
36
37
38
39
40
41
42
43
44
45
46
47
48
49
50
51
52
53
54
55
56
57
58
59
60
61
62
63
64
65
66
67
68
69
70
71
72
73
74
75
76
77
78
79
7.075481414794922
