CUDA extension not installed.
Starting ...
Ready.
0 self_attn.k_proj
Quantizing ...
time 5.66
error 337.01611328125
0 self_attn.v_proj
Quantizing ...
time 3.21
error 17.369304656982422
0 self_attn.q_proj
Quantizing ...
time 2.89
error 216.2863311767578
0 self_attn.o_proj
Quantizing ...
time 3.53
error 4.896915435791016
0 mlp.up_proj
Quantizing ...
time 3.91
error 64.96694946289062
0 mlp.gate_proj
Quantizing ...
time 3.21
error 75.011474609375
0 mlp.down_proj
Quantizing ...
time 12.57
error 15.050548553466797
1 self_attn.k_proj
Quantizing ...
time 4.51
error 959.2760620117188
1 self_attn.v_proj
Quantizing ...
time 3.11
error 95.2237777709961
1 self_attn.q_proj
Quantizing ...
time 2.80
error 791.9437255859375
1 self_attn.o_proj
Quantizing ...
time 3.82
error 34.31700897216797
1 mlp.up_proj
Quantizing ...
time 4.21
error 798.637939453125
1 mlp.gate_proj
Quantizing ...
time 3.27
error 965.1688232421875
1 mlp.down_proj
Quantizing ...
time 13.60
error 144.58810424804688
2 self_attn.k_proj
Quantizing ...
time 4.39
error 2119.7138671875
2 self_attn.v_proj
Quantizing ...
time 3.15
error 278.1078796386719
2 self_attn.q_proj
Quantizing ...
time 3.16
error 1517.3892822265625
2 self_attn.o_proj
Quantizing ...
time 3.95
error 103.27735900878906
2 mlp.up_proj
Quantizing ...
time 4.33
error 3036.154296875
2 mlp.gate_proj
Quantizing ...
time 3.25
error 3655.255859375
2 mlp.down_proj
Quantizing ...
time 13.60
error 1767.3074951171875
3 self_attn.k_proj
Quantizing ...
time 4.39
error 9737.66015625
3 self_attn.v_proj
Quantizing ...
time 3.07
error 3240.1611328125
3 self_attn.q_proj
Quantizing ...
time 3.20
error 8642.3232421875
3 self_attn.o_proj
Quantizing ...
time 3.88
error 139.81227111816406
3 mlp.up_proj
Quantizing ...
time 4.31
error 6549.2734375
3 mlp.gate_proj
Quantizing ...
time 3.26
error 7687.13720703125
3 mlp.down_proj
Quantizing ...
time 13.74
error 594.1439208984375
4 self_attn.k_proj
Quantizing ...
time 4.44
error 13276.677734375
4 self_attn.v_proj
Quantizing ...
time 3.11
error 5011.51513671875
4 self_attn.q_proj
Quantizing ...
time 2.94
error 11805.7216796875
4 self_attn.o_proj
Quantizing ...
time 3.94
error 185.78866577148438
4 mlp.up_proj
Quantizing ...
time 4.30
error 9768.6142578125
4 mlp.gate_proj
Quantizing ...
time 3.10
error 11169.6435546875
4 mlp.down_proj
Quantizing ...
time 13.58
error 866.8867797851562
5 self_attn.k_proj
Quantizing ...
time 4.34
error 17359.37109375
5 self_attn.v_proj
Quantizing ...
time 3.02
error 6732.85791015625
5 self_attn.q_proj
Quantizing ...
time 3.17
error 15058.798828125
5 self_attn.o_proj
Quantizing ...
time 4.00
error 376.8681335449219
5 mlp.up_proj
Quantizing ...
time 4.25
error 13587.12109375
5 mlp.gate_proj
Quantizing ...
time 3.08
error 15673.6279296875
5 mlp.down_proj
Quantizing ...
time 13.59
error 1329.1822509765625
6 self_attn.k_proj
Quantizing ...
time 4.34
error 21110.06640625
6 self_attn.v_proj
Quantizing ...
time 3.18
error 8880.2236328125
6 self_attn.q_proj
Quantizing ...
time 3.15
error 18018.63671875
6 self_attn.o_proj
Quantizing ...
time 3.74
error 343.5914611816406
6 mlp.up_proj
Quantizing ...
time 4.32
error 18292.16015625
6 mlp.gate_proj
Quantizing ...
time 3.13
error 21155.53515625
6 mlp.down_proj
Quantizing ...
time 13.48
error 1768.43994140625
7 self_attn.k_proj
Quantizing ...
time 4.43
error 22508.58984375
7 self_attn.v_proj
Quantizing ...
time 3.06
error 9984.65234375
7 self_attn.q_proj
Quantizing ...
time 3.14
error 18664.654296875
7 self_attn.o_proj
Quantizing ...
time 3.93
error 340.2936096191406
7 mlp.up_proj
Quantizing ...
time 4.21
error 22864.1015625
7 mlp.gate_proj
Quantizing ...
time 3.04
error 26834.357421875
7 mlp.down_proj
Quantizing ...
time 13.77
error 2316.8271484375
8 self_attn.k_proj
Quantizing ...
time 4.41
error 21118.96484375
8 self_attn.v_proj
Quantizing ...
time 2.94
error 9256.482421875
8 self_attn.q_proj
Quantizing ...
time 2.98
error 18237.96484375
8 self_attn.o_proj
Quantizing ...
time 3.90
error 479.0105895996094
8 mlp.up_proj
Quantizing ...
time 4.33
error 25993.38671875
8 mlp.gate_proj
Quantizing ...
time 2.97
error 30145.54296875
8 mlp.down_proj
Quantizing ...
time 13.51
error 2816.25
9 self_attn.k_proj
Quantizing ...
time 4.37
error 24693.103515625
9 self_attn.v_proj
Quantizing ...
time 3.04
error 11094.685546875
9 self_attn.q_proj
Quantizing ...
time 2.94
error 22017.517578125
9 self_attn.o_proj
Quantizing ...
time 3.78
error 879.9867553710938
9 mlp.up_proj
Quantizing ...
time 4.33
error 28493.412109375
9 mlp.gate_proj
Quantizing ...
time 3.13
error 32211.876953125
9 mlp.down_proj
Quantizing ...
time 13.65
error 3370.312744140625
10 self_attn.k_proj
Quantizing ...
time 4.33
error 32043.7109375
10 self_attn.v_proj
Quantizing ...
time 3.02
error 14531.90234375
10 self_attn.q_proj
Quantizing ...
time 3.14
error 29003.24609375
10 self_attn.o_proj
Quantizing ...
time 3.96
error 1189.47998046875
10 mlp.up_proj
Quantizing ...
time 4.20
error 32588.853515625
10 mlp.gate_proj
Quantizing ...
time 3.21
error 36527.421875
10 mlp.down_proj
Quantizing ...
time 13.61
error 4489.13818359375
11 self_attn.k_proj
Quantizing ...
time 4.36
error 34221.15234375
11 self_attn.v_proj
Quantizing ...
time 3.12
error 16520.63671875
11 self_attn.q_proj
Quantizing ...
time 3.19
error 40712.046875
11 self_attn.o_proj
Quantizing ...
time 3.87
error 1528.093994140625
11 mlp.up_proj
Quantizing ...
time 4.21
error 37278.7109375
11 mlp.gate_proj
Quantizing ...
time 3.04
error 40912.8125
11 mlp.down_proj
Quantizing ...
time 13.49
error 4984.708984375
12 self_attn.k_proj
Quantizing ...
time 4.41
error 38019.609375
12 self_attn.v_proj
Quantizing ...
time 3.15
error 19604.2421875
12 self_attn.q_proj
Quantizing ...
time 3.01
error 46504.0859375
12 self_attn.o_proj
Quantizing ...
time 3.88
error 1982.5074462890625
12 mlp.up_proj
Quantizing ...
time 4.34
error 40021.921875
12 mlp.gate_proj
Quantizing ...
time 3.29
error 43339.34375
12 mlp.down_proj
Quantizing ...
time 13.67
error 5687.0546875
13 self_attn.k_proj
Quantizing ...
time 4.29
error 44794.421875
13 self_attn.v_proj
Quantizing ...
time 2.88
error 23776.07421875
13 self_attn.q_proj
Quantizing ...
time 3.10
error 51003.265625
13 self_attn.o_proj
Quantizing ...
time 3.79
error 2189.8447265625
13 mlp.up_proj
Quantizing ...
time 4.27
error 44780.97265625
13 mlp.gate_proj
Quantizing ...
time 3.00
error 48029.9609375
13 mlp.down_proj
Quantizing ...
time 13.61
error 6092.7548828125
14 self_attn.k_proj
Quantizing ...
time 4.27
error 48843.8125
14 self_attn.v_proj
Quantizing ...
time 3.15
error 29485.197265625
14 self_attn.q_proj
Quantizing ...
time 3.17
error 59179.91796875
14 self_attn.o_proj
Quantizing ...
time 3.93
error 2237.57275390625
14 mlp.up_proj
Quantizing ...
time 4.26
error 47401.390625
14 mlp.gate_proj
Quantizing ...
time 3.06
error 49119.125
14 mlp.down_proj
Quantizing ...
time 13.70
error 6655.26513671875
15 self_attn.k_proj
Quantizing ...
time 4.40
error 49749.7265625
15 self_attn.v_proj
Quantizing ...
time 3.04
error 27214.083984375
15 self_attn.q_proj
Quantizing ...
time 3.05
error 56798.78125
15 self_attn.o_proj
Quantizing ...
time 3.84
error 2515.55029296875
15 mlp.up_proj
Quantizing ...
time 4.27
error 48598.3359375
15 mlp.gate_proj
Quantizing ...
time 3.28
error 50748.796875
15 mlp.down_proj
Quantizing ...
time 13.66
error 6813.794921875
16 self_attn.k_proj
Quantizing ...
time 4.43
error 56802.5078125
16 self_attn.v_proj
Quantizing ...
time 3.09
error 32445.466796875
16 self_attn.q_proj
Quantizing ...
time 3.18
error 61213.078125
16 self_attn.o_proj
Quantizing ...
time 3.91
error 3668.064697265625
16 mlp.up_proj
Quantizing ...
time 4.32
error 51135.6484375
16 mlp.gate_proj
Quantizing ...
time 3.29
error 52163.3359375
16 mlp.down_proj
Quantizing ...
time 13.72
error 7672.3291015625
17 self_attn.k_proj
Quantizing ...
time 4.43
error 51954.37890625
17 self_attn.v_proj
Quantizing ...
time 3.18
error 33455.75
17 self_attn.q_proj
Quantizing ...
time 3.18
error 65432.125
17 self_attn.o_proj
Quantizing ...
time 3.94
error 3318.15673828125
17 mlp.up_proj
Quantizing ...
time 4.32
error 54033.76171875
17 mlp.gate_proj
Quantizing ...
time 2.96
error 55468.37109375
17 mlp.down_proj
Quantizing ...
time 13.71
error 8215.580078125
18 self_attn.k_proj
Quantizing ...
time 4.41
error 54050.359375
18 self_attn.v_proj
Quantizing ...
time 3.18
error 33032.46875
18 self_attn.q_proj
Quantizing ...
time 3.19
error 63355.3203125
18 self_attn.o_proj
Quantizing ...
time 3.86
error 3682.48193359375
18 mlp.up_proj
Quantizing ...
time 4.33
error 56416.9609375
18 mlp.gate_proj
Quantizing ...
time 3.26
error 56996.38671875
18 mlp.down_proj
Quantizing ...
time 13.44
error 8845.66015625
19 self_attn.k_proj
Quantizing ...
time 4.43
error 53673.05078125
19 self_attn.v_proj
Quantizing ...
time 3.21
error 37082.0703125
19 self_attn.q_proj
Quantizing ...
time 2.85
error 71187.96875
19 self_attn.o_proj
Quantizing ...
time 3.80
error 3315.135498046875
19 mlp.up_proj
Quantizing ...
time 4.15
error 58523.4453125
19 mlp.gate_proj
Quantizing ...
time 3.17
error 59149.7421875
19 mlp.down_proj
Quantizing ...
time 13.80
error 9603.1796875
20 self_attn.k_proj
Quantizing ...
time 4.36
error 53644.6875
20 self_attn.v_proj
Quantizing ...
time 3.00
error 35827.21484375
20 self_attn.q_proj
Quantizing ...
time 3.18
error 71923.125
20 self_attn.o_proj
Quantizing ...
time 3.94
error 3175.96240234375
20 mlp.up_proj
Quantizing ...
time 4.33
error 60284.24609375
20 mlp.gate_proj
Quantizing ...
time 3.29
error 61481.98046875
20 mlp.down_proj
Quantizing ...
time 13.67
error 10142.763671875
21 self_attn.k_proj
Quantizing ...
time 4.41
error 48347.34375
21 self_attn.v_proj
Quantizing ...
time 2.98
error 30468.61328125
21 self_attn.q_proj
Quantizing ...
time 3.18
error 65944.7421875
21 self_attn.o_proj
Quantizing ...
time 3.74
error 3114.27392578125
21 mlp.up_proj
Quantizing ...
time 4.35
error 61619.2734375
21 mlp.gate_proj
Quantizing ...
time 3.28
error 62512.8671875
21 mlp.down_proj
Quantizing ...
time 13.73
error 10629.1162109375
22 self_attn.k_proj
Quantizing ...
time 4.42
error 52119.16015625
22 self_attn.v_proj
Quantizing ...
time 3.11
error 37359.375
22 self_attn.q_proj
Quantizing ...
time 3.22
error 74323.625
22 self_attn.o_proj
Quantizing ...
time 3.97
error 3063.34375
22 mlp.up_proj
Quantizing ...
time 4.35
error 63852.7109375
22 mlp.gate_proj
Quantizing ...
time 3.16
error 65246.6015625
22 mlp.down_proj
Quantizing ...
time 13.79
error 11369.572265625
23 self_attn.k_proj
Quantizing ...
time 4.38
error 49188.890625
23 self_attn.v_proj
Quantizing ...
time 2.88
error 33027.51171875
23 self_attn.q_proj
Quantizing ...
time 3.17
error 71946.609375
23 self_attn.o_proj
Quantizing ...
time 3.95
error 2640.039794921875
23 mlp.up_proj
Quantizing ...
time 4.24
error 66846.671875
23 mlp.gate_proj
Quantizing ...
time 3.21
error 69056.265625
23 mlp.down_proj
Quantizing ...
time 13.74
error 11819.2451171875
24 self_attn.k_proj
Quantizing ...
time 4.41
error 50965.671875
24 self_attn.v_proj
Quantizing ...
time 3.18
error 35330.01953125
24 self_attn.q_proj
Quantizing ...
time 3.18
error 78440.203125
24 self_attn.o_proj
Quantizing ...
time 3.95
error 2009.0556640625
24 mlp.up_proj
Quantizing ...
time 4.20
error 70267.3203125
24 mlp.gate_proj
Quantizing ...
time 3.24
error 73248.640625
24 mlp.down_proj
Quantizing ...
time 13.58
error 12213.125
25 self_attn.k_proj
Quantizing ...
time 4.40
error 48301.8515625
25 self_attn.v_proj
Quantizing ...
time 3.21
error 33608.51171875
25 self_attn.q_proj
Quantizing ...
time 3.13
error 80509.0625
25 self_attn.o_proj
Quantizing ...
time 3.84
error 1953.11474609375
25 mlp.up_proj
Quantizing ...
time 4.16
error 73594.1875
25 mlp.gate_proj
Quantizing ...
time 3.17
error 77147.828125
25 mlp.down_proj
Quantizing ...
time 13.58
error 12520.9765625
26 self_attn.k_proj
Quantizing ...
time 4.40
error 55664.39453125
26 self_attn.v_proj
Quantizing ...
time 2.99
error 38701.5625
26 self_attn.q_proj
Quantizing ...
time 3.00
error 83156.671875
26 self_attn.o_proj
Quantizing ...
time 3.95
error 2793.29345703125
26 mlp.up_proj
Quantizing ...
time 4.35
error 75605.9375
26 mlp.gate_proj
Quantizing ...
time 3.17
error 80150.875
26 mlp.down_proj
Quantizing ...
time 13.63
error 13404.55078125
27 self_attn.k_proj
Quantizing ...
time 4.40
error 46083.8671875
27 self_attn.v_proj
Quantizing ...
time 3.19
error 28248.37109375
27 self_attn.q_proj
Quantizing ...
time 3.20
error 75997.828125
27 self_attn.o_proj
Quantizing ...
time 3.96
error 1031.16015625
27 mlp.up_proj
Quantizing ...
time 4.27
error 78963.515625
27 mlp.gate_proj
Quantizing ...
time 3.30
error 83244.0
27 mlp.down_proj
Quantizing ...
time 13.81
error 13371.67578125
28 self_attn.k_proj
Quantizing ...
time 4.41
error 46797.4609375
28 self_attn.v_proj
Quantizing ...
time 3.00
error 31348.802734375
28 self_attn.q_proj
Quantizing ...
time 3.18
error 75828.90625
28 self_attn.o_proj
Quantizing ...
time 3.97
error 1935.798095703125
28 mlp.up_proj
Quantizing ...
time 4.31
error 81046.6796875
28 mlp.gate_proj
Quantizing ...
time 3.30
error 85789.140625
28 mlp.down_proj
Quantizing ...
time 13.72
error 14631.01953125
29 self_attn.k_proj
Quantizing ...
time 4.35
error 43645.25
29 self_attn.v_proj
Quantizing ...
time 3.21
error 28352.55859375
29 self_attn.q_proj
Quantizing ...
time 3.08
error 65978.1484375
29 self_attn.o_proj
Quantizing ...
time 3.88
error 1885.136474609375
29 mlp.up_proj
Quantizing ...
time 4.32
error 83537.6015625
29 mlp.gate_proj
Quantizing ...
time 3.26
error 89123.671875
29 mlp.down_proj
Quantizing ...
time 13.52
error 15127.943359375
30 self_attn.k_proj
Quantizing ...
time 4.41
error 55657.6640625
30 self_attn.v_proj
Quantizing ...
time 3.19
error 39876.0703125
30 self_attn.q_proj
Quantizing ...
time 2.92
error 83350.125
30 self_attn.o_proj
Quantizing ...
time 3.96
error 3198.64453125
30 mlp.up_proj
Quantizing ...
time 4.28
error 85361.796875
30 mlp.gate_proj
Quantizing ...
time 3.31
error 90649.4296875
30 mlp.down_proj
Quantizing ...
time 13.80
error 16196.326171875
31 self_attn.k_proj
Quantizing ...
time 4.44
error 54120.625
31 self_attn.v_proj
Quantizing ...
time 3.21
error 35082.1875
31 self_attn.q_proj
Quantizing ...
time 3.03
error 66391.3125
31 self_attn.o_proj
Quantizing ...
time 3.96
error 4405.9462890625
31 mlp.up_proj
Quantizing ...
time 4.22
error 87036.8203125
31 mlp.gate_proj
Quantizing ...
time 3.27
error 92526.40625
31 mlp.down_proj
Quantizing ...
time 12.79
error 17781.546875
32 self_attn.k_proj
Quantizing ...
time 4.18
error 63024.34375
32 self_attn.v_proj
Quantizing ...
time 2.84
error 46573.40625
32 self_attn.q_proj
Quantizing ...
time 3.12
error 76755.703125
32 self_attn.o_proj
Quantizing ...
time 3.51
error 5560.00439453125
32 mlp.up_proj
Quantizing ...
time 3.91
error 90243.265625
32 mlp.gate_proj
Quantizing ...
time 2.90
error 96762.296875
32 mlp.down_proj
Quantizing ...
time 12.55
error 19340.28515625
33 self_attn.k_proj
Quantizing ...
time 4.01
error 64445.890625
33 self_attn.v_proj
Quantizing ...
time 2.79
error 46539.9765625
33 self_attn.q_proj
Quantizing ...
time 2.92
error 76729.515625
33 self_attn.o_proj
Quantizing ...
time 3.58
error 4833.4990234375
33 mlp.up_proj
Quantizing ...
time 3.96
error 92924.9609375
33 mlp.gate_proj
Quantizing ...
time 3.28
error 100962.4921875
33 mlp.down_proj
Quantizing ...
time 12.52
error 20918.15234375
34 self_attn.k_proj
Quantizing ...
time 3.98
error 66296.6171875
34 self_attn.v_proj
Quantizing ...
time 2.95
error 46827.6328125
34 self_attn.q_proj
Quantizing ...
time 2.88
error 74668.984375
34 self_attn.o_proj
Quantizing ...
time 3.52
error 6487.5869140625
34 mlp.up_proj
Quantizing ...
time 3.94
error 95473.4453125
34 mlp.gate_proj
Quantizing ...
time 3.21
error 103913.6015625
34 mlp.down_proj
Quantizing ...
time 12.97
error 22767.546875
35 self_attn.k_proj
Quantizing ...
time 4.09
error 68536.296875
35 self_attn.v_proj
Quantizing ...
time 2.75
error 49222.12890625
35 self_attn.q_proj
Quantizing ...
time 3.22
error 79357.078125
35 self_attn.o_proj
Quantizing ...
time 3.71
error 5398.4794921875
35 mlp.up_proj
Quantizing ...
time 4.12
error 96722.890625
35 mlp.gate_proj
Quantizing ...
time 2.85
error 107242.515625
35 mlp.down_proj
Quantizing ...
time 12.60
error 23676.9140625
36 self_attn.k_proj
Quantizing ...
time 3.95
error 63296.1328125
36 self_attn.v_proj
Quantizing ...
time 3.23
error 46983.703125
36 self_attn.q_proj
Quantizing ...
time 2.72
error 78069.328125
36 self_attn.o_proj
Quantizing ...
time 3.67
error 6554.556640625
36 mlp.up_proj
Quantizing ...
time 4.05
error 97593.828125
36 mlp.gate_proj
Quantizing ...
time 2.87
error 110036.6875
36 mlp.down_proj
Quantizing ...
time 12.66
error 26213.849609375
37 self_attn.k_proj
Quantizing ...
time 4.16
error 59727.515625
37 self_attn.v_proj
Quantizing ...
time 2.74
error 44249.85546875
37 self_attn.q_proj
Quantizing ...
time 3.23
error 78294.3125
37 self_attn.o_proj
Quantizing ...
time 3.54
error 6149.4736328125
37 mlp.up_proj
Quantizing ...
time 3.96
error 98015.9609375
37 mlp.gate_proj
Quantizing ...
time 3.17
error 113297.203125
37 mlp.down_proj
Quantizing ...
time 12.54
error 28707.375
38 self_attn.k_proj
Quantizing ...
time 4.11
error 64897.3125
38 self_attn.v_proj
Quantizing ...
time 3.09
error 50167.4453125
38 self_attn.q_proj
Quantizing ...
time 2.78
error 82678.125
38 self_attn.o_proj
Quantizing ...
time 3.51
error 6752.462890625
38 mlp.up_proj
Quantizing ...
time 4.42
error 100592.546875
38 mlp.gate_proj
Quantizing ...
time 2.90
error 117994.1875
38 mlp.down_proj
Quantizing ...
time 12.51
error 29919.8671875
39 self_attn.k_proj
Quantizing ...
time 4.08
error 59681.05859375
39 self_attn.v_proj
Quantizing ...
time 3.04
error 47782.28125
39 self_attn.q_proj
Quantizing ...
time 2.70
error 81767.78125
39 self_attn.o_proj
Quantizing ...
time 3.67
error 4981.486328125
39 mlp.up_proj
Quantizing ...
time 4.04
error 102640.4140625
39 mlp.gate_proj
Quantizing ...
time 3.10
error 123231.203125
39 mlp.down_proj
Quantizing ...
time 12.67
error 31406.3359375
40 self_attn.k_proj
Quantizing ...
time 4.04
error 59302.984375
40 self_attn.v_proj
Quantizing ...
time 3.08
error 44426.1796875
40 self_attn.q_proj
Quantizing ...
time 3.14
error 80720.0390625
40 self_attn.o_proj
Quantizing ...
time 3.50
error 4528.68603515625
40 mlp.up_proj
Quantizing ...
time 3.97
error 105090.75
40 mlp.gate_proj
Quantizing ...
time 3.11
error 128008.2265625
40 mlp.down_proj
Quantizing ...
time 12.65
error 32656.09375
41 self_attn.k_proj
Quantizing ...
time 4.21
error 57481.125
41 self_attn.v_proj
Quantizing ...
time 2.75
error 43426.6015625
41 self_attn.q_proj
Quantizing ...
time 2.71
error 82915.765625
41 self_attn.o_proj
Quantizing ...
time 3.56
error 4527.9921875
41 mlp.up_proj
Quantizing ...
time 3.91
error 107019.640625
41 mlp.gate_proj
Quantizing ...
time 3.05
error 132399.875
41 mlp.down_proj
Quantizing ...
time 13.00
error 32740.197265625
42 self_attn.k_proj
Quantizing ...
time 4.01
error 57196.375
42 self_attn.v_proj
Quantizing ...
time 2.84
error 41113.65625
42 self_attn.q_proj
Quantizing ...
time 2.83
error 79547.21875
42 self_attn.o_proj
Quantizing ...
time 3.60
error 4480.09375
42 mlp.up_proj
Quantizing ...
time 4.07
error 108351.84375
42 mlp.gate_proj
Quantizing ...
time 2.87
error 134703.484375
42 mlp.down_proj
Quantizing ...
time 12.55
error 34091.6171875
43 self_attn.k_proj
Quantizing ...
time 3.99
error 52080.6171875
43 self_attn.v_proj
Quantizing ...
time 2.77
error 35618.14453125
43 self_attn.q_proj
Quantizing ...
time 3.11
error 71531.359375
43 self_attn.o_proj
Quantizing ...
time 3.69
error 1843.349853515625
43 mlp.up_proj
Quantizing ...
time 4.19
error 111513.28125
43 mlp.gate_proj
Quantizing ...
time 2.84
error 139600.859375
43 mlp.down_proj
Quantizing ...
time 12.61
error 34819.2890625
44 self_attn.k_proj
Quantizing ...
time 4.01
error 50225.703125
44 self_attn.v_proj
Quantizing ...
time 2.72
error 31153.23046875
44 self_attn.q_proj
Quantizing ...
time 3.07
error 67785.796875
44 self_attn.o_proj
Quantizing ...
time 3.75
error 2014.051513671875
44 mlp.up_proj
Quantizing ...
time 4.06
error 114115.015625
44 mlp.gate_proj
Quantizing ...
time 2.83
error 143559.1875
44 mlp.down_proj
Quantizing ...
time 12.66
error 34883.05859375
45 self_attn.k_proj
Quantizing ...
time 4.02
error 48736.9296875
45 self_attn.v_proj
Quantizing ...
time 2.81
error 31053.650390625
45 self_attn.q_proj
Quantizing ...
time 2.73
error 66877.984375
45 self_attn.o_proj
Quantizing ...
time 3.66
error 1617.3275146484375
45 mlp.up_proj
Quantizing ...
time 3.92
error 114984.515625
45 mlp.gate_proj
Quantizing ...
time 3.14
error 144445.65625
45 mlp.down_proj
Quantizing ...
time 12.66
error 35046.97265625
46 self_attn.k_proj
Quantizing ...
time 4.25
error 48582.6328125
46 self_attn.v_proj
Quantizing ...
time 2.99
error 29426.8515625
46 self_attn.q_proj
Quantizing ...
time 3.21
error 63150.1875
46 self_attn.o_proj
Quantizing ...
time 3.69
error 1782.1236572265625
46 mlp.up_proj
Quantizing ...
time 4.03
error 117827.5859375
46 mlp.gate_proj
Quantizing ...
time 3.28
error 147278.59375
46 mlp.down_proj
Quantizing ...
time 12.69
error 35145.2890625
47 self_attn.k_proj
Quantizing ...
time 4.04
error 50193.15625
47 self_attn.v_proj
Quantizing ...
time 2.98
error 30697.44140625
47 self_attn.q_proj
Quantizing ...
time 3.13
error 66201.734375
47 self_attn.o_proj
Quantizing ...
time 3.49
error 2552.840576171875
47 mlp.up_proj
Quantizing ...
time 3.91
error 119552.015625
47 mlp.gate_proj
Quantizing ...
time 3.32
error 149502.40625
47 mlp.down_proj
Quantizing ...
time 12.64
error 36019.5390625
48 self_attn.k_proj
Quantizing ...
time 4.00
error 51618.125
48 self_attn.v_proj
Quantizing ...
time 2.76
error 32594.619140625
48 self_attn.q_proj
Quantizing ...
time 2.81
error 68791.671875
48 self_attn.o_proj
Quantizing ...
time 3.52
error 2078.7353515625
48 mlp.up_proj
Quantizing ...
time 4.19
error 122752.203125
48 mlp.gate_proj
Quantizing ...
time 3.03
error 152387.53125
48 mlp.down_proj
Quantizing ...
time 12.57
error 37472.09765625
49 self_attn.k_proj
Quantizing ...
time 4.02
error 47554.7734375
49 self_attn.v_proj
Quantizing ...
time 2.82
error 23592.92578125
49 self_attn.q_proj
Quantizing ...
time 2.96
error 51361.94921875
49 self_attn.o_proj
Quantizing ...
time 3.68
error 1175.79150390625
49 mlp.up_proj
Quantizing ...
time 3.90
error 123800.40625
49 mlp.gate_proj
Quantizing ...
time 3.16
error 152995.734375
49 mlp.down_proj
Quantizing ...
time 12.59
error 37160.9921875
50 self_attn.k_proj
Quantizing ...
time 4.03
error 50242.765625
50 self_attn.v_proj
Quantizing ...
time 2.78
error 26705.99609375
50 self_attn.q_proj
Quantizing ...
time 2.95
error 55176.9375
50 self_attn.o_proj
Quantizing ...
time 3.51
error 1233.32666015625
50 mlp.up_proj
Quantizing ...
time 3.97
error 127026.234375
50 mlp.gate_proj
Quantizing ...
time 3.10
error 156325.40625
50 mlp.down_proj
Quantizing ...
time 12.58
error 37744.99609375
51 self_attn.k_proj
Quantizing ...
time 3.97
error 49010.5
51 self_attn.v_proj
Quantizing ...
time 2.80
error 20441.501953125
51 self_attn.q_proj
Quantizing ...
time 2.73
error 46842.703125
51 self_attn.o_proj
Quantizing ...
time 3.51
error 687.844482421875
51 mlp.up_proj
Quantizing ...
time 3.89
error 129857.890625
51 mlp.gate_proj
Quantizing ...
time 2.86
error 158656.34375
51 mlp.down_proj
Quantizing ...
time 12.60
error 37729.82421875
52 self_attn.k_proj
Quantizing ...
time 3.96
error 50204.3515625
52 self_attn.v_proj
Quantizing ...
time 2.95
error 24352.5703125
52 self_attn.q_proj
Quantizing ...
time 2.72
error 52252.625
52 self_attn.o_proj
Quantizing ...
time 3.52
error 1224.1173095703125
52 mlp.up_proj
Quantizing ...
time 3.91
error 133553.9375
52 mlp.gate_proj
Quantizing ...
time 3.11
error 162535.671875
52 mlp.down_proj
Quantizing ...
time 12.48
error 39067.265625
53 self_attn.k_proj
Quantizing ...
time 4.12
error 48444.38671875
53 self_attn.v_proj
Quantizing ...
time 2.89
error 21585.1171875
53 self_attn.q_proj
Quantizing ...
time 2.73
error 49037.47265625
53 self_attn.o_proj
Quantizing ...
time 3.53
error 1159.1064453125
53 mlp.up_proj
Quantizing ...
time 3.92
error 135988.75
53 mlp.gate_proj
Quantizing ...
time 2.89
error 164727.09375
53 mlp.down_proj
Quantizing ...
time 12.59
error 38977.796875
54 self_attn.k_proj
Quantizing ...
time 3.98
error 54637.4765625
54 self_attn.v_proj
Quantizing ...
time 3.03
error 30323.69921875
54 self_attn.q_proj
Quantizing ...
time 2.71
error 59099.9375
54 self_attn.o_proj
Quantizing ...
time 3.51
error 1703.0301513671875
54 mlp.up_proj
Quantizing ...
time 3.98
error 139707.265625
54 mlp.gate_proj
Quantizing ...
time 3.21
error 168095.625
54 mlp.down_proj
Quantizing ...
time 12.69
error 40486.22265625
55 self_attn.k_proj
Quantizing ...
time 4.00
error 50721.5390625
55 self_attn.v_proj
Quantizing ...
time 2.95
error 26829.248046875
55 self_attn.q_proj
Quantizing ...
time 2.93
error 55566.7734375
55 self_attn.o_proj
Quantizing ...
time 3.49
error 914.4071044921875
55 mlp.up_proj
Quantizing ...
time 3.90
error 143352.4375
55 mlp.gate_proj
Quantizing ...
time 3.01
error 171769.625
55 mlp.down_proj
Quantizing ...
time 12.67
error 41493.3046875
56 self_attn.k_proj
Quantizing ...
time 4.08
error 48962.92578125
56 self_attn.v_proj
Quantizing ...
time 2.74
error 22901.8828125
56 self_attn.q_proj
Quantizing ...
time 2.73
error 46938.41015625
56 self_attn.o_proj
Quantizing ...
time 3.58
error 819.0230712890625
56 mlp.up_proj
Quantizing ...
time 3.88
error 145257.453125
56 mlp.gate_proj
Quantizing ...
time 3.19
error 172609.421875
56 mlp.down_proj
Quantizing ...
time 13.09
error 41446.734375
57 self_attn.k_proj
Quantizing ...
time 3.97
error 54333.74609375
57 self_attn.v_proj
Quantizing ...
time 2.75
error 25159.2421875
57 self_attn.q_proj
Quantizing ...
time 3.07
error 51970.875
57 self_attn.o_proj
Quantizing ...
time 3.74
error 1320.7523193359375
57 mlp.up_proj
Quantizing ...
time 3.90
error 149751.046875
57 mlp.gate_proj
Quantizing ...
time 2.92
error 177558.0
57 mlp.down_proj
Quantizing ...
time 12.56
error 42969.203125
58 self_attn.k_proj
Quantizing ...
time 4.07
error 43009.421875
58 self_attn.v_proj
Quantizing ...
time 2.77
error 20040.1328125
58 self_attn.q_proj
Quantizing ...
time 2.97
error 43584.3203125
58 self_attn.o_proj
Quantizing ...
time 3.55
error 901.414306640625
58 mlp.up_proj
Quantizing ...
time 3.89
error 153480.65625
58 mlp.gate_proj
Quantizing ...
time 3.02
error 181052.390625
58 mlp.down_proj
Quantizing ...
time 12.57
error 44500.203125
59 self_attn.k_proj
Quantizing ...
time 4.12
error 54513.8359375
59 self_attn.v_proj
Quantizing ...
time 2.73
error 28699.06640625
59 self_attn.q_proj
Quantizing ...
time 2.82
error 56272.26171875
59 self_attn.o_proj
Quantizing ...
time 3.50
error 1283.859375
59 mlp.up_proj
Quantizing ...
time 4.06
error 157057.03125
59 mlp.gate_proj
Quantizing ...
time 2.95
error 184257.90625
59 mlp.down_proj
Quantizing ...
time 12.55
error 45291.7734375
60 self_attn.k_proj
Quantizing ...
time 3.99
error 55468.7890625
60 self_attn.v_proj
Quantizing ...
time 2.75
error 28905.1953125
60 self_attn.q_proj
Quantizing ...
time 2.74
error 57655.2734375
60 self_attn.o_proj
Quantizing ...
time 3.51
error 1715.466552734375
60 mlp.up_proj
Quantizing ...
time 4.05
error 161721.25
60 mlp.gate_proj
Quantizing ...
time 2.83
error 188083.6875
60 mlp.down_proj
Quantizing ...
time 12.70
error 46568.8828125
61 self_attn.k_proj
Quantizing ...
time 3.96
error 56330.1875
61 self_attn.v_proj
Quantizing ...
time 2.90
error 32418.787109375
61 self_attn.q_proj
Quantizing ...
time 2.80
error 64158.25390625
61 self_attn.o_proj
Quantizing ...
time 3.70
error 1571.1015625
61 mlp.up_proj
Quantizing ...
time 4.03
error 165153.75
61 mlp.gate_proj
Quantizing ...
time 2.91
error 191962.453125
61 mlp.down_proj
Quantizing ...
time 12.67
error 47685.5546875
62 self_attn.k_proj
Quantizing ...
time 4.06
error 56183.125
62 self_attn.v_proj
Quantizing ...
time 3.01
error 29928.96875
62 self_attn.q_proj
Quantizing ...
time 2.72
error 57126.25
62 self_attn.o_proj
Quantizing ...
time 3.55
error 2449.35595703125
62 mlp.up_proj
Quantizing ...
time 3.97
error 168711.171875
62 mlp.gate_proj
Quantizing ...
time 3.10
error 194475.65625
62 mlp.down_proj
Quantizing ...
time 12.98
error 49939.55078125
63 self_attn.k_proj
Quantizing ...
time 4.00
error 50985.1015625
63 self_attn.v_proj
Quantizing ...
time 3.08
error 28016.25
63 self_attn.q_proj
Quantizing ...
time 2.77
error 57074.6796875
63 self_attn.o_proj
Quantizing ...
time 3.76
error 1151.407958984375
63 mlp.up_proj
Quantizing ...
time 4.06
error 172459.765625
63 mlp.gate_proj
Quantizing ...
time 2.87
error 197408.4375
63 mlp.down_proj
Quantizing ...
time 12.80
error 50735.546875
64 self_attn.k_proj
Quantizing ...
time 4.01
error 59396.41796875
64 self_attn.v_proj
Quantizing ...
time 2.79
error 36352.17578125
64 self_attn.q_proj
Quantizing ...
time 2.76
error 73038.0859375
64 self_attn.o_proj
Quantizing ...
time 3.67
error 2284.68359375
64 mlp.up_proj
Quantizing ...
time 4.09
error 178049.59375
64 mlp.gate_proj
Quantizing ...
time 2.85
error 202843.75
64 mlp.down_proj
Quantizing ...
time 12.80
error 54892.140625
65 self_attn.k_proj
Quantizing ...
time 3.98
error 46553.8671875
65 self_attn.v_proj
Quantizing ...
time 3.19
error 22321.869140625
65 self_attn.q_proj
Quantizing ...
time 2.77
error 49424.12109375
65 self_attn.o_proj
Quantizing ...
time 3.57
error 1609.1962890625
65 mlp.up_proj
Quantizing ...
time 3.94
error 179919.421875
65 mlp.gate_proj
Quantizing ...
time 2.97
error 201835.421875
65 mlp.down_proj
Quantizing ...
time 12.75
error 54788.30859375
66 self_attn.k_proj
Quantizing ...
time 4.00
error 52764.2265625
66 self_attn.v_proj
Quantizing ...
time 2.81
error 31201.44921875
66 self_attn.q_proj
Quantizing ...
time 2.81
error 56485.88671875
66 self_attn.o_proj
Quantizing ...
time 3.66
error 2505.404296875
66 mlp.up_proj
Quantizing ...
time 3.94
error 185117.34375
66 mlp.gate_proj
Quantizing ...
time 3.17
error 207482.8125
66 mlp.down_proj
Quantizing ...
time 12.51
error 63999.53515625
67 self_attn.k_proj
Quantizing ...
time 3.99
error 64543.15234375
67 self_attn.v_proj
Quantizing ...
time 2.76
error 48440.140625
67 self_attn.q_proj
Quantizing ...
time 3.15
error 70967.203125
67 self_attn.o_proj
Quantizing ...
time 3.54
error 3869.62158203125
67 mlp.up_proj
Quantizing ...
time 3.96
error 188019.359375
67 mlp.gate_proj
Quantizing ...
time 3.13
error 209548.875
67 mlp.down_proj
Quantizing ...
time 12.59
error 61121.89453125
68 self_attn.k_proj
Quantizing ...
time 4.05
error 63382.8125
68 self_attn.v_proj
Quantizing ...
time 2.79
error 41184.890625
68 self_attn.q_proj
Quantizing ...
time 2.89
error 72221.125
68 self_attn.o_proj
Quantizing ...
time 3.51
error 3272.2197265625
68 mlp.up_proj
Quantizing ...
time 3.94
error 192011.03125
68 mlp.gate_proj
Quantizing ...
time 2.88
error 212772.28125
68 mlp.down_proj
Quantizing ...
time 12.60
error 64615.6640625
69 self_attn.k_proj
Quantizing ...
time 4.10
error 70679.65625
69 self_attn.v_proj
Quantizing ...
time 3.04
error 50115.97265625
69 self_attn.q_proj
Quantizing ...
time 2.77
error 78136.0546875
69 self_attn.o_proj
Quantizing ...
time 3.63
error 6093.70654296875
69 mlp.up_proj
Quantizing ...
time 3.95
error 192567.875
69 mlp.gate_proj
Quantizing ...
time 3.30
error 211660.765625
69 mlp.down_proj
Quantizing ...
time 12.68
error 65794.3828125
70 self_attn.k_proj
Quantizing ...
time 4.02
error 59129.5859375
70 self_attn.v_proj
Quantizing ...
time 2.97
error 35923.03515625
70 self_attn.q_proj
Quantizing ...
time 2.73
error 65095.7734375
70 self_attn.o_proj
Quantizing ...
time 3.67
error 2246.078125
70 mlp.up_proj
Quantizing ...
time 4.07
error 196968.4375
70 mlp.gate_proj
Quantizing ...
time 3.01
error 215664.0625
70 mlp.down_proj
Quantizing ...
time 12.76
error 67691.15625
71 self_attn.k_proj
Quantizing ...
time 4.06
error 61960.3828125
71 self_attn.v_proj
Quantizing ...
time 2.80
error 39900.69140625
71 self_attn.q_proj
Quantizing ...
time 2.74
error 70292.9453125
71 self_attn.o_proj
Quantizing ...
time 3.52
error 3694.92822265625
71 mlp.up_proj
Quantizing ...
time 4.03
error 199180.359375
71 mlp.gate_proj
Quantizing ...
time 2.83
error 216888.828125
71 mlp.down_proj
Quantizing ...
time 12.78
error 69827.5546875
72 self_attn.k_proj
Quantizing ...
time 4.00
error 64268.67578125
72 self_attn.v_proj
Quantizing ...
time 2.85
error 49286.61328125
72 self_attn.q_proj
Quantizing ...
time 2.77
error 72692.28125
72 self_attn.o_proj
Quantizing ...
time 3.54
error 6883.2783203125
72 mlp.up_proj
Quantizing ...
time 4.15
error 201195.109375
72 mlp.gate_proj
Quantizing ...
time 2.94
error 217754.0625
72 mlp.down_proj
Quantizing ...
time 12.79
error 73678.296875
73 self_attn.k_proj
Quantizing ...
time 4.09
error 54654.8515625
73 self_attn.v_proj
Quantizing ...
time 2.76
error 37379.7578125
73 self_attn.q_proj
Quantizing ...
time 2.89
error 57487.640625
73 self_attn.o_proj
Quantizing ...
time 3.50
error 4010.063720703125
73 mlp.up_proj
Quantizing ...
time 3.93
error 204276.0
73 mlp.gate_proj
Quantizing ...
time 3.18
error 220154.90625
73 mlp.down_proj
Quantizing ...
time 12.76
error 82550.3671875
74 self_attn.k_proj
Quantizing ...
time 4.01
error 62939.234375
74 self_attn.v_proj
Quantizing ...
time 2.90
error 51844.9609375
74 self_attn.q_proj
Quantizing ...
time 2.74
error 74991.140625
74 self_attn.o_proj
Quantizing ...
time 3.53
error 5432.4091796875
74 mlp.up_proj
Quantizing ...
time 4.10
error 203637.65625
74 mlp.gate_proj
Quantizing ...
time 3.02
error 222184.578125
74 mlp.down_proj
Quantizing ...
time 12.54
error 89316.8515625
75 self_attn.k_proj
Quantizing ...
time 3.98
error 63563.171875
75 self_attn.v_proj
Quantizing ...
time 2.76
error 54526.796875
75 self_attn.q_proj
Quantizing ...
time 3.19
error 72927.7890625
75 self_attn.o_proj
Quantizing ...
time 3.54
error 11300.546875
75 mlp.up_proj
Quantizing ...
time 4.02
error 203075.46875
75 mlp.gate_proj
Quantizing ...
time 2.97
error 220141.421875
75 mlp.down_proj
Quantizing ...
time 12.51
error 99497.796875
76 self_attn.k_proj
Quantizing ...
time 3.99
error 60921.625
76 self_attn.v_proj
Quantizing ...
time 2.79
error 45951.703125
76 self_attn.q_proj
Quantizing ...
time 2.80
error 64939.77734375
76 self_attn.o_proj
Quantizing ...
time 3.52
error 6892.61083984375
76 mlp.up_proj
Quantizing ...
time 4.01
error 202448.125
76 mlp.gate_proj
Quantizing ...
time 2.86
error 218761.5625
76 mlp.down_proj
Quantizing ...
time 12.67
error 125744.1640625
77 self_attn.k_proj
Quantizing ...
time 4.00
error 53658.69140625
77 self_attn.v_proj
Quantizing ...
time 2.78
error 37861.59375
77 self_attn.q_proj
Quantizing ...
time 2.76
error 60288.4765625
77 self_attn.o_proj
Quantizing ...
time 3.55
error 7962.26611328125
77 mlp.up_proj
Quantizing ...
time 4.08
error 182290.359375
77 mlp.gate_proj
Quantizing ...
time 3.14
error 194770.1875
77 mlp.down_proj
Quantizing ...
time 12.58
error 148401.9375
78 self_attn.k_proj
Quantizing ...
time 3.99
error 55377.3515625
78 self_attn.v_proj
Quantizing ...
time 2.77
error 37862.5234375
78 self_attn.q_proj
Quantizing ...
time 2.88
error 62744.6640625
78 self_attn.o_proj
Quantizing ...
time 3.62
error 8111.701171875
78 mlp.up_proj
Quantizing ...
time 3.93
error 155166.75
78 mlp.gate_proj
Quantizing ...
time 3.03
error 166733.9375
78 mlp.down_proj
Quantizing ...
time 12.55
error 199121.25
79 self_attn.k_proj
Quantizing ...
time 4.07
error 25887.939453125
79 self_attn.v_proj
Quantizing ...
time 2.99
error 10238.8515625
79 self_attn.q_proj
Quantizing ...
time 2.80
error 32364.935546875
79 self_attn.o_proj
Quantizing ...
time 3.52
error 1471.61962890625
79 mlp.up_proj
Quantizing ...
time 4.13
error 100731.0859375
79 mlp.gate_proj
Quantizing ...
time 2.86
error 103535.40625
79 mlp.down_proj
Quantizing ...
time 12.50
error 190457.984375
6302.0231301784515
wikitext2
Evaluating ...
0
1
2
3
4
5
6
7
8
9
10
11
12
13
14
15
16
17
18
19
20
21
22
23
24
25
26
27
28
29
30
31
32
33
34
35
36
37
38
39
40
41
42
43
44
45
46
47
48
49
50
51
52
53
54
55
56
57
58
59
60
61
62
63
64
65
66
67
68
69
70
71
72
73
74
75
76
77
78
79
3.816110849380493
ptb-new
Evaluating ...
0
1
2
3
4
5
6
7
8
9
10
11
12
13
14
15
16
17
18
19
20
21
22
23
24
25
26
27
28
29
30
31
32
33
34
35
36
37
38
39
40
41
42
43
44
45
46
47
48
49
50
51
52
53
54
55
56
57
58
59
60
61
62
63
64
65
66
67
68
69
70
71
72
73
74
75
76
77
78
79
44.96861267089844
c4-new
Evaluating ...
0
1
2
3
4
5
6
7
8
9
10
11
12
13
14
15
16
17
18
19
20
21
22
23
24
25
26
27
28
29
30
31
32
33
34
35
36
37
38
39
40
41
42
43
44
45
46
47
48
49
50
51
52
53
54
55
56
57
58
59
60
61
62
63
64
65
66
67
68
69
70
71
72
73
74
75
76
77
78
79
5.993603229522705
