CUDA extension not installed.
Starting ...
Ready.
0 self_attn.k_proj
Quantizing ...
time 2.81
error 20262.283203125
0 self_attn.v_proj
Quantizing ...
time 1.31
error 818.7337646484375
0 self_attn.q_proj
Quantizing ...
time 1.30
error 35665.3125
0 self_attn.o_proj
Quantizing ...
time 1.60
error 59.586448669433594
0 mlp.up_proj
Quantizing ...
time 1.65
error 8915.6943359375
0 mlp.gate_proj
Quantizing ...
time 1.33
error 9706.0029296875
0 mlp.down_proj
Quantizing ...
time 4.78
error 301.80267333984375
1 self_attn.k_proj
Quantizing ...
time 1.66
error 54834.03125
1 self_attn.v_proj
Quantizing ...
time 1.30
error 4458.33984375
1 self_attn.q_proj
Quantizing ...
time 1.29
error 52133.1484375
1 self_attn.o_proj
Quantizing ...
time 1.54
error 519.25439453125
1 mlp.up_proj
Quantizing ...
time 1.64
error 42015.765625
1 mlp.gate_proj
Quantizing ...
time 1.31
error 47224.296875
1 mlp.down_proj
Quantizing ...
time 4.60
error 1964.929443359375
2 self_attn.k_proj
Quantizing ...
time 1.65
error 152026.5
2 self_attn.v_proj
Quantizing ...
time 1.30
error 15544.705078125
2 self_attn.q_proj
Quantizing ...
time 1.30
error 141367.75
2 self_attn.o_proj
Quantizing ...
time 1.54
error 1111.9493408203125
2 mlp.up_proj
Quantizing ...
time 1.69
error 105482.15625
2 mlp.gate_proj
Quantizing ...
time 1.31
error 128142.0703125
2 mlp.down_proj
Quantizing ...
time 4.60
error 105098.3125
3 self_attn.k_proj
Quantizing ...
time 1.65
error 335136.1875
3 self_attn.v_proj
Quantizing ...
time 1.29
error 77019.125
3 self_attn.q_proj
Quantizing ...
time 1.31
error 390689.375
3 self_attn.o_proj
Quantizing ...
time 1.64
error 2330.7802734375
3 mlp.up_proj
Quantizing ...
time 1.62
error 177303.46875
3 mlp.gate_proj
Quantizing ...
time 1.31
error 211920.265625
3 mlp.down_proj
Quantizing ...
time 4.56
error 9861.96484375
4 self_attn.k_proj
Quantizing ...
time 1.66
error 510801.9375
4 self_attn.v_proj
Quantizing ...
time 1.30
error 124144.546875
4 self_attn.q_proj
Quantizing ...
time 1.30
error 643052.25
4 self_attn.o_proj
Quantizing ...
time 1.55
error 3563.357421875
4 mlp.up_proj
Quantizing ...
time 1.69
error 275465.25
4 mlp.gate_proj
Quantizing ...
time 1.30
error 334386.125
4 mlp.down_proj
Quantizing ...
time 4.62
error 17253.37890625
5 self_attn.k_proj
Quantizing ...
time 1.65
error 733337.375
5 self_attn.v_proj
Quantizing ...
time 1.29
error 219645.96875
5 self_attn.q_proj
Quantizing ...
time 1.29
error 830079.75
5 self_attn.o_proj
Quantizing ...
time 1.54
error 3734.92431640625
5 mlp.up_proj
Quantizing ...
time 1.65
error 392797.4375
5 mlp.gate_proj
Quantizing ...
time 1.31
error 498434.8125
5 mlp.down_proj
Quantizing ...
time 4.58
error 29226.92578125
6 self_attn.k_proj
Quantizing ...
time 1.66
error 817164.25
6 self_attn.v_proj
Quantizing ...
time 1.29
error 244390.90625
6 self_attn.q_proj
Quantizing ...
time 1.33
error 870474.875
6 self_attn.o_proj
Quantizing ...
time 1.54
error 4826.166015625
6 mlp.up_proj
Quantizing ...
time 1.63
error 450163.625
6 mlp.gate_proj
Quantizing ...
time 1.38
error 545108.625
6 mlp.down_proj
Quantizing ...
time 4.60
error 36169.453125
7 self_attn.k_proj
Quantizing ...
time 1.73
error 816150.875
7 self_attn.v_proj
Quantizing ...
time 1.36
error 272125.28125
7 self_attn.q_proj
Quantizing ...
time 1.35
error 866916.75
7 self_attn.o_proj
Quantizing ...
time 1.59
error 7309.01953125
7 mlp.up_proj
Quantizing ...
time 1.66
error 495342.875
7 mlp.gate_proj
Quantizing ...
time 1.37
error 582901.875
7 mlp.down_proj
Quantizing ...
time 4.64
error 40967.25
8 self_attn.k_proj
Quantizing ...
time 1.66
error 858028.375
8 self_attn.v_proj
Quantizing ...
time 1.35
error 297369.40625
8 self_attn.q_proj
Quantizing ...
time 1.28
error 895994.5
8 self_attn.o_proj
Quantizing ...
time 1.56
error 9777.6796875
8 mlp.up_proj
Quantizing ...
time 1.63
error 504619.90625
8 mlp.gate_proj
Quantizing ...
time 1.37
error 590956.625
8 mlp.down_proj
Quantizing ...
time 4.59
error 42459.921875
9 self_attn.k_proj
Quantizing ...
time 1.66
error 879684.75
9 self_attn.v_proj
Quantizing ...
time 1.30
error 323919.75
9 self_attn.q_proj
Quantizing ...
time 1.30
error 911763.625
9 self_attn.o_proj
Quantizing ...
time 1.56
error 8758.345703125
9 mlp.up_proj
Quantizing ...
time 1.63
error 530264.75
9 mlp.gate_proj
Quantizing ...
time 1.31
error 593956.875
9 mlp.down_proj
Quantizing ...
time 4.58
error 49011.76171875
10 self_attn.k_proj
Quantizing ...
time 1.65
error 919145.5625
10 self_attn.v_proj
Quantizing ...
time 1.32
error 353842.0
10 self_attn.q_proj
Quantizing ...
time 1.28
error 923600.0
10 self_attn.o_proj
Quantizing ...
time 1.54
error 9399.4951171875
10 mlp.up_proj
Quantizing ...
time 1.62
error 566263.9375
10 mlp.gate_proj
Quantizing ...
time 1.31
error 609105.125
10 mlp.down_proj
Quantizing ...
time 4.56
error 57461.875
11 self_attn.k_proj
Quantizing ...
time 1.66
error 829080.875
11 self_attn.v_proj
Quantizing ...
time 1.30
error 329022.28125
11 self_attn.q_proj
Quantizing ...
time 1.31
error 821429.5
11 self_attn.o_proj
Quantizing ...
time 1.55
error 15268.109375
11 mlp.up_proj
Quantizing ...
time 1.63
error 599506.75
11 mlp.gate_proj
Quantizing ...
time 1.32
error 633093.75
11 mlp.down_proj
Quantizing ...
time 4.63
error 64994.2734375
12 self_attn.k_proj
Quantizing ...
time 1.78
error 990010.75
12 self_attn.v_proj
Quantizing ...
time 1.38
error 408256.5
12 self_attn.q_proj
Quantizing ...
time 1.30
error 975393.1875
12 self_attn.o_proj
Quantizing ...
time 1.58
error 16860.279296875
12 mlp.up_proj
Quantizing ...
time 1.72
error 668867.75
12 mlp.gate_proj
Quantizing ...
time 1.31
error 708812.875
12 mlp.down_proj
Quantizing ...
time 4.57
error 73797.390625
13 self_attn.k_proj
Quantizing ...
time 1.65
error 1014702.1875
13 self_attn.v_proj
Quantizing ...
time 1.30
error 479693.875
13 self_attn.q_proj
Quantizing ...
time 1.30
error 1019425.8125
13 self_attn.o_proj
Quantizing ...
time 1.54
error 16538.08984375
13 mlp.up_proj
Quantizing ...
time 1.63
error 712443.25
13 mlp.gate_proj
Quantizing ...
time 1.32
error 730511.125
13 mlp.down_proj
Quantizing ...
time 4.79
error 88795.671875
14 self_attn.k_proj
Quantizing ...
time 1.66
error 978667.9375
14 self_attn.v_proj
Quantizing ...
time 1.30
error 468989.84375
14 self_attn.q_proj
Quantizing ...
time 1.30
error 1000292.625
14 self_attn.o_proj
Quantizing ...
time 1.55
error 21347.47265625
14 mlp.up_proj
Quantizing ...
time 1.63
error 761473.9375
14 mlp.gate_proj
Quantizing ...
time 1.32
error 774769.125
14 mlp.down_proj
Quantizing ...
time 4.61
error 111438.609375
15 self_attn.k_proj
Quantizing ...
time 1.66
error 984471.5
15 self_attn.v_proj
Quantizing ...
time 1.30
error 455147.5
15 self_attn.q_proj
Quantizing ...
time 1.29
error 969227.25
15 self_attn.o_proj
Quantizing ...
time 1.55
error 27228.51171875
15 mlp.up_proj
Quantizing ...
time 1.63
error 810227.125
15 mlp.gate_proj
Quantizing ...
time 1.31
error 825464.75
15 mlp.down_proj
Quantizing ...
time 4.60
error 132642.078125
16 self_attn.k_proj
Quantizing ...
time 1.70
error 934878.25
16 self_attn.v_proj
Quantizing ...
time 1.31
error 501944.21875
16 self_attn.q_proj
Quantizing ...
time 1.28
error 946485.25
16 self_attn.o_proj
Quantizing ...
time 1.55
error 24247.41796875
16 mlp.up_proj
Quantizing ...
time 1.64
error 926040.0
16 mlp.gate_proj
Quantizing ...
time 1.35
error 961716.875
16 mlp.down_proj
Quantizing ...
time 4.64
error 183511.296875
17 self_attn.k_proj
Quantizing ...
time 1.67
error 1020822.0
17 self_attn.v_proj
Quantizing ...
time 1.32
error 577189.1875
17 self_attn.q_proj
Quantizing ...
time 1.35
error 1023897.25
17 self_attn.o_proj
Quantizing ...
time 1.58
error 36348.625
17 mlp.up_proj
Quantizing ...
time 1.62
error 1042043.5625
17 mlp.gate_proj
Quantizing ...
time 1.31
error 1079907.875
17 mlp.down_proj
Quantizing ...
time 4.55
error 227052.25
18 self_attn.k_proj
Quantizing ...
time 1.77
error 1062221.5
18 self_attn.v_proj
Quantizing ...
time 1.37
error 613758.4375
18 self_attn.q_proj
Quantizing ...
time 1.30
error 1098044.125
18 self_attn.o_proj
Quantizing ...
time 1.54
error 56791.51953125
18 mlp.up_proj
Quantizing ...
time 1.70
error 1157367.5
18 mlp.gate_proj
Quantizing ...
time 1.30
error 1227896.5
18 mlp.down_proj
Quantizing ...
time 4.75
error 274705.6875
19 self_attn.k_proj
Quantizing ...
time 1.65
error 1009661.75
19 self_attn.v_proj
Quantizing ...
time 1.29
error 661392.6875
19 self_attn.q_proj
Quantizing ...
time 1.33
error 1066781.375
19 self_attn.o_proj
Quantizing ...
time 1.55
error 50377.03125
19 mlp.up_proj
Quantizing ...
time 1.63
error 1245155.25
19 mlp.gate_proj
Quantizing ...
time 1.31
error 1340522.125
19 mlp.down_proj
Quantizing ...
time 4.60
error 312412.53125
20 self_attn.k_proj
Quantizing ...
time 1.65
error 1102281.0
20 self_attn.v_proj
Quantizing ...
time 1.30
error 751817.5625
20 self_attn.q_proj
Quantizing ...
time 1.31
error 1184928.5
20 self_attn.o_proj
Quantizing ...
time 1.59
error 53326.71875
20 mlp.up_proj
Quantizing ...
time 1.63
error 1361126.875
20 mlp.gate_proj
Quantizing ...
time 1.32
error 1477922.75
20 mlp.down_proj
Quantizing ...
time 4.58
error 357950.8125
21 self_attn.k_proj
Quantizing ...
time 1.67
error 1104675.875
21 self_attn.v_proj
Quantizing ...
time 1.33
error 797424.375
21 self_attn.q_proj
Quantizing ...
time 1.33
error 1179355.5
21 self_attn.o_proj
Quantizing ...
time 1.61
error 51390.7890625
21 mlp.up_proj
Quantizing ...
time 1.80
error 1483634.5
21 mlp.gate_proj
Quantizing ...
time 1.31
error 1631766.25
21 mlp.down_proj
Quantizing ...
time 4.65
error 397504.8125
22 self_attn.k_proj
Quantizing ...
time 1.69
error 1206529.25
22 self_attn.v_proj
Quantizing ...
time 1.31
error 856699.375
22 self_attn.q_proj
Quantizing ...
time 1.31
error 1321867.0
22 self_attn.o_proj
Quantizing ...
time 1.55
error 40329.703125
22 mlp.up_proj
Quantizing ...
time 1.63
error 1598605.5
22 mlp.gate_proj
Quantizing ...
time 1.32
error 1741578.125
22 mlp.down_proj
Quantizing ...
time 4.58
error 433437.90625
23 self_attn.k_proj
Quantizing ...
time 1.65
error 1209278.75
23 self_attn.v_proj
Quantizing ...
time 1.30
error 959924.125
23 self_attn.q_proj
Quantizing ...
time 1.30
error 1300413.75
23 self_attn.o_proj
Quantizing ...
time 1.58
error 64173.86328125
23 mlp.up_proj
Quantizing ...
time 1.63
error 1621593.0
23 mlp.gate_proj
Quantizing ...
time 1.32
error 1771739.25
23 mlp.down_proj
Quantizing ...
time 4.60
error 429814.5
24 self_attn.k_proj
Quantizing ...
time 1.67
error 1256320.25
24 self_attn.v_proj
Quantizing ...
time 1.29
error 1014885.375
24 self_attn.q_proj
Quantizing ...
time 1.32
error 1355017.125
24 self_attn.o_proj
Quantizing ...
time 1.60
error 51849.0625
24 mlp.up_proj
Quantizing ...
time 1.64
error 1753204.625
24 mlp.gate_proj
Quantizing ...
time 1.32
error 1896517.75
24 mlp.down_proj
Quantizing ...
time 4.63
error 482084.875
25 self_attn.k_proj
Quantizing ...
time 1.69
error 1371489.5
25 self_attn.v_proj
Quantizing ...
time 1.31
error 1085937.5
25 self_attn.q_proj
Quantizing ...
time 1.31
error 1503795.625
25 self_attn.o_proj
Quantizing ...
time 1.72
error 68934.203125
25 mlp.up_proj
Quantizing ...
time 1.72
error 1864777.625
25 mlp.gate_proj
Quantizing ...
time 1.30
error 2012028.25
25 mlp.down_proj
Quantizing ...
time 4.57
error 531268.0625
26 self_attn.k_proj
Quantizing ...
time 1.65
error 1457865.0
26 self_attn.v_proj
Quantizing ...
time 1.29
error 1262464.75
26 self_attn.q_proj
Quantizing ...
time 1.29
error 1598342.0
26 self_attn.o_proj
Quantizing ...
time 1.57
error 51534.7734375
26 mlp.up_proj
Quantizing ...
time 1.67
error 2019582.5
26 mlp.gate_proj
Quantizing ...
time 1.32
error 2147883.25
26 mlp.down_proj
Quantizing ...
time 4.61
error 618406.5
27 self_attn.k_proj
Quantizing ...
time 1.79
error 1476019.875
27 self_attn.v_proj
Quantizing ...
time 1.34
error 1341018.375
27 self_attn.q_proj
Quantizing ...
time 1.30
error 1697040.25
27 self_attn.o_proj
Quantizing ...
time 1.54
error 40687.8203125
27 mlp.up_proj
Quantizing ...
time 1.62
error 2209203.0
27 mlp.gate_proj
Quantizing ...
time 1.40
error 2322875.0
27 mlp.down_proj
Quantizing ...
time 4.64
error 755582.3125
28 self_attn.k_proj
Quantizing ...
time 1.66
error 1428379.0
28 self_attn.v_proj
Quantizing ...
time 1.30
error 1319796.5
28 self_attn.q_proj
Quantizing ...
time 1.30
error 1601073.75
28 self_attn.o_proj
Quantizing ...
time 1.55
error 99695.0
28 mlp.up_proj
Quantizing ...
time 1.64
error 2374981.0
28 mlp.gate_proj
Quantizing ...
time 1.32
error 2459425.25
28 mlp.down_proj
Quantizing ...
time 4.64
error 956159.875
29 self_attn.k_proj
Quantizing ...
time 1.67
error 1467859.5
29 self_attn.v_proj
Quantizing ...
time 1.30
error 1496608.375
29 self_attn.q_proj
Quantizing ...
time 1.30
error 1679985.25
29 self_attn.o_proj
Quantizing ...
time 1.55
error 100185.4765625
29 mlp.up_proj
Quantizing ...
time 1.64
error 2526355.0
29 mlp.gate_proj
Quantizing ...
time 1.34
error 2603231.25
29 mlp.down_proj
Quantizing ...
time 4.58
error 1300314.75
30 self_attn.k_proj
Quantizing ...
time 1.66
error 1422300.125
30 self_attn.v_proj
Quantizing ...
time 1.31
error 1371236.375
30 self_attn.q_proj
Quantizing ...
time 1.29
error 1665726.75
30 self_attn.o_proj
Quantizing ...
time 1.55
error 143748.4375
30 mlp.up_proj
Quantizing ...
time 1.72
error 2592357.25
30 mlp.gate_proj
Quantizing ...
time 1.31
error 2645965.25
30 mlp.down_proj
Quantizing ...
time 4.57
error 2027347.5
31 self_attn.k_proj
Quantizing ...
time 1.66
error 970984.5
31 self_attn.v_proj
Quantizing ...
time 1.30
error 705448.125
31 self_attn.q_proj
Quantizing ...
time 1.31
error 982359.0
31 self_attn.o_proj
Quantizing ...
time 1.60
error 183195.703125
31 mlp.up_proj
Quantizing ...
time 1.64
error 2094613.25
31 mlp.gate_proj
Quantizing ...
time 1.32
error 2159443.0
31 mlp.down_proj
Quantizing ...
time 4.61
error 3799309.0
848.7577311992645
wikitext2
Evaluating ...
0
1
2
3
4
5
6
7
8
9
10
11
12
13
14
15
16
17
18
19
20
21
22
23
24
25
26
27
28
29
30
31
3589.547607421875
ptb-new
Evaluating ...
0
1
2
3
4
5
6
7
8
9
10
11
12
13
14
15
16
17
18
19
20
21
22
23
24
25
26
27
28
29
30
31
5515.45654296875
c4-new
Evaluating ...
0
1
2
3
4
5
6
7
8
9
10
11
12
13
14
15
16
17
18
19
20
21
22
23
24
25
26
27
28
29
30
31
642.6246948242188
