CUDA extension not installed.
Starting ...
Ready.
0 self_attn.k_proj
Quantizing ...
time 3.00
error 3574.73876953125
0 self_attn.v_proj
Quantizing ...
time 1.44
error 183.17153930664062
0 self_attn.q_proj
Quantizing ...
time 1.46
error 4081.77294921875
0 self_attn.o_proj
Quantizing ...
time 1.69
error 11.485275268554688
0 mlp.up_proj
Quantizing ...
time 1.76
error 1630.816162109375
0 mlp.gate_proj
Quantizing ...
time 1.43
error 1797.864990234375
0 mlp.down_proj
Quantizing ...
time 4.66
error 57.92527770996094
1 self_attn.k_proj
Quantizing ...
time 1.70
error 9955.869140625
1 self_attn.v_proj
Quantizing ...
time 1.62
error 835.465576171875
1 self_attn.q_proj
Quantizing ...
time 1.32
error 9302.0244140625
1 self_attn.o_proj
Quantizing ...
time 1.58
error 108.70510864257812
1 mlp.up_proj
Quantizing ...
time 1.64
error 7489.55029296875
1 mlp.gate_proj
Quantizing ...
time 1.34
error 8428.697265625
1 mlp.down_proj
Quantizing ...
time 4.60
error 386.32354736328125
2 self_attn.k_proj
Quantizing ...
time 1.67
error 27511.59375
2 self_attn.v_proj
Quantizing ...
time 1.31
error 2744.8701171875
2 self_attn.q_proj
Quantizing ...
time 1.34
error 25315.900390625
2 self_attn.o_proj
Quantizing ...
time 1.63
error 249.56076049804688
2 mlp.up_proj
Quantizing ...
time 1.66
error 19151.859375
2 mlp.gate_proj
Quantizing ...
time 1.33
error 23221.9375
2 mlp.down_proj
Quantizing ...
time 4.59
error 7434.90966796875
3 self_attn.k_proj
Quantizing ...
time 1.68
error 63802.32421875
3 self_attn.v_proj
Quantizing ...
time 1.43
error 14449.5546875
3 self_attn.q_proj
Quantizing ...
time 1.33
error 80101.1328125
3 self_attn.o_proj
Quantizing ...
time 1.55
error 359.9573059082031
3 mlp.up_proj
Quantizing ...
time 1.64
error 34632.703125
3 mlp.gate_proj
Quantizing ...
time 1.31
error 41490.51953125
3 mlp.down_proj
Quantizing ...
time 4.62
error 1997.378173828125
4 self_attn.k_proj
Quantizing ...
time 1.66
error 92377.0625
4 self_attn.v_proj
Quantizing ...
time 1.31
error 22159.3203125
4 self_attn.q_proj
Quantizing ...
time 1.38
error 125168.859375
4 self_attn.o_proj
Quantizing ...
time 1.55
error 818.4977416992188
4 mlp.up_proj
Quantizing ...
time 1.65
error 48583.8203125
4 mlp.gate_proj
Quantizing ...
time 1.34
error 59064.05078125
4 mlp.down_proj
Quantizing ...
time 4.74
error 3285.712890625
5 self_attn.k_proj
Quantizing ...
time 1.66
error 129011.3828125
5 self_attn.v_proj
Quantizing ...
time 1.32
error 38151.828125
5 self_attn.q_proj
Quantizing ...
time 1.32
error 151369.609375
5 self_attn.o_proj
Quantizing ...
time 1.57
error 909.4700927734375
5 mlp.up_proj
Quantizing ...
time 1.65
error 65295.0078125
5 mlp.gate_proj
Quantizing ...
time 1.33
error 82586.125
5 mlp.down_proj
Quantizing ...
time 4.72
error 5154.939453125
6 self_attn.k_proj
Quantizing ...
time 1.71
error 138629.90625
6 self_attn.v_proj
Quantizing ...
time 1.30
error 41285.6328125
6 self_attn.q_proj
Quantizing ...
time 1.31
error 152363.65625
6 self_attn.o_proj
Quantizing ...
time 1.56
error 1604.142822265625
6 mlp.up_proj
Quantizing ...
time 1.66
error 77798.6953125
6 mlp.gate_proj
Quantizing ...
time 1.39
error 94563.4453125
6 mlp.down_proj
Quantizing ...
time 4.63
error 7039.4404296875
7 self_attn.k_proj
Quantizing ...
time 1.68
error 143177.265625
7 self_attn.v_proj
Quantizing ...
time 1.30
error 47321.8203125
7 self_attn.q_proj
Quantizing ...
time 1.30
error 155322.25
7 self_attn.o_proj
Quantizing ...
time 1.55
error 2478.07080078125
7 mlp.up_proj
Quantizing ...
time 1.64
error 84988.3203125
7 mlp.gate_proj
Quantizing ...
time 1.33
error 100242.1875
7 mlp.down_proj
Quantizing ...
time 4.63
error 8393.935546875
8 self_attn.k_proj
Quantizing ...
time 1.68
error 157911.21875
8 self_attn.v_proj
Quantizing ...
time 1.35
error 54313.94921875
8 self_attn.q_proj
Quantizing ...
time 1.32
error 166862.59375
8 self_attn.o_proj
Quantizing ...
time 1.57
error 3304.158447265625
8 mlp.up_proj
Quantizing ...
time 1.64
error 92384.015625
8 mlp.gate_proj
Quantizing ...
time 1.33
error 108249.078125
8 mlp.down_proj
Quantizing ...
time 4.62
error 9805.546875
9 self_attn.k_proj
Quantizing ...
time 1.66
error 165601.53125
9 self_attn.v_proj
Quantizing ...
time 1.31
error 60926.44140625
9 self_attn.q_proj
Quantizing ...
time 1.31
error 174412.0625
9 self_attn.o_proj
Quantizing ...
time 1.64
error 3637.051513671875
9 mlp.up_proj
Quantizing ...
time 1.64
error 100322.9375
9 mlp.gate_proj
Quantizing ...
time 1.32
error 112326.2421875
9 mlp.down_proj
Quantizing ...
time 4.63
error 11991.8359375
10 self_attn.k_proj
Quantizing ...
time 1.68
error 182224.03125
10 self_attn.v_proj
Quantizing ...
time 1.33
error 69580.3671875
10 self_attn.q_proj
Quantizing ...
time 1.33
error 185434.90625
10 self_attn.o_proj
Quantizing ...
time 1.58
error 5418.779296875
10 mlp.up_proj
Quantizing ...
time 1.67
error 110936.4296875
10 mlp.gate_proj
Quantizing ...
time 1.34
error 119318.34375
10 mlp.down_proj
Quantizing ...
time 4.61
error 14442.92578125
11 self_attn.k_proj
Quantizing ...
time 1.68
error 166129.09375
11 self_attn.v_proj
Quantizing ...
time 1.32
error 65331.79296875
11 self_attn.q_proj
Quantizing ...
time 1.33
error 166420.578125
11 self_attn.o_proj
Quantizing ...
time 1.66
error 8207.0439453125
11 mlp.up_proj
Quantizing ...
time 1.64
error 117629.5625
11 mlp.gate_proj
Quantizing ...
time 1.48
error 124037.609375
11 mlp.down_proj
Quantizing ...
time 4.62
error 17775.666015625
12 self_attn.k_proj
Quantizing ...
time 1.66
error 202797.109375
12 self_attn.v_proj
Quantizing ...
time 1.30
error 82996.7109375
12 self_attn.q_proj
Quantizing ...
time 1.31
error 201578.59375
12 self_attn.o_proj
Quantizing ...
time 1.56
error 8268.615234375
12 mlp.up_proj
Quantizing ...
time 1.64
error 136705.390625
12 mlp.gate_proj
Quantizing ...
time 1.33
error 145262.9375
12 mlp.down_proj
Quantizing ...
time 4.63
error 21698.27734375
13 self_attn.k_proj
Quantizing ...
time 1.68
error 215005.859375
13 self_attn.v_proj
Quantizing ...
time 1.33
error 100800.03125
13 self_attn.q_proj
Quantizing ...
time 1.33
error 219574.09375
13 self_attn.o_proj
Quantizing ...
time 1.57
error 8752.4482421875
13 mlp.up_proj
Quantizing ...
time 1.72
error 150622.171875
13 mlp.gate_proj
Quantizing ...
time 1.34
error 154374.3125
13 mlp.down_proj
Quantizing ...
time 4.65
error 26069.265625
14 self_attn.k_proj
Quantizing ...
time 1.81
error 211340.125
14 self_attn.v_proj
Quantizing ...
time 1.47
error 100515.53125
14 self_attn.q_proj
Quantizing ...
time 1.38
error 219528.609375
14 self_attn.o_proj
Quantizing ...
time 1.63
error 9753.9140625
14 mlp.up_proj
Quantizing ...
time 1.71
error 167236.359375
14 mlp.gate_proj
Quantizing ...
time 1.38
error 170199.125
14 mlp.down_proj
Quantizing ...
time 4.93
error 31554.154296875
15 self_attn.k_proj
Quantizing ...
time 1.69
error 220448.28125
15 self_attn.v_proj
Quantizing ...
time 1.34
error 100207.9140625
15 self_attn.q_proj
Quantizing ...
time 1.34
error 219204.125
15 self_attn.o_proj
Quantizing ...
time 1.71
error 12427.6005859375
15 mlp.up_proj
Quantizing ...
time 1.63
error 179491.78125
15 mlp.gate_proj
Quantizing ...
time 1.37
error 183400.875
15 mlp.down_proj
Quantizing ...
time 4.59
error 39156.89453125
16 self_attn.k_proj
Quantizing ...
time 1.66
error 213162.0
16 self_attn.v_proj
Quantizing ...
time 1.31
error 112652.875
16 self_attn.q_proj
Quantizing ...
time 1.31
error 219322.28125
16 self_attn.o_proj
Quantizing ...
time 1.56
error 11982.06640625
16 mlp.up_proj
Quantizing ...
time 1.64
error 201846.90625
16 mlp.gate_proj
Quantizing ...
time 1.33
error 209788.625
16 mlp.down_proj
Quantizing ...
time 4.61
error 52055.1875
17 self_attn.k_proj
Quantizing ...
time 1.66
error 229465.34375
17 self_attn.v_proj
Quantizing ...
time 1.31
error 127296.8046875
17 self_attn.q_proj
Quantizing ...
time 1.32
error 233496.140625
17 self_attn.o_proj
Quantizing ...
time 1.56
error 16487.765625
17 mlp.up_proj
Quantizing ...
time 1.77
error 225186.59375
17 mlp.gate_proj
Quantizing ...
time 1.44
error 233577.46875
17 mlp.down_proj
Quantizing ...
time 4.81
error 64112.0625
18 self_attn.k_proj
Quantizing ...
time 1.70
error 233798.59375
18 self_attn.v_proj
Quantizing ...
time 1.32
error 132278.609375
18 self_attn.q_proj
Quantizing ...
time 1.31
error 247239.546875
18 self_attn.o_proj
Quantizing ...
time 1.56
error 17121.173828125
18 mlp.up_proj
Quantizing ...
time 1.65
error 251002.09375
18 mlp.gate_proj
Quantizing ...
time 1.33
error 266598.5
18 mlp.down_proj
Quantizing ...
time 4.63
error 75368.546875
19 self_attn.k_proj
Quantizing ...
time 1.74
error 224080.734375
19 self_attn.v_proj
Quantizing ...
time 1.31
error 142919.46875
19 self_attn.q_proj
Quantizing ...
time 1.33
error 243892.828125
19 self_attn.o_proj
Quantizing ...
time 1.57
error 16668.234375
19 mlp.up_proj
Quantizing ...
time 1.64
error 269569.6875
19 mlp.gate_proj
Quantizing ...
time 1.44
error 290652.625
19 mlp.down_proj
Quantizing ...
time 4.67
error 87957.515625
20 self_attn.k_proj
Quantizing ...
time 1.66
error 245617.84375
20 self_attn.v_proj
Quantizing ...
time 1.41
error 162834.921875
20 self_attn.q_proj
Quantizing ...
time 1.34
error 272112.75
20 self_attn.o_proj
Quantizing ...
time 1.59
error 21223.388671875
20 mlp.up_proj
Quantizing ...
time 1.73
error 291282.1875
20 mlp.gate_proj
Quantizing ...
time 1.35
error 316902.03125
20 mlp.down_proj
Quantizing ...
time 4.67
error 105437.390625
21 self_attn.k_proj
Quantizing ...
time 1.71
error 246428.03125
21 self_attn.v_proj
Quantizing ...
time 1.31
error 170545.109375
21 self_attn.q_proj
Quantizing ...
time 1.39
error 270590.375
21 self_attn.o_proj
Quantizing ...
time 1.57
error 19205.16015625
21 mlp.up_proj
Quantizing ...
time 1.73
error 311168.46875
21 mlp.gate_proj
Quantizing ...
time 1.34
error 342408.21875
21 mlp.down_proj
Quantizing ...
time 4.59
error 116491.6484375
22 self_attn.k_proj
Quantizing ...
time 1.82
error 262131.53125
22 self_attn.v_proj
Quantizing ...
time 1.35
error 179232.0
22 self_attn.q_proj
Quantizing ...
time 1.44
error 300614.0625
22 self_attn.o_proj
Quantizing ...
time 1.61
error 13907.724609375
22 mlp.up_proj
Quantizing ...
time 1.72
error 338980.8125
22 mlp.gate_proj
Quantizing ...
time 1.33
error 369471.25
22 mlp.down_proj
Quantizing ...
time 4.69
error 126878.0703125
23 self_attn.k_proj
Quantizing ...
time 1.68
error 267852.09375
23 self_attn.v_proj
Quantizing ...
time 1.34
error 201727.890625
23 self_attn.q_proj
Quantizing ...
time 1.35
error 299314.6875
23 self_attn.o_proj
Quantizing ...
time 1.58
error 20818.16015625
23 mlp.up_proj
Quantizing ...
time 1.69
error 357362.125
23 mlp.gate_proj
Quantizing ...
time 1.34
error 390490.53125
23 mlp.down_proj
Quantizing ...
time 4.64
error 139080.59375
24 self_attn.k_proj
Quantizing ...
time 1.73
error 292252.28125
24 self_attn.v_proj
Quantizing ...
time 1.30
error 222843.5
24 self_attn.q_proj
Quantizing ...
time 1.32
error 328896.25
24 self_attn.o_proj
Quantizing ...
time 1.54
error 20065.955078125
24 mlp.up_proj
Quantizing ...
time 1.64
error 385606.28125
24 mlp.gate_proj
Quantizing ...
time 1.32
error 417698.875
24 mlp.down_proj
Quantizing ...
time 4.60
error 151665.796875
25 self_attn.k_proj
Quantizing ...
time 1.67
error 312979.25
25 self_attn.v_proj
Quantizing ...
time 1.32
error 238184.09375
25 self_attn.q_proj
Quantizing ...
time 1.36
error 361267.9375
25 self_attn.o_proj
Quantizing ...
time 1.55
error 24755.701171875
25 mlp.up_proj
Quantizing ...
time 1.68
error 412810.25
25 mlp.gate_proj
Quantizing ...
time 1.32
error 445632.4375
25 mlp.down_proj
Quantizing ...
time 4.61
error 165086.28125
26 self_attn.k_proj
Quantizing ...
time 1.77
error 333321.75
26 self_attn.v_proj
Quantizing ...
time 1.30
error 276871.5
26 self_attn.q_proj
Quantizing ...
time 1.31
error 386531.5625
26 self_attn.o_proj
Quantizing ...
time 1.56
error 20777.2578125
26 mlp.up_proj
Quantizing ...
time 1.65
error 446745.75
26 mlp.gate_proj
Quantizing ...
time 1.33
error 474576.15625
26 mlp.down_proj
Quantizing ...
time 4.56
error 182877.265625
27 self_attn.k_proj
Quantizing ...
time 1.67
error 336870.0
27 self_attn.v_proj
Quantizing ...
time 1.32
error 292578.6875
27 self_attn.q_proj
Quantizing ...
time 1.32
error 418958.65625
27 self_attn.o_proj
Quantizing ...
time 1.58
error 17349.505859375
27 mlp.up_proj
Quantizing ...
time 1.76
error 479729.1875
27 mlp.gate_proj
Quantizing ...
time 1.35
error 505273.15625
27 mlp.down_proj
Quantizing ...
time 4.62
error 206181.515625
28 self_attn.k_proj
Quantizing ...
time 1.82
error 319452.21875
28 self_attn.v_proj
Quantizing ...
time 1.29
error 279911.21875
28 self_attn.q_proj
Quantizing ...
time 1.50
error 383045.21875
28 self_attn.o_proj
Quantizing ...
time 1.57
error 32814.203125
28 mlp.up_proj
Quantizing ...
time 1.66
error 508029.59375
28 mlp.gate_proj
Quantizing ...
time 1.46
error 525443.0
28 mlp.down_proj
Quantizing ...
time 4.77
error 247560.21875
29 self_attn.k_proj
Quantizing ...
time 1.75
error 320346.65625
29 self_attn.v_proj
Quantizing ...
time 1.45
error 312646.125
29 self_attn.q_proj
Quantizing ...
time 1.40
error 398211.6875
29 self_attn.o_proj
Quantizing ...
time 1.56
error 33795.6171875
29 mlp.up_proj
Quantizing ...
time 1.65
error 531150.125
29 mlp.gate_proj
Quantizing ...
time 1.37
error 548495.625
29 mlp.down_proj
Quantizing ...
time 4.58
error 317956.9375
30 self_attn.k_proj
Quantizing ...
time 1.66
error 307599.8125
30 self_attn.v_proj
Quantizing ...
time 1.31
error 280790.625
30 self_attn.q_proj
Quantizing ...
time 1.31
error 399376.8125
30 self_attn.o_proj
Quantizing ...
time 1.56
error 40557.05859375
30 mlp.up_proj
Quantizing ...
time 1.65
error 541043.3125
30 mlp.gate_proj
Quantizing ...
time 1.31
error 552313.5
30 mlp.down_proj
Quantizing ...
time 4.56
error 504082.4375
31 self_attn.k_proj
Quantizing ...
time 1.68
error 217404.734375
31 self_attn.v_proj
Quantizing ...
time 1.33
error 149805.90625
31 self_attn.q_proj
Quantizing ...
time 1.33
error 227861.015625
31 self_attn.o_proj
Quantizing ...
time 1.62
error 23859.48046875
31 mlp.up_proj
Quantizing ...
time 1.65
error 428962.625
31 mlp.gate_proj
Quantizing ...
time 1.33
error 442660.59375
31 mlp.down_proj
Quantizing ...
time 4.65
error 885597.0
854.1009442806244
wikitext2
Evaluating ...
0
1
2
3
4
5
6
7
8
9
10
11
12
13
14
15
16
17
18
19
20
21
22
23
24
25
26
27
28
29
30
31
8.103886604309082
ptb-new
Evaluating ...
0
1
2
3
4
5
6
7
8
9
10
11
12
13
14
15
16
17
18
19
20
21
22
23
24
25
26
27
28
29
30
31
76.0644302368164
c4-new
Evaluating ...
0
1
2
3
4
5
6
7
8
9
10
11
12
13
14
15
16
17
18
19
20
21
22
23
24
25
26
27
28
29
30
31
10.349250793457031
