CUDA extension not installed.
Starting ...
Ready.
0 self_attn.k_proj
Quantizing ...
time 2.87
error 778.8344116210938
0 self_attn.v_proj
Quantizing ...
time 1.36
error 46.1004753112793
0 self_attn.q_proj
Quantizing ...
time 1.35
error 822.0364990234375
0 self_attn.o_proj
Quantizing ...
time 1.57
error 2.5283803939819336
0 mlp.up_proj
Quantizing ...
time 1.72
error 352.70574951171875
0 mlp.gate_proj
Quantizing ...
time 1.35
error 396.6498107910156
0 mlp.down_proj
Quantizing ...
time 4.71
error 12.41989517211914
1 self_attn.k_proj
Quantizing ...
time 1.69
error 2149.760498046875
1 self_attn.v_proj
Quantizing ...
time 1.32
error 180.99609375
1 self_attn.q_proj
Quantizing ...
time 1.34
error 2003.020751953125
1 self_attn.o_proj
Quantizing ...
time 1.64
error 24.154273986816406
1 mlp.up_proj
Quantizing ...
time 1.70
error 1619.033447265625
1 mlp.gate_proj
Quantizing ...
time 1.49
error 1831.58984375
1 mlp.down_proj
Quantizing ...
time 4.97
error 85.72761535644531
2 self_attn.k_proj
Quantizing ...
time 1.68
error 5893.39501953125
2 self_attn.v_proj
Quantizing ...
time 1.31
error 589.0999755859375
2 self_attn.q_proj
Quantizing ...
time 1.31
error 5397.96875
2 self_attn.o_proj
Quantizing ...
time 1.62
error 57.164031982421875
2 mlp.up_proj
Quantizing ...
time 1.65
error 4104.544921875
2 mlp.gate_proj
Quantizing ...
time 1.39
error 4960.55224609375
2 mlp.down_proj
Quantizing ...
time 4.77
error 1239.482666015625
3 self_attn.k_proj
Quantizing ...
time 1.74
error 13537.48828125
3 self_attn.v_proj
Quantizing ...
time 1.31
error 3071.09326171875
3 self_attn.q_proj
Quantizing ...
time 1.31
error 17257.90625
3 self_attn.o_proj
Quantizing ...
time 1.58
error 72.05735778808594
3 mlp.up_proj
Quantizing ...
time 1.66
error 7303.193359375
3 mlp.gate_proj
Quantizing ...
time 1.36
error 8748.2890625
3 mlp.down_proj
Quantizing ...
time 4.64
error 415.19793701171875
4 self_attn.k_proj
Quantizing ...
time 1.67
error 19134.5078125
4 self_attn.v_proj
Quantizing ...
time 1.34
error 4605.01416015625
4 self_attn.q_proj
Quantizing ...
time 1.32
error 26588.09375
4 self_attn.o_proj
Quantizing ...
time 1.58
error 188.27684020996094
4 mlp.up_proj
Quantizing ...
time 1.67
error 9954.96875
4 mlp.gate_proj
Quantizing ...
time 1.33
error 12081.5751953125
4 mlp.down_proj
Quantizing ...
time 4.65
error 692.5350952148438
5 self_attn.k_proj
Quantizing ...
time 1.68
error 26640.36328125
5 self_attn.v_proj
Quantizing ...
time 1.34
error 7886.6875
5 self_attn.q_proj
Quantizing ...
time 1.33
error 31662.96875
5 self_attn.o_proj
Quantizing ...
time 1.58
error 218.1750946044922
5 mlp.up_proj
Quantizing ...
time 1.69
error 12969.34765625
5 mlp.gate_proj
Quantizing ...
time 1.33
error 16386.544921875
5 mlp.down_proj
Quantizing ...
time 4.66
error 1044.05126953125
6 self_attn.k_proj
Quantizing ...
time 1.67
error 28016.033203125
6 self_attn.v_proj
Quantizing ...
time 1.35
error 8362.1923828125
6 self_attn.q_proj
Quantizing ...
time 1.33
error 31089.609375
6 self_attn.o_proj
Quantizing ...
time 1.58
error 388.3559265136719
6 mlp.up_proj
Quantizing ...
time 1.71
error 15143.671875
6 mlp.gate_proj
Quantizing ...
time 1.35
error 18433.65625
6 mlp.down_proj
Quantizing ...
time 4.66
error 1376.96337890625
7 self_attn.k_proj
Quantizing ...
time 1.68
error 28680.99609375
7 self_attn.v_proj
Quantizing ...
time 1.36
error 9513.3984375
7 self_attn.q_proj
Quantizing ...
time 1.32
error 31357.912109375
7 self_attn.o_proj
Quantizing ...
time 1.67
error 557.7777099609375
7 mlp.up_proj
Quantizing ...
time 1.68
error 16978.57421875
7 mlp.gate_proj
Quantizing ...
time 1.34
error 20053.9140625
7 mlp.down_proj
Quantizing ...
time 4.75
error 1729.72021484375
8 self_attn.k_proj
Quantizing ...
time 1.68
error 31865.853515625
8 self_attn.v_proj
Quantizing ...
time 1.32
error 11004.599609375
8 self_attn.q_proj
Quantizing ...
time 1.35
error 33871.1328125
8 self_attn.o_proj
Quantizing ...
time 1.61
error 756.2776489257812
8 mlp.up_proj
Quantizing ...
time 1.65
error 18652.423828125
8 mlp.gate_proj
Quantizing ...
time 1.35
error 21860.01953125
8 mlp.down_proj
Quantizing ...
time 4.66
error 2071.262939453125
9 self_attn.k_proj
Quantizing ...
time 1.69
error 33850.4765625
9 self_attn.v_proj
Quantizing ...
time 1.33
error 12504.310546875
9 self_attn.q_proj
Quantizing ...
time 1.33
error 35878.796875
9 self_attn.o_proj
Quantizing ...
time 1.59
error 885.0860595703125
9 mlp.up_proj
Quantizing ...
time 1.69
error 20391.619140625
9 mlp.gate_proj
Quantizing ...
time 1.35
error 22743.05078125
9 mlp.down_proj
Quantizing ...
time 4.67
error 2522.0537109375
10 self_attn.k_proj
Quantizing ...
time 1.79
error 37421.7109375
10 self_attn.v_proj
Quantizing ...
time 1.33
error 14365.4462890625
10 self_attn.q_proj
Quantizing ...
time 1.33
error 38207.890625
10 self_attn.o_proj
Quantizing ...
time 1.58
error 1313.25146484375
10 mlp.up_proj
Quantizing ...
time 1.66
error 22831.796875
10 mlp.gate_proj
Quantizing ...
time 1.36
error 24526.76171875
10 mlp.down_proj
Quantizing ...
time 4.77
error 3085.40185546875
11 self_attn.k_proj
Quantizing ...
time 1.83
error 34482.6171875
11 self_attn.v_proj
Quantizing ...
time 1.32
error 13671.6533203125
11 self_attn.q_proj
Quantizing ...
time 1.32
error 34695.55859375
11 self_attn.o_proj
Quantizing ...
time 1.57
error 1948.462158203125
11 mlp.up_proj
Quantizing ...
time 1.66
error 24485.58984375
11 mlp.gate_proj
Quantizing ...
time 1.34
error 25797.4140625
11 mlp.down_proj
Quantizing ...
time 4.69
error 3835.41259765625
12 self_attn.k_proj
Quantizing ...
time 1.73
error 42447.1328125
12 self_attn.v_proj
Quantizing ...
time 1.32
error 17449.8359375
12 self_attn.q_proj
Quantizing ...
time 1.31
error 42318.91015625
12 self_attn.o_proj
Quantizing ...
time 1.57
error 1966.94140625
12 mlp.up_proj
Quantizing ...
time 1.68
error 28330.8359375
12 mlp.gate_proj
Quantizing ...
time 1.34
error 30107.375
12 mlp.down_proj
Quantizing ...
time 4.66
error 4700.3125
13 self_attn.k_proj
Quantizing ...
time 1.68
error 45127.4921875
13 self_attn.v_proj
Quantizing ...
time 1.32
error 21199.21875
13 self_attn.q_proj
Quantizing ...
time 1.38
error 46223.078125
13 self_attn.o_proj
Quantizing ...
time 1.64
error 2043.53662109375
13 mlp.up_proj
Quantizing ...
time 1.75
error 31566.962890625
13 mlp.gate_proj
Quantizing ...
time 1.34
error 32329.1640625
13 mlp.down_proj
Quantizing ...
time 4.66
error 5566.04833984375
14 self_attn.k_proj
Quantizing ...
time 1.71
error 44607.6796875
14 self_attn.v_proj
Quantizing ...
time 1.31
error 21243.51953125
14 self_attn.q_proj
Quantizing ...
time 1.32
error 46435.109375
14 self_attn.o_proj
Quantizing ...
time 1.57
error 2231.13623046875
14 mlp.up_proj
Quantizing ...
time 1.66
error 35285.75
14 mlp.gate_proj
Quantizing ...
time 1.33
error 35859.359375
14 mlp.down_proj
Quantizing ...
time 4.64
error 6757.1005859375
15 self_attn.k_proj
Quantizing ...
time 1.67
error 46421.85546875
15 self_attn.v_proj
Quantizing ...
time 1.33
error 21171.5546875
15 self_attn.q_proj
Quantizing ...
time 1.31
error 46304.21875
15 self_attn.o_proj
Quantizing ...
time 1.57
error 2809.4775390625
15 mlp.up_proj
Quantizing ...
time 1.83
error 37827.484375
15 mlp.gate_proj
Quantizing ...
time 1.36
error 38653.55859375
15 mlp.down_proj
Quantizing ...
time 4.68
error 8404.583984375
16 self_attn.k_proj
Quantizing ...
time 1.67
error 45001.16015625
16 self_attn.v_proj
Quantizing ...
time 1.33
error 23845.78125
16 self_attn.q_proj
Quantizing ...
time 1.32
error 46460.29296875
16 self_attn.o_proj
Quantizing ...
time 1.59
error 2621.220947265625
16 mlp.up_proj
Quantizing ...
time 1.65
error 42711.9765625
16 mlp.gate_proj
Quantizing ...
time 1.34
error 44423.67578125
16 mlp.down_proj
Quantizing ...
time 4.68
error 11328.5224609375
17 self_attn.k_proj
Quantizing ...
time 1.73
error 48614.55859375
17 self_attn.v_proj
Quantizing ...
time 1.32
error 27002.64453125
17 self_attn.q_proj
Quantizing ...
time 1.32
error 49710.5078125
17 self_attn.o_proj
Quantizing ...
time 1.64
error 3505.53466796875
17 mlp.up_proj
Quantizing ...
time 1.69
error 47738.71875
17 mlp.gate_proj
Quantizing ...
time 1.33
error 49521.72265625
17 mlp.down_proj
Quantizing ...
time 4.76
error 14141.4130859375
18 self_attn.k_proj
Quantizing ...
time 1.69
error 49728.078125
18 self_attn.v_proj
Quantizing ...
time 1.33
error 28180.33203125
18 self_attn.q_proj
Quantizing ...
time 1.33
error 52728.05078125
18 self_attn.o_proj
Quantizing ...
time 1.59
error 3816.11572265625
18 mlp.up_proj
Quantizing ...
time 1.67
error 53303.96875
18 mlp.gate_proj
Quantizing ...
time 1.36
error 56603.41796875
18 mlp.down_proj
Quantizing ...
time 4.71
error 16663.04296875
19 self_attn.k_proj
Quantizing ...
time 1.70
error 47658.56640625
19 self_attn.v_proj
Quantizing ...
time 1.32
error 30509.142578125
19 self_attn.q_proj
Quantizing ...
time 1.32
error 52302.3203125
19 self_attn.o_proj
Quantizing ...
time 1.58
error 3767.9580078125
19 mlp.up_proj
Quantizing ...
time 1.66
error 57456.30859375
19 mlp.gate_proj
Quantizing ...
time 1.35
error 62021.7578125
19 mlp.down_proj
Quantizing ...
time 4.68
error 19424.3984375
20 self_attn.k_proj
Quantizing ...
time 1.68
error 52594.390625
20 self_attn.v_proj
Quantizing ...
time 1.33
error 34910.5703125
20 self_attn.q_proj
Quantizing ...
time 1.33
error 58680.7890625
20 self_attn.o_proj
Quantizing ...
time 1.59
error 4743.4833984375
20 mlp.up_proj
Quantizing ...
time 1.68
error 62245.3671875
20 mlp.gate_proj
Quantizing ...
time 1.35
error 67769.0625
20 mlp.down_proj
Quantizing ...
time 4.69
error 23257.974609375
21 self_attn.k_proj
Quantizing ...
time 1.70
error 52918.140625
21 self_attn.v_proj
Quantizing ...
time 1.41
error 36582.4296875
21 self_attn.q_proj
Quantizing ...
time 1.44
error 58547.3125
21 self_attn.o_proj
Quantizing ...
time 1.67
error 4272.38330078125
21 mlp.up_proj
Quantizing ...
time 1.75
error 67124.25
21 mlp.gate_proj
Quantizing ...
time 1.42
error 73886.578125
21 mlp.down_proj
Quantizing ...
time 4.74
error 25744.01171875
22 self_attn.k_proj
Quantizing ...
time 1.69
error 56677.4375
22 self_attn.v_proj
Quantizing ...
time 1.32
error 38721.453125
22 self_attn.q_proj
Quantizing ...
time 1.32
error 65940.796875
22 self_attn.o_proj
Quantizing ...
time 1.58
error 3060.3291015625
22 mlp.up_proj
Quantizing ...
time 1.66
error 73177.828125
22 mlp.gate_proj
Quantizing ...
time 1.34
error 79924.3984375
22 mlp.down_proj
Quantizing ...
time 4.67
error 28018.890625
23 self_attn.k_proj
Quantizing ...
time 1.68
error 57892.21875
23 self_attn.v_proj
Quantizing ...
time 1.37
error 43574.265625
23 self_attn.q_proj
Quantizing ...
time 1.33
error 65352.1328125
23 self_attn.o_proj
Quantizing ...
time 1.59
error 4532.35205078125
23 mlp.up_proj
Quantizing ...
time 1.67
error 77373.0546875
23 mlp.gate_proj
Quantizing ...
time 1.35
error 84626.046875
23 mlp.down_proj
Quantizing ...
time 4.68
error 30461.9296875
24 self_attn.k_proj
Quantizing ...
time 1.75
error 63435.890625
24 self_attn.v_proj
Quantizing ...
time 1.31
error 48261.171875
24 self_attn.q_proj
Quantizing ...
time 1.32
error 72618.9296875
24 self_attn.o_proj
Quantizing ...
time 1.67
error 4463.859375
24 mlp.up_proj
Quantizing ...
time 1.66
error 83360.1484375
24 mlp.gate_proj
Quantizing ...
time 1.35
error 90289.03125
24 mlp.down_proj
Quantizing ...
time 4.66
error 32973.83984375
25 self_attn.k_proj
Quantizing ...
time 1.68
error 67790.75
25 self_attn.v_proj
Quantizing ...
time 1.34
error 51439.33203125
25 self_attn.q_proj
Quantizing ...
time 1.39
error 79152.640625
25 self_attn.o_proj
Quantizing ...
time 1.59
error 5702.64404296875
25 mlp.up_proj
Quantizing ...
time 1.64
error 88954.328125
25 mlp.gate_proj
Quantizing ...
time 1.33
error 96008.9375
25 mlp.down_proj
Quantizing ...
time 4.67
error 35342.3046875
26 self_attn.k_proj
Quantizing ...
time 1.68
error 72036.2109375
26 self_attn.v_proj
Quantizing ...
time 1.34
error 59626.78515625
26 self_attn.q_proj
Quantizing ...
time 1.32
error 84173.21875
26 self_attn.o_proj
Quantizing ...
time 1.70
error 4752.140625
26 mlp.up_proj
Quantizing ...
time 1.67
error 96043.7890625
26 mlp.gate_proj
Quantizing ...
time 1.40
error 102018.6875
26 mlp.down_proj
Quantizing ...
time 4.80
error 38736.37890625
27 self_attn.k_proj
Quantizing ...
time 1.69
error 72563.796875
27 self_attn.v_proj
Quantizing ...
time 1.34
error 62741.453125
27 self_attn.q_proj
Quantizing ...
time 1.33
error 91488.6640625
27 self_attn.o_proj
Quantizing ...
time 1.58
error 4113.6845703125
27 mlp.up_proj
Quantizing ...
time 1.67
error 102477.9609375
27 mlp.gate_proj
Quantizing ...
time 1.36
error 107995.703125
27 mlp.down_proj
Quantizing ...
time 4.82
error 42948.8984375
28 self_attn.k_proj
Quantizing ...
time 1.75
error 68277.8359375
28 self_attn.v_proj
Quantizing ...
time 1.32
error 59655.7890625
28 self_attn.q_proj
Quantizing ...
time 1.34
error 82740.125
28 self_attn.o_proj
Quantizing ...
time 1.62
error 7496.4404296875
28 mlp.up_proj
Quantizing ...
time 1.67
error 107593.703125
28 mlp.gate_proj
Quantizing ...
time 1.35
error 111303.0859375
28 mlp.down_proj
Quantizing ...
time 4.69
error 51040.52734375
29 self_attn.k_proj
Quantizing ...
time 1.69
error 67852.984375
29 self_attn.v_proj
Quantizing ...
time 1.34
error 66035.75
29 self_attn.q_proj
Quantizing ...
time 1.34
error 85687.1953125
29 self_attn.o_proj
Quantizing ...
time 1.59
error 7651.0166015625
29 mlp.up_proj
Quantizing ...
time 1.67
error 111466.640625
29 mlp.gate_proj
Quantizing ...
time 1.38
error 115254.5625
29 mlp.down_proj
Quantizing ...
time 4.70
error 64551.7265625
30 self_attn.k_proj
Quantizing ...
time 1.69
error 64718.4296875
30 self_attn.v_proj
Quantizing ...
time 1.38
error 58664.3125
30 self_attn.q_proj
Quantizing ...
time 1.33
error 85906.5625
30 self_attn.o_proj
Quantizing ...
time 1.59
error 9587.044921875
30 mlp.up_proj
Quantizing ...
time 1.67
error 112348.78125
30 mlp.gate_proj
Quantizing ...
time 1.35
error 114631.640625
30 mlp.down_proj
Quantizing ...
time 4.68
error 101308.390625
31 self_attn.k_proj
Quantizing ...
time 1.69
error 45363.5078125
31 self_attn.v_proj
Quantizing ...
time 1.34
error 31159.978515625
31 self_attn.q_proj
Quantizing ...
time 1.42
error 47645.00390625
31 self_attn.o_proj
Quantizing ...
time 1.58
error 6935.814453125
31 mlp.up_proj
Quantizing ...
time 1.69
error 94704.28125
31 mlp.gate_proj
Quantizing ...
time 1.34
error 97492.21875
31 mlp.down_proj
Quantizing ...
time 4.73
error 214720.09375
855.4322962760925
wikitext2
Evaluating ...
0
1
2
3
4
5
6
7
8
9
10
11
12
13
14
15
16
17
18
19
20
21
22
23
24
25
26
27
28
29
30
31
6.198023319244385
ptb-new
Evaluating ...
0
1
2
3
4
5
6
7
8
9
10
11
12
13
14
15
16
17
18
19
20
21
22
23
24
25
26
27
28
29
30
31
46.57590103149414
c4-new
Evaluating ...
0
1
2
3
4
5
6
7
8
9
10
11
12
13
14
15
16
17
18
19
20
21
22
23
24
25
26
27
28
29
30
31
7.79257345199585
