CUDA kernel extension is not installed.
Number of available GPUs: 4
GPU device 0: NVIDIA A100-PCIE-40GB
GPU device 1: NVIDIA A100-PCIE-40GB
GPU device 2: NVIDIA A100-PCIE-40GB
GPU device 3: NVIDIA A100-PCIE-40GB
CPU Usage: 0.0%
Total Memory: 272808083456 bytes
Used Memory: 37686542336 bytes
Free Memory: 206086340608 bytes
Memory Usage: 24.5%
Selected Tasks: ['piqa']
OPT vocab size:  50265
CPU Usage: 0.5%
Total Memory: 272808083456 bytes
Used Memory: 39756431360 bytes
Free Memory: 203714461696 bytes
Memory Usage: 25.3%
Loading /home/dallgdaxrjxylhlsktzu/dlcs-share33/gaohaotian/temp_model/opt-66b checkpoint /home/dallgdaxrjxylhlsktzu/dlcs-share33/gaohaotian/model_output/ours/opt/66b4bit.pth ....
Done.
get_task_dict
Running loglikelihood requests
Evaluating ...
CPU Usage: 0.1%
Total Memory: 272808083456 bytes
Used Memory: 181247606784 bytes
Free Memory: 62098898944 bytes
Memory Usage: 77.2%
CPU Usage: 0.0%
Total Memory: 272808083456 bytes
Used Memory: 181248393216 bytes
Free Memory: 62098112512 bytes
Memory Usage: 77.2%
{
  "results": {
    "piqa": {
      "acc": 0.7883569096844396,
      "acc_stderr": 0.0095303512704794,
      "acc_norm": 0.7992383025027203,
      "acc_norm_stderr": 0.009345961674823405
    }
  },
  "versions": {
    "piqa": 0
  },
  "config": {
    "model": "/home/dallgdaxrjxylhlsktzu/dlcs-share33/gaohaotian/temp_model/opt-66b/home/dallgdaxrjxylhlsktzu/dlcs-share33/gaohaotian/model_output/ours/opt/66b4bit.pth",
    "batch_size": 8,
    "no_cache": true,
    "bootstrap_iters": 100000
  }
}
total time : 500.48343801498413
/home/dallgdaxrjxylhlsktzu/dlcs-share33/gaohaotian/model_output/ours/opt/66b4bit.pth batch_size: 8
|Task|Version| Metric |  Value   |   |  Stderr  |
|----|------:|--------|---------:|---|---------:|
|piqa|      0|acc     |0.78835691|±  |0.00953035|
|    |       |acc_norm|0.79923830|±  |0.00934596|

