CUDA kernel extension is not installed.
Number of available GPUs: 2
GPU device 0: NVIDIA A100-PCIE-40GB
GPU device 1: NVIDIA A100-PCIE-40GB
CPU Usage: 0.0%
Total Memory: 272808017920 bytes
Used Memory: 35360866304 bytes
Free Memory: 210598363136 bytes
Memory Usage: 22.8%
Selected Tasks: ['piqa']
OPT vocab size:  50265
CPU Usage: 0.4%
Total Memory: 272808017920 bytes
Used Memory: 48840179712 bytes
Free Memory: 197118590976 bytes
Memory Usage: 27.7%
Loading /home/dallgdaxrjxylhlsktzu/dlcs-share33/gaohaotian/temp_model/opt-6.7b checkpoint /home/dallgdaxrjxylhlsktzu/dlcs-share33/gaohaotian/model_output/ours/opt/6_7b4bit.pth ....
Done.
get_task_dict
Running loglikelihood requests
Evaluating ...
CPU Usage: 0.1%
Total Memory: 272808017920 bytes
Used Memory: 54372532224 bytes
Free Memory: 191341199360 bytes
Memory Usage: 29.9%
CPU Usage: 0.1%
Total Memory: 272808017920 bytes
Used Memory: 54369976320 bytes
Free Memory: 191343755264 bytes
Memory Usage: 29.9%
{
  "results": {
    "piqa": {
      "acc": 0.7633297062023939,
      "acc_stderr": 0.009916841655042804,
      "acc_norm": 0.7622415669205659,
      "acc_norm_stderr": 0.009932525779525492
    }
  },
  "versions": {
    "piqa": 0
  },
  "config": {
    "model": "/home/dallgdaxrjxylhlsktzu/dlcs-share33/gaohaotian/temp_model/opt-6.7b/home/dallgdaxrjxylhlsktzu/dlcs-share33/gaohaotian/model_output/ours/opt/6_7b4bit.pth",
    "batch_size": 8,
    "no_cache": true,
    "bootstrap_iters": 100000
  }
}
total time : 105.04446721076965
/home/dallgdaxrjxylhlsktzu/dlcs-share33/gaohaotian/model_output/ours/opt/6_7b4bit.pth batch_size: 8
|Task|Version| Metric |  Value   |   |  Stderr  |
|----|------:|--------|---------:|---|---------:|
|piqa|      0|acc     |0.76332971|±  |0.00991684|
|    |       |acc_norm|0.76224157|±  |0.00993253|

