CUDA extension not installed.
model over
data over
Starting ...
Ready.
layers[0].self_attn.k_proj
time 4.81
========================================
time111111
6.716161727905273
layers[0].self_attn.v_proj
time 3.97
========================================
time111111
4.518470525741577
layers[0].self_attn.q_proj
time 4.04
========================================
time111111
4.629901647567749
layers[0].self_attn.o_proj
time 3.85
========================================
time111111
5.350772857666016
layers[0].mlp.up_proj
time 4.59
========================================
time111111
6.3091139793396
layers[0].mlp.gate_proj
time 4.49
========================================
time111111
6.351226806640625
layers[0].mlp.down_proj
time 10.64
========================================
time111111
17.761564254760742
layers[1].self_attn.k_proj
time 4.04
========================================
time111111
4.442910432815552
layers[1].self_attn.v_proj
time 4.31
========================================
time111111
4.83374547958374
layers[1].self_attn.q_proj
time 3.99
========================================
time111111
4.587201356887817
layers[1].self_attn.o_proj
time 3.63
========================================
time111111
5.114131927490234
layers[1].mlp.up_proj
time 4.44
========================================
time111111
6.144646644592285
layers[1].mlp.gate_proj
time 4.46
========================================
time111111
6.300375699996948
layers[1].mlp.down_proj
time 10.73
========================================
time111111
17.866243362426758
layers[2].self_attn.k_proj
time 4.06
========================================
time111111
4.46740984916687
layers[2].self_attn.v_proj
time 4.06
========================================
time111111
4.586856365203857
layers[2].self_attn.q_proj
time 3.90
========================================
time111111
4.476857423782349
layers[2].self_attn.o_proj
time 3.82
========================================
time111111
5.312767505645752
layers[2].mlp.up_proj
time 4.50
========================================
time111111
6.1905717849731445
layers[2].mlp.gate_proj
time 4.49
========================================
time111111
6.356274843215942
layers[2].mlp.down_proj
time 10.66
========================================
time111111
17.76609468460083
layers[3].self_attn.k_proj
time 4.10
========================================
time111111
4.506300687789917
layers[3].self_attn.v_proj
time 4.02
========================================
time111111
4.551488161087036
layers[3].self_attn.q_proj
time 3.84
========================================
time111111
4.413228273391724
layers[3].self_attn.o_proj
time 3.81
========================================
time111111
5.29833722114563
layers[3].mlp.up_proj
time 4.51
========================================
time111111
6.226510286331177
layers[3].mlp.gate_proj
time 4.51
========================================
time111111
6.377315044403076
layers[3].mlp.down_proj
time 10.49
========================================
time111111
17.611550331115723
layers[4].self_attn.k_proj
time 3.90
========================================
time111111
4.305298566818237
layers[4].self_attn.v_proj
time 3.90
========================================
time111111
4.434468030929565
layers[4].self_attn.q_proj
time 3.95
========================================
time111111
4.561375617980957
layers[4].self_attn.o_proj
time 3.77
========================================
time111111
5.25954008102417
layers[4].mlp.up_proj
time 4.54
========================================
time111111
6.239511966705322
layers[4].mlp.gate_proj
time 4.65
========================================
time111111
6.529615640640259
layers[4].mlp.down_proj
time 10.51
========================================
time111111
17.664361000061035
layers[5].self_attn.k_proj
time 3.93
========================================
time111111
4.335030555725098
layers[5].self_attn.v_proj
time 3.96
========================================
time111111
4.489773750305176
layers[5].self_attn.q_proj
time 3.86
========================================
time111111
4.444788455963135
layers[5].self_attn.o_proj
time 3.71
========================================
time111111
5.205524444580078
layers[5].mlp.up_proj
time 4.47
========================================
time111111
6.156912088394165
layers[5].mlp.gate_proj
time 4.58
========================================
time111111
6.450058937072754
layers[5].mlp.down_proj
time 10.73
========================================
time111111
17.871622323989868
layers[6].self_attn.k_proj
time 3.92
========================================
time111111
4.324569463729858
layers[6].self_attn.v_proj
time 3.86
========================================
time111111
4.389788389205933
layers[6].self_attn.q_proj
time 3.98
========================================
time111111
4.545650482177734
layers[6].self_attn.o_proj
time 3.78
========================================
time111111
5.292030096054077
layers[6].mlp.up_proj
time 4.47
========================================
time111111
6.156784534454346
layers[6].mlp.gate_proj
time 4.40
========================================
time111111
6.265607118606567
layers[6].mlp.down_proj
time 10.64
========================================
time111111
17.773682117462158
layers[7].self_attn.k_proj
time 3.91
========================================
time111111
4.31186580657959
layers[7].self_attn.v_proj
time 3.83
========================================
time111111
4.342057943344116
layers[7].self_attn.q_proj
time 3.86
========================================
time111111
4.468567609786987
layers[7].self_attn.o_proj
time 3.81
========================================
time111111
5.314774751663208
layers[7].mlp.up_proj
time 4.42
========================================
time111111
6.095671892166138
layers[7].mlp.gate_proj
time 4.50
========================================
time111111
6.373644828796387
layers[7].mlp.down_proj
time 10.50
========================================
time111111
17.615733861923218
layers[8].self_attn.k_proj
time 4.00
========================================
time111111
4.407305955886841
layers[8].self_attn.v_proj
time 3.96
========================================
time111111
4.4720237255096436
layers[8].self_attn.q_proj
time 3.95
========================================
time111111
4.521430015563965
layers[8].self_attn.o_proj
time 3.62
========================================
time111111
5.136050701141357
layers[8].mlp.up_proj
time 4.37
========================================
time111111
6.04547381401062
layers[8].mlp.gate_proj
time 4.57
========================================
time111111
6.405965089797974
layers[8].mlp.down_proj
time 10.70
========================================
time111111
17.81999444961548
layers[9].self_attn.k_proj
time 3.81
========================================
time111111
4.2085795402526855
layers[9].self_attn.v_proj
time 3.98
========================================
time111111
4.4878551959991455
layers[9].self_attn.q_proj
time 3.82
========================================
time111111
4.409685850143433
layers[9].self_attn.o_proj
time 3.79
========================================
time111111
5.2802348136901855
layers[9].mlp.up_proj
time 4.54
========================================
time111111
6.251749515533447
layers[9].mlp.gate_proj
time 4.52
========================================
time111111
6.387165784835815
layers[9].mlp.down_proj
time 10.71
========================================
time111111
17.83770990371704
layers[10].self_attn.k_proj
time 3.93
========================================
time111111
4.338011741638184
layers[10].self_attn.v_proj
time 3.96
========================================
time111111
4.476295232772827
layers[10].self_attn.q_proj
time 4.01
========================================
time111111
4.619615077972412
layers[10].self_attn.o_proj
time 3.54
========================================
time111111
5.0685224533081055
layers[10].mlp.up_proj
time 4.48
========================================
time111111
6.174463987350464
layers[10].mlp.gate_proj
time 4.53
========================================
time111111
6.391366720199585
layers[10].mlp.down_proj
time 10.64
========================================
time111111
17.760658264160156
layers[11].self_attn.k_proj
time 3.91
========================================
time111111
4.31727933883667
layers[11].self_attn.v_proj
time 3.88
========================================
time111111
4.389449119567871
layers[11].self_attn.q_proj
time 3.93
========================================
time111111
4.509733438491821
layers[11].self_attn.o_proj
time 3.68
========================================
time111111
5.197957277297974
layers[11].mlp.up_proj
time 4.55
========================================
time111111
6.24652099609375
layers[11].mlp.gate_proj
time 4.49
========================================
time111111
6.36156439781189
layers[11].mlp.down_proj
time 10.56
========================================
time111111
17.6824471950531
layers[12].self_attn.k_proj
time 3.97
========================================
time111111
4.369268178939819
layers[12].self_attn.v_proj
time 3.92
========================================
time111111
4.451704740524292
layers[12].self_attn.q_proj
time 3.88
========================================
time111111
4.476690769195557
layers[12].self_attn.o_proj
time 3.85
========================================
time111111
5.3466551303863525
layers[12].mlp.up_proj
time 4.42
========================================
time111111
6.135760068893433
layers[12].mlp.gate_proj
time 4.62
========================================
time111111
6.462752819061279
layers[12].mlp.down_proj
time 10.38
========================================
time111111
17.49754548072815
layers[13].self_attn.k_proj
time 3.95
========================================
time111111
4.353947162628174
layers[13].self_attn.v_proj
time 3.79
========================================
time111111
4.295472145080566
layers[13].self_attn.q_proj
time 3.68
========================================
time111111
4.269232273101807
layers[13].self_attn.o_proj
time 3.62
========================================
time111111
5.129051923751831
layers[13].mlp.up_proj
time 4.53
========================================
time111111
6.209685564041138
layers[13].mlp.gate_proj
time 4.57
========================================
time111111
6.417590141296387
layers[13].mlp.down_proj
time 10.54
========================================
time111111
17.67290496826172
layers[14].self_attn.k_proj
time 4.02
========================================
time111111
4.427070379257202
layers[14].self_attn.v_proj
time 3.90
========================================
time111111
4.398029565811157
layers[14].self_attn.q_proj
time 3.86
========================================
time111111
4.440597772598267
layers[14].self_attn.o_proj
time 3.84
========================================
time111111
5.340191602706909
layers[14].mlp.up_proj
time 4.45
========================================
time111111
6.157908201217651
layers[14].mlp.gate_proj
time 4.47
========================================
time111111
6.309248208999634
layers[14].mlp.down_proj
time 10.40
========================================
time111111
17.538169145584106
layers[15].self_attn.k_proj
time 3.97
========================================
time111111
4.374167203903198
layers[15].self_attn.v_proj
time 3.93
========================================
time111111
4.447469472885132
layers[15].self_attn.q_proj
time 3.91
========================================
time111111
4.4905524253845215
layers[15].self_attn.o_proj
time 3.61
========================================
time111111
5.1013548374176025
layers[15].mlp.up_proj
time 4.53
========================================
time111111
6.226675748825073
layers[15].mlp.gate_proj
time 4.41
========================================
time111111
6.278054237365723
layers[15].mlp.down_proj
time 10.39
========================================
time111111
17.51219391822815
layers[16].self_attn.k_proj
time 3.96
========================================
time111111
4.362979412078857
layers[16].self_attn.v_proj
time 3.67
========================================
time111111
4.182937860488892
layers[16].self_attn.q_proj
time 3.90
========================================
time111111
4.486881732940674
layers[16].self_attn.o_proj
time 3.80
========================================
time111111
5.296200513839722
layers[16].mlp.up_proj
time 4.44
========================================
time111111
6.1457014083862305
layers[16].mlp.gate_proj
time 4.53
========================================
time111111
6.375403642654419
layers[16].mlp.down_proj
time 10.24
========================================
time111111
17.375595092773438
layers[17].self_attn.k_proj
time 4.01
========================================
time111111
4.416076183319092
layers[17].self_attn.v_proj
time 3.81
========================================
time111111
4.328959941864014
layers[17].self_attn.q_proj
time 3.92
========================================
time111111
4.511770248413086
layers[17].self_attn.o_proj
time 3.72
========================================
time111111
5.227917909622192
layers[17].mlp.up_proj
time 4.52
========================================
time111111
6.217005252838135
layers[17].mlp.gate_proj
time 4.49
========================================
time111111
6.353374004364014
layers[17].mlp.down_proj
time 10.37
========================================
time111111
17.48495101928711
layers[18].self_attn.k_proj
time 4.03
========================================
time111111
4.435816526412964
layers[18].self_attn.v_proj
time 3.85
========================================
time111111
4.368549108505249
layers[18].self_attn.q_proj
time 3.96
========================================
time111111
4.569077253341675
layers[18].self_attn.o_proj
time 3.52
========================================
time111111
5.01114821434021
layers[18].mlp.up_proj
time 4.53
========================================
time111111
6.205554485321045
layers[18].mlp.gate_proj
time 4.47
========================================
time111111
6.324812173843384
layers[18].mlp.down_proj
time 10.41
========================================
time111111
17.532556533813477
layers[19].self_attn.k_proj
time 3.81
========================================
time111111
4.213119029998779
layers[19].self_attn.v_proj
time 3.90
========================================
time111111
4.39196515083313
layers[19].self_attn.q_proj
time 3.94
========================================
time111111
4.520921230316162
layers[19].self_attn.o_proj
time 3.74
========================================
time111111
5.254673719406128
layers[19].mlp.up_proj
time 4.49
========================================
time111111
6.200579643249512
layers[19].mlp.gate_proj
time 4.50
========================================
time111111
6.360041856765747
layers[19].mlp.down_proj
time 10.30
========================================
time111111
17.42477297782898
layers[20].self_attn.k_proj
time 3.96
========================================
time111111
4.365552663803101
layers[20].self_attn.v_proj
time 3.97
========================================
time111111
4.497726202011108
layers[20].self_attn.q_proj
time 4.05
========================================
time111111
4.630309581756592
layers[20].self_attn.o_proj
time 3.78
========================================
time111111
5.274734973907471
layers[20].mlp.up_proj
time 4.38
========================================
time111111
6.066711902618408
layers[20].mlp.gate_proj
time 4.57
========================================
time111111
6.431607007980347
layers[20].mlp.down_proj
time 10.41
========================================
time111111
17.53541874885559
layers[21].self_attn.k_proj
time 4.04
========================================
time111111
4.44519829750061
layers[21].self_attn.v_proj
time 3.97
========================================
time111111
4.51018762588501
layers[21].self_attn.q_proj
time 3.83
========================================
time111111
4.4233667850494385
layers[21].self_attn.o_proj
time 3.76
========================================
time111111
5.2666308879852295
layers[21].mlp.up_proj
time 4.48
========================================
time111111
6.164705514907837
layers[21].mlp.gate_proj
time 4.36
========================================
time111111
6.220729112625122
layers[21].mlp.down_proj
time 10.72
========================================
time111111
17.850324153900146
layers[22].self_attn.k_proj
time 3.86
========================================
time111111
4.267440557479858
layers[22].self_attn.v_proj
time 4.05
========================================
time111111
4.548733711242676
layers[22].self_attn.q_proj
time 3.80
========================================
time111111
4.405633211135864
layers[22].self_attn.o_proj
time 3.82
========================================
time111111
5.3321452140808105
layers[22].mlp.up_proj
time 4.47
========================================
time111111
6.161022901535034
layers[22].mlp.gate_proj
time 4.52
========================================
time111111
6.384929418563843
layers[22].mlp.down_proj
time 10.67
========================================
time111111
17.8071391582489
layers[23].self_attn.k_proj
time 4.04
========================================
time111111
4.447805881500244
layers[23].self_attn.v_proj
time 3.95
========================================
time111111
4.480806827545166
layers[23].self_attn.q_proj
time 3.82
========================================
time111111
4.401129484176636
layers[23].self_attn.o_proj
time 3.80
========================================
time111111
5.303114891052246
layers[23].mlp.up_proj
time 4.44
========================================
time111111
6.113896608352661
layers[23].mlp.gate_proj
time 4.50
========================================
time111111
6.3654844760894775
layers[23].mlp.down_proj
time 10.70
========================================
time111111
17.815244913101196
layers[24].self_attn.k_proj
time 3.83
========================================
time111111
4.230979681015015
layers[24].self_attn.v_proj
time 3.96
========================================
time111111
4.475696325302124
layers[24].self_attn.q_proj
time 4.08
========================================
time111111
4.664426803588867
layers[24].self_attn.o_proj
time 3.59
========================================
time111111
5.074756622314453
layers[24].mlp.up_proj
time 4.43
========================================
time111111
6.128612995147705
layers[24].mlp.gate_proj
time 4.30
========================================
time111111
6.153061628341675
layers[24].mlp.down_proj
time 10.64
========================================
time111111
17.758955478668213
layers[25].self_attn.k_proj
time 3.90
========================================
time111111
4.344842433929443
layers[25].self_attn.v_proj
time 3.89
========================================
time111111
4.384766578674316
layers[25].self_attn.q_proj
time 3.83
========================================
time111111
4.408604145050049
layers[25].self_attn.o_proj
time 3.66
========================================
time111111
5.156949281692505
layers[25].mlp.up_proj
time 4.35
========================================
time111111
6.05820631980896
layers[25].mlp.gate_proj
time 4.38
========================================
time111111
6.233890056610107
layers[25].mlp.down_proj
time 10.50
========================================
time111111
17.63763189315796
layers[26].self_attn.k_proj
time 3.89
========================================
time111111
4.297918081283569
layers[26].self_attn.v_proj
time 3.87
========================================
time111111
4.360790967941284
layers[26].self_attn.q_proj
time 3.81
========================================
time111111
4.40081524848938
layers[26].self_attn.o_proj
time 3.99
========================================
time111111
5.489881277084351
layers[26].mlp.up_proj
time 4.47
========================================
time111111
6.153019905090332
layers[26].mlp.gate_proj
time 4.56
========================================
time111111
6.4246015548706055
layers[26].mlp.down_proj
time 10.77
========================================
time111111
17.918057918548584
layers[27].self_attn.k_proj
time 4.08
========================================
time111111
4.48335075378418
layers[27].self_attn.v_proj
time 3.98
========================================
time111111
4.517784118652344
layers[27].self_attn.q_proj
time 3.92
========================================
time111111
4.513343334197998
layers[27].self_attn.o_proj
time 3.47
========================================
time111111
4.9589128494262695
layers[27].mlp.up_proj
time 4.40
========================================
time111111
6.0873003005981445
layers[27].mlp.gate_proj
time 4.23
========================================
time111111
6.0680296421051025
layers[27].mlp.down_proj
time 10.75
========================================
time111111
17.856853485107422
layers[28].self_attn.k_proj
time 3.95
========================================
time111111
4.35263466835022
layers[28].self_attn.v_proj
time 3.98
========================================
time111111
4.521087884902954
layers[28].self_attn.q_proj
time 4.05
========================================
time111111
4.6406755447387695
layers[28].self_attn.o_proj
time 3.83
========================================
time111111
5.325984239578247
layers[28].mlp.up_proj
time 4.59
========================================
time111111
6.307561874389648
layers[28].mlp.gate_proj
time 4.50
========================================
time111111
6.357050657272339
layers[28].mlp.down_proj
time 10.51
========================================
time111111
17.651780128479004
layers[29].self_attn.k_proj
time 4.02
========================================
time111111
4.428346157073975
layers[29].self_attn.v_proj
time 4.01
========================================
time111111
4.549624681472778
layers[29].self_attn.q_proj
time 3.92
========================================
time111111
4.502019643783569
layers[29].self_attn.o_proj
time 3.77
========================================
time111111
5.275684118270874
layers[29].mlp.up_proj
time 4.52
========================================
time111111
6.226254224777222
layers[29].mlp.gate_proj
time 4.31
========================================
time111111
6.179244756698608
layers[29].mlp.down_proj
time 10.49
========================================
time111111
17.599753379821777
layers[30].self_attn.k_proj
time 4.06
========================================
time111111
4.465585470199585
layers[30].self_attn.v_proj
time 3.94
========================================
time111111
4.462994813919067
layers[30].self_attn.q_proj
time 3.86
========================================
time111111
4.446900844573975
layers[30].self_attn.o_proj
time 3.69
========================================
time111111
5.173761606216431
layers[30].mlp.up_proj
time 4.47
========================================
time111111
6.1683030128479
layers[30].mlp.gate_proj
time 4.46
========================================
time111111
6.3283631801605225
layers[30].mlp.down_proj
time 10.37
========================================
time111111
17.495012521743774
layers[31].self_attn.k_proj
time 3.88
========================================
time111111
4.286071062088013
layers[31].self_attn.v_proj
time 3.99
========================================
time111111
4.5320446491241455
layers[31].self_attn.q_proj
time 3.94
========================================
time111111
4.5251312255859375
layers[31].self_attn.o_proj
time 3.74
========================================
time111111
5.265710830688477
layers[31].mlp.up_proj
time 4.46
========================================
time111111
6.1651291847229
layers[31].mlp.gate_proj
time 4.53
========================================
time111111
6.3999738693237305
layers[31].mlp.down_proj
time 10.32
========================================
time111111
17.432219982147217
layers[32].self_attn.k_proj
time 3.81
========================================
time111111
4.211165904998779
layers[32].self_attn.v_proj
time 3.95
========================================
time111111
4.445615530014038
layers[32].self_attn.q_proj
time 4.10
========================================
time111111
4.67382025718689
layers[32].self_attn.o_proj
time 3.64
========================================
time111111
5.162726640701294
layers[32].mlp.up_proj
time 4.52
========================================
time111111
6.19771409034729
layers[32].mlp.gate_proj
time 4.40
========================================
time111111
6.256330966949463
layers[32].mlp.down_proj
time 10.58
========================================
time111111
17.702224731445312
layers[33].self_attn.k_proj
time 3.86
========================================
time111111
4.265607118606567
layers[33].self_attn.v_proj
time 3.89
========================================
time111111
4.428467273712158
layers[33].self_attn.q_proj
time 3.82
========================================
time111111
4.431027889251709
layers[33].self_attn.o_proj
time 3.83
========================================
time111111
5.343514919281006
layers[33].mlp.up_proj
time 4.64
========================================
time111111
6.318747282028198
layers[33].mlp.gate_proj
time 4.69
========================================
time111111
6.562402963638306
layers[33].mlp.down_proj
time 10.41
========================================
time111111
17.53249979019165
layers[34].self_attn.k_proj
time 4.02
========================================
time111111
4.426490545272827
layers[34].self_attn.v_proj
time 3.94
========================================
time111111
4.4721598625183105
layers[34].self_attn.q_proj
time 4.05
========================================
time111111
4.639385461807251
layers[34].self_attn.o_proj
time 3.79
========================================
time111111
5.295795917510986
layers[34].mlp.up_proj
time 4.52
========================================
time111111
6.201085567474365
layers[34].mlp.gate_proj
time 4.48
========================================
time111111
6.322109699249268
layers[34].mlp.down_proj
time 10.69
========================================
time111111
17.833098888397217
layers[35].self_attn.k_proj
time 3.88
========================================
time111111
4.286188840866089
layers[35].self_attn.v_proj
time 3.92
========================================
time111111
4.43044900894165
layers[35].self_attn.q_proj
time 4.01
========================================
time111111
4.590602874755859
layers[35].self_attn.o_proj
time 3.69
========================================
time111111
5.194511651992798
layers[35].mlp.up_proj
time 4.38
========================================
time111111
6.089937448501587
layers[35].mlp.gate_proj
time 4.55
========================================
time111111
6.402243137359619
layers[35].mlp.down_proj
time 10.70
========================================
time111111
17.836786031723022
layers[36].self_attn.k_proj
time 4.10
========================================
time111111
4.506287097930908
layers[36].self_attn.v_proj
time 3.94
========================================
time111111
4.435115575790405
layers[36].self_attn.q_proj
time 3.78
========================================
time111111
4.34281325340271
layers[36].self_attn.o_proj
time 3.78
========================================
time111111
5.285776376724243
layers[36].mlp.up_proj
time 4.78
========================================
time111111
6.470633268356323
layers[36].mlp.gate_proj
time 4.57
========================================
time111111
6.426033020019531
layers[36].mlp.down_proj
time 10.45
========================================
time111111
17.566198587417603
layers[37].self_attn.k_proj
time 3.98
========================================
time111111
4.378784656524658
layers[37].self_attn.v_proj
time 4.09
========================================
time111111
4.63054084777832
layers[37].self_attn.q_proj
time 3.85
========================================
time111111
4.46722149848938
layers[37].self_attn.o_proj
time 3.73
========================================
time111111
5.243755340576172
layers[37].mlp.up_proj
time 4.55
========================================
time111111
6.248757600784302
layers[37].mlp.gate_proj
time 4.44
========================================
time111111
6.303125381469727
layers[37].mlp.down_proj
time 10.64
========================================
time111111
17.755056619644165
layers[38].self_attn.k_proj
time 4.02
========================================
time111111
4.426844358444214
layers[38].self_attn.v_proj
time 4.03
========================================
time111111
4.550743103027344
layers[38].self_attn.q_proj
time 3.96
========================================
time111111
4.568569183349609
layers[38].self_attn.o_proj
time 3.79
========================================
time111111
5.27643084526062
layers[38].mlp.up_proj
time 4.42
========================================
time111111
6.1208038330078125
layers[38].mlp.gate_proj
time 4.70
========================================
time111111
6.550088882446289
layers[38].mlp.down_proj
time 10.56
========================================
time111111
17.69499683380127
layers[39].self_attn.k_proj
time 4.01
========================================
time111111
4.4180262088775635
layers[39].self_attn.v_proj
time 3.90
========================================
time111111
4.41674017906189
layers[39].self_attn.q_proj
time 3.83
========================================
time111111
4.427349090576172
layers[39].self_attn.o_proj
time 3.79
========================================
time111111
5.287679672241211
layers[39].mlp.up_proj
time 4.61
========================================
time111111
6.291153430938721
layers[39].mlp.gate_proj
time 4.41
========================================
time111111
6.2651262283325195
layers[39].mlp.down_proj
time 10.51
========================================
time111111
17.638508558273315
2036.5071227550507
wikitext2
Evaluating ...
0
1
2
3
4
5
6
7
8
9
10
11
12
13
14
15
16
17
18
19
20
21
22
23
24
25
26
27
28
29
30
31
32
33
34
35
36
37
38
39
7.438076972961426
ptb-new
Evaluating ...
0
1
2
3
4
5
6
7
8
9
10
11
12
13
14
15
16
17
18
19
20
21
22
23
24
25
26
27
28
29
30
31
32
33
34
35
36
37
38
39
50.929317474365234
c4-new
Evaluating ...
0
1
2
3
4
5
6
7
8
9
10
11
12
13
14
15
16
17
18
19
20
21
22
23
24
25
26
27
28
29
30
31
32
33
34
35
36
37
38
39
9.643930435180664
