CUDA extension not installed.
model over
data over
Starting ...
Ready.
layers[0].self_attn.k_proj
time 4.83
========================================
time111111
7.373501539230347
layers[0].self_attn.v_proj
time 3.86
========================================
time111111
4.377169609069824
layers[0].self_attn.q_proj
time 3.91
========================================
time111111
4.5113606452941895
layers[0].self_attn.o_proj
time 3.68
========================================
time111111
5.173261880874634
layers[0].mlp.up_proj
time 4.34
========================================
time111111
6.038166761398315
layers[0].mlp.gate_proj
time 4.51
========================================
time111111
6.371405601501465
layers[0].mlp.down_proj
time 10.84
========================================
time111111
18.012222051620483
layers[1].self_attn.k_proj
time 3.80
========================================
time111111
4.199546813964844
layers[1].self_attn.v_proj
time 3.79
========================================
time111111
4.305210590362549
layers[1].self_attn.q_proj
time 3.86
========================================
time111111
4.4268479347229
layers[1].self_attn.o_proj
time 3.75
========================================
time111111
5.2412333488464355
layers[1].mlp.up_proj
time 4.49
========================================
time111111
6.172355890274048
layers[1].mlp.gate_proj
time 4.42
========================================
time111111
6.285537004470825
layers[1].mlp.down_proj
time 10.52
========================================
time111111
17.67170214653015
layers[2].self_attn.k_proj
time 3.96
========================================
time111111
4.363550186157227
layers[2].self_attn.v_proj
time 3.76
========================================
time111111
4.279486894607544
layers[2].self_attn.q_proj
time 3.79
========================================
time111111
4.388131856918335
layers[2].self_attn.o_proj
time 3.75
========================================
time111111
5.254811763763428
layers[2].mlp.up_proj
time 4.39
========================================
time111111
6.10325813293457
layers[2].mlp.gate_proj
time 4.35
========================================
time111111
6.2138755321502686
layers[2].mlp.down_proj
time 10.56
========================================
time111111
17.72418737411499
layers[3].self_attn.k_proj
time 3.86
========================================
time111111
4.265196084976196
layers[3].self_attn.v_proj
time 3.83
========================================
time111111
4.34021782875061
layers[3].self_attn.q_proj
time 3.94
========================================
time111111
4.52825403213501
layers[3].self_attn.o_proj
time 3.85
========================================
time111111
5.359575986862183
layers[3].mlp.up_proj
time 4.41
========================================
time111111
6.1029064655303955
layers[3].mlp.gate_proj
time 4.41
========================================
time111111
6.281091690063477
layers[3].mlp.down_proj
time 10.47
========================================
time111111
17.63595986366272
layers[4].self_attn.k_proj
time 3.76
========================================
time111111
4.168893337249756
layers[4].self_attn.v_proj
time 3.85
========================================
time111111
4.375784158706665
layers[4].self_attn.q_proj
time 3.93
========================================
time111111
4.522675275802612
layers[4].self_attn.o_proj
time 3.72
========================================
time111111
5.226473808288574
layers[4].mlp.up_proj
time 4.39
========================================
time111111
6.092955112457275
layers[4].mlp.gate_proj
time 4.32
========================================
time111111
6.1623406410217285
layers[4].mlp.down_proj
time 10.48
========================================
time111111
17.633605480194092
layers[5].self_attn.k_proj
time 3.86
========================================
time111111
4.260194540023804
layers[5].self_attn.v_proj
time 3.68
========================================
time111111
4.177510499954224
layers[5].self_attn.q_proj
time 4.00
========================================
time111111
4.5766730308532715
layers[5].self_attn.o_proj
time 3.74
========================================
time111111
5.256346940994263
layers[5].mlp.up_proj
time 4.35
========================================
time111111
6.05679726600647
layers[5].mlp.gate_proj
time 4.49
========================================
time111111
6.346823692321777
layers[5].mlp.down_proj
time 10.45
========================================
time111111
17.613672971725464
layers[6].self_attn.k_proj
time 3.72
========================================
time111111
4.128689527511597
layers[6].self_attn.v_proj
time 3.76
========================================
time111111
4.268792390823364
layers[6].self_attn.q_proj
time 3.81
========================================
time111111
4.382426500320435
layers[6].self_attn.o_proj
time 3.77
========================================
time111111
5.269769906997681
layers[6].mlp.up_proj
time 4.40
========================================
time111111
6.0856242179870605
layers[6].mlp.gate_proj
time 4.53
========================================
time111111
6.383363962173462
layers[6].mlp.down_proj
time 10.63
========================================
time111111
17.786113262176514
layers[7].self_attn.k_proj
time 3.93
========================================
time111111
4.33281946182251
layers[7].self_attn.v_proj
time 3.84
========================================
time111111
4.354857444763184
layers[7].self_attn.q_proj
time 3.84
========================================
time111111
4.442212820053101
layers[7].self_attn.o_proj
time 3.74
========================================
time111111
5.262494802474976
layers[7].mlp.up_proj
time 4.41
========================================
time111111
6.113573312759399
layers[7].mlp.gate_proj
time 4.50
========================================
time111111
6.34081506729126
layers[7].mlp.down_proj
time 10.64
========================================
time111111
17.811224699020386
layers[8].self_attn.k_proj
time 3.83
========================================
time111111
4.2325286865234375
layers[8].self_attn.v_proj
time 3.86
========================================
time111111
4.380478620529175
layers[8].self_attn.q_proj
time 3.86
========================================
time111111
4.467922687530518
layers[8].self_attn.o_proj
time 3.62
========================================
time111111
5.134155988693237
layers[8].mlp.up_proj
time 4.51
========================================
time111111
6.19582462310791
layers[8].mlp.gate_proj
time 4.40
========================================
time111111
6.262421369552612
layers[8].mlp.down_proj
time 10.70
========================================
time111111
17.847643613815308
layers[9].self_attn.k_proj
time 3.93
========================================
time111111
4.336642265319824
layers[9].self_attn.v_proj
time 3.84
========================================
time111111
4.364245653152466
layers[9].self_attn.q_proj
time 3.91
========================================
time111111
4.523159980773926
layers[9].self_attn.o_proj
time 3.76
========================================
time111111
5.2621965408325195
layers[9].mlp.up_proj
time 4.45
========================================
time111111
6.132055282592773
layers[9].mlp.gate_proj
time 4.38
========================================
time111111
6.251928329467773
layers[9].mlp.down_proj
time 10.72
========================================
time111111
17.886646032333374
layers[10].self_attn.k_proj
time 3.96
========================================
time111111
4.367101669311523
layers[10].self_attn.v_proj
time 3.88
========================================
time111111
4.396974563598633
layers[10].self_attn.q_proj
time 3.96
========================================
time111111
4.531658411026001
layers[10].self_attn.o_proj
time 3.78
========================================
time111111
5.293237686157227
layers[10].mlp.up_proj
time 4.48
========================================
time111111
6.175117254257202
layers[10].mlp.gate_proj
time 4.63
========================================
time111111
6.497347354888916
layers[10].mlp.down_proj
time 10.55
========================================
time111111
17.709505319595337
layers[11].self_attn.k_proj
time 3.75
========================================
time111111
4.163485527038574
layers[11].self_attn.v_proj
time 3.81
========================================
time111111
4.322754383087158
layers[11].self_attn.q_proj
time 3.96
========================================
time111111
4.55467677116394
layers[11].self_attn.o_proj
time 3.79
========================================
time111111
5.309027671813965
layers[11].mlp.up_proj
time 4.43
========================================
time111111
6.126492261886597
layers[11].mlp.gate_proj
time 4.25
========================================
time111111
6.114808797836304
layers[11].mlp.down_proj
time 10.52
========================================
time111111
17.67375135421753
layers[12].self_attn.k_proj
time 3.85
========================================
time111111
4.254840850830078
layers[12].self_attn.v_proj
time 3.73
========================================
time111111
4.269427299499512
layers[12].self_attn.q_proj
time 3.83
========================================
time111111
4.428032398223877
layers[12].self_attn.o_proj
time 3.71
========================================
time111111
5.2220964431762695
layers[12].mlp.up_proj
time 4.38
========================================
time111111
6.082919359207153
layers[12].mlp.gate_proj
time 4.41
========================================
time111111
6.261638164520264
layers[12].mlp.down_proj
time 10.06
========================================
time111111
17.20825481414795
layers[13].self_attn.k_proj
time 3.75
========================================
time111111
4.154254198074341
layers[13].self_attn.v_proj
time 3.78
========================================
time111111
4.2873570919036865
layers[13].self_attn.q_proj
time 3.85
========================================
time111111
4.414100646972656
layers[13].self_attn.o_proj
time 3.80
========================================
time111111
5.287146806716919
layers[13].mlp.up_proj
time 4.43
========================================
time111111
6.151070833206177
layers[13].mlp.gate_proj
time 4.61
========================================
time111111
6.467422962188721
layers[13].mlp.down_proj
time 10.65
========================================
time111111
17.799033403396606
layers[14].self_attn.k_proj
time 3.79
========================================
time111111
4.197890281677246
layers[14].self_attn.v_proj
time 3.80
========================================
time111111
4.294590950012207
layers[14].self_attn.q_proj
time 3.81
========================================
time111111
4.410387754440308
layers[14].self_attn.o_proj
time 3.71
========================================
time111111
5.212369441986084
layers[14].mlp.up_proj
time 4.29
========================================
time111111
5.974556922912598
layers[14].mlp.gate_proj
time 4.54
========================================
time111111
6.39484715461731
layers[14].mlp.down_proj
time 10.45
========================================
time111111
17.612834453582764
layers[15].self_attn.k_proj
time 3.84
========================================
time111111
4.2430737018585205
layers[15].self_attn.v_proj
time 3.72
========================================
time111111
4.226127862930298
layers[15].self_attn.q_proj
time 3.81
========================================
time111111
4.388148546218872
layers[15].self_attn.o_proj
time 3.70
========================================
time111111
5.215008735656738
layers[15].mlp.up_proj
time 4.39
========================================
time111111
6.103532791137695
layers[15].mlp.gate_proj
time 4.42
========================================
time111111
6.274309873580933
layers[15].mlp.down_proj
time 10.36
========================================
time111111
17.510416746139526
layers[16].self_attn.k_proj
time 3.82
========================================
time111111
4.22400689125061
layers[16].self_attn.v_proj
time 3.98
========================================
time111111
4.505797863006592
layers[16].self_attn.q_proj
time 3.88
========================================
time111111
4.472136497497559
layers[16].self_attn.o_proj
time 3.81
========================================
time111111
5.305206775665283
layers[16].mlp.up_proj
time 4.43
========================================
time111111
6.138415336608887
layers[16].mlp.gate_proj
time 4.39
========================================
time111111
6.251879453659058
layers[16].mlp.down_proj
time 10.49
========================================
time111111
17.644903898239136
layers[17].self_attn.k_proj
time 3.97
========================================
time111111
4.377174377441406
layers[17].self_attn.v_proj
time 3.80
========================================
time111111
4.317874908447266
layers[17].self_attn.q_proj
time 3.77
========================================
time111111
4.354119300842285
layers[17].self_attn.o_proj
time 3.72
========================================
time111111
5.215085506439209
layers[17].mlp.up_proj
time 4.59
========================================
time111111
6.294597864151001
layers[17].mlp.gate_proj
time 4.47
========================================
time111111
6.3138556480407715
layers[17].mlp.down_proj
time 10.74
========================================
time111111
17.89097499847412
layers[18].self_attn.k_proj
time 3.81
========================================
time111111
4.211365699768066
layers[18].self_attn.v_proj
time 3.90
========================================
time111111
4.41154146194458
layers[18].self_attn.q_proj
time 4.05
========================================
time111111
4.645405292510986
layers[18].self_attn.o_proj
time 3.75
========================================
time111111
5.26352858543396
layers[18].mlp.up_proj
time 4.44
========================================
time111111
6.131674766540527
layers[18].mlp.gate_proj
time 4.44
========================================
time111111
6.3203284740448
layers[18].mlp.down_proj
time 10.55
========================================
time111111
17.70908784866333
layers[19].self_attn.k_proj
time 3.80
========================================
time111111
4.207001209259033
layers[19].self_attn.v_proj
time 3.77
========================================
time111111
4.272591829299927
layers[19].self_attn.q_proj
time 3.74
========================================
time111111
4.346741676330566
layers[19].self_attn.o_proj
time 3.66
========================================
time111111
5.154979228973389
layers[19].mlp.up_proj
time 4.28
========================================
time111111
5.9924845695495605
layers[19].mlp.gate_proj
time 4.39
========================================
time111111
6.259878873825073
layers[19].mlp.down_proj
time 10.20
========================================
time111111
17.369948148727417
layers[20].self_attn.k_proj
time 3.73
========================================
time111111
4.134796380996704
layers[20].self_attn.v_proj
time 3.75
========================================
time111111
4.254385471343994
layers[20].self_attn.q_proj
time 3.69
========================================
time111111
4.262739181518555
layers[20].self_attn.o_proj
time 3.65
========================================
time111111
5.151158809661865
layers[20].mlp.up_proj
time 4.45
========================================
time111111
6.137039661407471
layers[20].mlp.gate_proj
time 4.37
========================================
time111111
6.24760365486145
layers[20].mlp.down_proj
time 10.30
========================================
time111111
17.460033416748047
layers[21].self_attn.k_proj
time 3.92
========================================
time111111
4.327580451965332
layers[21].self_attn.v_proj
time 3.74
========================================
time111111
4.2518699169158936
layers[21].self_attn.q_proj
time 3.77
========================================
time111111
4.36443018913269
layers[21].self_attn.o_proj
time 3.76
========================================
time111111
5.2503979206085205
layers[21].mlp.up_proj
time 4.29
========================================
time111111
5.967053651809692
layers[21].mlp.gate_proj
time 4.50
========================================
time111111
6.356404066085815
layers[21].mlp.down_proj
time 10.43
========================================
time111111
17.574843645095825
layers[22].self_attn.k_proj
time 3.85
========================================
time111111
4.251771450042725
layers[22].self_attn.v_proj
time 3.69
========================================
time111111
4.205955743789673
layers[22].self_attn.q_proj
time 3.70
========================================
time111111
4.267199277877808
layers[22].self_attn.o_proj
time 3.66
========================================
time111111
5.165996074676514
layers[22].mlp.up_proj
time 4.40
========================================
time111111
6.085406303405762
layers[22].mlp.gate_proj
time 4.43
========================================
time111111
6.285817384719849
layers[22].mlp.down_proj
time 10.31
========================================
time111111
17.484655618667603
layers[23].self_attn.k_proj
time 3.83
========================================
time111111
4.232741355895996
layers[23].self_attn.v_proj
time 3.74
========================================
time111111
4.264161586761475
layers[23].self_attn.q_proj
time 3.83
========================================
time111111
4.434900999069214
layers[23].self_attn.o_proj
time 3.61
========================================
time111111
5.137706518173218
layers[23].mlp.up_proj
time 4.38
========================================
time111111
6.063185214996338
layers[23].mlp.gate_proj
time 4.46
========================================
time111111
6.3096208572387695
layers[23].mlp.down_proj
time 10.28
========================================
time111111
17.444514989852905
layers[24].self_attn.k_proj
time 3.88
========================================
time111111
4.288215637207031
layers[24].self_attn.v_proj
time 3.85
========================================
time111111
4.352137088775635
layers[24].self_attn.q_proj
time 3.76
========================================
time111111
4.3528172969818115
layers[24].self_attn.o_proj
time 3.55
========================================
time111111
5.061731338500977
layers[24].mlp.up_proj
time 4.34
========================================
time111111
6.047739505767822
layers[24].mlp.gate_proj
time 4.35
========================================
time111111
6.218188524246216
layers[24].mlp.down_proj
time 10.28
========================================
time111111
17.452213048934937
layers[25].self_attn.k_proj
time 3.79
========================================
time111111
4.192218065261841
layers[25].self_attn.v_proj
time 3.80
========================================
time111111
4.321138858795166
layers[25].self_attn.q_proj
time 3.72
========================================
time111111
4.290728330612183
layers[25].self_attn.o_proj
time 3.58
========================================
time111111
5.094369411468506
layers[25].mlp.up_proj
time 4.37
========================================
time111111
6.063109874725342
layers[25].mlp.gate_proj
time 4.33
========================================
time111111
6.183388710021973
layers[25].mlp.down_proj
time 10.38
========================================
time111111
17.548864364624023
layers[26].self_attn.k_proj
time 3.72
========================================
time111111
4.122131109237671
layers[26].self_attn.v_proj
time 3.84
========================================
time111111
4.333442687988281
layers[26].self_attn.q_proj
time 3.82
========================================
time111111
4.415575265884399
layers[26].self_attn.o_proj
time 3.44
========================================
time111111
4.956653833389282
layers[26].mlp.up_proj
time 4.42
========================================
time111111
6.092921733856201
layers[26].mlp.gate_proj
time 4.40
========================================
time111111
6.275959253311157
layers[26].mlp.down_proj
time 10.42
========================================
time111111
17.5833842754364
layers[27].self_attn.k_proj
time 3.74
========================================
time111111
4.143300533294678
layers[27].self_attn.v_proj
time 3.94
========================================
time111111
4.43607497215271
layers[27].self_attn.q_proj
time 3.78
========================================
time111111
4.361572980880737
layers[27].self_attn.o_proj
time 3.65
========================================
time111111
5.151281118392944
layers[27].mlp.up_proj
time 4.43
========================================
time111111
6.148232460021973
layers[27].mlp.gate_proj
time 4.42
========================================
time111111
6.270224571228027
layers[27].mlp.down_proj
time 10.55
========================================
time111111
17.68761897087097
layers[28].self_attn.k_proj
time 3.92
========================================
time111111
4.323428630828857
layers[28].self_attn.v_proj
time 3.90
========================================
time111111
4.420833587646484
layers[28].self_attn.q_proj
time 3.83
========================================
time111111
4.413613319396973
layers[28].self_attn.o_proj
time 3.52
========================================
time111111
5.01090407371521
layers[28].mlp.up_proj
time 4.41
========================================
time111111
6.095046520233154
layers[28].mlp.gate_proj
time 4.35
========================================
time111111
6.209403991699219
layers[28].mlp.down_proj
time 10.62
========================================
time111111
17.75130033493042
layers[29].self_attn.k_proj
time 3.87
========================================
time111111
4.277665376663208
layers[29].self_attn.v_proj
time 3.88
========================================
time111111
4.41398549079895
layers[29].self_attn.q_proj
time 3.75
========================================
time111111
4.367800235748291
layers[29].self_attn.o_proj
time 3.56
========================================
time111111
5.049523830413818
layers[29].mlp.up_proj
time 4.59
========================================
time111111
6.262202262878418
layers[29].mlp.gate_proj
time 4.35
========================================
time111111
6.220786094665527
layers[29].mlp.down_proj
time 10.65
========================================
time111111
17.785120725631714
layers[30].self_attn.k_proj
time 3.93
========================================
time111111
4.3318517208099365
layers[30].self_attn.v_proj
time 3.88
========================================
time111111
4.4211859703063965
layers[30].self_attn.q_proj
time 3.81
========================================
time111111
4.408401727676392
layers[30].self_attn.o_proj
time 3.54
========================================
time111111
5.031287670135498
layers[30].mlp.up_proj
time 4.44
========================================
time111111
6.126155614852905
layers[30].mlp.gate_proj
time 4.37
========================================
time111111
6.231339454650879
layers[30].mlp.down_proj
time 9.93
========================================
time111111
17.089765071868896
layers[31].self_attn.k_proj
time 3.93
========================================
time111111
4.334186553955078
layers[31].self_attn.v_proj
time 3.81
========================================
time111111
4.3168275356292725
layers[31].self_attn.q_proj
time 3.70
========================================
time111111
4.2990806102752686
layers[31].self_attn.o_proj
time 3.58
========================================
time111111
5.070749998092651
layers[31].mlp.up_proj
time 4.55
========================================
time111111
6.226205587387085
layers[31].mlp.gate_proj
time 4.50
========================================
time111111
6.349569320678711
layers[31].mlp.down_proj
time 10.39
========================================
time111111
17.554272651672363
layers[32].self_attn.k_proj
time 3.99
========================================
time111111
4.393017768859863
layers[32].self_attn.v_proj
time 4.03
========================================
time111111
4.570098400115967
layers[32].self_attn.q_proj
time 3.97
========================================
time111111
4.558330535888672
layers[32].self_attn.o_proj
time 3.57
========================================
time111111
5.0797669887542725
layers[32].mlp.up_proj
time 4.52
========================================
time111111
6.198608875274658
layers[32].mlp.gate_proj
time 4.49
========================================
time111111
6.347630262374878
layers[32].mlp.down_proj
time 10.80
========================================
time111111
17.964181900024414
layers[33].self_attn.k_proj
time 3.91
========================================
time111111
4.311071157455444
layers[33].self_attn.v_proj
time 3.85
========================================
time111111
4.361122369766235
layers[33].self_attn.q_proj
time 3.77
========================================
time111111
4.371050596237183
layers[33].self_attn.o_proj
time 3.50
========================================
time111111
4.983493328094482
layers[33].mlp.up_proj
time 4.30
========================================
time111111
5.977092266082764
layers[33].mlp.gate_proj
time 4.43
========================================
time111111
6.2906410694122314
layers[33].mlp.down_proj
time 10.61
========================================
time111111
17.7652485370636
layers[34].self_attn.k_proj
time 3.84
========================================
time111111
4.241672039031982
layers[34].self_attn.v_proj
time 3.88
========================================
time111111
4.404288053512573
layers[34].self_attn.q_proj
time 3.91
========================================
time111111
4.507364749908447
layers[34].self_attn.o_proj
time 3.64
========================================
time111111
5.140620708465576
layers[34].mlp.up_proj
time 4.44
========================================
time111111
6.154227018356323
layers[34].mlp.gate_proj
time 4.46
========================================
time111111
6.3150928020477295
layers[34].mlp.down_proj
time 10.75
========================================
time111111
17.911927223205566
layers[35].self_attn.k_proj
time 3.90
========================================
time111111
4.304159641265869
layers[35].self_attn.v_proj
time 3.96
========================================
time111111
4.48124361038208
layers[35].self_attn.q_proj
time 3.98
========================================
time111111
4.5896546840667725
layers[35].self_attn.o_proj
time 3.92
========================================
time111111
5.433062314987183
layers[35].mlp.up_proj
time 4.50
========================================
time111111
6.197299003601074
layers[35].mlp.gate_proj
time 4.43
========================================
time111111
6.278432846069336
layers[35].mlp.down_proj
time 10.67
========================================
time111111
17.832494497299194
layers[36].self_attn.k_proj
time 3.78
========================================
time111111
4.189333915710449
layers[36].self_attn.v_proj
time 3.77
========================================
time111111
4.274858236312866
layers[36].self_attn.q_proj
time 3.90
========================================
time111111
4.476389646530151
layers[36].self_attn.o_proj
time 3.58
========================================
time111111
5.100924730300903
layers[36].mlp.up_proj
time 4.40
========================================
time111111
6.08997106552124
layers[36].mlp.gate_proj
time 4.49
========================================
time111111
6.331928253173828
layers[36].mlp.down_proj
time 10.26
========================================
time111111
17.42054843902588
layers[37].self_attn.k_proj
time 3.79
========================================
time111111
4.1915929317474365
layers[37].self_attn.v_proj
time 3.80
========================================
time111111
4.3258912563323975
layers[37].self_attn.q_proj
time 3.84
========================================
time111111
4.428261995315552
layers[37].self_attn.o_proj
time 3.62
========================================
time111111
5.125725269317627
layers[37].mlp.up_proj
time 4.34
========================================
time111111
6.038905620574951
layers[37].mlp.gate_proj
time 4.41
========================================
time111111
6.263932704925537
layers[37].mlp.down_proj
time 10.40
========================================
time111111
17.57043194770813
layers[38].self_attn.k_proj
time 3.78
========================================
time111111
4.184861183166504
layers[38].self_attn.v_proj
time 3.82
========================================
time111111
4.313708066940308
layers[38].self_attn.q_proj
time 3.93
========================================
time111111
4.535741090774536
layers[38].self_attn.o_proj
time 3.69
========================================
time111111
5.178661584854126
layers[38].mlp.up_proj
time 4.42
========================================
time111111
6.118152856826782
layers[38].mlp.gate_proj
time 4.43
========================================
time111111
6.309002876281738
layers[38].mlp.down_proj
time 10.50
========================================
time111111
17.669099807739258
layers[39].self_attn.k_proj
time 4.02
========================================
time111111
4.426307439804077
layers[39].self_attn.v_proj
time 3.91
========================================
time111111
4.435830116271973
layers[39].self_attn.q_proj
time 3.90
========================================
time111111
4.503012180328369
layers[39].self_attn.o_proj
time 3.58
========================================
time111111
5.074617624282837
layers[39].mlp.up_proj
time 4.22
========================================
time111111
5.910942792892456
layers[39].mlp.gate_proj
time 4.42
========================================
time111111
6.272274971008301
layers[39].mlp.down_proj
time 10.41
========================================
time111111
17.5730881690979
2017.7145035266876
wikitext2
Evaluating ...
0
1
2
3
4
5
6
7
8
9
10
11
12
13
14
15
16
17
18
19
20
21
22
23
24
25
26
27
28
29
30
31
32
33
34
35
36
37
38
39
5.447482585906982
ptb-new
Evaluating ...
0
1
2
3
4
5
6
7
8
9
10
11
12
13
14
15
16
17
18
19
20
21
22
23
24
25
26
27
28
29
30
31
32
33
34
35
36
37
38
39
29.537691116333008
c4-new
Evaluating ...
0
1
2
3
4
5
6
7
8
9
10
11
12
13
14
15
16
17
18
19
20
21
22
23
24
25
26
27
28
29
30
31
32
33
34
35
36
37
38
39
7.198984146118164
