CUDA extension not installed.
model over
data over
Starting ...
Ready.
layers[0].self_attn.k_proj
time 3.86
========================================
time111111
4.777390003204346
layers[0].self_attn.v_proj
time 3.82
========================================
time111111
4.358658790588379
layers[0].self_attn.q_proj
time 3.91
========================================
time111111
4.496661901473999
layers[0].self_attn.o_proj
time 3.68
========================================
time111111
5.198888063430786
layers[0].mlp.up_proj
time 4.46
========================================
time111111
6.149437665939331
layers[0].mlp.gate_proj
time 4.48
========================================
time111111
6.352885961532593
layers[0].mlp.down_proj
time 10.27
========================================
time111111
17.419830799102783
layers[1].self_attn.k_proj
time 3.87
========================================
time111111
4.36025595664978
layers[1].self_attn.v_proj
time 3.96
========================================
time111111
4.46800684928894
layers[1].self_attn.q_proj
time 3.94
========================================
time111111
4.533041954040527
layers[1].self_attn.o_proj
time 3.49
========================================
time111111
5.005638360977173
layers[1].mlp.up_proj
time 4.34
========================================
time111111
6.041821002960205
layers[1].mlp.gate_proj
time 4.41
========================================
time111111
6.280006647109985
layers[1].mlp.down_proj
time 10.64
========================================
time111111
17.80190920829773
layers[2].self_attn.k_proj
time 4.03
========================================
time111111
4.4312903881073
layers[2].self_attn.v_proj
time 3.94
========================================
time111111
4.4416961669921875
layers[2].self_attn.q_proj
time 3.73
========================================
time111111
4.307830810546875
layers[2].self_attn.o_proj
time 3.65
========================================
time111111
5.1740570068359375
layers[2].mlp.up_proj
time 4.33
========================================
time111111
6.0226404666900635
layers[2].mlp.gate_proj
time 4.39
========================================
time111111
6.245463132858276
layers[2].mlp.down_proj
time 10.79
========================================
time111111
17.94404149055481
layers[3].self_attn.k_proj
time 3.79
========================================
time111111
4.193027019500732
layers[3].self_attn.v_proj
time 3.80
========================================
time111111
4.3195130825042725
layers[3].self_attn.q_proj
time 4.02
========================================
time111111
4.599452495574951
layers[3].self_attn.o_proj
time 3.69
========================================
time111111
5.191158771514893
layers[3].mlp.up_proj
time 4.39
========================================
time111111
6.08706521987915
layers[3].mlp.gate_proj
time 4.49
========================================
time111111
6.347026109695435
layers[3].mlp.down_proj
time 10.53
========================================
time111111
17.69228482246399
layers[4].self_attn.k_proj
time 3.99
========================================
time111111
4.390994071960449
layers[4].self_attn.v_proj
time 3.98
========================================
time111111
4.490612983703613
layers[4].self_attn.q_proj
time 3.91
========================================
time111111
4.489590644836426
layers[4].self_attn.o_proj
time 3.53
========================================
time111111
5.056556463241577
layers[4].mlp.up_proj
time 4.37
========================================
time111111
6.075757741928101
layers[4].mlp.gate_proj
time 4.59
========================================
time111111
6.460049390792847
layers[4].mlp.down_proj
time 10.75
========================================
time111111
17.921329498291016
layers[5].self_attn.k_proj
time 3.82
========================================
time111111
4.226054430007935
layers[5].self_attn.v_proj
time 3.82
========================================
time111111
4.34449315071106
layers[5].self_attn.q_proj
time 3.96
========================================
time111111
4.542673110961914
layers[5].self_attn.o_proj
time 3.59
========================================
time111111
5.1178388595581055
layers[5].mlp.up_proj
time 4.40
========================================
time111111
6.09478759765625
layers[5].mlp.gate_proj
time 4.54
========================================
time111111
6.402031660079956
layers[5].mlp.down_proj
time 10.62
========================================
time111111
17.802098274230957
layers[6].self_attn.k_proj
time 4.03
========================================
time111111
4.4351418018341064
layers[6].self_attn.v_proj
time 4.04
========================================
time111111
4.540724515914917
layers[6].self_attn.q_proj
time 3.82
========================================
time111111
4.420135974884033
layers[6].self_attn.o_proj
time 3.66
========================================
time111111
5.175812721252441
layers[6].mlp.up_proj
time 4.37
========================================
time111111
6.077313184738159
layers[6].mlp.gate_proj
time 4.51
========================================
time111111
6.388945817947388
layers[6].mlp.down_proj
time 10.48
========================================
time111111
17.63303232192993
layers[7].self_attn.k_proj
time 3.91
========================================
time111111
4.313278913497925
layers[7].self_attn.v_proj
time 4.05
========================================
time111111
4.571648836135864
layers[7].self_attn.q_proj
time 3.94
========================================
time111111
4.549554109573364
layers[7].self_attn.o_proj
time 3.74
========================================
time111111
5.235279560089111
layers[7].mlp.up_proj
time 4.40
========================================
time111111
6.086713790893555
layers[7].mlp.gate_proj
time 4.44
========================================
time111111
6.319679260253906
layers[7].mlp.down_proj
time 10.48
========================================
time111111
17.631115674972534
layers[8].self_attn.k_proj
time 3.91
========================================
time111111
4.314877510070801
layers[8].self_attn.v_proj
time 3.76
========================================
time111111
4.300735950469971
layers[8].self_attn.q_proj
time 3.81
========================================
time111111
4.401207447052002
layers[8].self_attn.o_proj
time 3.55
========================================
time111111
5.06142783164978
layers[8].mlp.up_proj
time 4.46
========================================
time111111
6.1569154262542725
layers[8].mlp.gate_proj
time 4.29
========================================
time111111
6.181819677352905
layers[8].mlp.down_proj
time 10.64
========================================
time111111
17.797526359558105
layers[9].self_attn.k_proj
time 3.85
========================================
time111111
4.255944490432739
layers[9].self_attn.v_proj
time 3.77
========================================
time111111
4.303770542144775
layers[9].self_attn.q_proj
time 3.95
========================================
time111111
4.535850763320923
layers[9].self_attn.o_proj
time 3.54
========================================
time111111
5.072230100631714
layers[9].mlp.up_proj
time 4.41
========================================
time111111
6.125855922698975
layers[9].mlp.gate_proj
time 4.44
========================================
time111111
6.294468879699707
layers[9].mlp.down_proj
time 10.66
========================================
time111111
17.83357834815979
layers[10].self_attn.k_proj
time 3.94
========================================
time111111
4.344825983047485
layers[10].self_attn.v_proj
time 3.95
========================================
time111111
4.46185827255249
layers[10].self_attn.q_proj
time 3.95
========================================
time111111
4.529304027557373
layers[10].self_attn.o_proj
time 3.81
========================================
time111111
5.33336615562439
layers[10].mlp.up_proj
time 4.40
========================================
time111111
6.092990875244141
layers[10].mlp.gate_proj
time 4.45
========================================
time111111
6.322663307189941
layers[10].mlp.down_proj
time 10.73
========================================
time111111
17.896337270736694
layers[11].self_attn.k_proj
time 3.88
========================================
time111111
4.289852142333984
layers[11].self_attn.v_proj
time 3.84
========================================
time111111
4.372185230255127
layers[11].self_attn.q_proj
time 3.83
========================================
time111111
4.401605129241943
layers[11].self_attn.o_proj
time 3.75
========================================
time111111
5.253984689712524
layers[11].mlp.up_proj
time 4.49
========================================
time111111
6.181434631347656
layers[11].mlp.gate_proj
time 4.52
========================================
time111111
6.391311407089233
layers[11].mlp.down_proj
time 10.35
========================================
time111111
17.524739265441895
layers[12].self_attn.k_proj
time 3.97
========================================
time111111
4.377073764801025
layers[12].self_attn.v_proj
time 3.99
========================================
time111111
4.502354621887207
layers[12].self_attn.q_proj
time 3.96
========================================
time111111
4.5706634521484375
layers[12].self_attn.o_proj
time 3.78
========================================
time111111
5.284234285354614
layers[12].mlp.up_proj
time 4.49
========================================
time111111
6.214463472366333
layers[12].mlp.gate_proj
time 4.45
========================================
time111111
6.340438604354858
layers[12].mlp.down_proj
time 10.77
========================================
time111111
17.945261240005493
layers[13].self_attn.k_proj
time 4.02
========================================
time111111
4.428303003311157
layers[13].self_attn.v_proj
time 3.78
========================================
time111111
4.316139221191406
layers[13].self_attn.q_proj
time 3.90
========================================
time111111
4.489867210388184
layers[13].self_attn.o_proj
time 3.70
========================================
time111111
5.199856996536255
layers[13].mlp.up_proj
time 4.38
========================================
time111111
6.072746992111206
layers[13].mlp.gate_proj
time 4.41
========================================
time111111
6.266216993331909
layers[13].mlp.down_proj
time 10.47
========================================
time111111
17.623685359954834
layers[14].self_attn.k_proj
time 3.90
========================================
time111111
4.3109729290008545
layers[14].self_attn.v_proj
time 3.80
========================================
time111111
4.3332154750823975
layers[14].self_attn.q_proj
time 3.68
========================================
time111111
4.256908416748047
layers[14].self_attn.o_proj
time 3.72
========================================
time111111
5.214622259140015
layers[14].mlp.up_proj
time 4.45
========================================
time111111
6.143634080886841
layers[14].mlp.gate_proj
time 4.52
========================================
time111111
6.386087894439697
layers[14].mlp.down_proj
time 10.69
========================================
time111111
17.862815141677856
layers[15].self_attn.k_proj
time 3.93
========================================
time111111
4.336228609085083
layers[15].self_attn.v_proj
time 3.75
========================================
time111111
4.289667367935181
layers[15].self_attn.q_proj
time 4.01
========================================
time111111
4.601867198944092
layers[15].self_attn.o_proj
time 3.64
========================================
time111111
5.1610236167907715
layers[15].mlp.up_proj
time 4.44
========================================
time111111
6.136979579925537
layers[15].mlp.gate_proj
time 4.39
========================================
time111111
6.259101629257202
layers[15].mlp.down_proj
time 10.62
========================================
time111111
17.780542612075806
layers[16].self_attn.k_proj
time 3.83
========================================
time111111
4.229127645492554
layers[16].self_attn.v_proj
time 3.95
========================================
time111111
4.4657087326049805
layers[16].self_attn.q_proj
time 3.93
========================================
time111111
4.511537790298462
layers[16].self_attn.o_proj
time 3.63
========================================
time111111
5.1542580127716064
layers[16].mlp.up_proj
time 4.33
========================================
time111111
6.029290676116943
layers[16].mlp.gate_proj
time 4.50
========================================
time111111
6.361454725265503
layers[16].mlp.down_proj
time 10.56
========================================
time111111
17.729658365249634
layers[17].self_attn.k_proj
time 3.86
========================================
time111111
4.264607667922974
layers[17].self_attn.v_proj
time 3.79
========================================
time111111
4.328261613845825
layers[17].self_attn.q_proj
time 3.94
========================================
time111111
4.519803047180176
layers[17].self_attn.o_proj
time 3.55
========================================
time111111
5.082910776138306
layers[17].mlp.up_proj
time 4.50
========================================
time111111
6.2015345096588135
layers[17].mlp.gate_proj
time 4.49
========================================
time111111
6.372561931610107
layers[17].mlp.down_proj
time 10.63
========================================
time111111
17.785608291625977
layers[18].self_attn.k_proj
time 3.97
========================================
time111111
4.374197244644165
layers[18].self_attn.v_proj
time 3.87
========================================
time111111
4.3801774978637695
layers[18].self_attn.q_proj
time 3.77
========================================
time111111
4.371431350708008
layers[18].self_attn.o_proj
time 3.74
========================================
time111111
5.255733251571655
layers[18].mlp.up_proj
time 4.43
========================================
time111111
6.148528337478638
layers[18].mlp.gate_proj
time 4.42
========================================
time111111
6.280108451843262
layers[18].mlp.down_proj
time 10.51
========================================
time111111
17.645024061203003
layers[19].self_attn.k_proj
time 3.91
========================================
time111111
4.314406156539917
layers[19].self_attn.v_proj
time 3.91
========================================
time111111
4.435256004333496
layers[19].self_attn.q_proj
time 3.90
========================================
time111111
4.496218919754028
layers[19].self_attn.o_proj
time 3.59
========================================
time111111
5.0900421142578125
layers[19].mlp.up_proj
time 4.51
========================================
time111111
6.2181150913238525
layers[19].mlp.gate_proj
time 4.45
========================================
time111111
6.3262412548065186
layers[19].mlp.down_proj
time 10.78
========================================
time111111
17.942583084106445
layers[20].self_attn.k_proj
time 4.08
========================================
time111111
4.4881205558776855
layers[20].self_attn.v_proj
time 3.98
========================================
time111111
4.489345073699951
layers[20].self_attn.q_proj
time 3.96
========================================
time111111
4.5572190284729
layers[20].self_attn.o_proj
time 3.67
========================================
time111111
5.174825668334961
layers[20].mlp.up_proj
time 4.40
========================================
time111111
6.1074442863464355
layers[20].mlp.gate_proj
time 4.50
========================================
time111111
6.357985973358154
layers[20].mlp.down_proj
time 10.81
========================================
time111111
17.99269986152649
layers[21].self_attn.k_proj
time 4.03
========================================
time111111
4.433584690093994
layers[21].self_attn.v_proj
time 3.97
========================================
time111111
4.489810466766357
layers[21].self_attn.q_proj
time 3.96
========================================
time111111
4.5396106243133545
layers[21].self_attn.o_proj
time 3.78
========================================
time111111
5.292464971542358
layers[21].mlp.up_proj
time 4.45
========================================
time111111
6.143409729003906
layers[21].mlp.gate_proj
time 4.46
========================================
time111111
6.341551303863525
layers[21].mlp.down_proj
time 10.57
========================================
time111111
17.7421772480011
layers[22].self_attn.k_proj
time 3.89
========================================
time111111
4.295200824737549
layers[22].self_attn.v_proj
time 3.96
========================================
time111111
4.469794988632202
layers[22].self_attn.q_proj
time 3.78
========================================
time111111
4.355676889419556
layers[22].self_attn.o_proj
time 3.68
========================================
time111111
5.192152500152588
layers[22].mlp.up_proj
time 4.40
========================================
time111111
6.117891788482666
layers[22].mlp.gate_proj
time 4.45
========================================
time111111
6.309024095535278
layers[22].mlp.down_proj
time 10.70
========================================
time111111
17.851521015167236
layers[23].self_attn.k_proj
time 4.02
========================================
time111111
4.421352863311768
layers[23].self_attn.v_proj
time 3.91
========================================
time111111
4.442366600036621
layers[23].self_attn.q_proj
time 3.80
========================================
time111111
4.3993189334869385
layers[23].self_attn.o_proj
time 3.75
========================================
time111111
5.274935960769653
layers[23].mlp.up_proj
time 4.42
========================================
time111111
6.132835626602173
layers[23].mlp.gate_proj
time 4.34
========================================
time111111
6.192005157470703
layers[23].mlp.down_proj
time 10.39
========================================
time111111
17.551870107650757
layers[24].self_attn.k_proj
time 3.93
========================================
time111111
4.339847803115845
layers[24].self_attn.v_proj
time 3.96
========================================
time111111
4.483551979064941
layers[24].self_attn.q_proj
time 3.83
========================================
time111111
4.439129829406738
layers[24].self_attn.o_proj
time 3.65
========================================
time111111
5.174246788024902
layers[24].mlp.up_proj
time 4.43
========================================
time111111
6.136198043823242
layers[24].mlp.gate_proj
time 4.47
========================================
time111111
6.339151382446289
layers[24].mlp.down_proj
time 10.65
========================================
time111111
17.808375597000122
layers[25].self_attn.k_proj
time 3.94
========================================
time111111
4.348052263259888
layers[25].self_attn.v_proj
time 3.77
========================================
time111111
4.297566890716553
layers[25].self_attn.q_proj
time 3.84
========================================
time111111
4.411615610122681
layers[25].self_attn.o_proj
time 3.70
========================================
time111111
5.2023210525512695
layers[25].mlp.up_proj
time 4.42
========================================
time111111
6.1238813400268555
layers[25].mlp.gate_proj
time 4.45
========================================
time111111
6.302395820617676
layers[25].mlp.down_proj
time 10.42
========================================
time111111
17.583674669265747
layers[26].self_attn.k_proj
time 4.00
========================================
time111111
4.405653476715088
layers[26].self_attn.v_proj
time 3.79
========================================
time111111
4.325849294662476
layers[26].self_attn.q_proj
time 3.86
========================================
time111111
4.453392267227173
layers[26].self_attn.o_proj
time 3.64
========================================
time111111
5.14225959777832
layers[26].mlp.up_proj
time 4.41
========================================
time111111
6.135993242263794
layers[26].mlp.gate_proj
time 4.51
========================================
time111111
6.378803491592407
layers[26].mlp.down_proj
time 10.66
========================================
time111111
17.836443662643433
layers[27].self_attn.k_proj
time 3.91
========================================
time111111
4.3100714683532715
layers[27].self_attn.v_proj
time 3.88
========================================
time111111
4.38512110710144
layers[27].self_attn.q_proj
time 3.87
========================================
time111111
4.464133262634277
layers[27].self_attn.o_proj
time 3.66
========================================
time111111
5.160337209701538
layers[27].mlp.up_proj
time 4.37
========================================
time111111
6.074648141860962
layers[27].mlp.gate_proj
time 4.38
========================================
time111111
6.241780996322632
layers[27].mlp.down_proj
time 10.53
========================================
time111111
17.7083842754364
layers[28].self_attn.k_proj
time 3.83
========================================
time111111
4.23681116104126
layers[28].self_attn.v_proj
time 3.95
========================================
time111111
4.480134963989258
layers[28].self_attn.q_proj
time 3.87
========================================
time111111
4.47174596786499
layers[28].self_attn.o_proj
time 3.73
========================================
time111111
5.242414712905884
layers[28].mlp.up_proj
time 4.60
========================================
time111111
6.298444032669067
layers[28].mlp.gate_proj
time 4.39
========================================
time111111
6.255489826202393
layers[28].mlp.down_proj
time 11.11
========================================
time111111
18.298521280288696
layers[29].self_attn.k_proj
time 4.02
========================================
time111111
4.426725625991821
layers[29].self_attn.v_proj
time 3.93
========================================
time111111
4.440547466278076
layers[29].self_attn.q_proj
time 3.93
========================================
time111111
4.51596212387085
layers[29].self_attn.o_proj
time 3.64
========================================
time111111
5.16171407699585
layers[29].mlp.up_proj
time 4.43
========================================
time111111
6.115789413452148
layers[29].mlp.gate_proj
time 4.43
========================================
time111111
6.313077688217163
layers[29].mlp.down_proj
time 10.50
========================================
time111111
17.685548305511475
layers[30].self_attn.k_proj
time 3.92
========================================
time111111
4.330226182937622
layers[30].self_attn.v_proj
time 3.80
========================================
time111111
4.336097478866577
layers[30].self_attn.q_proj
time 3.83
========================================
time111111
4.399004936218262
layers[30].self_attn.o_proj
time 3.61
========================================
time111111
5.110608100891113
layers[30].mlp.up_proj
time 4.43
========================================
time111111
6.1360766887664795
layers[30].mlp.gate_proj
time 4.52
========================================
time111111
6.391772031784058
layers[30].mlp.down_proj
time 10.64
========================================
time111111
17.821853160858154
layers[31].self_attn.k_proj
time 3.94
========================================
time111111
4.3497326374053955
layers[31].self_attn.v_proj
time 3.82
========================================
time111111
4.328627109527588
layers[31].self_attn.q_proj
time 3.87
========================================
time111111
4.47166109085083
layers[31].self_attn.o_proj
time 3.74
========================================
time111111
5.254002809524536
layers[31].mlp.up_proj
time 4.39
========================================
time111111
6.099423170089722
layers[31].mlp.gate_proj
time 4.45
========================================
time111111
6.301750421524048
layers[31].mlp.down_proj
time 10.69
========================================
time111111
17.886154890060425
layers[32].self_attn.k_proj
time 3.91
========================================
time111111
4.313356876373291
layers[32].self_attn.v_proj
time 3.97
========================================
time111111
4.491113901138306
layers[32].self_attn.q_proj
time 4.07
========================================
time111111
4.650426626205444
layers[32].self_attn.o_proj
time 3.64
========================================
time111111
5.1424901485443115
layers[32].mlp.up_proj
time 4.48
========================================
time111111
6.184382438659668
layers[32].mlp.gate_proj
time 4.51
========================================
time111111
6.389780521392822
layers[32].mlp.down_proj
time 10.65
========================================
time111111
17.834241151809692
layers[33].self_attn.k_proj
time 3.91
========================================
time111111
4.316036939620972
layers[33].self_attn.v_proj
time 3.83
========================================
time111111
4.339125156402588
layers[33].self_attn.q_proj
time 3.87
========================================
time111111
4.478530168533325
layers[33].self_attn.o_proj
time 3.78
========================================
time111111
5.2953267097473145
layers[33].mlp.up_proj
time 4.38
========================================
time111111
6.075137376785278
layers[33].mlp.gate_proj
time 4.41
========================================
time111111
6.263205051422119
layers[33].mlp.down_proj
time 10.73
========================================
time111111
17.917975902557373
layers[34].self_attn.k_proj
time 3.96
========================================
time111111
4.3668458461761475
layers[34].self_attn.v_proj
time 3.98
========================================
time111111
4.51821756362915
layers[34].self_attn.q_proj
time 3.89
========================================
time111111
4.474624395370483
layers[34].self_attn.o_proj
time 3.67
========================================
time111111
5.174953937530518
layers[34].mlp.up_proj
time 4.38
========================================
time111111
6.0819079875946045
layers[34].mlp.gate_proj
time 4.45
========================================
time111111
6.305038213729858
layers[34].mlp.down_proj
time 10.60
========================================
time111111
17.79271411895752
layers[35].self_attn.k_proj
time 3.95
========================================
time111111
4.357217311859131
layers[35].self_attn.v_proj
time 3.99
========================================
time111111
4.510028600692749
layers[35].self_attn.q_proj
time 3.99
========================================
time111111
4.591405153274536
layers[35].self_attn.o_proj
time 3.63
========================================
time111111
5.1270434856414795
layers[35].mlp.up_proj
time 4.44
========================================
time111111
6.155542850494385
layers[35].mlp.gate_proj
time 4.48
========================================
time111111
6.340966463088989
layers[35].mlp.down_proj
time 10.53
========================================
time111111
17.724824905395508
layers[36].self_attn.k_proj
time 3.84
========================================
time111111
4.250678062438965
layers[36].self_attn.v_proj
time 3.86
========================================
time111111
4.394818067550659
layers[36].self_attn.q_proj
time 3.96
========================================
time111111
4.546946287155151
layers[36].self_attn.o_proj
time 3.73
========================================
time111111
5.243005037307739
layers[36].mlp.up_proj
time 4.38
========================================
time111111
6.085017442703247
layers[36].mlp.gate_proj
time 4.46
========================================
time111111
6.3096764087677
layers[36].mlp.down_proj
time 10.67
========================================
time111111
17.881765604019165
layers[37].self_attn.k_proj
time 4.01
========================================
time111111
4.411360740661621
layers[37].self_attn.v_proj
time 3.82
========================================
time111111
4.346899509429932
layers[37].self_attn.q_proj
time 3.95
========================================
time111111
4.541584014892578
layers[37].self_attn.o_proj
time 3.83
========================================
time111111
5.339806795120239
layers[37].mlp.up_proj
time 4.43
========================================
time111111
6.139073610305786
layers[37].mlp.gate_proj
time 4.50
========================================
time111111
6.366339206695557
layers[37].mlp.down_proj
time 10.40
========================================
time111111
17.611581325531006
layers[38].self_attn.k_proj
time 3.91
========================================
time111111
4.312319278717041
layers[38].self_attn.v_proj
time 3.85
========================================
time111111
4.373457670211792
layers[38].self_attn.q_proj
time 3.94
========================================
time111111
4.550317049026489
layers[38].self_attn.o_proj
time 3.63
========================================
time111111
5.130178689956665
layers[38].mlp.up_proj
time 4.43
========================================
time111111
6.142755746841431
layers[38].mlp.gate_proj
time 4.43
========================================
time111111
6.284126281738281
layers[38].mlp.down_proj
time 10.52
========================================
time111111
17.69409155845642
layers[39].self_attn.k_proj
time 3.78
========================================
time111111
4.1895225048065186
layers[39].self_attn.v_proj
time 3.84
========================================
time111111
4.359392881393433
layers[39].self_attn.q_proj
time 3.93
========================================
time111111
4.520905494689941
layers[39].self_attn.o_proj
time 3.80
========================================
time111111
5.3166890144348145
layers[39].mlp.up_proj
time 4.62
========================================
time111111
6.325424671173096
layers[39].mlp.gate_proj
time 4.40
========================================
time111111
6.285698175430298
layers[39].mlp.down_proj
time 10.66
========================================
time111111
17.831097841262817
2027.7203044891357
wikitext2
Evaluating ...
0
1
2
3
4
5
6
7
8
9
10
11
12
13
14
15
16
17
18
19
20
21
22
23
24
25
26
27
28
29
30
31
32
33
34
35
36
37
38
39
5.192415714263916
ptb-new
Evaluating ...
0
1
2
3
4
5
6
7
8
9
10
11
12
13
14
15
16
17
18
19
20
21
22
23
24
25
26
27
28
29
30
31
32
33
34
35
36
37
38
39
28.560176849365234
c4-new
Evaluating ...
0
1
2
3
4
5
6
7
8
9
10
11
12
13
14
15
16
17
18
19
20
21
22
23
24
25
26
27
28
29
30
31
32
33
34
35
36
37
38
39
6.9005889892578125
