CUDA extension not installed.
model over
data over
Starting ...
Ready.
layers[0].self_attn.k_proj
time 6.47
========================================
time111111
8.889622449874878
layers[0].self_attn.v_proj
time 5.46
========================================
time111111
6.315918922424316
layers[0].self_attn.q_proj
time 5.68
========================================
time111111
6.6432647705078125
layers[0].self_attn.o_proj
time 5.35
========================================
time111111
7.6467814445495605
layers[0].mlp.up_proj
time 6.39
========================================
time111111
8.985203742980957
layers[0].mlp.gate_proj
time 6.56
========================================
time111111
9.415651082992554
layers[0].mlp.down_proj
time 15.74
========================================
time111111
27.476213455200195
layers[1].self_attn.k_proj
time 5.62
========================================
time111111
6.296586990356445
layers[1].self_attn.v_proj
time 5.59
========================================
time111111
6.4111175537109375
layers[1].self_attn.q_proj
time 5.93
========================================
time111111
6.878459930419922
layers[1].self_attn.o_proj
time 5.24
========================================
time111111
7.5218589305877686
layers[1].mlp.up_proj
time 6.12
========================================
time111111
8.731798648834229
layers[1].mlp.gate_proj
time 6.43
========================================
time111111
9.277399778366089
layers[1].mlp.down_proj
time 15.49
========================================
time111111
27.346510410308838
layers[2].self_attn.k_proj
time 5.72
========================================
time111111
6.392914772033691
layers[2].self_attn.v_proj
time 5.60
========================================
time111111
6.436652660369873
layers[2].self_attn.q_proj
time 5.61
========================================
time111111
6.570048570632935
layers[2].self_attn.o_proj
time 5.23
========================================
time111111
7.5452070236206055
layers[2].mlp.up_proj
time 6.23
========================================
time111111
8.827241897583008
layers[2].mlp.gate_proj
time 6.46
========================================
time111111
9.31660008430481
layers[2].mlp.down_proj
time 15.31
========================================
time111111
27.08603262901306
layers[3].self_attn.k_proj
time 5.68
========================================
time111111
6.3555521965026855
layers[3].self_attn.v_proj
time 5.59
========================================
time111111
6.428826093673706
layers[3].self_attn.q_proj
time 5.72
========================================
time111111
6.6881163120269775
layers[3].self_attn.o_proj
time 5.17
========================================
time111111
7.462494134902954
layers[3].mlp.up_proj
time 6.44
========================================
time111111
9.026916265487671
layers[3].mlp.gate_proj
time 6.48
========================================
time111111
9.335582971572876
layers[3].mlp.down_proj
time 14.92
========================================
time111111
26.66368794441223
layers[4].self_attn.k_proj
time 5.57
========================================
time111111
6.241051197052002
layers[4].self_attn.v_proj
time 5.49
========================================
time111111
6.317721605300903
layers[4].self_attn.q_proj
time 5.53
========================================
time111111
6.5059990882873535
layers[4].self_attn.o_proj
time 5.06
========================================
time111111
7.366252899169922
layers[4].mlp.up_proj
time 6.42
========================================
time111111
9.001883745193481
layers[4].mlp.gate_proj
time 6.56
========================================
time111111
9.418535709381104
layers[4].mlp.down_proj
time 15.15
========================================
time111111
26.891358375549316
layers[5].self_attn.k_proj
time 5.45
========================================
time111111
6.118529558181763
layers[5].self_attn.v_proj
time 5.56
========================================
time111111
6.387535095214844
layers[5].self_attn.q_proj
time 5.50
========================================
time111111
6.471101522445679
layers[5].self_attn.o_proj
time 5.14
========================================
time111111
7.441753625869751
layers[5].mlp.up_proj
time 6.48
========================================
time111111
9.075292110443115
layers[5].mlp.gate_proj
time 6.50
========================================
time111111
9.365142583847046
layers[5].mlp.down_proj
time 15.35
========================================
time111111
27.078317165374756
layers[6].self_attn.k_proj
time 5.75
========================================
time111111
6.418142795562744
layers[6].self_attn.v_proj
time 5.47
========================================
time111111
6.299855947494507
layers[6].self_attn.q_proj
time 5.54
========================================
time111111
6.509965419769287
layers[6].self_attn.o_proj
time 5.09
========================================
time111111
7.399390697479248
layers[6].mlp.up_proj
time 6.38
========================================
time111111
8.992951154708862
layers[6].mlp.gate_proj
time 6.37
========================================
time111111
9.21123194694519
layers[6].mlp.down_proj
time 15.35
========================================
time111111
27.11034059524536
layers[7].self_attn.k_proj
time 5.47
========================================
time111111
6.150516986846924
layers[7].self_attn.v_proj
time 5.44
========================================
time111111
6.287387847900391
layers[7].self_attn.q_proj
time 5.58
========================================
time111111
6.534709215164185
layers[7].self_attn.o_proj
time 5.15
========================================
time111111
7.45823335647583
layers[7].mlp.up_proj
time 6.55
========================================
time111111
9.166856527328491
layers[7].mlp.gate_proj
time 6.35
========================================
time111111
9.209068536758423
layers[7].mlp.down_proj
time 15.55
========================================
time111111
27.2876935005188
layers[8].self_attn.k_proj
time 5.59
========================================
time111111
6.2646801471710205
layers[8].self_attn.v_proj
time 5.35
========================================
time111111
6.189805030822754
layers[8].self_attn.q_proj
time 5.58
========================================
time111111
6.532790660858154
layers[8].self_attn.o_proj
time 5.24
========================================
time111111
7.565629959106445
layers[8].mlp.up_proj
time 6.28
========================================
time111111
8.861133098602295
layers[8].mlp.gate_proj
time 6.49
========================================
time111111
9.338656187057495
layers[8].mlp.down_proj
time 15.36
========================================
time111111
27.106845378875732
layers[9].self_attn.k_proj
time 5.46
========================================
time111111
6.136343002319336
layers[9].self_attn.v_proj
time 5.50
========================================
time111111
6.349900007247925
layers[9].self_attn.q_proj
time 5.49
========================================
time111111
6.442012786865234
layers[9].self_attn.o_proj
time 5.19
========================================
time111111
7.471002101898193
layers[9].mlp.up_proj
time 6.36
========================================
time111111
8.965723991394043
layers[9].mlp.gate_proj
time 6.19
========================================
time111111
9.047382116317749
layers[9].mlp.down_proj
time 15.39
========================================
time111111
27.124061584472656
layers[10].self_attn.k_proj
time 5.55
========================================
time111111
6.225735664367676
layers[10].self_attn.v_proj
time 5.58
========================================
time111111
6.41265606880188
layers[10].self_attn.q_proj
time 5.72
========================================
time111111
6.692859172821045
layers[10].self_attn.o_proj
time 5.25
========================================
time111111
7.54585075378418
layers[10].mlp.up_proj
time 6.56
========================================
time111111
9.16645097732544
layers[10].mlp.gate_proj
time 6.39
========================================
time111111
9.252387523651123
layers[10].mlp.down_proj
time 15.12
========================================
time111111
26.872682571411133
layers[11].self_attn.k_proj
time 5.56
========================================
time111111
6.234195947647095
layers[11].self_attn.v_proj
time 5.40
========================================
time111111
6.262423753738403
layers[11].self_attn.q_proj
time 5.61
========================================
time111111
6.590240240097046
layers[11].self_attn.o_proj
time 5.25
========================================
time111111
7.546300888061523
layers[11].mlp.up_proj
time 6.29
========================================
time111111
8.89085078239441
layers[11].mlp.gate_proj
time 6.32
========================================
time111111
9.183132886886597
layers[11].mlp.down_proj
time 15.34
========================================
time111111
27.110311031341553
layers[12].self_attn.k_proj
time 5.55
========================================
time111111
6.224332094192505
layers[12].self_attn.v_proj
time 5.58
========================================
time111111
6.434353590011597
layers[12].self_attn.q_proj
time 5.25
========================================
time111111
6.225022554397583
layers[12].self_attn.o_proj
time 5.13
========================================
time111111
7.40404200553894
layers[12].mlp.up_proj
time 6.21
========================================
time111111
8.790378332138062
layers[12].mlp.gate_proj
time 6.60
========================================
time111111
9.462753772735596
layers[12].mlp.down_proj
time 15.38
========================================
time111111
27.166886806488037
layers[13].self_attn.k_proj
time 5.57
========================================
time111111
6.247605562210083
layers[13].self_attn.v_proj
time 5.51
========================================
time111111
6.338368892669678
layers[13].self_attn.q_proj
time 5.54
========================================
time111111
6.527432680130005
layers[13].self_attn.o_proj
time 5.05
========================================
time111111
7.344529151916504
layers[13].mlp.up_proj
time 6.34
========================================
time111111
8.949878692626953
layers[13].mlp.gate_proj
time 6.43
========================================
time111111
9.285463094711304
layers[13].mlp.down_proj
time 15.77
========================================
time111111
27.519076585769653
layers[14].self_attn.k_proj
time 5.50
========================================
time111111
6.176990032196045
layers[14].self_attn.v_proj
time 5.73
========================================
time111111
6.580175161361694
layers[14].self_attn.q_proj
time 5.27
========================================
time111111
6.262165307998657
layers[14].self_attn.o_proj
time 5.05
========================================
time111111
7.360318422317505
layers[14].mlp.up_proj
time 6.46
========================================
time111111
9.038287162780762
layers[14].mlp.gate_proj
time 6.58
========================================
time111111
9.440160036087036
layers[14].mlp.down_proj
time 14.41
========================================
time111111
26.177523374557495
layers[15].self_attn.k_proj
time 5.67
========================================
time111111
6.343842267990112
layers[15].self_attn.v_proj
time 5.42
========================================
time111111
6.257769346237183
layers[15].self_attn.q_proj
time 5.59
========================================
time111111
6.548411846160889
layers[15].self_attn.o_proj
time 5.24
========================================
time111111
7.551567554473877
layers[15].mlp.up_proj
time 6.37
========================================
time111111
8.966426134109497
layers[15].mlp.gate_proj
time 6.40
========================================
time111111
9.27763819694519
layers[15].mlp.down_proj
time 15.16
========================================
time111111
26.913254261016846
layers[16].self_attn.k_proj
time 5.67
========================================
time111111
6.3399248123168945
layers[16].self_attn.v_proj
time 5.58
========================================
time111111
6.416285037994385
layers[16].self_attn.q_proj
time 5.50
========================================
time111111
6.476177930831909
layers[16].self_attn.o_proj
time 5.12
========================================
time111111
7.423730850219727
layers[16].mlp.up_proj
time 6.49
========================================
time111111
9.09889554977417
layers[16].mlp.gate_proj
time 6.42
========================================
time111111
9.287169456481934
layers[16].mlp.down_proj
time 15.13
========================================
time111111
26.895877838134766
layers[17].self_attn.k_proj
time 5.53
========================================
time111111
6.199668645858765
layers[17].self_attn.v_proj
time 5.55
========================================
time111111
6.400893211364746
layers[17].self_attn.q_proj
time 5.73
========================================
time111111
6.673192262649536
layers[17].self_attn.o_proj
time 5.24
========================================
time111111
7.537593126296997
layers[17].mlp.up_proj
time 6.37
========================================
time111111
8.977266550064087
layers[17].mlp.gate_proj
time 6.49
========================================
time111111
9.364164352416992
layers[17].mlp.down_proj
time 15.50
========================================
time111111
27.268083572387695
layers[18].self_attn.k_proj
time 5.63
========================================
time111111
6.307015895843506
layers[18].self_attn.v_proj
time 5.68
========================================
time111111
6.515317440032959
layers[18].self_attn.q_proj
time 5.67
========================================
time111111
6.634226560592651
layers[18].self_attn.o_proj
time 5.10
========================================
time111111
7.385510683059692
layers[18].mlp.up_proj
time 6.57
========================================
time111111
9.160595178604126
layers[18].mlp.gate_proj
time 6.44
========================================
time111111
9.312096118927002
layers[18].mlp.down_proj
time 15.04
========================================
time111111
26.76236081123352
layers[19].self_attn.k_proj
time 5.68
========================================
time111111
6.357787847518921
layers[19].self_attn.v_proj
time 5.62
========================================
time111111
6.459487438201904
layers[19].self_attn.q_proj
time 5.42
========================================
time111111
6.3973469734191895
layers[19].self_attn.o_proj
time 5.20
========================================
time111111
7.483713626861572
layers[19].mlp.up_proj
time 6.45
========================================
time111111
9.037695169448853
layers[19].mlp.gate_proj
time 6.41
========================================
time111111
9.26700758934021
layers[19].mlp.down_proj
time 15.69
========================================
time111111
27.42000699043274
layers[20].self_attn.k_proj
time 5.69
========================================
time111111
6.366265773773193
layers[20].self_attn.v_proj
time 5.62
========================================
time111111
6.442298889160156
layers[20].self_attn.q_proj
time 5.78
========================================
time111111
6.72891902923584
layers[20].self_attn.o_proj
time 5.22
========================================
time111111
7.528958797454834
layers[20].mlp.up_proj
time 6.33
========================================
time111111
8.927211284637451
layers[20].mlp.gate_proj
time 6.46
========================================
time111111
9.308602809906006
layers[20].mlp.down_proj
time 15.56
========================================
time111111
27.3088116645813
layers[21].self_attn.k_proj
time 5.67
========================================
time111111
6.3431077003479
layers[21].self_attn.v_proj
time 5.59
========================================
time111111
6.453719854354858
layers[21].self_attn.q_proj
time 5.58
========================================
time111111
6.564885139465332
layers[21].self_attn.o_proj
time 5.15
========================================
time111111
7.440067768096924
layers[21].mlp.up_proj
time 6.48
========================================
time111111
9.071248531341553
layers[21].mlp.gate_proj
time 6.55
========================================
time111111
9.409584760665894
layers[21].mlp.down_proj
time 15.67
========================================
time111111
27.402132034301758
layers[22].self_attn.k_proj
time 5.72
========================================
time111111
6.389630556106567
layers[22].self_attn.v_proj
time 5.58
========================================
time111111
6.428462028503418
layers[22].self_attn.q_proj
time 5.60
========================================
time111111
6.5809006690979
layers[22].self_attn.o_proj
time 5.20
========================================
time111111
7.4855546951293945
layers[22].mlp.up_proj
time 6.28
========================================
time111111
8.896157264709473
layers[22].mlp.gate_proj
time 6.19
========================================
time111111
9.0528085231781
layers[22].mlp.down_proj
time 15.31
========================================
time111111
27.077540636062622
layers[23].self_attn.k_proj
time 5.63
========================================
time111111
6.311246633529663
layers[23].self_attn.v_proj
time 5.63
========================================
time111111
6.471120834350586
layers[23].self_attn.q_proj
time 5.67
========================================
time111111
6.6284027099609375
layers[23].self_attn.o_proj
time 5.20
========================================
time111111
7.501823663711548
layers[23].mlp.up_proj
time 6.37
========================================
time111111
8.95026183128357
layers[23].mlp.gate_proj
time 6.42
========================================
time111111
9.286205053329468
layers[23].mlp.down_proj
time 15.39
========================================
time111111
27.1608464717865
layers[24].self_attn.k_proj
time 5.65
========================================
time111111
6.321242570877075
layers[24].self_attn.v_proj
time 5.70
========================================
time111111
6.561653137207031
layers[24].self_attn.q_proj
time 5.61
========================================
time111111
6.563818693161011
layers[24].self_attn.o_proj
time 5.21
========================================
time111111
7.516127347946167
layers[24].mlp.up_proj
time 6.39
========================================
time111111
8.983344554901123
layers[24].mlp.gate_proj
time 6.47
========================================
time111111
9.333457708358765
layers[24].mlp.down_proj
time 15.30
========================================
time111111
27.051523685455322
layers[25].self_attn.k_proj
time 5.63
========================================
time111111
6.304688930511475
layers[25].self_attn.v_proj
time 5.52
========================================
time111111
6.35975456237793
layers[25].self_attn.q_proj
time 5.55
========================================
time111111
6.534063816070557
layers[25].self_attn.o_proj
time 5.16
========================================
time111111
7.462295055389404
layers[25].mlp.up_proj
time 6.44
========================================
time111111
9.028396129608154
layers[25].mlp.gate_proj
time 6.68
========================================
time111111
9.541728973388672
layers[25].mlp.down_proj
time 15.57
========================================
time111111
27.305405378341675
layers[26].self_attn.k_proj
time 5.63
========================================
time111111
6.3064775466918945
layers[26].self_attn.v_proj
time 5.59
========================================
time111111
6.4471657276153564
layers[26].self_attn.q_proj
time 5.71
========================================
time111111
6.682102918624878
layers[26].self_attn.o_proj
time 5.17
========================================
time111111
7.487853050231934
layers[26].mlp.up_proj
time 6.35
========================================
time111111
8.958130598068237
layers[26].mlp.gate_proj
time 6.47
========================================
time111111
9.32321810722351
layers[26].mlp.down_proj
time 15.49
========================================
time111111
27.24147939682007
layers[27].self_attn.k_proj
time 5.66
========================================
time111111
6.338095426559448
layers[27].self_attn.v_proj
time 5.61
========================================
time111111
6.4699811935424805
layers[27].self_attn.q_proj
time 5.60
========================================
time111111
6.586900949478149
layers[27].self_attn.o_proj
time 5.23
========================================
time111111
7.52197265625
layers[27].mlp.up_proj
time 6.56
========================================
time111111
9.173974752426147
layers[27].mlp.gate_proj
time 6.37
========================================
time111111
9.225243330001831
layers[27].mlp.down_proj
time 15.57
========================================
time111111
27.346565008163452
layers[28].self_attn.k_proj
time 5.60
========================================
time111111
6.269237041473389
layers[28].self_attn.v_proj
time 5.66
========================================
time111111
6.477908372879028
layers[28].self_attn.q_proj
time 5.60
========================================
time111111
6.575144290924072
layers[28].self_attn.o_proj
time 5.15
========================================
time111111
7.446893930435181
layers[28].mlp.up_proj
time 6.56
========================================
time111111
9.15409517288208
layers[28].mlp.gate_proj
time 6.56
========================================
time111111
9.459625244140625
layers[28].mlp.down_proj
time 15.30
========================================
time111111
27.092746019363403
layers[29].self_attn.k_proj
time 5.55
========================================
time111111
6.225784063339233
layers[29].self_attn.v_proj
time 5.64
========================================
time111111
6.479555606842041
layers[29].self_attn.q_proj
time 5.61
========================================
time111111
6.561195135116577
layers[29].self_attn.o_proj
time 5.09
========================================
time111111
7.405393123626709
layers[29].mlp.up_proj
time 6.41
========================================
time111111
9.02750277519226
layers[29].mlp.gate_proj
time 6.30
========================================
time111111
9.14646053314209
layers[29].mlp.down_proj
time 15.43
========================================
time111111
27.168609142303467
layers[30].self_attn.k_proj
time 5.60
========================================
time111111
6.275842666625977
layers[30].self_attn.v_proj
time 5.54
========================================
time111111
6.362887144088745
layers[30].self_attn.q_proj
time 5.45
========================================
time111111
6.420551300048828
layers[30].self_attn.o_proj
time 5.16
========================================
time111111
7.468588590621948
layers[30].mlp.up_proj
time 6.43
========================================
time111111
9.026050329208374
layers[30].mlp.gate_proj
time 6.44
========================================
time111111
9.306520938873291
layers[30].mlp.down_proj
time 15.44
========================================
time111111
27.198286294937134
layers[31].self_attn.k_proj
time 5.51
========================================
time111111
6.1832275390625
layers[31].self_attn.v_proj
time 5.67
========================================
time111111
6.52065372467041
layers[31].self_attn.q_proj
time 5.54
========================================
time111111
6.4903199672698975
layers[31].self_attn.o_proj
time 5.20
========================================
time111111
7.496052980422974
layers[31].mlp.up_proj
time 6.37
========================================
time111111
8.981703281402588
layers[31].mlp.gate_proj
time 6.45
========================================
time111111
9.297347784042358
layers[31].mlp.down_proj
time 15.77
========================================
time111111
27.515995264053345
layers[32].self_attn.k_proj
time 5.64
========================================
time111111
6.31623387336731
layers[32].self_attn.v_proj
time 5.72
========================================
time111111
6.565077304840088
layers[32].self_attn.q_proj
time 5.58
========================================
time111111
6.543722629547119
layers[32].self_attn.o_proj
time 5.07
========================================
time111111
7.382521390914917
layers[32].mlp.up_proj
time 6.19
========================================
time111111
8.779704332351685
layers[32].mlp.gate_proj
time 6.29
========================================
time111111
9.15173077583313
layers[32].mlp.down_proj
time 15.12
========================================
time111111
26.853812217712402
layers[33].self_attn.k_proj
time 5.61
========================================
time111111
6.286462783813477
layers[33].self_attn.v_proj
time 5.69
========================================
time111111
6.52114462852478
layers[33].self_attn.q_proj
time 5.63
========================================
time111111
6.610666990280151
layers[33].self_attn.o_proj
time 5.35
========================================
time111111
7.6373162269592285
layers[33].mlp.up_proj
time 6.57
========================================
time111111
9.158875942230225
layers[33].mlp.gate_proj
time 6.34
========================================
time111111
9.214776754379272
layers[33].mlp.down_proj
time 15.08
========================================
time111111
26.861644506454468
layers[34].self_attn.k_proj
time 5.29
========================================
time111111
5.963914155960083
layers[34].self_attn.v_proj
time 5.58
========================================
time111111
6.4046266078948975
layers[34].self_attn.q_proj
time 5.51
========================================
time111111
6.465606927871704
layers[34].self_attn.o_proj
time 5.24
========================================
time111111
7.517554044723511
layers[34].mlp.up_proj
time 6.48
========================================
time111111
9.097200393676758
layers[34].mlp.gate_proj
time 6.46
========================================
time111111
9.331374645233154
layers[34].mlp.down_proj
time 15.55
========================================
time111111
27.417821407318115
layers[35].self_attn.k_proj
time 5.56
========================================
time111111
6.235592842102051
layers[35].self_attn.v_proj
time 5.68
========================================
time111111
6.534730434417725
layers[35].self_attn.q_proj
time 5.67
========================================
time111111
6.621334552764893
layers[35].self_attn.o_proj
time 5.08
========================================
time111111
7.37765908241272
layers[35].mlp.up_proj
time 6.33
========================================
time111111
8.940152406692505
layers[35].mlp.gate_proj
time 6.44
========================================
time111111
9.294047355651855
layers[35].mlp.down_proj
time 15.37
========================================
time111111
27.105541229248047
layers[36].self_attn.k_proj
time 5.72
========================================
time111111
6.39615535736084
layers[36].self_attn.v_proj
time 5.54
========================================
time111111
6.386190414428711
layers[36].self_attn.q_proj
time 5.56
========================================
time111111
6.531527757644653
layers[36].self_attn.o_proj
time 5.25
========================================
time111111
7.550711154937744
layers[36].mlp.up_proj
time 6.35
========================================
time111111
8.935035705566406
layers[36].mlp.gate_proj
time 6.42
========================================
time111111
9.291104078292847
layers[36].mlp.down_proj
time 15.45
========================================
time111111
27.191580057144165
layers[37].self_attn.k_proj
time 5.65
========================================
time111111
6.327025651931763
layers[37].self_attn.v_proj
time 5.69
========================================
time111111
6.530920505523682
layers[37].self_attn.q_proj
time 5.65
========================================
time111111
6.601272821426392
layers[37].self_attn.o_proj
time 5.30
========================================
time111111
7.587143421173096
layers[37].mlp.up_proj
time 6.32
========================================
time111111
8.927915573120117
layers[37].mlp.gate_proj
time 6.47
========================================
time111111
9.317071437835693
layers[37].mlp.down_proj
time 15.46
========================================
time111111
27.227582693099976
layers[38].self_attn.k_proj
time 5.64
========================================
time111111
6.311704397201538
layers[38].self_attn.v_proj
time 5.65
========================================
time111111
6.495622158050537
layers[38].self_attn.q_proj
time 5.69
========================================
time111111
6.642240524291992
layers[38].self_attn.o_proj
time 5.13
========================================
time111111
7.424372911453247
layers[38].mlp.up_proj
time 6.40
========================================
time111111
8.997132778167725
layers[38].mlp.gate_proj
time 6.27
========================================
time111111
9.142642736434937
layers[38].mlp.down_proj
time 15.56
========================================
time111111
27.312088012695312
layers[39].self_attn.k_proj
time 5.66
========================================
time111111
6.33745813369751
layers[39].self_attn.v_proj
time 5.62
========================================
time111111
6.464970588684082
layers[39].self_attn.q_proj
time 5.75
========================================
time111111
6.71256422996521
layers[39].self_attn.o_proj
time 5.34
========================================
time111111
7.645443677902222
layers[39].mlp.up_proj
time 6.38
========================================
time111111
8.964372873306274
layers[39].mlp.gate_proj
time 6.34
========================================
time111111
9.201266288757324
layers[39].mlp.down_proj
time 15.38
========================================
time111111
27.111241102218628
layers[40].self_attn.k_proj
time 5.61
========================================
time111111
6.2824225425720215
layers[40].self_attn.v_proj
time 5.47
========================================
time111111
6.326116323471069
layers[40].self_attn.q_proj
time 5.65
========================================
time111111
6.601578950881958
layers[40].self_attn.o_proj
time 5.17
========================================
time111111
7.476752042770386
layers[40].mlp.up_proj
time 6.51
========================================
time111111
9.097025156021118
layers[40].mlp.gate_proj
time 6.63
========================================
time111111
9.480821132659912
layers[40].mlp.down_proj
time 15.61
========================================
time111111
27.3251895904541
layers[41].self_attn.k_proj
time 5.65
========================================
time111111
6.321260452270508
layers[41].self_attn.v_proj
time 5.71
========================================
time111111
6.546321868896484
layers[41].self_attn.q_proj
time 5.67
========================================
time111111
6.642767429351807
layers[41].self_attn.o_proj
time 5.10
========================================
time111111
7.405645370483398
layers[41].mlp.up_proj
time 6.37
========================================
time111111
8.987518072128296
layers[41].mlp.gate_proj
time 6.78
========================================
time111111
9.632603883743286
layers[41].mlp.down_proj
time 15.85
========================================
time111111
27.598472356796265
layers[42].self_attn.k_proj
time 5.73
========================================
time111111
6.404364109039307
layers[42].self_attn.v_proj
time 5.51
========================================
time111111
6.346149444580078
layers[42].self_attn.q_proj
time 5.73
========================================
time111111
6.696052551269531
layers[42].self_attn.o_proj
time 5.29
========================================
time111111
7.60508131980896
layers[42].mlp.up_proj
time 6.48
========================================
time111111
9.086297988891602
layers[42].mlp.gate_proj
time 6.41
========================================
time111111
9.307415962219238
layers[42].mlp.down_proj
time 15.20
========================================
time111111
26.968186616897583
layers[43].self_attn.k_proj
time 5.66
========================================
time111111
6.330268859863281
layers[43].self_attn.v_proj
time 5.59
========================================
time111111
6.434948921203613
layers[43].self_attn.q_proj
time 5.61
========================================
time111111
6.591319561004639
layers[43].self_attn.o_proj
time 5.25
========================================
time111111
7.54774022102356
layers[43].mlp.up_proj
time 6.49
========================================
time111111
9.089579105377197
layers[43].mlp.gate_proj
time 6.45
========================================
time111111
9.306255102157593
layers[43].mlp.down_proj
time 15.49
========================================
time111111
27.254812955856323
layers[44].self_attn.k_proj
time 5.70
========================================
time111111
6.36797833442688
layers[44].self_attn.v_proj
time 5.69
========================================
time111111
6.5390095710754395
layers[44].self_attn.q_proj
time 5.63
========================================
time111111
6.576690435409546
layers[44].self_attn.o_proj
time 5.23
========================================
time111111
7.535098314285278
layers[44].mlp.up_proj
time 6.65
========================================
time111111
9.229917049407959
layers[44].mlp.gate_proj
time 6.23
========================================
time111111
9.081653833389282
layers[44].mlp.down_proj
time 15.24
========================================
time111111
26.917604684829712
layers[45].self_attn.k_proj
time 5.80
========================================
time111111
6.474865198135376
layers[45].self_attn.v_proj
time 5.78
========================================
time111111
6.607122421264648
layers[45].self_attn.q_proj
time 5.52
========================================
time111111
6.480620384216309
layers[45].self_attn.o_proj
time 5.34
========================================
time111111
7.621589422225952
layers[45].mlp.up_proj
time 6.60
========================================
time111111
9.188634157180786
layers[45].mlp.gate_proj
time 6.61
========================================
time111111
9.491766214370728
layers[45].mlp.down_proj
time 15.40
========================================
time111111
27.157134771347046
layers[46].self_attn.k_proj
time 5.70
========================================
time111111
6.369579553604126
layers[46].self_attn.v_proj
time 5.63
========================================
time111111
6.479295969009399
layers[46].self_attn.q_proj
time 5.45
========================================
time111111
6.405335903167725
layers[46].self_attn.o_proj
time 5.05
========================================
time111111
7.349918603897095
layers[46].mlp.up_proj
time 6.59
========================================
time111111
9.191019773483276
layers[46].mlp.gate_proj
time 6.57
========================================
time111111
9.426673889160156
layers[46].mlp.down_proj
time 15.26
========================================
time111111
26.972569942474365
layers[47].self_attn.k_proj
time 5.71
========================================
time111111
6.381381273269653
layers[47].self_attn.v_proj
time 5.61
========================================
time111111
6.4656665325164795
layers[47].self_attn.q_proj
time 5.77
========================================
time111111
6.7408576011657715
layers[47].self_attn.o_proj
time 5.16
========================================
time111111
7.442249774932861
layers[47].mlp.up_proj
time 6.39
========================================
time111111
8.970630168914795
layers[47].mlp.gate_proj
time 6.44
========================================
time111111
9.307096719741821
layers[47].mlp.down_proj
time 15.54
========================================
time111111
27.26294231414795
layers[48].self_attn.k_proj
time 5.60
========================================
time111111
6.277828216552734
layers[48].self_attn.v_proj
time 5.77
========================================
time111111
6.621909856796265
layers[48].self_attn.q_proj
time 5.57
========================================
time111111
6.5239176750183105
layers[48].self_attn.o_proj
time 5.29
========================================
time111111
7.598718166351318
layers[48].mlp.up_proj
time 6.48
========================================
time111111
9.096431970596313
layers[48].mlp.gate_proj
time 6.38
========================================
time111111
9.255169153213501
layers[48].mlp.down_proj
time 15.53
========================================
time111111
27.279496908187866
layers[49].self_attn.k_proj
time 5.67
========================================
time111111
6.347858190536499
layers[49].self_attn.v_proj
time 5.69
========================================
time111111
6.526215076446533
layers[49].self_attn.q_proj
time 5.56
========================================
time111111
6.524446487426758
layers[49].self_attn.o_proj
time 5.30
========================================
time111111
7.606832504272461
layers[49].mlp.up_proj
time 6.34
========================================
time111111
8.952916383743286
layers[49].mlp.gate_proj
time 6.39
========================================
time111111
9.250246047973633
layers[49].mlp.down_proj
time 15.51
========================================
time111111
27.245253086090088
layers[50].self_attn.k_proj
time 5.66
========================================
time111111
6.337719917297363
layers[50].self_attn.v_proj
time 5.64
========================================
time111111
6.4960479736328125
layers[50].self_attn.q_proj
time 5.70
========================================
time111111
6.66702938079834
layers[50].self_attn.o_proj
time 5.15
========================================
time111111
7.44743013381958
layers[50].mlp.up_proj
time 6.56
========================================
time111111
9.145146369934082
layers[50].mlp.gate_proj
time 6.56
========================================
time111111
9.432096481323242
layers[50].mlp.down_proj
time 14.99
========================================
time111111
26.69916033744812
layers[51].self_attn.k_proj
time 5.51
========================================
time111111
6.180481195449829
layers[51].self_attn.v_proj
time 5.39
========================================
time111111
6.235625505447388
layers[51].self_attn.q_proj
time 5.62
========================================
time111111
6.573408842086792
layers[51].self_attn.o_proj
time 5.28
========================================
time111111
7.5704381465911865
layers[51].mlp.up_proj
time 6.41
========================================
time111111
9.019141435623169
layers[51].mlp.gate_proj
time 6.51
========================================
time111111
9.377526760101318
layers[51].mlp.down_proj
time 14.97
========================================
time111111
26.707536697387695
layers[52].self_attn.k_proj
time 5.53
========================================
time111111
6.202049255371094
layers[52].self_attn.v_proj
time 5.61
========================================
time111111
6.444290399551392
layers[52].self_attn.q_proj
time 5.55
========================================
time111111
6.509521722793579
layers[52].self_attn.o_proj
time 5.31
========================================
time111111
7.628974199295044
layers[52].mlp.up_proj
time 6.51
========================================
time111111
9.119259595870972
layers[52].mlp.gate_proj
time 6.38
========================================
time111111
9.251201629638672
layers[52].mlp.down_proj
time 15.69
========================================
time111111
27.408255100250244
layers[53].self_attn.k_proj
time 5.53
========================================
time111111
6.202877044677734
layers[53].self_attn.v_proj
time 5.38
========================================
time111111
6.232611656188965
layers[53].self_attn.q_proj
time 5.58
========================================
time111111
6.561196327209473
layers[53].self_attn.o_proj
time 5.30
========================================
time111111
7.593228816986084
layers[53].mlp.up_proj
time 6.43
========================================
time111111
9.028558015823364
layers[53].mlp.gate_proj
time 6.36
========================================
time111111
9.22934603691101
layers[53].mlp.down_proj
time 15.40
========================================
time111111
27.15503239631653
layers[54].self_attn.k_proj
time 5.67
========================================
time111111
6.344303369522095
layers[54].self_attn.v_proj
time 5.71
========================================
time111111
6.547629117965698
layers[54].self_attn.q_proj
time 5.51
========================================
time111111
6.473083019256592
layers[54].self_attn.o_proj
time 5.27
========================================
time111111
7.561554670333862
layers[54].mlp.up_proj
time 6.30
========================================
time111111
8.921242952346802
layers[54].mlp.gate_proj
time 6.47
========================================
time111111
9.331066370010376
layers[54].mlp.down_proj
time 15.56
========================================
time111111
27.264158725738525
layers[55].self_attn.k_proj
time 5.48
========================================
time111111
6.150576114654541
layers[55].self_attn.v_proj
time 5.68
========================================
time111111
6.505573987960815
layers[55].self_attn.q_proj
time 5.60
========================================
time111111
6.583543062210083
layers[55].self_attn.o_proj
time 5.49
========================================
time111111
7.773849248886108
layers[55].mlp.up_proj
time 6.51
========================================
time111111
9.105019092559814
layers[55].mlp.gate_proj
time 6.59
========================================
time111111
9.444280624389648
layers[55].mlp.down_proj
time 15.68
========================================
time111111
27.413339614868164
layers[56].self_attn.k_proj
time 5.54
========================================
time111111
6.2093658447265625
layers[56].self_attn.v_proj
time 5.61
========================================
time111111
6.457169532775879
layers[56].self_attn.q_proj
time 5.76
========================================
time111111
6.7244017124176025
layers[56].self_attn.o_proj
time 5.21
========================================
time111111
7.490372180938721
layers[56].mlp.up_proj
time 6.35
========================================
time111111
8.967020750045776
layers[56].mlp.gate_proj
time 6.44
========================================
time111111
9.2957284450531
layers[56].mlp.down_proj
time 15.37
========================================
time111111
27.08029055595398
layers[57].self_attn.k_proj
time 5.69
========================================
time111111
6.366163015365601
layers[57].self_attn.v_proj
time 5.64
========================================
time111111
6.478164911270142
layers[57].self_attn.q_proj
time 5.69
========================================
time111111
6.642254114151001
layers[57].self_attn.o_proj
time 5.23
========================================
time111111
7.5140931606292725
layers[57].mlp.up_proj
time 6.46
========================================
time111111
9.081420660018921
layers[57].mlp.gate_proj
time 6.55
========================================
time111111
9.428769826889038
layers[57].mlp.down_proj
time 15.64
========================================
time111111
27.334709882736206
layers[58].self_attn.k_proj
time 5.81
========================================
time111111
6.478456497192383
layers[58].self_attn.v_proj
time 5.67
========================================
time111111
6.529609441757202
layers[58].self_attn.q_proj
time 5.80
========================================
time111111
6.759850740432739
layers[58].self_attn.o_proj
time 5.25
========================================
time111111
7.55692195892334
layers[58].mlp.up_proj
time 6.68
========================================
time111111
9.264734745025635
layers[58].mlp.gate_proj
time 6.38
========================================
time111111
9.23950743675232
layers[58].mlp.down_proj
time 15.35
========================================
time111111
27.079349517822266
layers[59].self_attn.k_proj
time 5.65
========================================
time111111
6.326765775680542
layers[59].self_attn.v_proj
time 5.61
========================================
time111111
6.4697465896606445
layers[59].self_attn.q_proj
time 5.61
========================================
time111111
6.586649179458618
layers[59].self_attn.o_proj
time 5.28
========================================
time111111
7.581874847412109
layers[59].mlp.up_proj
time 6.73
========================================
time111111
9.318675756454468
layers[59].mlp.gate_proj
time 6.67
========================================
time111111
9.551287174224854
layers[59].mlp.down_proj
time 15.15
========================================
time111111
26.869261741638184
4523.415149688721
wikitext2
Evaluating ...
0
1
2
3
4
5
6
7
8
9
10
11
12
13
14
15
16
17
18
19
20
21
22
23
24
25
26
27
28
29
30
31
32
33
34
35
36
37
38
39
40
41
42
43
44
45
46
47
48
49
50
51
52
53
54
55
56
57
58
59
6.27100944519043
ptb-new
Evaluating ...
0
1
2
3
4
5
6
7
8
9
10
11
12
13
14
15
16
17
18
19
20
21
22
23
24
25
26
27
28
29
30
31
32
33
34
35
36
37
38
39
40
41
42
43
44
45
46
47
48
49
50
51
52
53
54
55
56
57
58
59
30.753591537475586
c4-new
Evaluating ...
0
1
2
3
4
5
6
7
8
9
10
11
12
13
14
15
16
17
18
19
20
21
22
23
24
25
26
27
28
29
30
31
32
33
34
35
36
37
38
39
40
41
42
43
44
45
46
47
48
49
50
51
52
53
54
55
56
57
58
59
8.51522159576416
