CUDA extension not installed.
model over
data over
Starting ...
Ready.
layers[0].self_attn.k_proj
time 5.63
========================================
time111111
6.816977024078369
layers[0].self_attn.v_proj
time 5.49
========================================
time111111
6.318213939666748
layers[0].self_attn.q_proj
time 5.47
========================================
time111111
6.449176549911499
layers[0].self_attn.o_proj
time 5.10
========================================
time111111
7.41041374206543
layers[0].mlp.up_proj
time 6.31
========================================
time111111
8.896578550338745
layers[0].mlp.gate_proj
time 6.34
========================================
time111111
9.211034059524536
layers[0].mlp.down_proj
time 15.22
========================================
time111111
26.923930883407593
layers[1].self_attn.k_proj
time 5.65
========================================
time111111
6.3215012550354
layers[1].self_attn.v_proj
time 5.54
========================================
time111111
6.373142242431641
layers[1].self_attn.q_proj
time 5.49
========================================
time111111
6.469667434692383
layers[1].self_attn.o_proj
time 5.17
========================================
time111111
7.474860906600952
layers[1].mlp.up_proj
time 6.38
========================================
time111111
8.974883556365967
layers[1].mlp.gate_proj
time 6.28
========================================
time111111
9.145856380462646
layers[1].mlp.down_proj
time 15.08
========================================
time111111
26.78395915031433
layers[2].self_attn.k_proj
time 5.59
========================================
time111111
6.258345603942871
layers[2].self_attn.v_proj
time 5.61
========================================
time111111
6.459638595581055
layers[2].self_attn.q_proj
time 5.61
========================================
time111111
6.588204622268677
layers[2].self_attn.o_proj
time 4.94
========================================
time111111
7.242820501327515
layers[2].mlp.up_proj
time 6.23
========================================
time111111
8.81673288345337
layers[2].mlp.gate_proj
time 6.37
========================================
time111111
9.213030099868774
layers[2].mlp.down_proj
time 15.10
========================================
time111111
26.805819272994995
layers[3].self_attn.k_proj
time 5.53
========================================
time111111
6.207146883010864
layers[3].self_attn.v_proj
time 5.52
========================================
time111111
6.34797477722168
layers[3].self_attn.q_proj
time 5.50
========================================
time111111
6.467188596725464
layers[3].self_attn.o_proj
time 5.11
========================================
time111111
7.406908273696899
layers[3].mlp.up_proj
time 6.28
========================================
time111111
8.876323461532593
layers[3].mlp.gate_proj
time 6.35
========================================
time111111
9.20091462135315
layers[3].mlp.down_proj
time 15.14
========================================
time111111
26.85429310798645
layers[4].self_attn.k_proj
time 5.61
========================================
time111111
6.281905889511108
layers[4].self_attn.v_proj
time 5.58
========================================
time111111
6.440504789352417
layers[4].self_attn.q_proj
time 5.54
========================================
time111111
6.527123212814331
layers[4].self_attn.o_proj
time 5.12
========================================
time111111
7.4168384075164795
layers[4].mlp.up_proj
time 6.32
========================================
time111111
8.910893440246582
layers[4].mlp.gate_proj
time 6.31
========================================
time111111
9.149333715438843
layers[4].mlp.down_proj
time 15.09
========================================
time111111
26.790865182876587
layers[5].self_attn.k_proj
time 5.63
========================================
time111111
6.304697275161743
layers[5].self_attn.v_proj
time 5.58
========================================
time111111
6.444139003753662
layers[5].self_attn.q_proj
time 5.41
========================================
time111111
6.39629602432251
layers[5].self_attn.o_proj
time 5.14
========================================
time111111
7.424274921417236
layers[5].mlp.up_proj
time 6.34
========================================
time111111
8.91645884513855
layers[5].mlp.gate_proj
time 6.28
========================================
time111111
9.150311946868896
layers[5].mlp.down_proj
time 15.23
========================================
time111111
26.933923959732056
layers[6].self_attn.k_proj
time 5.47
========================================
time111111
6.140997886657715
layers[6].self_attn.v_proj
time 5.53
========================================
time111111
6.385079383850098
layers[6].self_attn.q_proj
time 5.52
========================================
time111111
6.4892895221710205
layers[6].self_attn.o_proj
time 5.07
========================================
time111111
7.378177881240845
layers[6].mlp.up_proj
time 6.40
========================================
time111111
8.978259563446045
layers[6].mlp.gate_proj
time 6.22
========================================
time111111
9.07844853401184
layers[6].mlp.down_proj
time 15.07
========================================
time111111
26.765443801879883
layers[7].self_attn.k_proj
time 5.62
========================================
time111111
6.288390398025513
layers[7].self_attn.v_proj
time 5.57
========================================
time111111
6.41025710105896
layers[7].self_attn.q_proj
time 5.53
========================================
time111111
6.47892951965332
layers[7].self_attn.o_proj
time 5.21
========================================
time111111
7.50417423248291
layers[7].mlp.up_proj
time 6.45
========================================
time111111
9.045151472091675
layers[7].mlp.gate_proj
time 6.41
========================================
time111111
9.271606206893921
layers[7].mlp.down_proj
time 15.25
========================================
time111111
26.955286741256714
layers[8].self_attn.k_proj
time 5.53
========================================
time111111
6.199126243591309
layers[8].self_attn.v_proj
time 5.55
========================================
time111111
6.383213520050049
layers[8].self_attn.q_proj
time 5.55
========================================
time111111
6.528999090194702
layers[8].self_attn.o_proj
time 4.85
========================================
time111111
7.1405510902404785
layers[8].mlp.up_proj
time 6.32
========================================
time111111
8.923076152801514
layers[8].mlp.gate_proj
time 6.31
========================================
time111111
9.166337728500366
layers[8].mlp.down_proj
time 15.19
========================================
time111111
26.869401216506958
layers[9].self_attn.k_proj
time 5.60
========================================
time111111
6.27496862411499
layers[9].self_attn.v_proj
time 5.44
========================================
time111111
6.300699234008789
layers[9].self_attn.q_proj
time 5.34
========================================
time111111
6.304713010787964
layers[9].self_attn.o_proj
time 5.03
========================================
time111111
7.316499948501587
layers[9].mlp.up_proj
time 6.26
========================================
time111111
8.87205457687378
layers[9].mlp.gate_proj
time 6.35
========================================
time111111
9.214658975601196
layers[9].mlp.down_proj
time 15.26
========================================
time111111
26.943036556243896
layers[10].self_attn.k_proj
time 5.60
========================================
time111111
6.274235963821411
layers[10].self_attn.v_proj
time 5.43
========================================
time111111
6.28808069229126
layers[10].self_attn.q_proj
time 5.45
========================================
time111111
6.428315877914429
layers[10].self_attn.o_proj
time 5.13
========================================
time111111
7.438521862030029
layers[10].mlp.up_proj
time 6.17
========================================
time111111
8.780994892120361
layers[10].mlp.gate_proj
time 6.36
========================================
time111111
9.197824239730835
layers[10].mlp.down_proj
time 15.29
========================================
time111111
26.99103283882141
layers[11].self_attn.k_proj
time 5.56
========================================
time111111
6.232912063598633
layers[11].self_attn.v_proj
time 5.49
========================================
time111111
6.331238508224487
layers[11].self_attn.q_proj
time 5.59
========================================
time111111
6.556987762451172
layers[11].self_attn.o_proj
time 5.25
========================================
time111111
7.538707494735718
layers[11].mlp.up_proj
time 6.30
========================================
time111111
8.894952058792114
layers[11].mlp.gate_proj
time 6.37
========================================
time111111
9.215434312820435
layers[11].mlp.down_proj
time 15.21
========================================
time111111
26.923659086227417
layers[12].self_attn.k_proj
time 5.58
========================================
time111111
6.247860908508301
layers[12].self_attn.v_proj
time 5.40
========================================
time111111
6.23889684677124
layers[12].self_attn.q_proj
time 5.29
========================================
time111111
6.248214960098267
layers[12].self_attn.o_proj
time 5.15
========================================
time111111
7.439459323883057
layers[12].mlp.up_proj
time 6.25
========================================
time111111
8.832511901855469
layers[12].mlp.gate_proj
time 6.36
========================================
time111111
9.213242769241333
layers[12].mlp.down_proj
time 15.16
========================================
time111111
26.877628564834595
layers[13].self_attn.k_proj
time 5.62
========================================
time111111
6.294427394866943
layers[13].self_attn.v_proj
time 5.45
========================================
time111111
6.290113687515259
layers[13].self_attn.q_proj
time 5.51
========================================
time111111
6.460657358169556
layers[13].self_attn.o_proj
time 5.23
========================================
time111111
7.508027076721191
layers[13].mlp.up_proj
time 6.34
========================================
time111111
8.954694271087646
layers[13].mlp.gate_proj
time 6.47
========================================
time111111
9.315990686416626
layers[13].mlp.down_proj
time 15.39
========================================
time111111
27.097846031188965
layers[14].self_attn.k_proj
time 5.55
========================================
time111111
6.227158784866333
layers[14].self_attn.v_proj
time 5.65
========================================
time111111
6.488569736480713
layers[14].self_attn.q_proj
time 5.54
========================================
time111111
6.52947998046875
layers[14].self_attn.o_proj
time 5.09
========================================
time111111
7.38896107673645
layers[14].mlp.up_proj
time 6.35
========================================
time111111
8.956794261932373
layers[14].mlp.gate_proj
time 6.59
========================================
time111111
9.435892105102539
layers[14].mlp.down_proj
time 15.66
========================================
time111111
27.3670015335083
layers[15].self_attn.k_proj
time 5.63
========================================
time111111
6.3068625926971436
layers[15].self_attn.v_proj
time 5.57
========================================
time111111
6.417843818664551
layers[15].self_attn.q_proj
time 5.66
========================================
time111111
6.618319511413574
layers[15].self_attn.o_proj
time 5.23
========================================
time111111
7.5057148933410645
layers[15].mlp.up_proj
time 6.39
========================================
time111111
9.007112503051758
layers[15].mlp.gate_proj
time 6.55
========================================
time111111
9.39171051979065
layers[15].mlp.down_proj
time 15.37
========================================
time111111
27.075590133666992
layers[16].self_attn.k_proj
time 5.59
========================================
time111111
6.264876127243042
layers[16].self_attn.v_proj
time 5.34
========================================
time111111
6.175614833831787
layers[16].self_attn.q_proj
time 5.56
========================================
time111111
6.5411200523376465
layers[16].self_attn.o_proj
time 5.19
========================================
time111111
7.473400354385376
layers[16].mlp.up_proj
time 6.31
========================================
time111111
8.885344982147217
layers[16].mlp.gate_proj
time 6.27
========================================
time111111
9.134547472000122
layers[16].mlp.down_proj
time 15.19
========================================
time111111
26.885152578353882
layers[17].self_attn.k_proj
time 5.59
========================================
time111111
6.266757249832153
layers[17].self_attn.v_proj
time 5.52
========================================
time111111
6.354524850845337
layers[17].self_attn.q_proj
time 5.48
========================================
time111111
6.456206321716309
layers[17].self_attn.o_proj
time 5.18
========================================
time111111
7.49275541305542
layers[17].mlp.up_proj
time 6.33
========================================
time111111
8.9196937084198
layers[17].mlp.gate_proj
time 6.40
========================================
time111111
9.238567113876343
layers[17].mlp.down_proj
time 15.45
========================================
time111111
27.145002126693726
layers[18].self_attn.k_proj
time 5.68
========================================
time111111
6.35370945930481
layers[18].self_attn.v_proj
time 5.56
========================================
time111111
6.4123334884643555
layers[18].self_attn.q_proj
time 5.54
========================================
time111111
6.5301501750946045
layers[18].self_attn.o_proj
time 5.24
========================================
time111111
7.529082298278809
layers[18].mlp.up_proj
time 6.46
========================================
time111111
9.052842140197754
layers[18].mlp.gate_proj
time 6.49
========================================
time111111
9.350578546524048
layers[18].mlp.down_proj
time 14.93
========================================
time111111
26.637025117874146
layers[19].self_attn.k_proj
time 5.61
========================================
time111111
6.283015489578247
layers[19].self_attn.v_proj
time 5.53
========================================
time111111
6.381584167480469
layers[19].self_attn.q_proj
time 5.67
========================================
time111111
6.6379265785217285
layers[19].self_attn.o_proj
time 5.26
========================================
time111111
7.547237157821655
layers[19].mlp.up_proj
time 6.44
========================================
time111111
9.027161598205566
layers[19].mlp.gate_proj
time 6.37
========================================
time111111
9.227980613708496
layers[19].mlp.down_proj
time 14.95
========================================
time111111
26.667352199554443
layers[20].self_attn.k_proj
time 5.38
========================================
time111111
6.055467367172241
layers[20].self_attn.v_proj
time 5.45
========================================
time111111
6.299510717391968
layers[20].self_attn.q_proj
time 5.45
========================================
time111111
6.420243740081787
layers[20].self_attn.o_proj
time 4.97
========================================
time111111
7.283268451690674
layers[20].mlp.up_proj
time 6.36
========================================
time111111
8.957753419876099
layers[20].mlp.gate_proj
time 6.28
========================================
time111111
9.129591703414917
layers[20].mlp.down_proj
time 15.34
========================================
time111111
27.043856859207153
layers[21].self_attn.k_proj
time 5.72
========================================
time111111
6.388656377792358
layers[21].self_attn.v_proj
time 5.73
========================================
time111111
6.559922933578491
layers[21].self_attn.q_proj
time 5.63
========================================
time111111
6.6097424030303955
layers[21].self_attn.o_proj
time 5.23
========================================
time111111
7.54282808303833
layers[21].mlp.up_proj
time 6.49
========================================
time111111
9.082643747329712
layers[21].mlp.gate_proj
time 6.48
========================================
time111111
9.330832958221436
layers[21].mlp.down_proj
time 15.07
========================================
time111111
26.78622317314148
layers[22].self_attn.k_proj
time 5.68
========================================
time111111
6.356773138046265
layers[22].self_attn.v_proj
time 5.68
========================================
time111111
6.506309509277344
layers[22].self_attn.q_proj
time 5.65
========================================
time111111
6.6078572273254395
layers[22].self_attn.o_proj
time 5.25
========================================
time111111
7.532939434051514
layers[22].mlp.up_proj
time 6.57
========================================
time111111
9.179250240325928
layers[22].mlp.gate_proj
time 6.63
========================================
time111111
9.508570432662964
layers[22].mlp.down_proj
time 15.38
========================================
time111111
27.09779119491577
layers[23].self_attn.k_proj
time 5.58
========================================
time111111
6.252338886260986
layers[23].self_attn.v_proj
time 5.65
========================================
time111111
6.483848810195923
layers[23].self_attn.q_proj
time 5.58
========================================
time111111
6.533387899398804
layers[23].self_attn.o_proj
time 5.16
========================================
time111111
7.4726667404174805
layers[23].mlp.up_proj
time 6.39
========================================
time111111
8.998347997665405
layers[23].mlp.gate_proj
time 6.26
========================================
time111111
9.128977298736572
layers[23].mlp.down_proj
time 15.28
========================================
time111111
26.984901666641235
layers[24].self_attn.k_proj
time 5.58
========================================
time111111
6.253856658935547
layers[24].self_attn.v_proj
time 5.76
========================================
time111111
6.61521315574646
layers[24].self_attn.q_proj
time 5.54
========================================
time111111
6.510511159896851
layers[24].self_attn.o_proj
time 5.28
========================================
time111111
7.592612981796265
layers[24].mlp.up_proj
time 6.49
========================================
time111111
9.108790397644043
layers[24].mlp.gate_proj
time 6.89
========================================
time111111
9.759235858917236
layers[24].mlp.down_proj
time 14.75
========================================
time111111
26.449787139892578
layers[25].self_attn.k_proj
time 5.59
========================================
time111111
6.2589271068573
layers[25].self_attn.v_proj
time 5.55
========================================
time111111
6.4007391929626465
layers[25].self_attn.q_proj
time 5.42
========================================
time111111
6.4101080894470215
layers[25].self_attn.o_proj
time 5.18
========================================
time111111
7.460280656814575
layers[25].mlp.up_proj
time 6.63
========================================
time111111
9.223044872283936
layers[25].mlp.gate_proj
time 6.33
========================================
time111111
9.175565719604492
layers[25].mlp.down_proj
time 15.21
========================================
time111111
26.916340112686157
layers[26].self_attn.k_proj
time 5.61
========================================
time111111
6.2863218784332275
layers[26].self_attn.v_proj
time 5.80
========================================
time111111
6.619654893875122
layers[26].self_attn.q_proj
time 5.98
========================================
time111111
6.931589126586914
layers[26].self_attn.o_proj
time 5.34
========================================
time111111
7.6556079387664795
layers[26].mlp.up_proj
time 6.40
========================================
time111111
9.005749940872192
layers[26].mlp.gate_proj
time 6.36
========================================
time111111
9.22296142578125
layers[26].mlp.down_proj
time 15.42
========================================
time111111
27.11368155479431
layers[27].self_attn.k_proj
time 5.60
========================================
time111111
6.272187948226929
layers[27].self_attn.v_proj
time 5.70
========================================
time111111
6.54360294342041
layers[27].self_attn.q_proj
time 5.67
========================================
time111111
6.630058526992798
layers[27].self_attn.o_proj
time 5.37
========================================
time111111
7.655472755432129
layers[27].mlp.up_proj
time 6.40
========================================
time111111
8.98915982246399
layers[27].mlp.gate_proj
time 6.55
========================================
time111111
9.403572797775269
layers[27].mlp.down_proj
time 15.38
========================================
time111111
27.10297727584839
layers[28].self_attn.k_proj
time 5.62
========================================
time111111
6.290242910385132
layers[28].self_attn.v_proj
time 5.67
========================================
time111111
6.506919860839844
layers[28].self_attn.q_proj
time 5.62
========================================
time111111
6.564918279647827
layers[28].self_attn.o_proj
time 5.24
========================================
time111111
7.53854775428772
layers[28].mlp.up_proj
time 6.46
========================================
time111111
9.058065414428711
layers[28].mlp.gate_proj
time 6.57
========================================
time111111
9.420092344284058
layers[28].mlp.down_proj
time 15.35
========================================
time111111
27.04672646522522
layers[29].self_attn.k_proj
time 5.63
========================================
time111111
6.301310062408447
layers[29].self_attn.v_proj
time 5.56
========================================
time111111
6.3842902183532715
layers[29].self_attn.q_proj
time 5.57
========================================
time111111
6.52873158454895
layers[29].self_attn.o_proj
time 5.08
========================================
time111111
7.366970539093018
layers[29].mlp.up_proj
time 6.28
========================================
time111111
8.87674331665039
layers[29].mlp.gate_proj
time 6.31
========================================
time111111
9.155364990234375
layers[29].mlp.down_proj
time 15.08
========================================
time111111
26.78611969947815
layers[30].self_attn.k_proj
time 5.49
========================================
time111111
6.165816783905029
layers[30].self_attn.v_proj
time 5.55
========================================
time111111
6.387584924697876
layers[30].self_attn.q_proj
time 5.56
========================================
time111111
6.530953645706177
layers[30].self_attn.o_proj
time 5.19
========================================
time111111
7.4741058349609375
layers[30].mlp.up_proj
time 6.37
========================================
time111111
8.95433497428894
layers[30].mlp.gate_proj
time 6.42
========================================
time111111
9.279488801956177
layers[30].mlp.down_proj
time 15.40
========================================
time111111
27.103888988494873
layers[31].self_attn.k_proj
time 5.70
========================================
time111111
6.3739728927612305
layers[31].self_attn.v_proj
time 5.64
========================================
time111111
6.498234510421753
layers[31].self_attn.q_proj
time 5.62
========================================
time111111
6.581729888916016
layers[31].self_attn.o_proj
time 5.30
========================================
time111111
7.617191314697266
layers[31].mlp.up_proj
time 6.38
========================================
time111111
8.993502855300903
layers[31].mlp.gate_proj
time 6.48
========================================
time111111
9.323166847229004
layers[31].mlp.down_proj
time 15.37
========================================
time111111
27.08764123916626
layers[32].self_attn.k_proj
time 5.73
========================================
time111111
6.401427984237671
layers[32].self_attn.v_proj
time 5.60
========================================
time111111
6.445365905761719
layers[32].self_attn.q_proj
time 5.67
========================================
time111111
6.63805079460144
layers[32].self_attn.o_proj
time 5.24
========================================
time111111
7.534700870513916
layers[32].mlp.up_proj
time 6.58
========================================
time111111
9.179033279418945
layers[32].mlp.gate_proj
time 6.39
========================================
time111111
9.268104553222656
layers[32].mlp.down_proj
time 15.38
========================================
time111111
27.0930016040802
layers[33].self_attn.k_proj
time 5.68
========================================
time111111
6.356258153915405
layers[33].self_attn.v_proj
time 5.70
========================================
time111111
6.543745994567871
layers[33].self_attn.q_proj
time 5.64
========================================
time111111
6.595908880233765
layers[33].self_attn.o_proj
time 5.01
========================================
time111111
7.297312021255493
layers[33].mlp.up_proj
time 6.35
========================================
time111111
8.94448208808899
layers[33].mlp.gate_proj
time 6.29
========================================
time111111
9.151208877563477
layers[33].mlp.down_proj
time 15.15
========================================
time111111
26.842099905014038
layers[34].self_attn.k_proj
time 5.58
========================================
time111111
6.257959842681885
layers[34].self_attn.v_proj
time 5.57
========================================
time111111
6.400543928146362
layers[34].self_attn.q_proj
time 5.54
========================================
time111111
6.5060155391693115
layers[34].self_attn.o_proj
time 5.01
========================================
time111111
7.28974723815918
layers[34].mlp.up_proj
time 6.23
========================================
time111111
8.818831443786621
layers[34].mlp.gate_proj
time 6.30
========================================
time111111
9.1371750831604
layers[34].mlp.down_proj
time 15.11
========================================
time111111
26.821253538131714
layers[35].self_attn.k_proj
time 5.57
========================================
time111111
6.239880561828613
layers[35].self_attn.v_proj
time 5.71
========================================
time111111
6.539085388183594
layers[35].self_attn.q_proj
time 5.49
========================================
time111111
6.469870328903198
layers[35].self_attn.o_proj
time 5.09
========================================
time111111
7.407278299331665
layers[35].mlp.up_proj
time 6.32
========================================
time111111
8.918485879898071
layers[35].mlp.gate_proj
time 6.27
========================================
time111111
9.13069748878479
layers[35].mlp.down_proj
time 15.31
========================================
time111111
27.008684158325195
layers[36].self_attn.k_proj
time 5.66
========================================
time111111
6.328149795532227
layers[36].self_attn.v_proj
time 5.61
========================================
time111111
6.4543633460998535
layers[36].self_attn.q_proj
time 5.61
========================================
time111111
6.578648328781128
layers[36].self_attn.o_proj
time 5.17
========================================
time111111
7.487736701965332
layers[36].mlp.up_proj
time 6.38
========================================
time111111
8.983023881912231
layers[36].mlp.gate_proj
time 6.43
========================================
time111111
9.28158950805664
layers[36].mlp.down_proj
time 15.47
========================================
time111111
27.19370937347412
layers[37].self_attn.k_proj
time 5.64
========================================
time111111
6.311068773269653
layers[37].self_attn.v_proj
time 5.59
========================================
time111111
6.4213879108428955
layers[37].self_attn.q_proj
time 5.54
========================================
time111111
6.492902755737305
layers[37].self_attn.o_proj
time 5.26
========================================
time111111
7.534430503845215
layers[37].mlp.up_proj
time 6.43
========================================
time111111
9.031189918518066
layers[37].mlp.gate_proj
time 6.35
========================================
time111111
9.221109628677368
layers[37].mlp.down_proj
time 15.20
========================================
time111111
26.882755517959595
layers[38].self_attn.k_proj
time 5.71
========================================
time111111
6.38096284866333
layers[38].self_attn.v_proj
time 5.60
========================================
time111111
6.4459288120269775
layers[38].self_attn.q_proj
time 5.61
========================================
time111111
6.579876661300659
layers[38].self_attn.o_proj
time 5.05
========================================
time111111
7.348567724227905
layers[38].mlp.up_proj
time 6.32
========================================
time111111
8.916194200515747
layers[38].mlp.gate_proj
time 6.41
========================================
time111111
9.251001596450806
layers[38].mlp.down_proj
time 15.19
========================================
time111111
26.88697600364685
layers[39].self_attn.k_proj
time 5.60
========================================
time111111
6.269166946411133
layers[39].self_attn.v_proj
time 5.56
========================================
time111111
6.398831844329834
layers[39].self_attn.q_proj
time 5.52
========================================
time111111
6.469209432601929
layers[39].self_attn.o_proj
time 5.19
========================================
time111111
7.465241432189941
layers[39].mlp.up_proj
time 6.29
========================================
time111111
8.876703977584839
layers[39].mlp.gate_proj
time 6.38
========================================
time111111
9.240167140960693
layers[39].mlp.down_proj
time 15.37
========================================
time111111
27.05289053916931
layers[40].self_attn.k_proj
time 5.48
========================================
time111111
6.153513669967651
layers[40].self_attn.v_proj
time 5.51
========================================
time111111
6.348889589309692
layers[40].self_attn.q_proj
time 5.46
========================================
time111111
6.419894695281982
layers[40].self_attn.o_proj
time 5.18
========================================
time111111
7.48712420463562
layers[40].mlp.up_proj
time 6.31
========================================
time111111
8.901512145996094
layers[40].mlp.gate_proj
time 6.27
========================================
time111111
9.110198020935059
layers[40].mlp.down_proj
time 15.13
========================================
time111111
26.832387447357178
layers[41].self_attn.k_proj
time 5.61
========================================
time111111
6.286352157592773
layers[41].self_attn.v_proj
time 5.61
========================================
time111111
6.450761318206787
layers[41].self_attn.q_proj
time 5.61
========================================
time111111
6.581023216247559
layers[41].self_attn.o_proj
time 5.02
========================================
time111111
7.308045864105225
layers[41].mlp.up_proj
time 6.38
========================================
time111111
8.949869155883789
layers[41].mlp.gate_proj
time 6.36
========================================
time111111
9.222668170928955
layers[41].mlp.down_proj
time 15.31
========================================
time111111
27.02701163291931
layers[42].self_attn.k_proj
time 5.63
========================================
time111111
6.30775260925293
layers[42].self_attn.v_proj
time 5.65
========================================
time111111
6.4753098487854
layers[42].self_attn.q_proj
time 5.52
========================================
time111111
6.487597465515137
layers[42].self_attn.o_proj
time 5.18
========================================
time111111
7.495860576629639
layers[42].mlp.up_proj
time 6.36
========================================
time111111
8.947635173797607
layers[42].mlp.gate_proj
time 6.37
========================================
time111111
9.228795051574707
layers[42].mlp.down_proj
time 15.24
========================================
time111111
26.93230938911438
layers[43].self_attn.k_proj
time 5.49
========================================
time111111
6.166533946990967
layers[43].self_attn.v_proj
time 5.59
========================================
time111111
6.441658020019531
layers[43].self_attn.q_proj
time 5.59
========================================
time111111
6.564996004104614
layers[43].self_attn.o_proj
time 5.13
========================================
time111111
7.406498193740845
layers[43].mlp.up_proj
time 6.23
========================================
time111111
8.816174507141113
layers[43].mlp.gate_proj
time 6.39
========================================
time111111
9.24046277999878
layers[43].mlp.down_proj
time 15.29
========================================
time111111
26.998536348342896
layers[44].self_attn.k_proj
time 5.66
========================================
time111111
6.336206674575806
layers[44].self_attn.v_proj
time 5.58
========================================
time111111
6.440395355224609
layers[44].self_attn.q_proj
time 5.53
========================================
time111111
6.502043962478638
layers[44].self_attn.o_proj
time 5.15
========================================
time111111
7.461864233016968
layers[44].mlp.up_proj
time 6.30
========================================
time111111
8.898345232009888
layers[44].mlp.gate_proj
time 6.41
========================================
time111111
9.260009765625
layers[44].mlp.down_proj
time 15.27
========================================
time111111
26.980824947357178
layers[45].self_attn.k_proj
time 5.61
========================================
time111111
6.285739421844482
layers[45].self_attn.v_proj
time 5.54
========================================
time111111
6.387210369110107
layers[45].self_attn.q_proj
time 5.56
========================================
time111111
6.541723966598511
layers[45].self_attn.o_proj
time 5.17
========================================
time111111
7.462965488433838
layers[45].mlp.up_proj
time 6.37
========================================
time111111
8.95868706703186
layers[45].mlp.gate_proj
time 6.31
========================================
time111111
9.179742336273193
layers[45].mlp.down_proj
time 15.17
========================================
time111111
26.870788097381592
layers[46].self_attn.k_proj
time 5.57
========================================
time111111
6.243977069854736
layers[46].self_attn.v_proj
time 5.58
========================================
time111111
6.416265249252319
layers[46].self_attn.q_proj
time 5.55
========================================
time111111
6.514601945877075
layers[46].self_attn.o_proj
time 5.26
========================================
time111111
7.537007570266724
layers[46].mlp.up_proj
time 6.41
========================================
time111111
9.01446533203125
layers[46].mlp.gate_proj
time 6.37
========================================
time111111
9.243891716003418
layers[46].mlp.down_proj
time 15.10
========================================
time111111
26.803083896636963
layers[47].self_attn.k_proj
time 5.72
========================================
time111111
6.395923614501953
layers[47].self_attn.v_proj
time 5.53
========================================
time111111
6.366964817047119
layers[47].self_attn.q_proj
time 5.61
========================================
time111111
6.59222149848938
layers[47].self_attn.o_proj
time 5.19
========================================
time111111
7.471210718154907
layers[47].mlp.up_proj
time 6.39
========================================
time111111
8.976355075836182
layers[47].mlp.gate_proj
time 6.20
========================================
time111111
9.05342984199524
layers[47].mlp.down_proj
time 15.26
========================================
time111111
26.9549880027771
layers[48].self_attn.k_proj
time 5.59
========================================
time111111
6.261077880859375
layers[48].self_attn.v_proj
time 5.61
========================================
time111111
6.446429967880249
layers[48].self_attn.q_proj
time 5.39
========================================
time111111
6.346790313720703
layers[48].self_attn.o_proj
time 4.99
========================================
time111111
7.306924343109131
layers[48].mlp.up_proj
time 6.25
========================================
time111111
8.838804244995117
layers[48].mlp.gate_proj
time 6.33
========================================
time111111
9.187274932861328
layers[48].mlp.down_proj
time 15.39
========================================
time111111
27.086418628692627
layers[49].self_attn.k_proj
time 5.74
========================================
time111111
6.41553807258606
layers[49].self_attn.v_proj
time 5.54
========================================
time111111
6.3788816928863525
layers[49].self_attn.q_proj
time 5.60
========================================
time111111
6.582446575164795
layers[49].self_attn.o_proj
time 5.21
========================================
time111111
7.485855579376221
layers[49].mlp.up_proj
time 6.37
========================================
time111111
8.976372718811035
layers[49].mlp.gate_proj
time 6.46
========================================
time111111
9.3037109375
layers[49].mlp.down_proj
time 15.63
========================================
time111111
27.339696168899536
layers[50].self_attn.k_proj
time 5.49
========================================
time111111
6.166993856430054
layers[50].self_attn.v_proj
time 5.50
========================================
time111111
6.3311567306518555
layers[50].self_attn.q_proj
time 5.50
========================================
time111111
6.474501371383667
layers[50].self_attn.o_proj
time 5.07
========================================
time111111
7.366340398788452
layers[50].mlp.up_proj
time 6.23
========================================
time111111
8.83665132522583
layers[50].mlp.gate_proj
time 6.39
========================================
time111111
9.234968423843384
layers[50].mlp.down_proj
time 15.47
========================================
time111111
27.16870617866516
layers[51].self_attn.k_proj
time 5.56
========================================
time111111
6.233287811279297
layers[51].self_attn.v_proj
time 5.66
========================================
time111111
6.511144161224365
layers[51].self_attn.q_proj
time 5.52
========================================
time111111
6.4964728355407715
layers[51].self_attn.o_proj
time 5.19
========================================
time111111
7.47752833366394
layers[51].mlp.up_proj
time 6.38
========================================
time111111
8.95526933670044
layers[51].mlp.gate_proj
time 6.30
========================================
time111111
9.173280715942383
layers[51].mlp.down_proj
time 15.21
========================================
time111111
26.900425672531128
layers[52].self_attn.k_proj
time 5.54
========================================
time111111
6.208470106124878
layers[52].self_attn.v_proj
time 5.43
========================================
time111111
6.264777898788452
layers[52].self_attn.q_proj
time 5.33
========================================
time111111
6.277647256851196
layers[52].self_attn.o_proj
time 5.09
========================================
time111111
7.368683576583862
layers[52].mlp.up_proj
time 6.32
========================================
time111111
8.913150548934937
layers[52].mlp.gate_proj
time 6.42
========================================
time111111
9.264322280883789
layers[52].mlp.down_proj
time 15.30
========================================
time111111
26.98525595664978
layers[53].self_attn.k_proj
time 5.62
========================================
time111111
6.290592908859253
layers[53].self_attn.v_proj
time 5.60
========================================
time111111
6.453347682952881
layers[53].self_attn.q_proj
time 5.74
========================================
time111111
6.713776350021362
layers[53].self_attn.o_proj
time 5.04
========================================
time111111
7.334456920623779
layers[53].mlp.up_proj
time 6.36
========================================
time111111
8.96989917755127
layers[53].mlp.gate_proj
time 6.42
========================================
time111111
9.265105724334717
layers[53].mlp.down_proj
time 15.39
========================================
time111111
27.073912143707275
layers[54].self_attn.k_proj
time 5.59
========================================
time111111
6.266810417175293
layers[54].self_attn.v_proj
time 5.58
========================================
time111111
6.400903224945068
layers[54].self_attn.q_proj
time 5.55
========================================
time111111
6.509210109710693
layers[54].self_attn.o_proj
time 5.14
========================================
time111111
7.421763181686401
layers[54].mlp.up_proj
time 6.31
========================================
time111111
8.885159492492676
layers[54].mlp.gate_proj
time 6.35
========================================
time111111
9.19143009185791
layers[54].mlp.down_proj
time 15.36
========================================
time111111
27.06900405883789
layers[55].self_attn.k_proj
time 5.65
========================================
time111111
6.320384740829468
layers[55].self_attn.v_proj
time 5.50
========================================
time111111
6.333900213241577
layers[55].self_attn.q_proj
time 5.53
========================================
time111111
6.4998133182525635
layers[55].self_attn.o_proj
time 5.02
========================================
time111111
7.331259489059448
layers[55].mlp.up_proj
time 6.27
========================================
time111111
8.852872371673584
layers[55].mlp.gate_proj
time 6.38
========================================
time111111
9.231154680252075
layers[55].mlp.down_proj
time 15.10
========================================
time111111
26.805236101150513
layers[56].self_attn.k_proj
time 5.57
========================================
time111111
6.242230176925659
layers[56].self_attn.v_proj
time 5.57
========================================
time111111
6.425833702087402
layers[56].self_attn.q_proj
time 5.51
========================================
time111111
6.492300510406494
layers[56].self_attn.o_proj
time 5.08
========================================
time111111
7.38464617729187
layers[56].mlp.up_proj
time 6.32
========================================
time111111
8.917272329330444
layers[56].mlp.gate_proj
time 6.30
========================================
time111111
9.151804685592651
layers[56].mlp.down_proj
time 15.69
========================================
time111111
27.376356601715088
layers[57].self_attn.k_proj
time 5.61
========================================
time111111
6.281821012496948
layers[57].self_attn.v_proj
time 5.57
========================================
time111111
6.413877487182617
layers[57].self_attn.q_proj
time 5.60
========================================
time111111
6.572493076324463
layers[57].self_attn.o_proj
time 5.18
========================================
time111111
7.4677464962005615
layers[57].mlp.up_proj
time 6.26
========================================
time111111
8.863789796829224
layers[57].mlp.gate_proj
time 6.38
========================================
time111111
9.246646642684937
layers[57].mlp.down_proj
time 15.56
========================================
time111111
27.26684832572937
layers[58].self_attn.k_proj
time 5.55
========================================
time111111
6.2260191440582275
layers[58].self_attn.v_proj
time 5.48
========================================
time111111
6.306116104125977
layers[58].self_attn.q_proj
time 5.58
========================================
time111111
6.563953876495361
layers[58].self_attn.o_proj
time 5.18
========================================
time111111
7.460675477981567
layers[58].mlp.up_proj
time 6.29
========================================
time111111
8.862302541732788
layers[58].mlp.gate_proj
time 6.27
========================================
time111111
9.107102155685425
layers[58].mlp.down_proj
time 15.55
========================================
time111111
27.26313829421997
layers[59].self_attn.k_proj
time 5.68
========================================
time111111
6.355535507202148
layers[59].self_attn.v_proj
time 5.53
========================================
time111111
6.35403037071228
layers[59].self_attn.q_proj
time 5.60
========================================
time111111
6.572075128555298
layers[59].self_attn.o_proj
time 5.19
========================================
time111111
7.47676682472229
layers[59].mlp.up_proj
time 6.20
========================================
time111111
8.815211057662964
layers[59].mlp.gate_proj
time 6.25
========================================
time111111
9.093726396560669
layers[59].mlp.down_proj
time 15.02
========================================
time111111
26.731651306152344
4490.084794998169
wikitext2
Evaluating ...
0
1
2
3
4
5
6
7
8
9
10
11
12
13
14
15
16
17
18
19
20
21
22
23
24
25
26
27
28
29
30
31
32
33
34
35
36
37
38
39
40
41
42
43
44
45
46
47
48
49
50
51
52
53
54
55
56
57
58
59
4.575058460235596
ptb-new
Evaluating ...
0
1
2
3
4
5
6
7
8
9
10
11
12
13
14
15
16
17
18
19
20
21
22
23
24
25
26
27
28
29
30
31
32
33
34
35
36
37
38
39
40
41
42
43
44
45
46
47
48
49
50
51
52
53
54
55
56
57
58
59
24.538246154785156
c4-new
Evaluating ...
0
1
2
3
4
5
6
7
8
9
10
11
12
13
14
15
16
17
18
19
20
21
22
23
24
25
26
27
28
29
30
31
32
33
34
35
36
37
38
39
40
41
42
43
44
45
46
47
48
49
50
51
52
53
54
55
56
57
58
59
6.509098529815674
