CUDA extension not installed.
model over
data over
Starting ...
Ready.
layers[0].self_attn.k_proj
time 5.65
========================================
time111111
6.848920106887817
layers[0].self_attn.v_proj
time 5.39
========================================
time111111
6.255715370178223
layers[0].self_attn.q_proj
time 5.89
========================================
time111111
6.876924753189087
layers[0].self_attn.o_proj
time 5.14
========================================
time111111
7.45089054107666
layers[0].mlp.up_proj
time 6.66
========================================
time111111
9.25951337814331
layers[0].mlp.gate_proj
time 6.14
========================================
time111111
9.241855144500732
layers[0].mlp.down_proj
time 14.41
========================================
time111111
26.111152172088623
layers[1].self_attn.k_proj
time 5.50
========================================
time111111
6.176939010620117
layers[1].self_attn.v_proj
time 5.60
========================================
time111111
6.449402093887329
layers[1].self_attn.q_proj
time 5.37
========================================
time111111
6.340747117996216
layers[1].self_attn.o_proj
time 5.21
========================================
time111111
7.483898878097534
layers[1].mlp.up_proj
time 6.25
========================================
time111111
8.863556623458862
layers[1].mlp.gate_proj
time 6.33
========================================
time111111
9.200045108795166
layers[1].mlp.down_proj
time 15.07
========================================
time111111
26.791565656661987
layers[2].self_attn.k_proj
time 5.29
========================================
time111111
5.964641809463501
layers[2].self_attn.v_proj
time 5.17
========================================
time111111
6.074571132659912
layers[2].self_attn.q_proj
time 5.14
========================================
time111111
6.074463605880737
layers[2].self_attn.o_proj
time 5.08
========================================
time111111
7.369486570358276
layers[2].mlp.up_proj
time 6.24
========================================
time111111
8.82501745223999
layers[2].mlp.gate_proj
time 6.31
========================================
time111111
9.160199403762817
layers[2].mlp.down_proj
time 15.47
========================================
time111111
27.170052528381348
layers[3].self_attn.k_proj
time 5.69
========================================
time111111
6.366272687911987
layers[3].self_attn.v_proj
time 5.63
========================================
time111111
6.466148376464844
layers[3].self_attn.q_proj
time 5.24
========================================
time111111
6.194236993789673
layers[3].self_attn.o_proj
time 5.07
========================================
time111111
7.365515470504761
layers[3].mlp.up_proj
time 6.29
========================================
time111111
8.886451482772827
layers[3].mlp.gate_proj
time 6.26
========================================
time111111
9.134709596633911
layers[3].mlp.down_proj
time 14.51
========================================
time111111
26.219668865203857
layers[4].self_attn.k_proj
time 5.33
========================================
time111111
6.006736516952515
layers[4].self_attn.v_proj
time 5.36
========================================
time111111
6.183144569396973
layers[4].self_attn.q_proj
time 5.23
========================================
time111111
6.179972887039185
layers[4].self_attn.o_proj
time 5.13
========================================
time111111
7.429657697677612
layers[4].mlp.up_proj
time 6.20
========================================
time111111
8.811592817306519
layers[4].mlp.gate_proj
time 6.25
========================================
time111111
9.116454601287842
layers[4].mlp.down_proj
time 15.05
========================================
time111111
26.770978689193726
layers[5].self_attn.k_proj
time 5.38
========================================
time111111
6.056157112121582
layers[5].self_attn.v_proj
time 5.18
========================================
time111111
6.0252509117126465
layers[5].self_attn.q_proj
time 5.25
========================================
time111111
6.203450679779053
layers[5].self_attn.o_proj
time 5.04
========================================
time111111
7.321002006530762
layers[5].mlp.up_proj
time 6.24
========================================
time111111
8.891286134719849
layers[5].mlp.gate_proj
time 6.13
========================================
time111111
8.988703966140747
layers[5].mlp.down_proj
time 14.79
========================================
time111111
26.49705982208252
layers[6].self_attn.k_proj
time 5.41
========================================
time111111
6.084933519363403
layers[6].self_attn.v_proj
time 5.65
========================================
time111111
6.496293544769287
layers[6].self_attn.q_proj
time 5.33
========================================
time111111
6.290116548538208
layers[6].self_attn.o_proj
time 5.15
========================================
time111111
7.434311628341675
layers[6].mlp.up_proj
time 6.21
========================================
time111111
8.78867244720459
layers[6].mlp.gate_proj
time 6.26
========================================
time111111
9.11815333366394
layers[6].mlp.down_proj
time 14.81
========================================
time111111
26.51488494873047
layers[7].self_attn.k_proj
time 5.53
========================================
time111111
6.207160949707031
layers[7].self_attn.v_proj
time 5.51
========================================
time111111
6.355526685714722
layers[7].self_attn.q_proj
time 5.61
========================================
time111111
6.58337926864624
layers[7].self_attn.o_proj
time 5.06
========================================
time111111
7.352658033370972
layers[7].mlp.up_proj
time 6.13
========================================
time111111
8.724664211273193
layers[7].mlp.gate_proj
time 6.22
========================================
time111111
9.063866376876831
layers[7].mlp.down_proj
time 14.72
========================================
time111111
26.442569255828857
layers[8].self_attn.k_proj
time 5.44
========================================
time111111
6.113194465637207
layers[8].self_attn.v_proj
time 5.19
========================================
time111111
6.038144111633301
layers[8].self_attn.q_proj
time 5.15
========================================
time111111
6.114242792129517
layers[8].self_attn.o_proj
time 4.91
========================================
time111111
7.196959972381592
layers[8].mlp.up_proj
time 6.15
========================================
time111111
8.748900175094604
layers[8].mlp.gate_proj
time 6.18
========================================
time111111
9.023087978363037
layers[8].mlp.down_proj
time 14.47
========================================
time111111
26.172995805740356
layers[9].self_attn.k_proj
time 5.50
========================================
time111111
6.175949335098267
layers[9].self_attn.v_proj
time 5.21
========================================
time111111
6.035716772079468
layers[9].self_attn.q_proj
time 5.22
========================================
time111111
6.1649932861328125
layers[9].self_attn.o_proj
time 4.90
========================================
time111111
7.200536251068115
layers[9].mlp.up_proj
time 6.10
========================================
time111111
8.710209608078003
layers[9].mlp.gate_proj
time 6.33
========================================
time111111
9.189786911010742
layers[9].mlp.down_proj
time 15.08
========================================
time111111
26.782247304916382
layers[10].self_attn.k_proj
time 5.55
========================================
time111111
6.22735071182251
layers[10].self_attn.v_proj
time 5.38
========================================
time111111
6.196313858032227
layers[10].self_attn.q_proj
time 5.20
========================================
time111111
6.155390977859497
layers[10].self_attn.o_proj
time 4.91
========================================
time111111
7.211695194244385
layers[10].mlp.up_proj
time 6.20
========================================
time111111
8.794478416442871
layers[10].mlp.gate_proj
time 6.18
========================================
time111111
9.032330513000488
layers[10].mlp.down_proj
time 14.70
========================================
time111111
26.402543306350708
layers[11].self_attn.k_proj
time 5.19
========================================
time111111
5.860760450363159
layers[11].self_attn.v_proj
time 5.40
========================================
time111111
6.221555948257446
layers[11].self_attn.q_proj
time 5.38
========================================
time111111
6.327480792999268
layers[11].self_attn.o_proj
time 5.14
========================================
time111111
7.447246074676514
layers[11].mlp.up_proj
time 6.22
========================================
time111111
8.825879096984863
layers[11].mlp.gate_proj
time 6.24
========================================
time111111
9.102370500564575
layers[11].mlp.down_proj
time 15.22
========================================
time111111
26.942232131958008
layers[12].self_attn.k_proj
time 5.36
========================================
time111111
6.029849052429199
layers[12].self_attn.v_proj
time 5.53
========================================
time111111
6.362594127655029
layers[12].self_attn.q_proj
time 5.37
========================================
time111111
6.35258674621582
layers[12].self_attn.o_proj
time 4.67
========================================
time111111
6.965771675109863
layers[12].mlp.up_proj
time 6.23
========================================
time111111
8.827933073043823
layers[12].mlp.gate_proj
time 6.30
========================================
time111111
9.245978593826294
layers[12].mlp.down_proj
time 15.00
========================================
time111111
26.758661031723022
layers[13].self_attn.k_proj
time 5.37
========================================
time111111
6.045963764190674
layers[13].self_attn.v_proj
time 5.52
========================================
time111111
6.371486186981201
layers[13].self_attn.q_proj
time 5.25
========================================
time111111
6.212496519088745
layers[13].self_attn.o_proj
time 4.94
========================================
time111111
7.219454526901245
layers[13].mlp.up_proj
time 6.17
========================================
time111111
8.75203561782837
layers[13].mlp.gate_proj
time 6.21
========================================
time111111
9.06848931312561
layers[13].mlp.down_proj
time 15.12
========================================
time111111
26.840755939483643
layers[14].self_attn.k_proj
time 5.16
========================================
time111111
5.8293678760528564
layers[14].self_attn.v_proj
time 5.22
========================================
time111111
6.036247730255127
layers[14].self_attn.q_proj
time 5.52
========================================
time111111
6.467106342315674
layers[14].self_attn.o_proj
time 4.94
========================================
time111111
7.223411560058594
layers[14].mlp.up_proj
time 6.34
========================================
time111111
8.91384768486023
layers[14].mlp.gate_proj
time 6.24
========================================
time111111
9.115122079849243
layers[14].mlp.down_proj
time 15.00
========================================
time111111
26.71891474723816
layers[15].self_attn.k_proj
time 5.31
========================================
time111111
5.986998081207275
layers[15].self_attn.v_proj
time 5.44
========================================
time111111
6.293869733810425
layers[15].self_attn.q_proj
time 5.31
========================================
time111111
6.274125814437866
layers[15].self_attn.o_proj
time 5.14
========================================
time111111
7.430912256240845
layers[15].mlp.up_proj
time 6.19
========================================
time111111
8.771077394485474
layers[15].mlp.gate_proj
time 6.05
========================================
time111111
8.91055178642273
layers[15].mlp.down_proj
time 15.27
========================================
time111111
26.977373361587524
layers[16].self_attn.k_proj
time 5.41
========================================
time111111
6.078528881072998
layers[16].self_attn.v_proj
time 5.27
========================================
time111111
6.124616861343384
layers[16].self_attn.q_proj
time 5.43
========================================
time111111
6.392178058624268
layers[16].self_attn.o_proj
time 5.08
========================================
time111111
7.394873857498169
layers[16].mlp.up_proj
time 6.11
========================================
time111111
8.692583084106445
layers[16].mlp.gate_proj
time 6.27
========================================
time111111
9.1270272731781
layers[16].mlp.down_proj
time 15.31
========================================
time111111
27.02088689804077
layers[17].self_attn.k_proj
time 5.37
========================================
time111111
6.043364763259888
layers[17].self_attn.v_proj
time 5.52
========================================
time111111
6.352472305297852
layers[17].self_attn.q_proj
time 5.58
========================================
time111111
6.584867238998413
layers[17].self_attn.o_proj
time 4.70
========================================
time111111
7.018447637557983
layers[17].mlp.up_proj
time 6.10
========================================
time111111
8.707838535308838
layers[17].mlp.gate_proj
time 6.57
========================================
time111111
9.470536470413208
layers[17].mlp.down_proj
time 15.06
========================================
time111111
26.783918619155884
layers[18].self_attn.k_proj
time 5.37
========================================
time111111
6.0441343784332275
layers[18].self_attn.v_proj
time 5.30
========================================
time111111
6.150926113128662
layers[18].self_attn.q_proj
time 5.46
========================================
time111111
6.404097318649292
layers[18].self_attn.o_proj
time 4.80
========================================
time111111
7.096217632293701
layers[18].mlp.up_proj
time 6.05
========================================
time111111
8.623150110244751
layers[18].mlp.gate_proj
time 6.30
========================================
time111111
9.14443588256836
layers[18].mlp.down_proj
time 14.97
========================================
time111111
26.6972393989563
layers[19].self_attn.k_proj
time 5.36
========================================
time111111
6.035882472991943
layers[19].self_attn.v_proj
time 5.10
========================================
time111111
5.9479310512542725
layers[19].self_attn.q_proj
time 5.32
========================================
time111111
6.257152080535889
layers[19].self_attn.o_proj
time 4.89
========================================
time111111
7.166407108306885
layers[19].mlp.up_proj
time 6.29
========================================
time111111
8.8771493434906
layers[19].mlp.gate_proj
time 6.24
========================================
time111111
9.086819887161255
layers[19].mlp.down_proj
time 14.60
========================================
time111111
26.309456825256348
layers[20].self_attn.k_proj
time 5.44
========================================
time111111
6.117359638214111
layers[20].self_attn.v_proj
time 5.58
========================================
time111111
6.444073438644409
layers[20].self_attn.q_proj
time 5.29
========================================
time111111
6.2777605056762695
layers[20].self_attn.o_proj
time 5.11
========================================
time111111
7.412254095077515
layers[20].mlp.up_proj
time 6.24
========================================
time111111
8.859833002090454
layers[20].mlp.gate_proj
time 6.35
========================================
time111111
9.214126348495483
layers[20].mlp.down_proj
time 14.69
========================================
time111111
26.401036739349365
layers[21].self_attn.k_proj
time 5.27
========================================
time111111
5.939455032348633
layers[21].self_attn.v_proj
time 5.47
========================================
time111111
6.317460060119629
layers[21].self_attn.q_proj
time 5.39
========================================
time111111
6.350520610809326
layers[21].self_attn.o_proj
time 4.95
========================================
time111111
7.263914585113525
layers[21].mlp.up_proj
time 6.26
========================================
time111111
8.86185359954834
layers[21].mlp.gate_proj
time 6.28
========================================
time111111
9.146975994110107
layers[21].mlp.down_proj
time 14.44
========================================
time111111
26.150872468948364
layers[22].self_attn.k_proj
time 5.48
========================================
time111111
6.153183221817017
layers[22].self_attn.v_proj
time 5.23
========================================
time111111
6.063519239425659
layers[22].self_attn.q_proj
time 5.45
========================================
time111111
6.3950512409210205
layers[22].self_attn.o_proj
time 4.86
========================================
time111111
7.162958860397339
layers[22].mlp.up_proj
time 5.98
========================================
time111111
8.588131666183472
layers[22].mlp.gate_proj
time 6.19
========================================
time111111
9.034618139266968
layers[22].mlp.down_proj
time 15.28
========================================
time111111
26.98503851890564
layers[23].self_attn.k_proj
time 5.53
========================================
time111111
6.199876308441162
layers[23].self_attn.v_proj
time 5.04
========================================
time111111
5.879095077514648
layers[23].self_attn.q_proj
time 5.54
========================================
time111111
6.4807727336883545
layers[23].self_attn.o_proj
time 5.16
========================================
time111111
7.442579746246338
layers[23].mlp.up_proj
time 6.11
========================================
time111111
8.710737466812134
layers[23].mlp.gate_proj
time 6.39
========================================
time111111
9.242710590362549
layers[23].mlp.down_proj
time 15.06
========================================
time111111
26.786666870117188
layers[24].self_attn.k_proj
time 5.55
========================================
time111111
6.225098609924316
layers[24].self_attn.v_proj
time 5.37
========================================
time111111
6.215606927871704
layers[24].self_attn.q_proj
time 5.51
========================================
time111111
6.485596418380737
layers[24].self_attn.o_proj
time 5.19
========================================
time111111
7.488202810287476
layers[24].mlp.up_proj
time 6.25
========================================
time111111
8.839933156967163
layers[24].mlp.gate_proj
time 6.26
========================================
time111111
9.110365390777588
layers[24].mlp.down_proj
time 15.53
========================================
time111111
27.22989583015442
layers[25].self_attn.k_proj
time 5.45
========================================
time111111
6.120671033859253
layers[25].self_attn.v_proj
time 5.63
========================================
time111111
6.4714436531066895
layers[25].self_attn.q_proj
time 5.53
========================================
time111111
6.479802131652832
layers[25].self_attn.o_proj
time 5.38
========================================
time111111
7.668209791183472
layers[25].mlp.up_proj
time 6.24
========================================
time111111
8.84436845779419
layers[25].mlp.gate_proj
time 6.41
========================================
time111111
9.267723798751831
layers[25].mlp.down_proj
time 14.89
========================================
time111111
26.59281086921692
layers[26].self_attn.k_proj
time 5.71
========================================
time111111
6.386541128158569
layers[26].self_attn.v_proj
time 5.27
========================================
time111111
6.100630521774292
layers[26].self_attn.q_proj
time 5.70
========================================
time111111
6.66926908493042
layers[26].self_attn.o_proj
time 5.12
========================================
time111111
7.432875871658325
layers[26].mlp.up_proj
time 6.04
========================================
time111111
8.647708654403687
layers[26].mlp.gate_proj
time 6.06
========================================
time111111
8.911054134368896
layers[26].mlp.down_proj
time 15.92
========================================
time111111
27.62219738960266
layers[27].self_attn.k_proj
time 5.38
========================================
time111111
6.05332350730896
layers[27].self_attn.v_proj
time 5.67
========================================
time111111
6.5019426345825195
layers[27].self_attn.q_proj
time 5.30
========================================
time111111
6.251574993133545
layers[27].self_attn.o_proj
time 5.29
========================================
time111111
7.567193984985352
layers[27].mlp.up_proj
time 6.37
========================================
time111111
8.968954086303711
layers[27].mlp.gate_proj
time 6.35
========================================
time111111
9.225428104400635
layers[27].mlp.down_proj
time 15.23
========================================
time111111
26.979677200317383
layers[28].self_attn.k_proj
time 5.48
========================================
time111111
6.153969764709473
layers[28].self_attn.v_proj
time 5.32
========================================
time111111
6.166112661361694
layers[28].self_attn.q_proj
time 5.76
========================================
time111111
6.710998058319092
layers[28].self_attn.o_proj
time 5.31
========================================
time111111
7.5906360149383545
layers[28].mlp.up_proj
time 6.61
========================================
time111111
9.201582908630371
layers[28].mlp.gate_proj
time 6.48
========================================
time111111
9.352725267410278
layers[28].mlp.down_proj
time 14.95
========================================
time111111
26.652239322662354
layers[29].self_attn.k_proj
time 5.55
========================================
time111111
6.228196144104004
layers[29].self_attn.v_proj
time 5.47
========================================
time111111
6.3186936378479
layers[29].self_attn.q_proj
time 5.35
========================================
time111111
6.291903734207153
layers[29].self_attn.o_proj
time 5.03
========================================
time111111
7.327441930770874
layers[29].mlp.up_proj
time 6.31
========================================
time111111
8.905292749404907
layers[29].mlp.gate_proj
time 6.04
========================================
time111111
8.884427070617676
layers[29].mlp.down_proj
time 15.03
========================================
time111111
26.72520136833191
layers[30].self_attn.k_proj
time 5.35
========================================
time111111
6.0186543464660645
layers[30].self_attn.v_proj
time 5.40
========================================
time111111
6.223123550415039
layers[30].self_attn.q_proj
time 5.14
========================================
time111111
6.094341039657593
layers[30].self_attn.o_proj
time 4.80
========================================
time111111
7.06895637512207
layers[30].mlp.up_proj
time 6.10
========================================
time111111
8.697198629379272
layers[30].mlp.gate_proj
time 6.13
========================================
time111111
8.986747741699219
layers[30].mlp.down_proj
time 14.61
========================================
time111111
26.304160118103027
layers[31].self_attn.k_proj
time 5.41
========================================
time111111
6.083100080490112
layers[31].self_attn.v_proj
time 5.18
========================================
time111111
6.034632921218872
layers[31].self_attn.q_proj
time 5.15
========================================
time111111
6.11368203163147
layers[31].self_attn.o_proj
time 4.86
========================================
time111111
7.156769275665283
layers[31].mlp.up_proj
time 6.21
========================================
time111111
8.793652772903442
layers[31].mlp.gate_proj
time 6.12
========================================
time111111
8.971965789794922
layers[31].mlp.down_proj
time 14.62
========================================
time111111
26.32745885848999
layers[32].self_attn.k_proj
time 5.61
========================================
time111111
6.2840235233306885
layers[32].self_attn.v_proj
time 5.75
========================================
time111111
6.586220979690552
layers[32].self_attn.q_proj
time 5.33
========================================
time111111
6.306622505187988
layers[32].self_attn.o_proj
time 5.09
========================================
time111111
7.3821961879730225
layers[32].mlp.up_proj
time 6.41
========================================
time111111
9.017722129821777
layers[32].mlp.gate_proj
time 6.34
========================================
time111111
9.216030597686768
layers[32].mlp.down_proj
time 14.85
========================================
time111111
26.54868197441101
layers[33].self_attn.k_proj
time 5.43
========================================
time111111
6.101587295532227
layers[33].self_attn.v_proj
time 5.37
========================================
time111111
6.229006052017212
layers[33].self_attn.q_proj
time 5.38
========================================
time111111
6.355300188064575
layers[33].self_attn.o_proj
time 4.95
========================================
time111111
7.239733934402466
layers[33].mlp.up_proj
time 6.15
========================================
time111111
8.737280130386353
layers[33].mlp.gate_proj
time 6.11
========================================
time111111
8.971827745437622
layers[33].mlp.down_proj
time 14.81
========================================
time111111
26.521140098571777
layers[34].self_attn.k_proj
time 5.32
========================================
time111111
5.9915900230407715
layers[34].self_attn.v_proj
time 5.25
========================================
time111111
6.090977191925049
layers[34].self_attn.q_proj
time 5.18
========================================
time111111
6.126233100891113
layers[34].self_attn.o_proj
time 4.92
========================================
time111111
7.226673364639282
layers[34].mlp.up_proj
time 6.06
========================================
time111111
8.6608726978302
layers[34].mlp.gate_proj
time 6.14
========================================
time111111
9.00578236579895
layers[34].mlp.down_proj
time 14.87
========================================
time111111
26.5714111328125
layers[35].self_attn.k_proj
time 5.46
========================================
time111111
6.137730121612549
layers[35].self_attn.v_proj
time 5.29
========================================
time111111
6.119007110595703
layers[35].self_attn.q_proj
time 5.74
========================================
time111111
6.7122437953948975
layers[35].self_attn.o_proj
time 5.14
========================================
time111111
7.4302427768707275
layers[35].mlp.up_proj
time 6.25
========================================
time111111
8.843951225280762
layers[35].mlp.gate_proj
time 6.30
========================================
time111111
9.160778999328613
layers[35].mlp.down_proj
time 15.16
========================================
time111111
26.861450910568237
layers[36].self_attn.k_proj
time 5.56
========================================
time111111
6.23070764541626
layers[36].self_attn.v_proj
time 5.67
========================================
time111111
6.514140844345093
layers[36].self_attn.q_proj
time 5.53
========================================
time111111
6.477272033691406
layers[36].self_attn.o_proj
time 5.13
========================================
time111111
7.41567850112915
layers[36].mlp.up_proj
time 6.39
========================================
time111111
8.966923713684082
layers[36].mlp.gate_proj
time 6.19
========================================
time111111
9.064728736877441
layers[36].mlp.down_proj
time 14.91
========================================
time111111
26.626704931259155
layers[37].self_attn.k_proj
time 5.39
========================================
time111111
6.067633628845215
layers[37].self_attn.v_proj
time 5.37
========================================
time111111
6.202852725982666
layers[37].self_attn.q_proj
time 5.39
========================================
time111111
6.363240957260132
layers[37].self_attn.o_proj
time 5.05
========================================
time111111
7.331644058227539
layers[37].mlp.up_proj
time 6.24
========================================
time111111
8.849703550338745
layers[37].mlp.gate_proj
time 6.27
========================================
time111111
9.131154537200928
layers[37].mlp.down_proj
time 15.14
========================================
time111111
26.852190732955933
layers[38].self_attn.k_proj
time 5.47
========================================
time111111
6.141967058181763
layers[38].self_attn.v_proj
time 5.48
========================================
time111111
6.299625396728516
layers[38].self_attn.q_proj
time 5.31
========================================
time111111
6.287923097610474
layers[38].self_attn.o_proj
time 4.84
========================================
time111111
7.15160346031189
layers[38].mlp.up_proj
time 6.20
========================================
time111111
8.774625301361084
layers[38].mlp.gate_proj
time 6.30
========================================
time111111
9.164422273635864
layers[38].mlp.down_proj
time 14.80
========================================
time111111
26.53730797767639
layers[39].self_attn.k_proj
time 5.29
========================================
time111111
5.964917898178101
layers[39].self_attn.v_proj
time 5.40
========================================
time111111
6.24250602722168
layers[39].self_attn.q_proj
time 5.41
========================================
time111111
6.380302429199219
layers[39].self_attn.o_proj
time 4.95
========================================
time111111
7.269725561141968
layers[39].mlp.up_proj
time 6.10
========================================
time111111
8.709718942642212
layers[39].mlp.gate_proj
time 6.27
========================================
time111111
9.122886419296265
layers[39].mlp.down_proj
time 14.92
========================================
time111111
26.62325620651245
layers[40].self_attn.k_proj
time 5.49
========================================
time111111
6.161648511886597
layers[40].self_attn.v_proj
time 5.40
========================================
time111111
6.259263038635254
layers[40].self_attn.q_proj
time 5.21
========================================
time111111
6.190531253814697
layers[40].self_attn.o_proj
time 4.81
========================================
time111111
7.088832378387451
layers[40].mlp.up_proj
time 6.24
========================================
time111111
8.843341588973999
layers[40].mlp.gate_proj
time 6.40
========================================
time111111
9.270765781402588
layers[40].mlp.down_proj
time 14.85
========================================
time111111
26.574570417404175
layers[41].self_attn.k_proj
time 5.58
========================================
time111111
6.254587650299072
layers[41].self_attn.v_proj
time 5.10
========================================
time111111
5.926061391830444
layers[41].self_attn.q_proj
time 5.44
========================================
time111111
6.412000894546509
layers[41].self_attn.o_proj
time 5.08
========================================
time111111
7.371716737747192
layers[41].mlp.up_proj
time 6.14
========================================
time111111
8.72707462310791
layers[41].mlp.gate_proj
time 6.29
========================================
time111111
9.135863304138184
layers[41].mlp.down_proj
time 14.91
========================================
time111111
26.6307852268219
layers[42].self_attn.k_proj
time 5.41
========================================
time111111
6.080295562744141
layers[42].self_attn.v_proj
time 5.34
========================================
time111111
6.178069114685059
layers[42].self_attn.q_proj
time 5.36
========================================
time111111
6.314581871032715
layers[42].self_attn.o_proj
time 5.10
========================================
time111111
7.402786731719971
layers[42].mlp.up_proj
time 6.30
========================================
time111111
8.877784967422485
layers[42].mlp.gate_proj
time 6.10
========================================
time111111
8.960866928100586
layers[42].mlp.down_proj
time 14.87
========================================
time111111
26.576953411102295
layers[43].self_attn.k_proj
time 5.43
========================================
time111111
6.10688042640686
layers[43].self_attn.v_proj
time 5.53
========================================
time111111
6.389302492141724
layers[43].self_attn.q_proj
time 5.49
========================================
time111111
6.449505090713501
layers[43].self_attn.o_proj
time 5.05
========================================
time111111
7.344373941421509
layers[43].mlp.up_proj
time 5.96
========================================
time111111
8.589451789855957
layers[43].mlp.gate_proj
time 6.16
========================================
time111111
9.017173528671265
layers[43].mlp.down_proj
time 14.82
========================================
time111111
26.521708488464355
layers[44].self_attn.k_proj
time 5.37
========================================
time111111
6.048633813858032
layers[44].self_attn.v_proj
time 5.38
========================================
time111111
6.223676919937134
layers[44].self_attn.q_proj
time 5.46
========================================
time111111
6.419047117233276
layers[44].self_attn.o_proj
time 5.14
========================================
time111111
7.424449920654297
layers[44].mlp.up_proj
time 6.23
========================================
time111111
8.813249588012695
layers[44].mlp.gate_proj
time 6.18
========================================
time111111
9.03099536895752
layers[44].mlp.down_proj
time 14.86
========================================
time111111
26.57287073135376
layers[45].self_attn.k_proj
time 5.42
========================================
time111111
6.097081899642944
layers[45].self_attn.v_proj
time 5.27
========================================
time111111
6.126672983169556
layers[45].self_attn.q_proj
time 5.25
========================================
time111111
6.203885555267334
layers[45].self_attn.o_proj
time 4.84
========================================
time111111
7.13325047492981
layers[45].mlp.up_proj
time 6.23
========================================
time111111
8.81348204612732
layers[45].mlp.gate_proj
time 6.25
========================================
time111111
9.101338386535645
layers[45].mlp.down_proj
time 14.79
========================================
time111111
26.49115824699402
layers[46].self_attn.k_proj
time 5.55
========================================
time111111
6.2263023853302
layers[46].self_attn.v_proj
time 5.59
========================================
time111111
6.410674095153809
layers[46].self_attn.q_proj
time 5.41
========================================
time111111
6.364503622055054
layers[46].self_attn.o_proj
time 4.97
========================================
time111111
7.278615713119507
layers[46].mlp.up_proj
time 6.25
========================================
time111111
8.845625877380371
layers[46].mlp.gate_proj
time 6.15
========================================
time111111
9.008475303649902
layers[46].mlp.down_proj
time 15.00
========================================
time111111
26.71647357940674
layers[47].self_attn.k_proj
time 5.38
========================================
time111111
6.053111553192139
layers[47].self_attn.v_proj
time 5.22
========================================
time111111
6.065444469451904
layers[47].self_attn.q_proj
time 5.32
========================================
time111111
6.272517919540405
layers[47].self_attn.o_proj
time 5.04
========================================
time111111
7.331327199935913
layers[47].mlp.up_proj
time 6.25
========================================
time111111
8.864856004714966
layers[47].mlp.gate_proj
time 6.30
========================================
time111111
9.166232347488403
layers[47].mlp.down_proj
time 14.70
========================================
time111111
26.401691675186157
layers[48].self_attn.k_proj
time 5.36
========================================
time111111
6.034543991088867
layers[48].self_attn.v_proj
time 5.38
========================================
time111111
6.2228991985321045
layers[48].self_attn.q_proj
time 5.51
========================================
time111111
6.4562294483184814
layers[48].self_attn.o_proj
time 5.00
========================================
time111111
7.284921169281006
layers[48].mlp.up_proj
time 6.18
========================================
time111111
8.792435646057129
layers[48].mlp.gate_proj
time 6.14
========================================
time111111
8.978700876235962
layers[48].mlp.down_proj
time 14.29
========================================
time111111
26.002146005630493
layers[49].self_attn.k_proj
time 5.38
========================================
time111111
6.05133318901062
layers[49].self_attn.v_proj
time 5.37
========================================
time111111
6.2203288078308105
layers[49].self_attn.q_proj
time 5.22
========================================
time111111
6.202795743942261
layers[49].self_attn.o_proj
time 5.03
========================================
time111111
7.311047077178955
layers[49].mlp.up_proj
time 6.35
========================================
time111111
8.963328123092651
layers[49].mlp.gate_proj
time 6.36
========================================
time111111
9.209175825119019
layers[49].mlp.down_proj
time 14.47
========================================
time111111
26.180157899856567
layers[50].self_attn.k_proj
time 5.46
========================================
time111111
6.1280694007873535
layers[50].self_attn.v_proj
time 5.82
========================================
time111111
6.670698165893555
layers[50].self_attn.q_proj
time 5.37
========================================
time111111
6.334335565567017
layers[50].self_attn.o_proj
time 4.78
========================================
time111111
7.067030429840088
layers[50].mlp.up_proj
time 6.17
========================================
time111111
8.77269721031189
layers[50].mlp.gate_proj
time 6.28
========================================
time111111
9.130025863647461
layers[50].mlp.down_proj
time 14.94
========================================
time111111
26.663219451904297
layers[51].self_attn.k_proj
time 5.25
========================================
time111111
5.92195200920105
layers[51].self_attn.v_proj
time 5.47
========================================
time111111
6.30123233795166
layers[51].self_attn.q_proj
time 5.45
========================================
time111111
6.399202585220337
layers[51].self_attn.o_proj
time 4.90
========================================
time111111
7.187641620635986
layers[51].mlp.up_proj
time 6.25
========================================
time111111
8.84779953956604
layers[51].mlp.gate_proj
time 6.30
========================================
time111111
9.167969465255737
layers[51].mlp.down_proj
time 14.63
========================================
time111111
26.328716039657593
layers[52].self_attn.k_proj
time 5.31
========================================
time111111
5.9842023849487305
layers[52].self_attn.v_proj
time 5.55
========================================
time111111
6.390541076660156
layers[52].self_attn.q_proj
time 5.65
========================================
time111111
6.63220477104187
layers[52].self_attn.o_proj
time 5.30
========================================
time111111
7.608010292053223
layers[52].mlp.up_proj
time 6.54
========================================
time111111
9.127323627471924
layers[52].mlp.gate_proj
time 6.18
========================================
time111111
9.058630228042603
layers[52].mlp.down_proj
time 15.15
========================================
time111111
26.869879245758057
layers[53].self_attn.k_proj
time 5.23
========================================
time111111
5.90226674079895
layers[53].self_attn.v_proj
time 5.38
========================================
time111111
6.229574680328369
layers[53].self_attn.q_proj
time 5.26
========================================
time111111
6.237436771392822
layers[53].self_attn.o_proj
time 5.04
========================================
time111111
7.352018356323242
layers[53].mlp.up_proj
time 6.19
========================================
time111111
8.76746678352356
layers[53].mlp.gate_proj
time 6.13
========================================
time111111
8.991659164428711
layers[53].mlp.down_proj
time 14.58
========================================
time111111
26.279682397842407
layers[54].self_attn.k_proj
time 5.31
========================================
time111111
5.985722780227661
layers[54].self_attn.v_proj
time 5.37
========================================
time111111
6.205024719238281
layers[54].self_attn.q_proj
time 5.55
========================================
time111111
6.524250507354736
layers[54].self_attn.o_proj
time 4.98
========================================
time111111
7.2653563022613525
layers[54].mlp.up_proj
time 6.26
========================================
time111111
8.842046022415161
layers[54].mlp.gate_proj
time 6.53
========================================
time111111
9.37689995765686
layers[54].mlp.down_proj
time 15.08
========================================
time111111
26.809807062149048
layers[55].self_attn.k_proj
time 5.56
========================================
time111111
6.228787660598755
layers[55].self_attn.v_proj
time 5.67
========================================
time111111
6.5052971839904785
layers[55].self_attn.q_proj
time 5.37
========================================
time111111
6.336892127990723
layers[55].self_attn.o_proj
time 5.03
========================================
time111111
7.334446430206299
layers[55].mlp.up_proj
time 6.25
========================================
time111111
8.837031602859497
layers[55].mlp.gate_proj
time 6.16
========================================
time111111
9.008223056793213
layers[55].mlp.down_proj
time 15.07
========================================
time111111
26.783477544784546
layers[56].self_attn.k_proj
time 5.31
========================================
time111111
5.981209754943848
layers[56].self_attn.v_proj
time 5.25
========================================
time111111
6.083187103271484
layers[56].self_attn.q_proj
time 5.28
========================================
time111111
6.228037595748901
layers[56].self_attn.o_proj
time 5.09
========================================
time111111
7.373674154281616
layers[56].mlp.up_proj
time 6.20
========================================
time111111
8.80573034286499
layers[56].mlp.gate_proj
time 6.24
========================================
time111111
9.109508991241455
layers[56].mlp.down_proj
time 15.02
========================================
time111111
26.73657202720642
layers[57].self_attn.k_proj
time 5.24
========================================
time111111
5.908797264099121
layers[57].self_attn.v_proj
time 5.10
========================================
time111111
5.9381279945373535
layers[57].self_attn.q_proj
time 5.43
========================================
time111111
6.386719703674316
layers[57].self_attn.o_proj
time 5.02
========================================
time111111
7.322817087173462
layers[57].mlp.up_proj
time 6.38
========================================
time111111
8.969927549362183
layers[57].mlp.gate_proj
time 6.43
========================================
time111111
9.292163133621216
layers[57].mlp.down_proj
time 14.82
========================================
time111111
26.541779041290283
layers[58].self_attn.k_proj
time 5.54
========================================
time111111
6.213558912277222
layers[58].self_attn.v_proj
time 5.12
========================================
time111111
5.964226722717285
layers[58].self_attn.q_proj
time 5.63
========================================
time111111
6.584115028381348
layers[58].self_attn.o_proj
time 4.92
========================================
time111111
7.201020002365112
layers[58].mlp.up_proj
time 6.34
========================================
time111111
8.927577495574951
layers[58].mlp.gate_proj
time 6.17
========================================
time111111
9.015896320343018
layers[58].mlp.down_proj
time 15.26
========================================
time111111
26.969627380371094
layers[59].self_attn.k_proj
time 5.52
========================================
time111111
6.198623895645142
layers[59].self_attn.v_proj
time 5.19
========================================
time111111
6.01354193687439
layers[59].self_attn.q_proj
time 5.45
========================================
time111111
6.405291795730591
layers[59].self_attn.o_proj
time 5.09
========================================
time111111
7.401018381118774
layers[59].mlp.up_proj
time 6.18
========================================
time111111
8.797771692276001
layers[59].mlp.gate_proj
time 6.39
========================================
time111111
9.238353729248047
layers[59].mlp.down_proj
time 15.55
========================================
time111111
27.26292324066162
4417.624351501465
wikitext2
Evaluating ...
0
1
2
3
4
5
6
7
8
9
10
11
12
13
14
15
16
17
18
19
20
21
22
23
24
25
26
27
28
29
30
31
32
33
34
35
36
37
38
39
40
41
42
43
44
45
46
47
48
49
50
51
52
53
54
55
56
57
58
59
4.214208602905273
ptb-new
Evaluating ...
0
1
2
3
4
5
6
7
8
9
10
11
12
13
14
15
16
17
18
19
20
21
22
23
24
25
26
27
28
29
30
31
32
33
34
35
36
37
38
39
40
41
42
43
44
45
46
47
48
49
50
51
52
53
54
55
56
57
58
59
23.882648468017578
c4-new
Evaluating ...
0
1
2
3
4
5
6
7
8
9
10
11
12
13
14
15
16
17
18
19
20
21
22
23
24
25
26
27
28
29
30
31
32
33
34
35
36
37
38
39
40
41
42
43
44
45
46
47
48
49
50
51
52
53
54
55
56
57
58
59
6.218907833099365
