CUDA extension not installed.
model over
data over
Starting ...
Ready.
layers[0].self_attn.k_proj
time 7.78
========================================
time111111
10.587549686431885
layers[0].self_attn.v_proj
time 6.89
========================================
time111111
8.24387001991272
layers[0].self_attn.q_proj
time 6.86
========================================
time111111
8.490245342254639
layers[0].self_attn.o_proj
time 6.28
========================================
time111111
9.638387203216553
layers[0].mlp.up_proj
time 8.18
========================================
time111111
11.953381299972534
layers[0].mlp.gate_proj
time 8.25
========================================
time111111
12.452685117721558
layers[0].mlp.down_proj
time 19.64
========================================
time111111
37.511934757232666
layers[1].self_attn.k_proj
time 7.03
========================================
time111111
8.031106948852539
layers[1].self_attn.v_proj
time 6.81
========================================
time111111
8.166599750518799
layers[1].self_attn.q_proj
time 6.71
========================================
time111111
8.298885583877563
layers[1].self_attn.o_proj
time 6.19
========================================
time111111
9.520936489105225
layers[1].mlp.up_proj
time 8.30
========================================
time111111
12.073739051818848
layers[1].mlp.gate_proj
time 8.22
========================================
time111111
12.425798177719116
layers[1].mlp.down_proj
time 19.78
========================================
time111111
37.64345145225525
layers[2].self_attn.k_proj
time 6.79
========================================
time111111
7.794851064682007
layers[2].self_attn.v_proj
time 6.92
========================================
time111111
8.254502296447754
layers[2].self_attn.q_proj
time 6.76
========================================
time111111
8.381882667541504
layers[2].self_attn.o_proj
time 6.27
========================================
time111111
9.598353862762451
layers[2].mlp.up_proj
time 8.26
========================================
time111111
12.016972064971924
layers[2].mlp.gate_proj
time 8.30
========================================
time111111
12.506165981292725
layers[2].mlp.down_proj
time 19.84
========================================
time111111
37.7286639213562
layers[3].self_attn.k_proj
time 7.02
========================================
time111111
8.015020608901978
layers[3].self_attn.v_proj
time 6.79
========================================
time111111
8.13858699798584
layers[3].self_attn.q_proj
time 6.69
========================================
time111111
8.282496452331543
layers[3].self_attn.o_proj
time 6.30
========================================
time111111
9.62738585472107
layers[3].mlp.up_proj
time 8.18
========================================
time111111
11.932209968566895
layers[3].mlp.gate_proj
time 8.17
========================================
time111111
12.35545563697815
layers[3].mlp.down_proj
time 19.52
========================================
time111111
37.38837647438049
layers[4].self_attn.k_proj
time 6.94
========================================
time111111
7.938411235809326
layers[4].self_attn.v_proj
time 6.93
========================================
time111111
8.276977777481079
layers[4].self_attn.q_proj
time 6.73
========================================
time111111
8.35079836845398
layers[4].self_attn.o_proj
time 6.31
========================================
time111111
9.646307706832886
layers[4].mlp.up_proj
time 8.27
========================================
time111111
12.02640151977539
layers[4].mlp.gate_proj
time 8.27
========================================
time111111
12.477168798446655
layers[4].mlp.down_proj
time 19.48
========================================
time111111
37.371729612350464
layers[5].self_attn.k_proj
time 6.69
========================================
time111111
7.6865620613098145
layers[5].self_attn.v_proj
time 7.04
========================================
time111111
8.362199544906616
layers[5].self_attn.q_proj
time 6.85
========================================
time111111
8.47644829750061
layers[5].self_attn.o_proj
time 6.19
========================================
time111111
9.559165239334106
layers[5].mlp.up_proj
time 8.17
========================================
time111111
11.918493032455444
layers[5].mlp.gate_proj
time 8.17
========================================
time111111
12.365713834762573
layers[5].mlp.down_proj
time 19.41
========================================
time111111
37.28594422340393
layers[6].self_attn.k_proj
time 7.06
========================================
time111111
8.056497573852539
layers[6].self_attn.v_proj
time 6.97
========================================
time111111
8.30310320854187
layers[6].self_attn.q_proj
time 6.85
========================================
time111111
8.445157527923584
layers[6].self_attn.o_proj
time 6.24
========================================
time111111
9.578824281692505
layers[6].mlp.up_proj
time 8.23
========================================
time111111
11.988629341125488
layers[6].mlp.gate_proj
time 8.22
========================================
time111111
12.425389051437378
layers[6].mlp.down_proj
time 19.77
========================================
time111111
37.647953748703
layers[7].self_attn.k_proj
time 7.08
========================================
time111111
8.075200319290161
layers[7].self_attn.v_proj
time 6.98
========================================
time111111
8.329267978668213
layers[7].self_attn.q_proj
time 6.91
========================================
time111111
8.510448455810547
layers[7].self_attn.o_proj
time 6.36
========================================
time111111
9.694679021835327
layers[7].mlp.up_proj
time 8.32
========================================
time111111
12.098577976226807
layers[7].mlp.gate_proj
time 8.37
========================================
time111111
12.570813417434692
layers[7].mlp.down_proj
time 19.32
========================================
time111111
37.18372654914856
layers[8].self_attn.k_proj
time 7.11
========================================
time111111
8.115401983261108
layers[8].self_attn.v_proj
time 6.87
========================================
time111111
8.194540739059448
layers[8].self_attn.q_proj
time 6.74
========================================
time111111
8.343029260635376
layers[8].self_attn.o_proj
time 6.28
========================================
time111111
9.626815795898438
layers[8].mlp.up_proj
time 8.18
========================================
time111111
11.92526888847351
layers[8].mlp.gate_proj
time 8.34
========================================
time111111
12.540162563323975
layers[8].mlp.down_proj
time 19.36
========================================
time111111
37.26304817199707
layers[9].self_attn.k_proj
time 7.06
========================================
time111111
8.057595491409302
layers[9].self_attn.v_proj
time 6.83
========================================
time111111
8.162700891494751
layers[9].self_attn.q_proj
time 6.74
========================================
time111111
8.36461067199707
layers[9].self_attn.o_proj
time 6.21
========================================
time111111
9.545947790145874
layers[9].mlp.up_proj
time 8.35
========================================
time111111
12.12185025215149
layers[9].mlp.gate_proj
time 8.28
========================================
time111111
12.485260486602783
layers[9].mlp.down_proj
time 19.84
========================================
time111111
37.72514367103577
layers[10].self_attn.k_proj
time 7.04
========================================
time111111
8.04407024383545
layers[10].self_attn.v_proj
time 6.95
========================================
time111111
8.294648885726929
layers[10].self_attn.q_proj
time 6.89
========================================
time111111
8.488060712814331
layers[10].self_attn.o_proj
time 6.33
========================================
time111111
9.67014765739441
layers[10].mlp.up_proj
time 8.31
========================================
time111111
12.059723138809204
layers[10].mlp.gate_proj
time 8.19
========================================
time111111
12.394860982894897
layers[10].mlp.down_proj
time 19.82
========================================
time111111
37.73848843574524
layers[11].self_attn.k_proj
time 7.00
========================================
time111111
7.999095678329468
layers[11].self_attn.v_proj
time 6.95
========================================
time111111
8.2729651927948
layers[11].self_attn.q_proj
time 6.73
========================================
time111111
8.327412128448486
layers[11].self_attn.o_proj
time 6.08
========================================
time111111
9.441622734069824
layers[11].mlp.up_proj
time 8.37
========================================
time111111
12.135106563568115
layers[11].mlp.gate_proj
time 8.18
========================================
time111111
12.383384466171265
layers[11].mlp.down_proj
time 19.78
========================================
time111111
37.638492822647095
layers[12].self_attn.k_proj
time 7.00
========================================
time111111
7.99918794631958
layers[12].self_attn.v_proj
time 6.99
========================================
time111111
8.31686782836914
layers[12].self_attn.q_proj
time 7.00
========================================
time111111
8.628138065338135
layers[12].self_attn.o_proj
time 6.32
========================================
time111111
9.696605682373047
layers[12].mlp.up_proj
time 8.49
========================================
time111111
12.265777587890625
layers[12].mlp.gate_proj
time 8.42
========================================
time111111
12.634173393249512
layers[12].mlp.down_proj
time 19.36
========================================
time111111
37.236644983291626
layers[13].self_attn.k_proj
time 7.01
========================================
time111111
8.009692192077637
layers[13].self_attn.v_proj
time 6.80
========================================
time111111
8.139070987701416
layers[13].self_attn.q_proj
time 6.82
========================================
time111111
8.413802146911621
layers[13].self_attn.o_proj
time 6.16
========================================
time111111
9.500892162322998
layers[13].mlp.up_proj
time 8.20
========================================
time111111
11.946852922439575
layers[13].mlp.gate_proj
time 8.26
========================================
time111111
12.461451530456543
layers[13].mlp.down_proj
time 19.81
========================================
time111111
37.69454026222229
layers[14].self_attn.k_proj
time 6.92
========================================
time111111
7.914562463760376
layers[14].self_attn.v_proj
time 6.80
========================================
time111111
8.145580291748047
layers[14].self_attn.q_proj
time 6.78
========================================
time111111
8.376304864883423
layers[14].self_attn.o_proj
time 6.20
========================================
time111111
9.56278944015503
layers[14].mlp.up_proj
time 8.16
========================================
time111111
11.90288496017456
layers[14].mlp.gate_proj
time 8.19
========================================
time111111
12.398921012878418
layers[14].mlp.down_proj
time 19.77
========================================
time111111
37.65923285484314
layers[15].self_attn.k_proj
time 7.10
========================================
time111111
8.098886728286743
layers[15].self_attn.v_proj
time 6.75
========================================
time111111
8.08816123008728
layers[15].self_attn.q_proj
time 6.78
========================================
time111111
8.380744457244873
layers[15].self_attn.o_proj
time 6.18
========================================
time111111
9.53537893295288
layers[15].mlp.up_proj
time 8.30
========================================
time111111
12.04422378540039
layers[15].mlp.gate_proj
time 8.35
========================================
time111111
12.546456336975098
layers[15].mlp.down_proj
time 19.31
========================================
time111111
37.17087769508362
layers[16].self_attn.k_proj
time 6.93
========================================
time111111
7.926478147506714
layers[16].self_attn.v_proj
time 6.83
========================================
time111111
8.165584325790405
layers[16].self_attn.q_proj
time 6.76
========================================
time111111
8.379716396331787
layers[16].self_attn.o_proj
time 6.31
========================================
time111111
9.652188539505005
layers[16].mlp.up_proj
time 8.34
========================================
time111111
12.091165781021118
layers[16].mlp.gate_proj
time 8.36
========================================
time111111
12.55873703956604
layers[16].mlp.down_proj
time 19.55
========================================
time111111
37.42722797393799
layers[17].self_attn.k_proj
time 7.19
========================================
time111111
8.189690351486206
layers[17].self_attn.v_proj
time 6.98
========================================
time111111
8.333898067474365
layers[17].self_attn.q_proj
time 6.87
========================================
time111111
8.488531351089478
layers[17].self_attn.o_proj
time 6.34
========================================
time111111
9.688692331314087
layers[17].mlp.up_proj
time 8.26
========================================
time111111
12.025060892105103
layers[17].mlp.gate_proj
time 8.36
========================================
time111111
12.563174724578857
layers[17].mlp.down_proj
time 19.89
========================================
time111111
37.75380492210388
layers[18].self_attn.k_proj
time 7.12
========================================
time111111
8.11760950088501
layers[18].self_attn.v_proj
time 6.98
========================================
time111111
8.336295127868652
layers[18].self_attn.q_proj
time 6.88
========================================
time111111
8.485294580459595
layers[18].self_attn.o_proj
time 6.36
========================================
time111111
9.696248292922974
layers[18].mlp.up_proj
time 8.32
========================================
time111111
12.085888147354126
layers[18].mlp.gate_proj
time 8.36
========================================
time111111
12.572801113128662
layers[18].mlp.down_proj
time 20.18
========================================
time111111
38.05607032775879
layers[19].self_attn.k_proj
time 7.03
========================================
time111111
8.029579639434814
layers[19].self_attn.v_proj
time 6.87
========================================
time111111
8.212157249450684
layers[19].self_attn.q_proj
time 6.91
========================================
time111111
8.531841278076172
layers[19].self_attn.o_proj
time 6.27
========================================
time111111
9.617443323135376
layers[19].mlp.up_proj
time 8.36
========================================
time111111
12.109208583831787
layers[19].mlp.gate_proj
time 8.36
========================================
time111111
12.567352533340454
layers[19].mlp.down_proj
time 19.40
========================================
time111111
37.26454734802246
layers[20].self_attn.k_proj
time 6.66
========================================
time111111
7.660511016845703
layers[20].self_attn.v_proj
time 7.00
========================================
time111111
8.326531171798706
layers[20].self_attn.q_proj
time 6.78
========================================
time111111
8.373541593551636
layers[20].self_attn.o_proj
time 6.30
========================================
time111111
9.644859790802002
layers[20].mlp.up_proj
time 8.35
========================================
time111111
12.115274667739868
layers[20].mlp.gate_proj
time 8.34
========================================
time111111
12.534741401672363
layers[20].mlp.down_proj
time 19.90
========================================
time111111
37.770381927490234
layers[21].self_attn.k_proj
time 7.13
========================================
time111111
8.128334522247314
layers[21].self_attn.v_proj
time 6.78
========================================
time111111
8.12815523147583
layers[21].self_attn.q_proj
time 6.65
========================================
time111111
8.24141788482666
layers[21].self_attn.o_proj
time 5.88
========================================
time111111
9.222168684005737
layers[21].mlp.up_proj
time 7.89
========================================
time111111
11.647461891174316
layers[21].mlp.gate_proj
time 8.00
========================================
time111111
12.18965220451355
layers[21].mlp.down_proj
time 19.74
========================================
time111111
37.606502056121826
layers[22].self_attn.k_proj
time 7.07
========================================
time111111
8.064884662628174
layers[22].self_attn.v_proj
time 6.88
========================================
time111111
8.225145101547241
layers[22].self_attn.q_proj
time 6.88
========================================
time111111
8.488333940505981
layers[22].self_attn.o_proj
time 6.27
========================================
time111111
9.628537654876709
layers[22].mlp.up_proj
time 8.39
========================================
time111111
12.162749290466309
layers[22].mlp.gate_proj
time 8.15
========================================
time111111
12.349870443344116
layers[22].mlp.down_proj
time 19.94
========================================
time111111
37.8114697933197
layers[23].self_attn.k_proj
time 6.99
========================================
time111111
7.992376327514648
layers[23].self_attn.v_proj
time 7.11
========================================
time111111
8.441143035888672
layers[23].self_attn.q_proj
time 6.92
========================================
time111111
8.531445026397705
layers[23].self_attn.o_proj
time 6.10
========================================
time111111
9.451431274414062
layers[23].mlp.up_proj
time 8.34
========================================
time111111
12.115817785263062
layers[23].mlp.gate_proj
time 8.09
========================================
time111111
12.295922994613647
layers[23].mlp.down_proj
time 19.64
========================================
time111111
37.49960947036743
layers[24].self_attn.k_proj
time 7.02
========================================
time111111
8.022483825683594
layers[24].self_attn.v_proj
time 6.93
========================================
time111111
8.253252744674683
layers[24].self_attn.q_proj
time 6.90
========================================
time111111
8.491372108459473
layers[24].self_attn.o_proj
time 6.36
========================================
time111111
9.724197626113892
layers[24].mlp.up_proj
time 8.36
========================================
time111111
12.130674123764038
layers[24].mlp.gate_proj
time 8.29
========================================
time111111
12.483932971954346
layers[24].mlp.down_proj
time 19.86
========================================
time111111
37.73413324356079
layers[25].self_attn.k_proj
time 7.10
========================================
time111111
8.099646091461182
layers[25].self_attn.v_proj
time 6.95
========================================
time111111
8.2772536277771
layers[25].self_attn.q_proj
time 6.90
========================================
time111111
8.49214506149292
layers[25].self_attn.o_proj
time 5.88
========================================
time111111
9.233475685119629
layers[25].mlp.up_proj
time 8.34
========================================
time111111
12.092825889587402
layers[25].mlp.gate_proj
time 8.32
========================================
time111111
12.526095390319824
layers[25].mlp.down_proj
time 19.16
========================================
time111111
37.05081081390381
layers[26].self_attn.k_proj
time 6.64
========================================
time111111
7.639987945556641
layers[26].self_attn.v_proj
time 6.95
========================================
time111111
8.282196760177612
layers[26].self_attn.q_proj
time 6.84
========================================
time111111
8.453758001327515
layers[26].self_attn.o_proj
time 6.31
========================================
time111111
9.66045355796814
layers[26].mlp.up_proj
time 8.25
========================================
time111111
12.005619764328003
layers[26].mlp.gate_proj
time 8.31
========================================
time111111
12.516677618026733
layers[26].mlp.down_proj
time 19.87
========================================
time111111
37.75131702423096
layers[27].self_attn.k_proj
time 7.09
========================================
time111111
8.089468717575073
layers[27].self_attn.v_proj
time 6.96
========================================
time111111
8.293110609054565
layers[27].self_attn.q_proj
time 6.88
========================================
time111111
8.476158618927002
layers[27].self_attn.o_proj
time 6.32
========================================
time111111
9.648650884628296
layers[27].mlp.up_proj
time 8.24
========================================
time111111
11.982203006744385
layers[27].mlp.gate_proj
time 8.34
========================================
time111111
12.542804718017578
layers[27].mlp.down_proj
time 20.25
========================================
time111111
38.12337827682495
layers[28].self_attn.k_proj
time 7.11
========================================
time111111
8.104742288589478
layers[28].self_attn.v_proj
time 6.94
========================================
time111111
8.28599214553833
layers[28].self_attn.q_proj
time 6.89
========================================
time111111
8.495053052902222
layers[28].self_attn.o_proj
time 5.88
========================================
time111111
9.217364072799683
layers[28].mlp.up_proj
time 7.95
========================================
time111111
11.703928232192993
layers[28].mlp.gate_proj
time 8.33
========================================
time111111
12.5122709274292
layers[28].mlp.down_proj
time 19.87
========================================
time111111
37.727824449539185
layers[29].self_attn.k_proj
time 7.08
========================================
time111111
8.081005573272705
layers[29].self_attn.v_proj
time 6.99
========================================
time111111
8.327832460403442
layers[29].self_attn.q_proj
time 6.89
========================================
time111111
8.480189323425293
layers[29].self_attn.o_proj
time 6.05
========================================
time111111
9.38689112663269
layers[29].mlp.up_proj
time 8.35
========================================
time111111
12.099799394607544
layers[29].mlp.gate_proj
time 8.36
========================================
time111111
12.560313701629639
layers[29].mlp.down_proj
time 19.78
========================================
time111111
37.67889857292175
layers[30].self_attn.k_proj
time 7.05
========================================
time111111
8.051851511001587
layers[30].self_attn.v_proj
time 6.96
========================================
time111111
8.296618938446045
layers[30].self_attn.q_proj
time 6.94
========================================
time111111
8.540388822555542
layers[30].self_attn.o_proj
time 6.30
========================================
time111111
9.676578760147095
layers[30].mlp.up_proj
time 8.29
========================================
time111111
12.070730209350586
layers[30].mlp.gate_proj
time 8.35
========================================
time111111
12.562883615493774
layers[30].mlp.down_proj
time 19.62
========================================
time111111
37.48880648612976
layers[31].self_attn.k_proj
time 7.06
========================================
time111111
8.064666986465454
layers[31].self_attn.v_proj
time 6.94
========================================
time111111
8.272697448730469
layers[31].self_attn.q_proj
time 6.82
========================================
time111111
8.437783241271973
layers[31].self_attn.o_proj
time 6.27
========================================
time111111
9.60766863822937
layers[31].mlp.up_proj
time 8.25
========================================
time111111
11.996368408203125
layers[31].mlp.gate_proj
time 8.31
========================================
time111111
12.510570287704468
layers[31].mlp.down_proj
time 19.32
========================================
time111111
37.19624447822571
layers[32].self_attn.k_proj
time 6.82
========================================
time111111
7.819011688232422
layers[32].self_attn.v_proj
time 6.85
========================================
time111111
8.180651426315308
layers[32].self_attn.q_proj
time 6.74
========================================
time111111
8.366690635681152
layers[32].self_attn.o_proj
time 6.25
========================================
time111111
9.614959239959717
layers[32].mlp.up_proj
time 8.29
========================================
time111111
12.066016435623169
layers[32].mlp.gate_proj
time 8.34
========================================
time111111
12.535382509231567
layers[32].mlp.down_proj
time 19.64
========================================
time111111
37.523064374923706
layers[33].self_attn.k_proj
time 7.13
========================================
time111111
8.125898838043213
layers[33].self_attn.v_proj
time 6.98
========================================
time111111
8.341554403305054
layers[33].self_attn.q_proj
time 6.90
========================================
time111111
8.502446413040161
layers[33].self_attn.o_proj
time 6.09
========================================
time111111
9.419413089752197
layers[33].mlp.up_proj
time 8.03
========================================
time111111
11.773480892181396
layers[33].mlp.gate_proj
time 8.32
========================================
time111111
12.515766859054565
layers[33].mlp.down_proj
time 19.34
========================================
time111111
37.22184491157532
layers[34].self_attn.k_proj
time 7.11
========================================
time111111
8.114143371582031
layers[34].self_attn.v_proj
time 6.86
========================================
time111111
8.218397855758667
layers[34].self_attn.q_proj
time 6.69
========================================
time111111
8.298648834228516
layers[34].self_attn.o_proj
time 6.37
========================================
time111111
9.727753639221191
layers[34].mlp.up_proj
time 8.28
========================================
time111111
12.036119222640991
layers[34].mlp.gate_proj
time 8.20
========================================
time111111
12.399112462997437
layers[34].mlp.down_proj
time 19.42
========================================
time111111
37.303717613220215
layers[35].self_attn.k_proj
time 6.92
========================================
time111111
7.921349763870239
layers[35].self_attn.v_proj
time 6.83
========================================
time111111
8.17949652671814
layers[35].self_attn.q_proj
time 6.80
========================================
time111111
8.387285709381104
layers[35].self_attn.o_proj
time 6.23
========================================
time111111
9.57944107055664
layers[35].mlp.up_proj
time 8.21
========================================
time111111
11.954365730285645
layers[35].mlp.gate_proj
time 8.38
========================================
time111111
12.582807064056396
layers[35].mlp.down_proj
time 19.41
========================================
time111111
37.274954319000244
layers[36].self_attn.k_proj
time 6.97
========================================
time111111
7.967256546020508
layers[36].self_attn.v_proj
time 6.85
========================================
time111111
8.18110728263855
layers[36].self_attn.q_proj
time 6.79
========================================
time111111
8.40731930732727
layers[36].self_attn.o_proj
time 6.21
========================================
time111111
9.56171989440918
layers[36].mlp.up_proj
time 8.20
========================================
time111111
11.960146188735962
layers[36].mlp.gate_proj
time 8.24
========================================
time111111
12.432387590408325
layers[36].mlp.down_proj
time 19.49
========================================
time111111
37.35095739364624
layers[37].self_attn.k_proj
time 6.90
========================================
time111111
7.896403074264526
layers[37].self_attn.v_proj
time 6.92
========================================
time111111
8.239084243774414
layers[37].self_attn.q_proj
time 6.88
========================================
time111111
8.469393491744995
layers[37].self_attn.o_proj
time 6.29
========================================
time111111
9.616999626159668
layers[37].mlp.up_proj
time 8.32
========================================
time111111
12.067080736160278
layers[37].mlp.gate_proj
time 8.45
========================================
time111111
12.643006563186646
layers[37].mlp.down_proj
time 20.21
========================================
time111111
38.088040828704834
layers[38].self_attn.k_proj
time 7.13
========================================
time111111
8.132609128952026
layers[38].self_attn.v_proj
time 6.97
========================================
time111111
8.328670740127563
layers[38].self_attn.q_proj
time 6.88
========================================
time111111
8.496175289154053
layers[38].self_attn.o_proj
time 6.39
========================================
time111111
9.730891704559326
layers[38].mlp.up_proj
time 8.36
========================================
time111111
12.126423835754395
layers[38].mlp.gate_proj
time 8.33
========================================
time111111
12.538225650787354
layers[38].mlp.down_proj
time 19.80
========================================
time111111
37.6707878112793
layers[39].self_attn.k_proj
time 7.00
========================================
time111111
7.994523286819458
layers[39].self_attn.v_proj
time 6.90
========================================
time111111
8.259001016616821
layers[39].self_attn.q_proj
time 6.90
========================================
time111111
8.52746295928955
layers[39].self_attn.o_proj
time 6.29
========================================
time111111
9.64078688621521
layers[39].mlp.up_proj
time 8.28
========================================
time111111
12.05624270439148
layers[39].mlp.gate_proj
time 8.35
========================================
time111111
12.553519010543823
layers[39].mlp.down_proj
time 19.67
========================================
time111111
37.53717041015625
layers[40].self_attn.k_proj
time 6.90
========================================
time111111
7.8953857421875
layers[40].self_attn.v_proj
time 6.95
========================================
time111111
8.30100965499878
layers[40].self_attn.q_proj
time 6.70
========================================
time111111
8.31944227218628
layers[40].self_attn.o_proj
time 6.17
========================================
time111111
9.50591254234314
layers[40].mlp.up_proj
time 8.15
========================================
time111111
11.889898538589478
layers[40].mlp.gate_proj
time 8.25
========================================
time111111
12.450512409210205
layers[40].mlp.down_proj
time 19.69
========================================
time111111
37.55511808395386
layers[41].self_attn.k_proj
time 7.12
========================================
time111111
8.118957996368408
layers[41].self_attn.v_proj
time 6.90
========================================
time111111
8.259680271148682
layers[41].self_attn.q_proj
time 6.84
========================================
time111111
8.464497089385986
layers[41].self_attn.o_proj
time 6.09
========================================
time111111
9.45224380493164
layers[41].mlp.up_proj
time 8.31
========================================
time111111
12.073854923248291
layers[41].mlp.gate_proj
time 8.37
========================================
time111111
12.568058252334595
layers[41].mlp.down_proj
time 19.95
========================================
time111111
37.81856298446655
layers[42].self_attn.k_proj
time 7.12
========================================
time111111
8.122923851013184
layers[42].self_attn.v_proj
time 7.00
========================================
time111111
8.358982801437378
layers[42].self_attn.q_proj
time 6.59
========================================
time111111
8.192330598831177
layers[42].self_attn.o_proj
time 6.18
========================================
time111111
9.531094312667847
layers[42].mlp.up_proj
time 8.36
========================================
time111111
12.119966983795166
layers[42].mlp.gate_proj
time 8.29
========================================
time111111
12.484709978103638
layers[42].mlp.down_proj
time 19.90
========================================
time111111
37.7751624584198
layers[43].self_attn.k_proj
time 7.11
========================================
time111111
8.108641862869263
layers[43].self_attn.v_proj
time 6.66
========================================
time111111
7.987547874450684
layers[43].self_attn.q_proj
time 6.90
========================================
time111111
8.505030632019043
layers[43].self_attn.o_proj
time 6.20
========================================
time111111
9.541515827178955
layers[43].mlp.up_proj
time 8.35
========================================
time111111
12.125409841537476
layers[43].mlp.gate_proj
time 8.21
========================================
time111111
12.418525457382202
layers[43].mlp.down_proj
time 19.74
========================================
time111111
37.632099628448486
layers[44].self_attn.k_proj
time 6.98
========================================
time111111
7.981829881668091
layers[44].self_attn.v_proj
time 6.85
========================================
time111111
8.16646957397461
layers[44].self_attn.q_proj
time 6.81
========================================
time111111
8.417919874191284
layers[44].self_attn.o_proj
time 6.23
========================================
time111111
9.591940641403198
layers[44].mlp.up_proj
time 8.18
========================================
time111111
11.933665752410889
layers[44].mlp.gate_proj
time 8.31
========================================
time111111
12.508761167526245
layers[44].mlp.down_proj
time 19.57
========================================
time111111
37.441760778427124
layers[45].self_attn.k_proj
time 7.06
========================================
time111111
8.063140392303467
layers[45].self_attn.v_proj
time 6.84
========================================
time111111
8.173734188079834
layers[45].self_attn.q_proj
time 6.76
========================================
time111111
8.377082109451294
layers[45].self_attn.o_proj
time 6.19
========================================
time111111
9.518249273300171
layers[45].mlp.up_proj
time 8.17
========================================
time111111
11.94518256187439
layers[45].mlp.gate_proj
time 8.26
========================================
time111111
12.458479642868042
layers[45].mlp.down_proj
time 19.57
========================================
time111111
37.445231199264526
layers[46].self_attn.k_proj
time 7.06
========================================
time111111
8.05863332748413
layers[46].self_attn.v_proj
time 6.83
========================================
time111111
8.158466577529907
layers[46].self_attn.q_proj
time 6.73
========================================
time111111
8.35636281967163
layers[46].self_attn.o_proj
time 6.31
========================================
time111111
9.644284725189209
layers[46].mlp.up_proj
time 8.18
========================================
time111111
11.934822082519531
layers[46].mlp.gate_proj
time 8.33
========================================
time111111
12.520479917526245
layers[46].mlp.down_proj
time 19.74
========================================
time111111
37.61610794067383
layers[47].self_attn.k_proj
time 7.00
========================================
time111111
8.003698348999023
layers[47].self_attn.v_proj
time 7.22
========================================
time111111
8.550302028656006
layers[47].self_attn.q_proj
time 7.05
========================================
time111111
8.681134462356567
layers[47].self_attn.o_proj
time 6.28
========================================
time111111
9.652532577514648
layers[47].mlp.up_proj
time 8.17
========================================
time111111
11.927932739257812
layers[47].mlp.gate_proj
time 8.30
========================================
time111111
12.488341331481934
layers[47].mlp.down_proj
time 19.64
========================================
time111111
37.50552940368652
layers[48].self_attn.k_proj
time 6.96
========================================
time111111
7.967617988586426
layers[48].self_attn.v_proj
time 7.06
========================================
time111111
8.38651418685913
layers[48].self_attn.q_proj
time 6.53
========================================
time111111
8.135711431503296
layers[48].self_attn.o_proj
time 6.01
========================================
time111111
9.33927297592163
layers[48].mlp.up_proj
time 8.05
========================================
time111111
11.791990756988525
layers[48].mlp.gate_proj
time 8.32
========================================
time111111
12.51484727859497
layers[48].mlp.down_proj
time 19.09
========================================
time111111
36.9473762512207
layers[49].self_attn.k_proj
time 7.19
========================================
time111111
8.191823959350586
layers[49].self_attn.v_proj
time 6.90
========================================
time111111
8.22675108909607
layers[49].self_attn.q_proj
time 7.03
========================================
time111111
8.639418840408325
layers[49].self_attn.o_proj
time 6.46
========================================
time111111
9.788975715637207
layers[49].mlp.up_proj
time 8.10
========================================
time111111
11.859736442565918
layers[49].mlp.gate_proj
time 8.11
========================================
time111111
12.30207347869873
layers[49].mlp.down_proj
time 19.08
========================================
time111111
36.96375298500061
layers[50].self_attn.k_proj
time 7.05
========================================
time111111
8.049069166183472
layers[50].self_attn.v_proj
time 6.98
========================================
time111111
8.33584713935852
layers[50].self_attn.q_proj
time 6.80
========================================
time111111
8.416783332824707
layers[50].self_attn.o_proj
time 6.18
========================================
time111111
9.547574281692505
layers[50].mlp.up_proj
time 8.19
========================================
time111111
11.952877283096313
layers[50].mlp.gate_proj
time 8.21
========================================
time111111
12.412796974182129
layers[50].mlp.down_proj
time 19.43
========================================
time111111
37.30167818069458
layers[51].self_attn.k_proj
time 7.11
========================================
time111111
8.108725786209106
layers[51].self_attn.v_proj
time 6.68
========================================
time111111
8.00693416595459
layers[51].self_attn.q_proj
time 6.76
========================================
time111111
8.356861114501953
layers[51].self_attn.o_proj
time 6.30
========================================
time111111
9.668759822845459
layers[51].mlp.up_proj
time 8.22
========================================
time111111
12.003402948379517
layers[51].mlp.gate_proj
time 8.31
========================================
time111111
12.50338625907898
layers[51].mlp.down_proj
time 19.67
========================================
time111111
37.53830313682556
layers[52].self_attn.k_proj
time 6.99
========================================
time111111
7.991379976272583
layers[52].self_attn.v_proj
time 6.87
========================================
time111111
8.209566354751587
layers[52].self_attn.q_proj
time 6.76
========================================
time111111
8.381595373153687
layers[52].self_attn.o_proj
time 6.21
========================================
time111111
9.539762496948242
layers[52].mlp.up_proj
time 8.18
========================================
time111111
11.948485612869263
layers[52].mlp.gate_proj
time 8.10
========================================
time111111
12.300552129745483
layers[52].mlp.down_proj
time 19.65
========================================
time111111
37.51075315475464
layers[53].self_attn.k_proj
time 7.10
========================================
time111111
8.102113485336304
layers[53].self_attn.v_proj
time 6.91
========================================
time111111
8.241591453552246
layers[53].self_attn.q_proj
time 6.77
========================================
time111111
8.3563072681427
layers[53].self_attn.o_proj
time 6.38
========================================
time111111
9.734028100967407
layers[53].mlp.up_proj
time 8.28
========================================
time111111
12.034150123596191
layers[53].mlp.gate_proj
time 8.42
========================================
time111111
12.624995708465576
layers[53].mlp.down_proj
time 19.96
========================================
time111111
37.84391927719116
layers[54].self_attn.k_proj
time 7.05
========================================
time111111
8.051513195037842
layers[54].self_attn.v_proj
time 6.80
========================================
time111111
8.124200105667114
layers[54].self_attn.q_proj
time 6.82
========================================
time111111
8.447469711303711
layers[54].self_attn.o_proj
time 6.17
========================================
time111111
9.530128240585327
layers[54].mlp.up_proj
time 8.29
========================================
time111111
12.06829047203064
layers[54].mlp.gate_proj
time 8.35
========================================
time111111
12.560954093933105
layers[54].mlp.down_proj
time 19.83
========================================
time111111
37.68943500518799
layers[55].self_attn.k_proj
time 7.03
========================================
time111111
8.032078981399536
layers[55].self_attn.v_proj
time 6.95
========================================
time111111
8.289663791656494
layers[55].self_attn.q_proj
time 6.79
========================================
time111111
8.399816036224365
layers[55].self_attn.o_proj
time 6.40
========================================
time111111
9.763304710388184
layers[55].mlp.up_proj
time 8.43
========================================
time111111
12.180196046829224
layers[55].mlp.gate_proj
time 8.31
========================================
time111111
12.522927045822144
layers[55].mlp.down_proj
time 19.58
========================================
time111111
37.449599266052246
layers[56].self_attn.k_proj
time 7.05
========================================
time111111
8.052593469619751
layers[56].self_attn.v_proj
time 6.83
========================================
time111111
8.162686586380005
layers[56].self_attn.q_proj
time 6.76
========================================
time111111
8.3877534866333
layers[56].self_attn.o_proj
time 6.38
========================================
time111111
9.71298599243164
layers[56].mlp.up_proj
time 8.16
========================================
time111111
11.932973623275757
layers[56].mlp.gate_proj
time 8.13
========================================
time111111
12.324321508407593
layers[56].mlp.down_proj
time 19.65
========================================
time111111
37.50556468963623
layers[57].self_attn.k_proj
time 6.73
========================================
time111111
7.728202819824219
layers[57].self_attn.v_proj
time 6.70
========================================
time111111
8.037768363952637
layers[57].self_attn.q_proj
time 6.70
========================================
time111111
8.318246364593506
layers[57].self_attn.o_proj
time 6.00
========================================
time111111
9.350505352020264
layers[57].mlp.up_proj
time 8.11
========================================
time111111
11.867496013641357
layers[57].mlp.gate_proj
time 8.08
========================================
time111111
12.282130002975464
layers[57].mlp.down_proj
time 19.65
========================================
time111111
37.53522276878357
layers[58].self_attn.k_proj
time 6.95
========================================
time111111
7.954283714294434
layers[58].self_attn.v_proj
time 6.98
========================================
time111111
8.334799766540527
layers[58].self_attn.q_proj
time 6.84
========================================
time111111
8.446844577789307
layers[58].self_attn.o_proj
time 6.29
========================================
time111111
9.638716697692871
layers[58].mlp.up_proj
time 8.31
========================================
time111111
12.075307369232178
layers[58].mlp.gate_proj
time 8.40
========================================
time111111
12.604109287261963
layers[58].mlp.down_proj
time 19.72
========================================
time111111
37.62403178215027
layers[59].self_attn.k_proj
time 7.07
========================================
time111111
8.076972484588623
layers[59].self_attn.v_proj
time 6.74
========================================
time111111
8.09388542175293
layers[59].self_attn.q_proj
time 6.64
========================================
time111111
8.243536233901978
layers[59].self_attn.o_proj
time 6.36
========================================
time111111
9.709682703018188
layers[59].mlp.up_proj
time 8.30
========================================
time111111
12.049031972885132
layers[59].mlp.gate_proj
time 8.25
========================================
time111111
12.450620889663696
layers[59].mlp.down_proj
time 19.87
========================================
time111111
37.75186777114868
layers[60].self_attn.k_proj
time 7.09
========================================
time111111
8.086152791976929
layers[60].self_attn.v_proj
time 6.97
========================================
time111111
8.312087297439575
layers[60].self_attn.q_proj
time 6.85
========================================
time111111
8.456820487976074
layers[60].self_attn.o_proj
time 6.34
========================================
time111111
9.681363582611084
layers[60].mlp.up_proj
time 8.29
========================================
time111111
12.039944171905518
layers[60].mlp.gate_proj
time 8.29
========================================
time111111
12.496601343154907
layers[60].mlp.down_proj
time 19.90
========================================
time111111
37.779550313949585
layers[61].self_attn.k_proj
time 6.99
========================================
time111111
7.989132404327393
layers[61].self_attn.v_proj
time 6.85
========================================
time111111
8.21045446395874
layers[61].self_attn.q_proj
time 6.83
========================================
time111111
8.414921283721924
layers[61].self_attn.o_proj
time 6.37
========================================
time111111
9.712594747543335
layers[61].mlp.up_proj
time 8.24
========================================
time111111
12.001098155975342
layers[61].mlp.gate_proj
time 8.40
========================================
time111111
12.592787981033325
layers[61].mlp.down_proj
time 19.84
========================================
time111111
37.700827836990356
layers[62].self_attn.k_proj
time 7.06
========================================
time111111
8.06147813796997
layers[62].self_attn.v_proj
time 6.63
========================================
time111111
7.977234601974487
layers[62].self_attn.q_proj
time 6.74
========================================
time111111
8.345938682556152
layers[62].self_attn.o_proj
time 6.30
========================================
time111111
9.652302980422974
layers[62].mlp.up_proj
time 8.08
========================================
time111111
11.843044757843018
layers[62].mlp.gate_proj
time 8.06
========================================
time111111
12.26120114326477
layers[62].mlp.down_proj
time 19.09
========================================
time111111
36.94006872177124
layers[63].self_attn.k_proj
time 7.07
========================================
time111111
8.064716100692749
layers[63].self_attn.v_proj
time 6.92
========================================
time111111
8.244545459747314
layers[63].self_attn.q_proj
time 6.76
========================================
time111111
8.356857538223267
layers[63].self_attn.o_proj
time 6.31
========================================
time111111
9.674964427947998
layers[63].mlp.up_proj
time 8.45
========================================
time111111
12.210620403289795
layers[63].mlp.gate_proj
time 8.22
========================================
time111111
12.422371625900269
layers[63].mlp.down_proj
time 19.95
========================================
time111111
37.80370020866394
layers[64].self_attn.k_proj
time 7.09
========================================
time111111
8.087890386581421
layers[64].self_attn.v_proj
time 6.73
========================================
time111111
8.063052654266357
layers[64].self_attn.q_proj
time 6.53
========================================
time111111
8.122897148132324
layers[64].self_attn.o_proj
time 6.21
========================================
time111111
9.563680648803711
layers[64].mlp.up_proj
time 8.02
========================================
time111111
11.763326168060303
layers[64].mlp.gate_proj
time 8.43
========================================
time111111
12.620726108551025
layers[64].mlp.down_proj
time 19.75
========================================
time111111
37.644386529922485
layers[65].self_attn.k_proj
time 7.14
========================================
time111111
8.142776250839233
layers[65].self_attn.v_proj
time 7.06
========================================
time111111
8.376987934112549
layers[65].self_attn.q_proj
time 6.88
========================================
time111111
8.493289470672607
layers[65].self_attn.o_proj
time 6.14
========================================
time111111
9.475785255432129
layers[65].mlp.up_proj
time 8.09
========================================
time111111
11.829664707183838
layers[65].mlp.gate_proj
time 8.21
========================================
time111111
12.405363321304321
layers[65].mlp.down_proj
time 19.93
========================================
time111111
37.794543743133545
layers[66].self_attn.k_proj
time 6.97
========================================
time111111
7.977751970291138
layers[66].self_attn.v_proj
time 7.16
========================================
time111111
8.488570928573608
layers[66].self_attn.q_proj
time 6.59
========================================
time111111
8.1912682056427
layers[66].self_attn.o_proj
time 6.36
========================================
time111111
9.711047887802124
layers[66].mlp.up_proj
time 8.12
========================================
time111111
11.881373405456543
layers[66].mlp.gate_proj
time 8.41
========================================
time111111
12.6063871383667
layers[66].mlp.down_proj
time 19.63
========================================
time111111
37.50964879989624
layers[67].self_attn.k_proj
time 6.94
========================================
time111111
7.9438090324401855
layers[67].self_attn.v_proj
time 6.75
========================================
time111111
8.066688537597656
layers[67].self_attn.q_proj
time 6.63
========================================
time111111
8.225541830062866
layers[67].self_attn.o_proj
time 6.35
========================================
time111111
9.685839891433716
layers[67].mlp.up_proj
time 8.49
========================================
time111111
12.241331338882446
layers[67].mlp.gate_proj
time 8.04
========================================
time111111
12.242671728134155
layers[67].mlp.down_proj
time 19.97
========================================
time111111
37.8306565284729
layers[68].self_attn.k_proj
time 6.75
========================================
time111111
7.746984004974365
layers[68].self_attn.v_proj
time 6.76
========================================
time111111
8.093455791473389
layers[68].self_attn.q_proj
time 6.57
========================================
time111111
8.170933961868286
layers[68].self_attn.o_proj
time 5.95
========================================
time111111
9.299806833267212
layers[68].mlp.up_proj
time 8.09
========================================
time111111
11.835514307022095
layers[68].mlp.gate_proj
time 8.34
========================================
time111111
12.536230564117432
layers[68].mlp.down_proj
time 19.96
========================================
time111111
37.827208280563354
layers[69].self_attn.k_proj
time 7.03
========================================
time111111
8.031081914901733
layers[69].self_attn.v_proj
time 6.82
========================================
time111111
8.155692338943481
layers[69].self_attn.q_proj
time 6.77
========================================
time111111
8.398790121078491
layers[69].self_attn.o_proj
time 6.36
========================================
time111111
9.69288945198059
layers[69].mlp.up_proj
time 8.30
========================================
time111111
12.072692155838013
layers[69].mlp.gate_proj
time 8.40
========================================
time111111
12.594049453735352
layers[69].mlp.down_proj
time 20.00
========================================
time111111
37.881356716156006
layers[70].self_attn.k_proj
time 7.05
========================================
time111111
8.049522638320923
layers[70].self_attn.v_proj
time 6.85
========================================
time111111
8.17663288116455
layers[70].self_attn.q_proj
time 6.63
========================================
time111111
8.237563371658325
layers[70].self_attn.o_proj
time 5.98
========================================
time111111
9.336036682128906
layers[70].mlp.up_proj
time 8.22
========================================
time111111
11.961788654327393
layers[70].mlp.gate_proj
time 8.34
========================================
time111111
12.536994457244873
layers[70].mlp.down_proj
time 19.01
========================================
time111111
36.86735773086548
layers[71].self_attn.k_proj
time 6.81
========================================
time111111
7.809239387512207
layers[71].self_attn.v_proj
time 7.00
========================================
time111111
8.332077741622925
layers[71].self_attn.q_proj
time 6.88
========================================
time111111
8.493350267410278
layers[71].self_attn.o_proj
time 6.21
========================================
time111111
9.583905220031738
layers[71].mlp.up_proj
time 8.20
========================================
time111111
11.947810173034668
layers[71].mlp.gate_proj
time 8.31
========================================
time111111
12.513025045394897
layers[71].mlp.down_proj
time 19.96
========================================
time111111
37.830164194107056
layers[72].self_attn.k_proj
time 7.13
========================================
time111111
8.135098695755005
layers[72].self_attn.v_proj
time 6.93
========================================
time111111
8.292614221572876
layers[72].self_attn.q_proj
time 6.89
========================================
time111111
8.510376214981079
layers[72].self_attn.o_proj
time 6.34
========================================
time111111
9.693755865097046
layers[72].mlp.up_proj
time 8.25
========================================
time111111
12.008569955825806
layers[72].mlp.gate_proj
time 8.20
========================================
time111111
12.40654182434082
layers[72].mlp.down_proj
time 19.97
========================================
time111111
37.820101261138916
layers[73].self_attn.k_proj
time 7.00
========================================
time111111
7.997150182723999
layers[73].self_attn.v_proj
time 6.88
========================================
time111111
8.237547874450684
layers[73].self_attn.q_proj
time 6.88
========================================
time111111
8.492562055587769
layers[73].self_attn.o_proj
time 6.18
========================================
time111111
9.548487901687622
layers[73].mlp.up_proj
time 8.28
========================================
time111111
12.033760070800781
layers[73].mlp.gate_proj
time 8.34
========================================
time111111
12.551507949829102
layers[73].mlp.down_proj
time 19.84
========================================
time111111
37.701576232910156
layers[74].self_attn.k_proj
time 7.13
========================================
time111111
8.128825187683105
layers[74].self_attn.v_proj
time 6.99
========================================
time111111
8.331038475036621
layers[74].self_attn.q_proj
time 6.92
========================================
time111111
8.517940282821655
layers[74].self_attn.o_proj
time 6.35
========================================
time111111
9.72092318534851
layers[74].mlp.up_proj
time 8.33
========================================
time111111
12.094527244567871
layers[74].mlp.gate_proj
time 8.36
========================================
time111111
12.56175971031189
layers[74].mlp.down_proj
time 19.75
========================================
time111111
37.62610054016113
layers[75].self_attn.k_proj
time 6.97
========================================
time111111
7.965133190155029
layers[75].self_attn.v_proj
time 6.92
========================================
time111111
8.270694255828857
layers[75].self_attn.q_proj
time 6.74
========================================
time111111
8.366573333740234
layers[75].self_attn.o_proj
time 6.30
========================================
time111111
9.641615390777588
layers[75].mlp.up_proj
time 8.17
========================================
time111111
11.925536632537842
layers[75].mlp.gate_proj
time 8.30
========================================
time111111
12.497663736343384
layers[75].mlp.down_proj
time 19.78
========================================
time111111
37.643266677856445
layers[76].self_attn.k_proj
time 7.08
========================================
time111111
8.076527833938599
layers[76].self_attn.v_proj
time 6.95
========================================
time111111
8.298693180084229
layers[76].self_attn.q_proj
time 6.79
========================================
time111111
8.402354955673218
layers[76].self_attn.o_proj
time 6.22
========================================
time111111
9.576540231704712
layers[76].mlp.up_proj
time 8.13
========================================
time111111
11.875313997268677
layers[76].mlp.gate_proj
time 8.29
========================================
time111111
12.481836557388306
layers[76].mlp.down_proj
time 19.80
========================================
time111111
37.64707326889038
layers[77].self_attn.k_proj
time 7.08
========================================
time111111
8.083693265914917
layers[77].self_attn.v_proj
time 6.89
========================================
time111111
8.238065004348755
layers[77].self_attn.q_proj
time 6.54
========================================
time111111
8.153920412063599
layers[77].self_attn.o_proj
time 6.16
========================================
time111111
9.496816396713257
layers[77].mlp.up_proj
time 8.09
========================================
time111111
11.859296321868896
layers[77].mlp.gate_proj
time 8.27
========================================
time111111
12.463932037353516
layers[77].mlp.down_proj
time 19.71
========================================
time111111
37.5910439491272
layers[78].self_attn.k_proj
time 7.08
========================================
time111111
8.084319591522217
layers[78].self_attn.v_proj
time 6.91
========================================
time111111
8.259886741638184
layers[78].self_attn.q_proj
time 6.82
========================================
time111111
8.430887460708618
layers[78].self_attn.o_proj
time 6.19
========================================
time111111
9.522819995880127
layers[78].mlp.up_proj
time 8.31
========================================
time111111
12.095347166061401
layers[78].mlp.gate_proj
time 8.38
========================================
time111111
12.591301918029785
layers[78].mlp.down_proj
time 19.52
========================================
time111111
37.39187836647034
layers[79].self_attn.k_proj
time 6.85
========================================
time111111
7.846221446990967
layers[79].self_attn.v_proj
time 6.80
========================================
time111111
8.13099455833435
layers[79].self_attn.q_proj
time 6.81
========================================
time111111
8.430551052093506
layers[79].self_attn.o_proj
time 6.21
========================================
time111111
9.545010566711426
layers[79].mlp.up_proj
time 8.28
========================================
time111111
12.059680938720703
layers[79].mlp.gate_proj
time 8.12
========================================
time111111
12.328906536102295
layers[79].mlp.down_proj
time 20.15
========================================
time111111
38.01653814315796
8050.893397569656
wikitext2
Evaluating ...
0
1
2
3
4
5
6
7
8
9
10
11
12
13
14
15
16
17
18
19
20
21
22
23
24
25
26
27
28
29
30
31
32
33
34
35
36
37
38
39
40
41
42
43
44
45
46
47
48
49
50
51
52
53
54
55
56
57
58
59
60
61
62
63
64
65
66
67
68
69
70
71
72
73
74
75
76
77
78
79
5.43535041809082
ptb-new
Evaluating ...
0
1
2
3
4
5
6
7
8
9
10
11
12
13
14
15
16
17
18
19
20
21
22
23
24
25
26
27
28
29
30
31
32
33
34
35
36
37
38
39
40
41
42
43
44
45
46
47
48
49
50
51
52
53
54
55
56
57
58
59
60
61
62
63
64
65
66
67
68
69
70
71
72
73
74
75
76
77
78
79
33.43540573120117
c4-new
Evaluating ...
0
1
2
3
4
5
6
7
8
9
10
11
12
13
14
15
16
17
18
19
20
21
22
23
24
25
26
27
28
29
30
31
32
33
34
35
36
37
38
39
40
41
42
43
44
45
46
47
48
49
50
51
52
53
54
55
56
57
58
59
60
61
62
63
64
65
66
67
68
69
70
71
72
73
74
75
76
77
78
79
7.599191188812256
