CUDA extension not installed.
model over
data over
Starting ...
Ready.
layers[0].self_attn.k_proj
time 8.34
========================================
time111111
11.353135824203491
layers[0].self_attn.v_proj
time 7.24
========================================
time111111
8.861242771148682
layers[0].self_attn.q_proj
time 7.17
========================================
time111111
8.802516222000122
layers[0].self_attn.o_proj
time 6.64
========================================
time111111
9.98035216331482
layers[0].mlp.up_proj
time 8.33
========================================
time111111
12.109686851501465
layers[0].mlp.gate_proj
time 8.51
========================================
time111111
12.724382638931274
layers[0].mlp.down_proj
time 20.07
========================================
time111111
37.97202515602112
layers[1].self_attn.k_proj
time 7.41
========================================
time111111
8.411800861358643
layers[1].self_attn.v_proj
time 7.16
========================================
time111111
8.494637966156006
layers[1].self_attn.q_proj
time 7.15
========================================
time111111
8.753904342651367
layers[1].self_attn.o_proj
time 6.25
========================================
time111111
9.617435693740845
layers[1].mlp.up_proj
time 8.46
========================================
time111111
12.212173461914062
layers[1].mlp.gate_proj
time 8.33
========================================
time111111
12.524792432785034
layers[1].mlp.down_proj
time 20.27
========================================
time111111
38.14333248138428
layers[2].self_attn.k_proj
time 7.32
========================================
time111111
8.326461791992188
layers[2].self_attn.v_proj
time 6.92
========================================
time111111
8.267040252685547
layers[2].self_attn.q_proj
time 6.83
========================================
time111111
8.45606279373169
layers[2].self_attn.o_proj
time 6.30
========================================
time111111
9.66886043548584
layers[2].mlp.up_proj
time 8.44
========================================
time111111
12.218688726425171
layers[2].mlp.gate_proj
time 8.42
========================================
time111111
12.62148642539978
layers[2].mlp.down_proj
time 20.36
========================================
time111111
38.21242427825928
layers[3].self_attn.k_proj
time 7.50
========================================
time111111
8.496344089508057
layers[3].self_attn.v_proj
time 7.14
========================================
time111111
8.466195106506348
layers[3].self_attn.q_proj
time 7.14
========================================
time111111
8.731904029846191
layers[3].self_attn.o_proj
time 6.69
========================================
time111111
10.059603691101074
layers[3].mlp.up_proj
time 8.58
========================================
time111111
12.328331470489502
layers[3].mlp.gate_proj
time 8.49
========================================
time111111
12.697479009628296
layers[3].mlp.down_proj
time 19.85
========================================
time111111
37.71963047981262
layers[4].self_attn.k_proj
time 7.28
========================================
time111111
8.272249460220337
layers[4].self_attn.v_proj
time 7.16
========================================
time111111
8.514233827590942
layers[4].self_attn.q_proj
time 6.77
========================================
time111111
8.369789361953735
layers[4].self_attn.o_proj
time 6.56
========================================
time111111
9.91907024383545
layers[4].mlp.up_proj
time 8.44
========================================
time111111
12.200871229171753
layers[4].mlp.gate_proj
time 8.40
========================================
time111111
12.60632848739624
layers[4].mlp.down_proj
time 20.43
========================================
time111111
38.292680978775024
layers[5].self_attn.k_proj
time 7.08
========================================
time111111
8.078866243362427
layers[5].self_attn.v_proj
time 7.03
========================================
time111111
8.375465393066406
layers[5].self_attn.q_proj
time 7.23
========================================
time111111
8.81459093093872
layers[5].self_attn.o_proj
time 6.67
========================================
time111111
10.01614260673523
layers[5].mlp.up_proj
time 8.72
========================================
time111111
12.45383620262146
layers[5].mlp.gate_proj
time 8.46
========================================
time111111
12.656440258026123
layers[5].mlp.down_proj
time 20.48
========================================
time111111
38.364089012145996
layers[6].self_attn.k_proj
time 7.44
========================================
time111111
8.44013786315918
layers[6].self_attn.v_proj
time 7.32
========================================
time111111
8.65540862083435
layers[6].self_attn.q_proj
time 7.33
========================================
time111111
8.920639514923096
layers[6].self_attn.o_proj
time 6.42
========================================
time111111
9.804429531097412
layers[6].mlp.up_proj
time 8.77
========================================
time111111
12.5118088722229
layers[6].mlp.gate_proj
time 8.74
========================================
time111111
12.968343257904053
layers[6].mlp.down_proj
time 19.75
========================================
time111111
37.612464427948
layers[7].self_attn.k_proj
time 7.40
========================================
time111111
8.392671585083008
layers[7].self_attn.v_proj
time 6.99
========================================
time111111
8.339030027389526
layers[7].self_attn.q_proj
time 7.02
========================================
time111111
8.609498977661133
layers[7].self_attn.o_proj
time 6.78
========================================
time111111
10.133819818496704
layers[7].mlp.up_proj
time 8.68
========================================
time111111
12.42440676689148
layers[7].mlp.gate_proj
time 8.73
========================================
time111111
12.930988550186157
layers[7].mlp.down_proj
time 20.42
========================================
time111111
38.3117949962616
layers[8].self_attn.k_proj
time 7.46
========================================
time111111
8.463622093200684
layers[8].self_attn.v_proj
time 7.28
========================================
time111111
8.623591899871826
layers[8].self_attn.q_proj
time 7.26
========================================
time111111
8.85969591140747
layers[8].self_attn.o_proj
time 6.50
========================================
time111111
9.84154224395752
layers[8].mlp.up_proj
time 8.57
========================================
time111111
12.311015605926514
layers[8].mlp.gate_proj
time 8.37
========================================
time111111
12.586338520050049
layers[8].mlp.down_proj
time 20.36
========================================
time111111
38.24626183509827
layers[9].self_attn.k_proj
time 7.69
========================================
time111111
8.69295358657837
layers[9].self_attn.v_proj
time 7.43
========================================
time111111
8.789664030075073
layers[9].self_attn.q_proj
time 7.15
========================================
time111111
8.753464221954346
layers[9].self_attn.o_proj
time 6.66
========================================
time111111
10.028618335723877
layers[9].mlp.up_proj
time 8.35
========================================
time111111
12.088654279708862
layers[9].mlp.gate_proj
time 8.30
========================================
time111111
12.497527599334717
layers[9].mlp.down_proj
time 20.57
========================================
time111111
38.459731101989746
layers[10].self_attn.k_proj
time 7.35
========================================
time111111
8.351811170578003
layers[10].self_attn.v_proj
time 7.28
========================================
time111111
8.645724058151245
layers[10].self_attn.q_proj
time 6.99
========================================
time111111
8.625219345092773
layers[10].self_attn.o_proj
time 6.21
========================================
time111111
9.546187162399292
layers[10].mlp.up_proj
time 8.34
========================================
time111111
12.078572511672974
layers[10].mlp.gate_proj
time 8.32
========================================
time111111
12.52731704711914
layers[10].mlp.down_proj
time 20.13
========================================
time111111
38.01879525184631
layers[11].self_attn.k_proj
time 7.48
========================================
time111111
8.484097480773926
layers[11].self_attn.v_proj
time 7.26
========================================
time111111
8.617571353912354
layers[11].self_attn.q_proj
time 7.25
========================================
time111111
8.868960857391357
layers[11].self_attn.o_proj
time 6.91
========================================
time111111
10.279253005981445
layers[11].mlp.up_proj
time 8.43
========================================
time111111
12.197391271591187
layers[11].mlp.gate_proj
time 8.56
========================================
time111111
12.776818990707397
layers[11].mlp.down_proj
time 19.97
========================================
time111111
37.8537061214447
layers[12].self_attn.k_proj
time 7.37
========================================
time111111
8.365981101989746
layers[12].self_attn.v_proj
time 7.16
========================================
time111111
8.524821519851685
layers[12].self_attn.q_proj
time 7.25
========================================
time111111
8.872184991836548
layers[12].self_attn.o_proj
time 6.44
========================================
time111111
9.801100015640259
layers[12].mlp.up_proj
time 8.38
========================================
time111111
12.141496896743774
layers[12].mlp.gate_proj
time 8.41
========================================
time111111
12.629838705062866
layers[12].mlp.down_proj
time 20.43
========================================
time111111
38.32589292526245
layers[13].self_attn.k_proj
time 7.32
========================================
time111111
8.325328588485718
layers[13].self_attn.v_proj
time 7.03
========================================
time111111
8.387618064880371
layers[13].self_attn.q_proj
time 7.38
========================================
time111111
8.983552932739258
layers[13].self_attn.o_proj
time 6.49
========================================
time111111
9.854013681411743
layers[13].mlp.up_proj
time 8.33
========================================
time111111
12.074545860290527
layers[13].mlp.gate_proj
time 8.37
========================================
time111111
12.571958303451538
layers[13].mlp.down_proj
time 20.98
========================================
time111111
38.85585808753967
layers[14].self_attn.k_proj
time 7.61
========================================
time111111
8.604047536849976
layers[14].self_attn.v_proj
time 7.20
========================================
time111111
8.542294263839722
layers[14].self_attn.q_proj
time 7.42
========================================
time111111
9.049575328826904
layers[14].self_attn.o_proj
time 6.62
========================================
time111111
9.98855471611023
layers[14].mlp.up_proj
time 8.07
========================================
time111111
11.817850589752197
layers[14].mlp.gate_proj
time 8.63
========================================
time111111
12.829838514328003
layers[14].mlp.down_proj
time 20.92
========================================
time111111
38.83675813674927
layers[15].self_attn.k_proj
time 7.40
========================================
time111111
8.404659986495972
layers[15].self_attn.v_proj
time 7.41
========================================
time111111
8.748517751693726
layers[15].self_attn.q_proj
time 7.16
========================================
time111111
8.76408863067627
layers[15].self_attn.o_proj
time 6.71
========================================
time111111
10.073277950286865
layers[15].mlp.up_proj
time 8.45
========================================
time111111
12.191028118133545
layers[15].mlp.gate_proj
time 8.41
========================================
time111111
12.689246654510498
layers[15].mlp.down_proj
time 20.14
========================================
time111111
38.00272536277771
layers[16].self_attn.k_proj
time 7.20
========================================
time111111
8.201838254928589
layers[16].self_attn.v_proj
time 7.46
========================================
time111111
8.798651218414307
layers[16].self_attn.q_proj
time 7.12
========================================
time111111
8.739395141601562
layers[16].self_attn.o_proj
time 6.60
========================================
time111111
9.955774307250977
layers[16].mlp.up_proj
time 8.42
========================================
time111111
12.172072410583496
layers[16].mlp.gate_proj
time 8.83
========================================
time111111
13.043874502182007
layers[16].mlp.down_proj
time 21.06
========================================
time111111
38.912498474121094
layers[17].self_attn.k_proj
time 7.39
========================================
time111111
8.382893562316895
layers[17].self_attn.v_proj
time 7.36
========================================
time111111
8.687248945236206
layers[17].self_attn.q_proj
time 7.30
========================================
time111111
8.920419454574585
layers[17].self_attn.o_proj
time 6.67
========================================
time111111
10.037508964538574
layers[17].mlp.up_proj
time 8.34
========================================
time111111
12.087071895599365
layers[17].mlp.gate_proj
time 8.56
========================================
time111111
12.754871845245361
layers[17].mlp.down_proj
time 19.38
========================================
time111111
37.24698495864868
layers[18].self_attn.k_proj
time 7.30
========================================
time111111
8.298402309417725
layers[18].self_attn.v_proj
time 7.44
========================================
time111111
8.786627769470215
layers[18].self_attn.q_proj
time 6.94
========================================
time111111
8.5716233253479
layers[18].self_attn.o_proj
time 6.70
========================================
time111111
10.04984188079834
layers[18].mlp.up_proj
time 8.27
========================================
time111111
12.009247541427612
layers[18].mlp.gate_proj
time 8.43
========================================
time111111
12.628092288970947
layers[18].mlp.down_proj
time 20.25
========================================
time111111
38.12111020088196
layers[19].self_attn.k_proj
time 7.46
========================================
time111111
8.461806774139404
layers[19].self_attn.v_proj
time 7.60
========================================
time111111
8.932501792907715
layers[19].self_attn.q_proj
time 6.96
========================================
time111111
8.59700632095337
layers[19].self_attn.o_proj
time 6.72
========================================
time111111
10.065517663955688
layers[19].mlp.up_proj
time 8.30
========================================
time111111
12.06992793083191
layers[19].mlp.gate_proj
time 8.34
========================================
time111111
12.550855159759521
layers[19].mlp.down_proj
time 20.31
========================================
time111111
38.229257345199585
layers[20].self_attn.k_proj
time 7.48
========================================
time111111
8.494736433029175
layers[20].self_attn.v_proj
time 7.17
========================================
time111111
8.536205053329468
layers[20].self_attn.q_proj
time 7.20
========================================
time111111
8.816809177398682
layers[20].self_attn.o_proj
time 6.53
========================================
time111111
9.902928829193115
layers[20].mlp.up_proj
time 8.26
========================================
time111111
12.022173404693604
layers[20].mlp.gate_proj
time 8.45
========================================
time111111
12.648701667785645
layers[20].mlp.down_proj
time 20.19
========================================
time111111
38.09853935241699
layers[21].self_attn.k_proj
time 7.31
========================================
time111111
8.307151079177856
layers[21].self_attn.v_proj
time 7.24
========================================
time111111
8.582468032836914
layers[21].self_attn.q_proj
time 7.19
========================================
time111111
8.798596858978271
layers[21].self_attn.o_proj
time 6.57
========================================
time111111
9.945765972137451
layers[21].mlp.up_proj
time 8.38
========================================
time111111
12.15001916885376
layers[21].mlp.gate_proj
time 8.26
========================================
time111111
12.467000484466553
layers[21].mlp.down_proj
time 20.19
========================================
time111111
38.08193278312683
layers[22].self_attn.k_proj
time 7.15
========================================
time111111
8.148044109344482
layers[22].self_attn.v_proj
time 7.01
========================================
time111111
8.355979442596436
layers[22].self_attn.q_proj
time 6.88
========================================
time111111
8.46985936164856
layers[22].self_attn.o_proj
time 6.61
========================================
time111111
9.946399927139282
layers[22].mlp.up_proj
time 8.39
========================================
time111111
12.159987688064575
layers[22].mlp.gate_proj
time 8.51
========================================
time111111
12.716796159744263
layers[22].mlp.down_proj
time 20.06
========================================
time111111
37.963533878326416
layers[23].self_attn.k_proj
time 7.13
========================================
time111111
8.130171298980713
layers[23].self_attn.v_proj
time 7.06
========================================
time111111
8.383823156356812
layers[23].self_attn.q_proj
time 6.89
========================================
time111111
8.508396863937378
layers[23].self_attn.o_proj
time 6.20
========================================
time111111
9.54433536529541
layers[23].mlp.up_proj
time 8.30
========================================
time111111
12.082258701324463
layers[23].mlp.gate_proj
time 8.52
========================================
time111111
12.739856481552124
layers[23].mlp.down_proj
time 20.21
========================================
time111111
38.11658501625061
layers[24].self_attn.k_proj
time 7.14
========================================
time111111
8.139728546142578
layers[24].self_attn.v_proj
time 7.21
========================================
time111111
8.558347225189209
layers[24].self_attn.q_proj
time 7.25
========================================
time111111
8.880738496780396
layers[24].self_attn.o_proj
time 6.53
========================================
time111111
9.904251098632812
layers[24].mlp.up_proj
time 8.44
========================================
time111111
12.201558589935303
layers[24].mlp.gate_proj
time 8.32
========================================
time111111
12.534079551696777
layers[24].mlp.down_proj
time 20.33
========================================
time111111
38.223291635513306
layers[25].self_attn.k_proj
time 7.43
========================================
time111111
8.426488876342773
layers[25].self_attn.v_proj
time 7.05
========================================
time111111
8.385330438613892
layers[25].self_attn.q_proj
time 7.13
========================================
time111111
8.755019187927246
layers[25].self_attn.o_proj
time 6.61
========================================
time111111
9.953383684158325
layers[25].mlp.up_proj
time 8.39
========================================
time111111
12.176855087280273
layers[25].mlp.gate_proj
time 8.45
========================================
time111111
12.656794786453247
layers[25].mlp.down_proj
time 20.37
========================================
time111111
38.24963164329529
layers[26].self_attn.k_proj
time 7.36
========================================
time111111
8.35609769821167
layers[26].self_attn.v_proj
time 7.11
========================================
time111111
8.472406148910522
layers[26].self_attn.q_proj
time 7.04
========================================
time111111
8.675472974777222
layers[26].self_attn.o_proj
time 6.50
========================================
time111111
9.875838994979858
layers[26].mlp.up_proj
time 8.62
========================================
time111111
12.389760255813599
layers[26].mlp.gate_proj
time 8.55
========================================
time111111
12.751552104949951
layers[26].mlp.down_proj
time 20.26
========================================
time111111
38.161598682403564
layers[27].self_attn.k_proj
time 7.30
========================================
time111111
8.30457091331482
layers[27].self_attn.v_proj
time 7.22
========================================
time111111
8.595344543457031
layers[27].self_attn.q_proj
time 7.03
========================================
time111111
8.636691331863403
layers[27].self_attn.o_proj
time 6.60
========================================
time111111
9.954883098602295
layers[27].mlp.up_proj
time 8.47
========================================
time111111
12.254295825958252
layers[27].mlp.gate_proj
time 8.40
========================================
time111111
12.611424446105957
layers[27].mlp.down_proj
time 20.17
========================================
time111111
38.07602906227112
layers[28].self_attn.k_proj
time 7.21
========================================
time111111
8.211122512817383
layers[28].self_attn.v_proj
time 6.95
========================================
time111111
8.296615600585938
layers[28].self_attn.q_proj
time 7.06
========================================
time111111
8.684403896331787
layers[28].self_attn.o_proj
time 6.45
========================================
time111111
9.817564249038696
layers[28].mlp.up_proj
time 8.32
========================================
time111111
12.096287727355957
layers[28].mlp.gate_proj
time 8.52
========================================
time111111
12.703609704971313
layers[28].mlp.down_proj
time 20.26
========================================
time111111
38.15895867347717
layers[29].self_attn.k_proj
time 7.29
========================================
time111111
8.290277004241943
layers[29].self_attn.v_proj
time 7.19
========================================
time111111
8.548317909240723
layers[29].self_attn.q_proj
time 7.14
========================================
time111111
8.737314939498901
layers[29].self_attn.o_proj
time 6.41
========================================
time111111
9.783990621566772
layers[29].mlp.up_proj
time 8.27
========================================
time111111
12.030281782150269
layers[29].mlp.gate_proj
time 8.34
========================================
time111111
12.53226923942566
layers[29].mlp.down_proj
time 20.16
========================================
time111111
38.01659417152405
layers[30].self_attn.k_proj
time 7.09
========================================
time111111
8.089551210403442
layers[30].self_attn.v_proj
time 7.01
========================================
time111111
8.362359285354614
layers[30].self_attn.q_proj
time 6.95
========================================
time111111
8.5467689037323
layers[30].self_attn.o_proj
time 6.48
========================================
time111111
9.855751037597656
layers[30].mlp.up_proj
time 8.48
========================================
time111111
12.262192010879517
layers[30].mlp.gate_proj
time 8.33
========================================
time111111
12.546745300292969
layers[30].mlp.down_proj
time 20.35
========================================
time111111
38.23903560638428
layers[31].self_attn.k_proj
time 7.37
========================================
time111111
8.369921207427979
layers[31].self_attn.v_proj
time 7.29
========================================
time111111
8.646602153778076
layers[31].self_attn.q_proj
time 7.18
========================================
time111111
8.795451164245605
layers[31].self_attn.o_proj
time 6.70
========================================
time111111
10.056531429290771
layers[31].mlp.up_proj
time 8.42
========================================
time111111
12.184006214141846
layers[31].mlp.gate_proj
time 8.42
========================================
time111111
12.621955156326294
layers[31].mlp.down_proj
time 20.51
========================================
time111111
38.40050745010376
layers[32].self_attn.k_proj
time 7.42
========================================
time111111
8.413708686828613
layers[32].self_attn.v_proj
time 6.99
========================================
time111111
8.317293167114258
layers[32].self_attn.q_proj
time 7.08
========================================
time111111
8.688022136688232
layers[32].self_attn.o_proj
time 6.49
========================================
time111111
9.853795289993286
layers[32].mlp.up_proj
time 8.49
========================================
time111111
12.258042573928833
layers[32].mlp.gate_proj
time 8.59
========================================
time111111
12.782177209854126
layers[32].mlp.down_proj
time 19.92
========================================
time111111
37.773122787475586
layers[33].self_attn.k_proj
time 7.34
========================================
time111111
8.345224618911743
layers[33].self_attn.v_proj
time 6.98
========================================
time111111
8.317862272262573
layers[33].self_attn.q_proj
time 7.33
========================================
time111111
8.941423654556274
layers[33].self_attn.o_proj
time 6.49
========================================
time111111
9.851940870285034
layers[33].mlp.up_proj
time 8.46
========================================
time111111
12.23962140083313
layers[33].mlp.gate_proj
time 8.43
========================================
time111111
12.635320663452148
layers[33].mlp.down_proj
time 20.15
========================================
time111111
38.02956938743591
layers[34].self_attn.k_proj
time 7.09
========================================
time111111
8.0907723903656
layers[34].self_attn.v_proj
time 6.92
========================================
time111111
8.266891956329346
layers[34].self_attn.q_proj
time 6.86
========================================
time111111
8.49844765663147
layers[34].self_attn.o_proj
time 6.56
========================================
time111111
9.925154685974121
layers[34].mlp.up_proj
time 8.49
========================================
time111111
12.238008975982666
layers[34].mlp.gate_proj
time 8.41
========================================
time111111
12.612240076065063
layers[34].mlp.down_proj
time 20.26
========================================
time111111
38.14672660827637
layers[35].self_attn.k_proj
time 7.14
========================================
time111111
8.133623600006104
layers[35].self_attn.v_proj
time 7.33
========================================
time111111
8.691653490066528
layers[35].self_attn.q_proj
time 6.99
========================================
time111111
8.630491495132446
layers[35].self_attn.o_proj
time 6.62
========================================
time111111
9.971011400222778
layers[35].mlp.up_proj
time 8.45
========================================
time111111
12.188590049743652
layers[35].mlp.gate_proj
time 8.30
========================================
time111111
12.498583555221558
layers[35].mlp.down_proj
time 20.23
========================================
time111111
38.07631802558899
layers[36].self_attn.k_proj
time 7.28
========================================
time111111
8.279793739318848
layers[36].self_attn.v_proj
time 6.95
========================================
time111111
8.307766914367676
layers[36].self_attn.q_proj
time 6.90
========================================
time111111
8.520678043365479
layers[36].self_attn.o_proj
time 6.45
========================================
time111111
9.79418420791626
layers[36].mlp.up_proj
time 8.49
========================================
time111111
12.255801916122437
layers[36].mlp.gate_proj
time 8.39
========================================
time111111
12.5981605052948
layers[36].mlp.down_proj
time 20.23
========================================
time111111
38.10433030128479
layers[37].self_attn.k_proj
time 7.25
========================================
time111111
8.25002408027649
layers[37].self_attn.v_proj
time 6.96
========================================
time111111
8.302427291870117
layers[37].self_attn.q_proj
time 7.01
========================================
time111111
8.61683201789856
layers[37].self_attn.o_proj
time 6.45
========================================
time111111
9.813690423965454
layers[37].mlp.up_proj
time 8.33
========================================
time111111
12.114451169967651
layers[37].mlp.gate_proj
time 8.32
========================================
time111111
12.524387836456299
layers[37].mlp.down_proj
time 19.93
========================================
time111111
37.819995641708374
layers[38].self_attn.k_proj
time 7.24
========================================
time111111
8.248340368270874
layers[38].self_attn.v_proj
time 7.26
========================================
time111111
8.598827600479126
layers[38].self_attn.q_proj
time 7.10
========================================
time111111
8.734610319137573
layers[38].self_attn.o_proj
time 6.61
========================================
time111111
9.955987691879272
layers[38].mlp.up_proj
time 8.63
========================================
time111111
12.388664245605469
layers[38].mlp.gate_proj
time 8.58
========================================
time111111
12.809926509857178
layers[38].mlp.down_proj
time 20.07
========================================
time111111
37.98051714897156
layers[39].self_attn.k_proj
time 7.28
========================================
time111111
8.284815073013306
layers[39].self_attn.v_proj
time 7.01
========================================
time111111
8.369967460632324
layers[39].self_attn.q_proj
time 7.16
========================================
time111111
8.758732795715332
layers[39].self_attn.o_proj
time 6.82
========================================
time111111
10.194010972976685
layers[39].mlp.up_proj
time 8.30
========================================
time111111
12.068397521972656
layers[39].mlp.gate_proj
time 8.46
========================================
time111111
12.671097040176392
layers[39].mlp.down_proj
time 20.18
========================================
time111111
38.08224892616272
layers[40].self_attn.k_proj
time 7.35
========================================
time111111
8.354315757751465
layers[40].self_attn.v_proj
time 7.15
========================================
time111111
8.515889644622803
layers[40].self_attn.q_proj
time 7.22
========================================
time111111
8.847479581832886
layers[40].self_attn.o_proj
time 6.38
========================================
time111111
9.753256797790527
layers[40].mlp.up_proj
time 8.44
========================================
time111111
12.185805797576904
layers[40].mlp.gate_proj
time 8.54
========================================
time111111
12.754056930541992
layers[40].mlp.down_proj
time 20.12
========================================
time111111
38.00659132003784
layers[41].self_attn.k_proj
time 7.41
========================================
time111111
8.408159494400024
layers[41].self_attn.v_proj
time 7.34
========================================
time111111
8.704362392425537
layers[41].self_attn.q_proj
time 7.00
========================================
time111111
8.63478708267212
layers[41].self_attn.o_proj
time 6.61
========================================
time111111
9.975959062576294
layers[41].mlp.up_proj
time 8.37
========================================
time111111
12.095988512039185
layers[41].mlp.gate_proj
time 8.25
========================================
time111111
12.445273399353027
layers[41].mlp.down_proj
time 19.94
========================================
time111111
37.807623863220215
layers[42].self_attn.k_proj
time 7.24
========================================
time111111
8.239763259887695
layers[42].self_attn.v_proj
time 7.33
========================================
time111111
8.666029691696167
layers[42].self_attn.q_proj
time 6.81
========================================
time111111
8.40703296661377
layers[42].self_attn.o_proj
time 6.40
========================================
time111111
9.738476753234863
layers[42].mlp.up_proj
time 8.38
========================================
time111111
12.118762254714966
layers[42].mlp.gate_proj
time 8.55
========================================
time111111
12.76087760925293
layers[42].mlp.down_proj
time 20.18
========================================
time111111
38.03123068809509
layers[43].self_attn.k_proj
time 7.09
========================================
time111111
8.087855339050293
layers[43].self_attn.v_proj
time 7.02
========================================
time111111
8.35229229927063
layers[43].self_attn.q_proj
time 7.05
========================================
time111111
8.661620616912842
layers[43].self_attn.o_proj
time 6.76
========================================
time111111
10.1216881275177
layers[43].mlp.up_proj
time 8.26
========================================
time111111
12.008875608444214
layers[43].mlp.gate_proj
time 8.45
========================================
time111111
12.6548752784729
layers[43].mlp.down_proj
time 20.21
========================================
time111111
38.06051063537598
layers[44].self_attn.k_proj
time 7.33
========================================
time111111
8.324901103973389
layers[44].self_attn.v_proj
time 7.12
========================================
time111111
8.46192455291748
layers[44].self_attn.q_proj
time 6.98
========================================
time111111
8.595397710800171
layers[44].self_attn.o_proj
time 6.31
========================================
time111111
9.643742322921753
layers[44].mlp.up_proj
time 8.40
========================================
time111111
12.149548053741455
layers[44].mlp.gate_proj
time 8.31
========================================
time111111
12.498372793197632
layers[44].mlp.down_proj
time 20.45
========================================
time111111
38.3159658908844
layers[45].self_attn.k_proj
time 7.33
========================================
time111111
8.327420711517334
layers[45].self_attn.v_proj
time 7.27
========================================
time111111
8.605529308319092
layers[45].self_attn.q_proj
time 7.01
========================================
time111111
8.612147331237793
layers[45].self_attn.o_proj
time 6.48
========================================
time111111
9.84798789024353
layers[45].mlp.up_proj
time 8.34
========================================
time111111
12.099373579025269
layers[45].mlp.gate_proj
time 8.54
========================================
time111111
12.730281114578247
layers[45].mlp.down_proj
time 20.21
========================================
time111111
38.0422739982605
layers[46].self_attn.k_proj
time 7.53
========================================
time111111
8.530315399169922
layers[46].self_attn.v_proj
time 7.23
========================================
time111111
8.59193229675293
layers[46].self_attn.q_proj
time 6.92
========================================
time111111
8.5144784450531
layers[46].self_attn.o_proj
time 6.56
========================================
time111111
9.898481607437134
layers[46].mlp.up_proj
time 8.42
========================================
time111111
12.199041843414307
layers[46].mlp.gate_proj
time 8.29
========================================
time111111
12.490346670150757
layers[46].mlp.down_proj
time 20.11
========================================
time111111
37.99966263771057
layers[47].self_attn.k_proj
time 7.30
========================================
time111111
8.300148487091064
layers[47].self_attn.v_proj
time 7.15
========================================
time111111
8.485398769378662
layers[47].self_attn.q_proj
time 6.95
========================================
time111111
8.548737525939941
layers[47].self_attn.o_proj
time 6.66
========================================
time111111
10.036462306976318
layers[47].mlp.up_proj
time 8.28
========================================
time111111
12.070096492767334
layers[47].mlp.gate_proj
time 8.39
========================================
time111111
12.598051071166992
layers[47].mlp.down_proj
time 20.26
========================================
time111111
38.1514790058136
layers[48].self_attn.k_proj
time 7.24
========================================
time111111
8.238957166671753
layers[48].self_attn.v_proj
time 7.23
========================================
time111111
8.594645500183105
layers[48].self_attn.q_proj
time 7.13
========================================
time111111
8.728318214416504
layers[48].self_attn.o_proj
time 6.45
========================================
time111111
9.825371503829956
layers[48].mlp.up_proj
time 8.24
========================================
time111111
11.992459058761597
layers[48].mlp.gate_proj
time 8.57
========================================
time111111
12.766544342041016
layers[48].mlp.down_proj
time 19.84
========================================
time111111
37.85725426673889
layers[49].self_attn.k_proj
time 7.12
========================================
time111111
8.124788999557495
layers[49].self_attn.v_proj
time 7.11
========================================
time111111
8.428433179855347
layers[49].self_attn.q_proj
time 6.93
========================================
time111111
8.544047832489014
layers[49].self_attn.o_proj
time 6.57
========================================
time111111
9.966188430786133
layers[49].mlp.up_proj
time 8.49
========================================
time111111
12.238938808441162
layers[49].mlp.gate_proj
time 8.53
========================================
time111111
12.725512027740479
layers[49].mlp.down_proj
time 20.41
========================================
time111111
38.25103139877319
layers[50].self_attn.k_proj
time 7.36
========================================
time111111
8.356012344360352
layers[50].self_attn.v_proj
time 7.11
========================================
time111111
8.453636646270752
layers[50].self_attn.q_proj
time 7.01
========================================
time111111
8.592910528182983
layers[50].self_attn.o_proj
time 6.48
========================================
time111111
9.829951047897339
layers[50].mlp.up_proj
time 8.39
========================================
time111111
12.160045146942139
layers[50].mlp.gate_proj
time 8.56
========================================
time111111
12.755887985229492
layers[50].mlp.down_proj
time 20.32
========================================
time111111
38.197795391082764
layers[51].self_attn.k_proj
time 7.28
========================================
time111111
8.280370950698853
layers[51].self_attn.v_proj
time 7.22
========================================
time111111
8.56744647026062
layers[51].self_attn.q_proj
time 7.27
========================================
time111111
8.891085147857666
layers[51].self_attn.o_proj
time 6.63
========================================
time111111
9.976890563964844
layers[51].mlp.up_proj
time 8.46
========================================
time111111
12.220011472702026
layers[51].mlp.gate_proj
time 8.48
========================================
time111111
12.680707693099976
layers[51].mlp.down_proj
time 19.39
========================================
time111111
37.23588824272156
layers[52].self_attn.k_proj
time 7.16
========================================
time111111
8.156333923339844
layers[52].self_attn.v_proj
time 6.85
========================================
time111111
8.203221321105957
layers[52].self_attn.q_proj
time 7.17
========================================
time111111
8.757726669311523
layers[52].self_attn.o_proj
time 6.46
========================================
time111111
9.810292959213257
layers[52].mlp.up_proj
time 8.28
========================================
time111111
12.02769422531128
layers[52].mlp.gate_proj
time 8.43
========================================
time111111
12.615654706954956
layers[52].mlp.down_proj
time 20.27
========================================
time111111
38.13995099067688
layers[53].self_attn.k_proj
time 6.90
========================================
time111111
7.896337509155273
layers[53].self_attn.v_proj
time 7.23
========================================
time111111
8.57772421836853
layers[53].self_attn.q_proj
time 7.05
========================================
time111111
8.641340732574463
layers[53].self_attn.o_proj
time 6.47
========================================
time111111
9.81110954284668
layers[53].mlp.up_proj
time 8.46
========================================
time111111
12.219635486602783
layers[53].mlp.gate_proj
time 8.39
========================================
time111111
12.58824896812439
layers[53].mlp.down_proj
time 20.05
========================================
time111111
37.883471727371216
layers[54].self_attn.k_proj
time 7.01
========================================
time111111
8.009438276290894
layers[54].self_attn.v_proj
time 7.02
========================================
time111111
8.335273265838623
layers[54].self_attn.q_proj
time 6.92
========================================
time111111
8.53975796699524
layers[54].self_attn.o_proj
time 6.49
========================================
time111111
9.86696720123291
layers[54].mlp.up_proj
time 8.36
========================================
time111111
12.131556749343872
layers[54].mlp.gate_proj
time 8.46
========================================
time111111
12.718590259552002
layers[54].mlp.down_proj
time 20.54
========================================
time111111
38.61352729797363
layers[55].self_attn.k_proj
time 7.55
========================================
time111111
8.554770946502686
layers[55].self_attn.v_proj
time 7.18
========================================
time111111
8.537391662597656
layers[55].self_attn.q_proj
time 6.67
========================================
time111111
8.276402473449707
layers[55].self_attn.o_proj
time 6.36
========================================
time111111
9.726573944091797
layers[55].mlp.up_proj
time 8.38
========================================
time111111
12.159113645553589
layers[55].mlp.gate_proj
time 8.58
========================================
time111111
12.777272701263428
layers[55].mlp.down_proj
time 20.30
========================================
time111111
38.17535090446472
layers[56].self_attn.k_proj
time 7.34
========================================
time111111
8.341460466384888
layers[56].self_attn.v_proj
time 7.08
========================================
time111111
8.445181846618652
layers[56].self_attn.q_proj
time 7.14
========================================
time111111
8.753918409347534
layers[56].self_attn.o_proj
time 6.65
========================================
time111111
10.00242567062378
layers[56].mlp.up_proj
time 8.46
========================================
time111111
12.2232186794281
layers[56].mlp.gate_proj
time 8.58
========================================
time111111
12.789915561676025
layers[56].mlp.down_proj
time 20.40
========================================
time111111
38.2752525806427
layers[57].self_attn.k_proj
time 7.35
========================================
time111111
8.340752124786377
layers[57].self_attn.v_proj
time 7.06
========================================
time111111
8.407420873641968
layers[57].self_attn.q_proj
time 7.13
========================================
time111111
8.756176710128784
layers[57].self_attn.o_proj
time 6.56
========================================
time111111
9.903093099594116
layers[57].mlp.up_proj
time 8.64
========================================
time111111
12.3688485622406
layers[57].mlp.gate_proj
time 8.44
========================================
time111111
12.640120029449463
layers[57].mlp.down_proj
time 20.37
========================================
time111111
38.21385931968689
layers[58].self_attn.k_proj
time 7.32
========================================
time111111
8.3223135471344
layers[58].self_attn.v_proj
time 7.13
========================================
time111111
8.491307020187378
layers[58].self_attn.q_proj
time 6.77
========================================
time111111
8.394151449203491
layers[58].self_attn.o_proj
time 6.58
========================================
time111111
9.925206661224365
layers[58].mlp.up_proj
time 8.27
========================================
time111111
12.026926755905151
layers[58].mlp.gate_proj
time 8.40
========================================
time111111
12.598210573196411
layers[58].mlp.down_proj
time 20.48
========================================
time111111
38.343377113342285
layers[59].self_attn.k_proj
time 7.43
========================================
time111111
8.431177616119385
layers[59].self_attn.v_proj
time 7.06
========================================
time111111
8.42048716545105
layers[59].self_attn.q_proj
time 7.06
========================================
time111111
8.679215431213379
layers[59].self_attn.o_proj
time 6.61
========================================
time111111
9.997824668884277
layers[59].mlp.up_proj
time 8.49
========================================
time111111
12.258127689361572
layers[59].mlp.gate_proj
time 8.37
========================================
time111111
12.587232112884521
layers[59].mlp.down_proj
time 20.46
========================================
time111111
38.39171838760376
layers[60].self_attn.k_proj
time 7.40
========================================
time111111
8.401693344116211
layers[60].self_attn.v_proj
time 7.20
========================================
time111111
8.52731704711914
layers[60].self_attn.q_proj
time 7.07
========================================
time111111
8.711212158203125
layers[60].self_attn.o_proj
time 6.57
========================================
time111111
9.92823839187622
layers[60].mlp.up_proj
time 8.35
========================================
time111111
12.106407403945923
layers[60].mlp.gate_proj
time 8.43
========================================
time111111
12.622138500213623
layers[60].mlp.down_proj
time 20.12
========================================
time111111
37.99625778198242
layers[61].self_attn.k_proj
time 7.40
========================================
time111111
8.39760971069336
layers[61].self_attn.v_proj
time 7.00
========================================
time111111
8.366708040237427
layers[61].self_attn.q_proj
time 6.96
========================================
time111111
8.563162803649902
layers[61].self_attn.o_proj
time 6.53
========================================
time111111
9.9020836353302
layers[61].mlp.up_proj
time 8.56
========================================
time111111
12.313612699508667
layers[61].mlp.gate_proj
time 8.37
========================================
time111111
12.54830551147461
layers[61].mlp.down_proj
time 20.32
========================================
time111111
38.17067289352417
layers[62].self_attn.k_proj
time 7.37
========================================
time111111
8.366606950759888
layers[62].self_attn.v_proj
time 7.25
========================================
time111111
8.621456146240234
layers[62].self_attn.q_proj
time 7.07
========================================
time111111
8.68112301826477
layers[62].self_attn.o_proj
time 6.38
========================================
time111111
9.751034259796143
layers[62].mlp.up_proj
time 8.42
========================================
time111111
12.151179552078247
layers[62].mlp.gate_proj
time 8.35
========================================
time111111
12.540732383728027
layers[62].mlp.down_proj
time 20.08
========================================
time111111
37.90241360664368
layers[63].self_attn.k_proj
time 7.29
========================================
time111111
8.282488584518433
layers[63].self_attn.v_proj
time 7.12
========================================
time111111
8.458939790725708
layers[63].self_attn.q_proj
time 7.02
========================================
time111111
8.634508609771729
layers[63].self_attn.o_proj
time 6.35
========================================
time111111
9.724676370620728
layers[63].mlp.up_proj
time 8.34
========================================
time111111
12.086503505706787
layers[63].mlp.gate_proj
time 8.41
========================================
time111111
12.593228816986084
layers[63].mlp.down_proj
time 20.09
========================================
time111111
37.91827583312988
layers[64].self_attn.k_proj
time 7.22
========================================
time111111
8.207972288131714
layers[64].self_attn.v_proj
time 7.01
========================================
time111111
8.354362487792969
layers[64].self_attn.q_proj
time 7.11
========================================
time111111
8.690921783447266
layers[64].self_attn.o_proj
time 6.49
========================================
time111111
9.823088884353638
layers[64].mlp.up_proj
time 8.53
========================================
time111111
12.247220277786255
layers[64].mlp.gate_proj
time 8.34
========================================
time111111
12.542264699935913
layers[64].mlp.down_proj
time 20.04
========================================
time111111
37.86963772773743
layers[65].self_attn.k_proj
time 7.34
========================================
time111111
8.333851099014282
layers[65].self_attn.v_proj
time 7.31
========================================
time111111
8.647069692611694
layers[65].self_attn.q_proj
time 6.91
========================================
time111111
8.524717807769775
layers[65].self_attn.o_proj
time 6.47
========================================
time111111
9.797375440597534
layers[65].mlp.up_proj
time 8.25
========================================
time111111
11.974844455718994
layers[65].mlp.gate_proj
time 8.56
========================================
time111111
12.741564512252808
layers[65].mlp.down_proj
time 20.16
========================================
time111111
37.96543574333191
layers[66].self_attn.k_proj
time 7.29
========================================
time111111
8.281246662139893
layers[66].self_attn.v_proj
time 7.32
========================================
time111111
8.68065333366394
layers[66].self_attn.q_proj
time 7.12
========================================
time111111
8.747997522354126
layers[66].self_attn.o_proj
time 6.41
========================================
time111111
9.746754884719849
layers[66].mlp.up_proj
time 8.52
========================================
time111111
12.246571779251099
layers[66].mlp.gate_proj
time 8.52
========================================
time111111
12.708509683609009
layers[66].mlp.down_proj
time 20.33
========================================
time111111
38.141358375549316
layers[67].self_attn.k_proj
time 7.32
========================================
time111111
8.308917760848999
layers[67].self_attn.v_proj
time 7.20
========================================
time111111
8.530686140060425
layers[67].self_attn.q_proj
time 6.87
========================================
time111111
8.502300024032593
layers[67].self_attn.o_proj
time 6.45
========================================
time111111
9.796684980392456
layers[67].mlp.up_proj
time 8.85
========================================
time111111
12.59848427772522
layers[67].mlp.gate_proj
time 8.62
========================================
time111111
12.821923017501831
layers[67].mlp.down_proj
time 20.10
========================================
time111111
37.9377920627594
layers[68].self_attn.k_proj
time 7.31
========================================
time111111
8.307740449905396
layers[68].self_attn.v_proj
time 7.12
========================================
time111111
8.470153331756592
layers[68].self_attn.q_proj
time 6.85
========================================
time111111
8.46613073348999
layers[68].self_attn.o_proj
time 6.19
========================================
time111111
9.54429292678833
layers[68].mlp.up_proj
time 8.83
========================================
time111111
12.567293882369995
layers[68].mlp.gate_proj
time 8.37
========================================
time111111
12.567077398300171
layers[68].mlp.down_proj
time 19.53
========================================
time111111
37.38527750968933
layers[69].self_attn.k_proj
time 7.36
========================================
time111111
8.355372190475464
layers[69].self_attn.v_proj
time 6.89
========================================
time111111
8.245765924453735
layers[69].self_attn.q_proj
time 7.06
========================================
time111111
8.641634464263916
layers[69].self_attn.o_proj
time 6.35
========================================
time111111
9.679039001464844
layers[69].mlp.up_proj
time 8.34
========================================
time111111
12.066314935684204
layers[69].mlp.gate_proj
time 8.57
========================================
time111111
12.762235641479492
layers[69].mlp.down_proj
time 20.46
========================================
time111111
38.2739200592041
layers[70].self_attn.k_proj
time 7.36
========================================
time111111
8.350355863571167
layers[70].self_attn.v_proj
time 6.81
========================================
time111111
8.128206253051758
layers[70].self_attn.q_proj
time 6.75
========================================
time111111
8.361711025238037
layers[70].self_attn.o_proj
time 6.22
========================================
time111111
9.553453207015991
layers[70].mlp.up_proj
time 8.43
========================================
time111111
12.149298667907715
layers[70].mlp.gate_proj
time 8.82
========================================
time111111
13.014376640319824
layers[70].mlp.down_proj
time 19.92
========================================
time111111
37.73914456367493
layers[71].self_attn.k_proj
time 7.33
========================================
time111111
8.322606325149536
layers[71].self_attn.v_proj
time 7.29
========================================
time111111
8.65940523147583
layers[71].self_attn.q_proj
time 6.87
========================================
time111111
8.510067462921143
layers[71].self_attn.o_proj
time 6.21
========================================
time111111
9.575514316558838
layers[71].mlp.up_proj
time 8.31
========================================
time111111
12.057435750961304
layers[71].mlp.gate_proj
time 8.55
========================================
time111111
12.759721755981445
layers[71].mlp.down_proj
time 20.09
========================================
time111111
37.94042181968689
layers[72].self_attn.k_proj
time 7.32
========================================
time111111
8.326205968856812
layers[72].self_attn.v_proj
time 7.00
========================================
time111111
8.356580018997192
layers[72].self_attn.q_proj
time 6.98
========================================
time111111
8.57370662689209
layers[72].self_attn.o_proj
time 6.18
========================================
time111111
9.536633014678955
layers[72].mlp.up_proj
time 8.44
========================================
time111111
12.169249773025513
layers[72].mlp.gate_proj
time 8.50
========================================
time111111
12.679831743240356
layers[72].mlp.down_proj
time 19.38
========================================
time111111
37.241803884506226
layers[73].self_attn.k_proj
time 7.00
========================================
time111111
7.9993109703063965
layers[73].self_attn.v_proj
time 7.15
========================================
time111111
8.477919101715088
layers[73].self_attn.q_proj
time 7.00
========================================
time111111
8.594958543777466
layers[73].self_attn.o_proj
time 6.26
========================================
time111111
9.622023820877075
layers[73].mlp.up_proj
time 8.22
========================================
time111111
11.9823739528656
layers[73].mlp.gate_proj
time 8.34
========================================
time111111
12.522711038589478
layers[73].mlp.down_proj
time 19.85
========================================
time111111
37.66880464553833
layers[74].self_attn.k_proj
time 7.03
========================================
time111111
8.027660131454468
layers[74].self_attn.v_proj
time 7.11
========================================
time111111
8.426125764846802
layers[74].self_attn.q_proj
time 6.92
========================================
time111111
8.519270181655884
layers[74].self_attn.o_proj
time 6.23
========================================
time111111
9.554737091064453
layers[74].mlp.up_proj
time 8.30
========================================
time111111
12.037277221679688
layers[74].mlp.gate_proj
time 8.44
========================================
time111111
12.628854274749756
layers[74].mlp.down_proj
time 19.96
========================================
time111111
37.81450176239014
layers[75].self_attn.k_proj
time 7.26
========================================
time111111
8.255059480667114
layers[75].self_attn.v_proj
time 7.19
========================================
time111111
8.54918885231018
layers[75].self_attn.q_proj
time 6.95
========================================
time111111
8.548163652420044
layers[75].self_attn.o_proj
time 6.36
========================================
time111111
9.747194290161133
layers[75].mlp.up_proj
time 8.33
========================================
time111111
12.06741452217102
layers[75].mlp.gate_proj
time 8.50
========================================
time111111
12.692491054534912
layers[75].mlp.down_proj
time 19.55
========================================
time111111
37.364102363586426
layers[76].self_attn.k_proj
time 7.28
========================================
time111111
8.27960753440857
layers[76].self_attn.v_proj
time 7.18
========================================
time111111
8.4981689453125
layers[76].self_attn.q_proj
time 6.93
========================================
time111111
8.545021533966064
layers[76].self_attn.o_proj
time 6.47
========================================
time111111
9.815407752990723
layers[76].mlp.up_proj
time 8.21
========================================
time111111
11.97568416595459
layers[76].mlp.gate_proj
time 8.56
========================================
time111111
12.746036291122437
layers[76].mlp.down_proj
time 20.40
========================================
time111111
38.25549077987671
layers[77].self_attn.k_proj
time 7.31
========================================
time111111
8.31229043006897
layers[77].self_attn.v_proj
time 7.19
========================================
time111111
8.546722412109375
layers[77].self_attn.q_proj
time 6.97
========================================
time111111
8.563743352890015
layers[77].self_attn.o_proj
time 6.49
========================================
time111111
9.848529577255249
layers[77].mlp.up_proj
time 8.48
========================================
time111111
12.206648349761963
layers[77].mlp.gate_proj
time 8.42
========================================
time111111
12.602510929107666
layers[77].mlp.down_proj
time 20.70
========================================
time111111
38.558555364608765
layers[78].self_attn.k_proj
time 7.34
========================================
time111111
8.338346242904663
layers[78].self_attn.v_proj
time 7.19
========================================
time111111
8.51555585861206
layers[78].self_attn.q_proj
time 7.13
========================================
time111111
8.739718198776245
layers[78].self_attn.o_proj
time 6.38
========================================
time111111
9.731710433959961
layers[78].mlp.up_proj
time 8.34
========================================
time111111
12.08516001701355
layers[78].mlp.gate_proj
time 9.05
========================================
time111111
13.235624551773071
layers[78].mlp.down_proj
time 19.99
========================================
time111111
37.83592224121094
layers[79].self_attn.k_proj
time 7.38
========================================
time111111
8.378960371017456
layers[79].self_attn.v_proj
time 6.98
========================================
time111111
8.335243225097656
layers[79].self_attn.q_proj
time 7.12
========================================
time111111
8.7249014377594
layers[79].self_attn.o_proj
time 6.34
========================================
time111111
9.685224771499634
layers[79].mlp.up_proj
time 8.25
========================================
time111111
11.985813856124878
layers[79].mlp.gate_proj
time 8.34
========================================
time111111
12.521082401275635
layers[79].mlp.down_proj
time 19.57
========================================
time111111
37.385671615600586
8216.746701717377
wikitext2
Evaluating ...
0
1
2
3
4
5
6
7
8
9
10
11
12
13
14
15
16
17
18
19
20
21
22
23
24
25
26
27
28
29
30
31
32
33
34
35
36
37
38
39
40
41
42
43
44
45
46
47
48
49
50
51
52
53
54
55
56
57
58
59
60
61
62
63
64
65
66
67
68
69
70
71
72
73
74
75
76
77
78
79
3.9325368404388428
ptb-new
Evaluating ...
0
1
2
3
4
5
6
7
8
9
10
11
12
13
14
15
16
17
18
19
20
21
22
23
24
25
26
27
28
29
30
31
32
33
34
35
36
37
38
39
40
41
42
43
44
45
46
47
48
49
50
51
52
53
54
55
56
57
58
59
60
61
62
63
64
65
66
67
68
69
70
71
72
73
74
75
76
77
78
79
28.194589614868164
c4-new
Evaluating ...
0
1
2
3
4
5
6
7
8
9
10
11
12
13
14
15
16
17
18
19
20
21
22
23
24
25
26
27
28
29
30
31
32
33
34
35
36
37
38
39
40
41
42
43
44
45
46
47
48
49
50
51
52
53
54
55
56
57
58
59
60
61
62
63
64
65
66
67
68
69
70
71
72
73
74
75
76
77
78
79
6.062386512756348
