CUDA extension not installed.
model over
data over
Starting ...
Ready.
layers[0].self_attn.k_proj
time 8.22
========================================
time111111
11.14208722114563
layers[0].self_attn.v_proj
time 7.66
========================================
time111111
9.003061056137085
layers[0].self_attn.q_proj
time 6.81
========================================
time111111
8.412268877029419
layers[0].self_attn.o_proj
time 6.13
========================================
time111111
9.471868991851807
layers[0].mlp.up_proj
time 8.28
========================================
time111111
12.036001920700073
layers[0].mlp.gate_proj
time 8.29
========================================
time111111
12.509564876556396
layers[0].mlp.down_proj
time 19.57
========================================
time111111
37.49849534034729
layers[1].self_attn.k_proj
time 7.15
========================================
time111111
8.149785995483398
layers[1].self_attn.v_proj
time 7.15
========================================
time111111
8.490311622619629
layers[1].self_attn.q_proj
time 6.65
========================================
time111111
8.281817197799683
layers[1].self_attn.o_proj
time 6.03
========================================
time111111
9.388341426849365
layers[1].mlp.up_proj
time 8.23
========================================
time111111
11.986439228057861
layers[1].mlp.gate_proj
time 8.22
========================================
time111111
12.441591024398804
layers[1].mlp.down_proj
time 19.77
========================================
time111111
37.692227363586426
layers[2].self_attn.k_proj
time 7.21
========================================
time111111
8.21057415008545
layers[2].self_attn.v_proj
time 7.14
========================================
time111111
8.489067792892456
layers[2].self_attn.q_proj
time 6.56
========================================
time111111
8.17350149154663
layers[2].self_attn.o_proj
time 6.33
========================================
time111111
9.69760274887085
layers[2].mlp.up_proj
time 8.19
========================================
time111111
11.972370386123657
layers[2].mlp.gate_proj
time 8.18
========================================
time111111
12.398624897003174
layers[2].mlp.down_proj
time 20.55
========================================
time111111
38.47490358352661
layers[3].self_attn.k_proj
time 7.05
========================================
time111111
8.038086652755737
layers[3].self_attn.v_proj
time 6.94
========================================
time111111
8.27107858657837
layers[3].self_attn.q_proj
time 6.95
========================================
time111111
8.555099964141846
layers[3].self_attn.o_proj
time 5.93
========================================
time111111
9.288997411727905
layers[3].mlp.up_proj
time 8.41
========================================
time111111
12.177272319793701
layers[3].mlp.gate_proj
time 8.41
========================================
time111111
12.61463212966919
layers[3].mlp.down_proj
time 19.70
========================================
time111111
37.566903591156006
layers[4].self_attn.k_proj
time 7.05
========================================
time111111
8.044781923294067
layers[4].self_attn.v_proj
time 7.09
========================================
time111111
8.431676149368286
layers[4].self_attn.q_proj
time 6.98
========================================
time111111
8.611165761947632
layers[4].self_attn.o_proj
time 6.57
========================================
time111111
9.918806076049805
layers[4].mlp.up_proj
time 8.49
========================================
time111111
12.293419361114502
layers[4].mlp.gate_proj
time 8.55
========================================
time111111
12.784959554672241
layers[4].mlp.down_proj
time 19.82
========================================
time111111
37.78472280502319
layers[5].self_attn.k_proj
time 7.22
========================================
time111111
8.22152304649353
layers[5].self_attn.v_proj
time 7.11
========================================
time111111
8.466193437576294
layers[5].self_attn.q_proj
time 6.93
========================================
time111111
8.570045471191406
layers[5].self_attn.o_proj
time 6.35
========================================
time111111
9.71516728401184
layers[5].mlp.up_proj
time 8.42
========================================
time111111
12.180902004241943
layers[5].mlp.gate_proj
time 8.51
========================================
time111111
12.729920625686646
layers[5].mlp.down_proj
time 20.38
========================================
time111111
38.25072741508484
layers[6].self_attn.k_proj
time 7.22
========================================
time111111
8.212525367736816
layers[6].self_attn.v_proj
time 7.09
========================================
time111111
8.420501470565796
layers[6].self_attn.q_proj
time 6.96
========================================
time111111
8.566226482391357
layers[6].self_attn.o_proj
time 6.48
========================================
time111111
9.839314222335815
layers[6].mlp.up_proj
time 8.36
========================================
time111111
12.112058639526367
layers[6].mlp.gate_proj
time 8.30
========================================
time111111
12.521379470825195
layers[6].mlp.down_proj
time 19.95
========================================
time111111
37.829418420791626
layers[7].self_attn.k_proj
time 7.10
========================================
time111111
8.09506368637085
layers[7].self_attn.v_proj
time 7.08
========================================
time111111
8.418967008590698
layers[7].self_attn.q_proj
time 6.64
========================================
time111111
8.263065814971924
layers[7].self_attn.o_proj
time 6.37
========================================
time111111
9.728279829025269
layers[7].mlp.up_proj
time 8.59
========================================
time111111
12.360109329223633
layers[7].mlp.gate_proj
time 8.54
========================================
time111111
12.75835394859314
layers[7].mlp.down_proj
time 20.07
========================================
time111111
37.95490765571594
layers[8].self_attn.k_proj
time 7.14
========================================
time111111
8.131384372711182
layers[8].self_attn.v_proj
time 7.08
========================================
time111111
8.448160648345947
layers[8].self_attn.q_proj
time 6.88
========================================
time111111
8.504586696624756
layers[8].self_attn.o_proj
time 6.36
========================================
time111111
9.727787256240845
layers[8].mlp.up_proj
time 8.42
========================================
time111111
12.202359199523926
layers[8].mlp.gate_proj
time 8.51
========================================
time111111
12.744372844696045
layers[8].mlp.down_proj
time 20.26
========================================
time111111
38.23054766654968
layers[9].self_attn.k_proj
time 7.26
========================================
time111111
8.257067441940308
layers[9].self_attn.v_proj
time 7.19
========================================
time111111
8.541497945785522
layers[9].self_attn.q_proj
time 7.15
========================================
time111111
8.751397609710693
layers[9].self_attn.o_proj
time 6.39
========================================
time111111
9.775237798690796
layers[9].mlp.up_proj
time 8.45
========================================
time111111
12.222944259643555
layers[9].mlp.gate_proj
time 8.58
========================================
time111111
12.80834674835205
layers[9].mlp.down_proj
time 19.91
========================================
time111111
37.83366918563843
layers[10].self_attn.k_proj
time 7.25
========================================
time111111
8.248059511184692
layers[10].self_attn.v_proj
time 6.91
========================================
time111111
8.257753849029541
layers[10].self_attn.q_proj
time 7.06
========================================
time111111
8.680689573287964
layers[10].self_attn.o_proj
time 6.47
========================================
time111111
9.845412015914917
layers[10].mlp.up_proj
time 8.45
========================================
time111111
12.210150480270386
layers[10].mlp.gate_proj
time 8.30
========================================
time111111
12.517936706542969
layers[10].mlp.down_proj
time 20.37
========================================
time111111
38.30731773376465
layers[11].self_attn.k_proj
time 6.73
========================================
time111111
7.727202653884888
layers[11].self_attn.v_proj
time 6.84
========================================
time111111
8.165478467941284
layers[11].self_attn.q_proj
time 6.80
========================================
time111111
8.404265403747559
layers[11].self_attn.o_proj
time 6.46
========================================
time111111
9.796550035476685
layers[11].mlp.up_proj
time 8.41
========================================
time111111
12.17508578300476
layers[11].mlp.gate_proj
time 8.47
========================================
time111111
12.691771984100342
layers[11].mlp.down_proj
time 20.21
========================================
time111111
38.144590616226196
layers[12].self_attn.k_proj
time 7.26
========================================
time111111
8.259530782699585
layers[12].self_attn.v_proj
time 7.10
========================================
time111111
8.46203327178955
layers[12].self_attn.q_proj
time 6.88
========================================
time111111
8.502728462219238
layers[12].self_attn.o_proj
time 6.31
========================================
time111111
9.683446645736694
layers[12].mlp.up_proj
time 8.44
========================================
time111111
12.199073076248169
layers[12].mlp.gate_proj
time 8.55
========================================
time111111
12.770703554153442
layers[12].mlp.down_proj
time 20.01
========================================
time111111
37.982157707214355
layers[13].self_attn.k_proj
time 7.20
========================================
time111111
8.203583478927612
layers[13].self_attn.v_proj
time 7.04
========================================
time111111
8.408724308013916
layers[13].self_attn.q_proj
time 7.07
========================================
time111111
8.66398549079895
layers[13].self_attn.o_proj
time 6.52
========================================
time111111
9.881804704666138
layers[13].mlp.up_proj
time 8.45
========================================
time111111
12.215966701507568
layers[13].mlp.gate_proj
time 8.23
========================================
time111111
12.4618399143219
layers[13].mlp.down_proj
time 20.22
========================================
time111111
38.17987847328186
layers[14].self_attn.k_proj
time 7.18
========================================
time111111
8.179244995117188
layers[14].self_attn.v_proj
time 7.10
========================================
time111111
8.450197219848633
layers[14].self_attn.q_proj
time 7.00
========================================
time111111
8.637242078781128
layers[14].self_attn.o_proj
time 6.51
========================================
time111111
9.896100997924805
layers[14].mlp.up_proj
time 8.52
========================================
time111111
12.303163290023804
layers[14].mlp.gate_proj
time 8.47
========================================
time111111
12.695481777191162
layers[14].mlp.down_proj
time 20.38
========================================
time111111
38.33144450187683
layers[15].self_attn.k_proj
time 7.28
========================================
time111111
8.277043104171753
layers[15].self_attn.v_proj
time 7.03
========================================
time111111
8.364356279373169
layers[15].self_attn.q_proj
time 7.07
========================================
time111111
8.698297500610352
layers[15].self_attn.o_proj
time 6.58
========================================
time111111
9.946188926696777
layers[15].mlp.up_proj
time 8.50
========================================
time111111
12.29378890991211
layers[15].mlp.gate_proj
time 8.51
========================================
time111111
12.74685549736023
layers[15].mlp.down_proj
time 19.78
========================================
time111111
37.70982384681702
layers[16].self_attn.k_proj
time 7.25
========================================
time111111
8.250162363052368
layers[16].self_attn.v_proj
time 7.22
========================================
time111111
8.589035272598267
layers[16].self_attn.q_proj
time 7.12
========================================
time111111
8.72632884979248
layers[16].self_attn.o_proj
time 6.53
========================================
time111111
9.91184949874878
layers[16].mlp.up_proj
time 8.68
========================================
time111111
12.450544357299805
layers[16].mlp.gate_proj
time 8.56
========================================
time111111
12.786017894744873
layers[16].mlp.down_proj
time 20.37
========================================
time111111
38.35586595535278
layers[17].self_attn.k_proj
time 7.13
========================================
time111111
8.129531860351562
layers[17].self_attn.v_proj
time 7.03
========================================
time111111
8.360026597976685
layers[17].self_attn.q_proj
time 7.15
========================================
time111111
8.76880145072937
layers[17].self_attn.o_proj
time 6.53
========================================
time111111
9.882906198501587
layers[17].mlp.up_proj
time 8.37
========================================
time111111
12.164926290512085
layers[17].mlp.gate_proj
time 8.15
========================================
time111111
12.37331509590149
layers[17].mlp.down_proj
time 20.34
========================================
time111111
38.256580114364624
layers[18].self_attn.k_proj
time 6.63
========================================
time111111
7.622433423995972
layers[18].self_attn.v_proj
time 7.05
========================================
time111111
8.369421482086182
layers[18].self_attn.q_proj
time 6.72
========================================
time111111
8.33851933479309
layers[18].self_attn.o_proj
time 5.89
========================================
time111111
9.236292123794556
layers[18].mlp.up_proj
time 8.07
========================================
time111111
11.840627670288086
layers[18].mlp.gate_proj
time 8.05
========================================
time111111
12.26099443435669
layers[18].mlp.down_proj
time 19.74
========================================
time111111
37.66338896751404
layers[19].self_attn.k_proj
time 7.11
========================================
time111111
8.103476524353027
layers[19].self_attn.v_proj
time 6.73
========================================
time111111
8.092681407928467
layers[19].self_attn.q_proj
time 6.84
========================================
time111111
8.450310468673706
layers[19].self_attn.o_proj
time 6.36
========================================
time111111
9.732438087463379
layers[19].mlp.up_proj
time 8.35
========================================
time111111
12.127608060836792
layers[19].mlp.gate_proj
time 8.78
========================================
time111111
13.001240730285645
layers[19].mlp.down_proj
time 19.84
========================================
time111111
37.812260150909424
layers[20].self_attn.k_proj
time 6.88
========================================
time111111
7.880014657974243
layers[20].self_attn.v_proj
time 7.13
========================================
time111111
8.449886083602905
layers[20].self_attn.q_proj
time 7.02
========================================
time111111
8.61998176574707
layers[20].self_attn.o_proj
time 6.25
========================================
time111111
9.612645387649536
layers[20].mlp.up_proj
time 8.45
========================================
time111111
12.244537591934204
layers[20].mlp.gate_proj
time 8.47
========================================
time111111
12.700535535812378
layers[20].mlp.down_proj
time 20.26
========================================
time111111
38.21170735359192
layers[21].self_attn.k_proj
time 6.95
========================================
time111111
7.9460179805755615
layers[21].self_attn.v_proj
time 6.96
========================================
time111111
8.281024694442749
layers[21].self_attn.q_proj
time 6.74
========================================
time111111
8.34451699256897
layers[21].self_attn.o_proj
time 6.40
========================================
time111111
9.768189430236816
layers[21].mlp.up_proj
time 8.45
========================================
time111111
12.228523015975952
layers[21].mlp.gate_proj
time 8.45
========================================
time111111
12.671904802322388
layers[21].mlp.down_proj
time 20.07
========================================
time111111
37.97893810272217
layers[22].self_attn.k_proj
time 7.15
========================================
time111111
8.145126819610596
layers[22].self_attn.v_proj
time 7.24
========================================
time111111
8.571962594985962
layers[22].self_attn.q_proj
time 7.07
========================================
time111111
8.693949699401855
layers[22].self_attn.o_proj
time 6.18
========================================
time111111
9.548679828643799
layers[22].mlp.up_proj
time 8.00
========================================
time111111
11.778928518295288
layers[22].mlp.gate_proj
time 8.35
========================================
time111111
12.562665939331055
layers[22].mlp.down_proj
time 19.85
========================================
time111111
37.7841432094574
layers[23].self_attn.k_proj
time 7.08
========================================
time111111
8.074214220046997
layers[23].self_attn.v_proj
time 6.97
========================================
time111111
8.290814638137817
layers[23].self_attn.q_proj
time 6.91
========================================
time111111
8.541965007781982
layers[23].self_attn.o_proj
time 6.49
========================================
time111111
9.862029552459717
layers[23].mlp.up_proj
time 8.16
========================================
time111111
11.954272985458374
layers[23].mlp.gate_proj
time 8.18
========================================
time111111
12.395299911499023
layers[23].mlp.down_proj
time 19.74
========================================
time111111
37.67634677886963
layers[24].self_attn.k_proj
time 7.42
========================================
time111111
8.418092727661133
layers[24].self_attn.v_proj
time 7.23
========================================
time111111
8.562262296676636
layers[24].self_attn.q_proj
time 7.11
========================================
time111111
8.74349331855774
layers[24].self_attn.o_proj
time 6.36
========================================
time111111
9.725048065185547
layers[24].mlp.up_proj
time 8.23
========================================
time111111
12.00412654876709
layers[24].mlp.gate_proj
time 8.31
========================================
time111111
12.534696340560913
layers[24].mlp.down_proj
time 20.02
========================================
time111111
37.977455377578735
layers[25].self_attn.k_proj
time 6.87
========================================
time111111
7.866899251937866
layers[25].self_attn.v_proj
time 6.76
========================================
time111111
8.089207410812378
layers[25].self_attn.q_proj
time 6.65
========================================
time111111
8.243592977523804
layers[25].self_attn.o_proj
time 6.53
========================================
time111111
9.873364448547363
layers[25].mlp.up_proj
time 8.00
========================================
time111111
11.78123950958252
layers[25].mlp.gate_proj
time 7.95
========================================
time111111
12.167060375213623
layers[25].mlp.down_proj
time 19.70
========================================
time111111
37.644689083099365
layers[26].self_attn.k_proj
time 6.77
========================================
time111111
7.766228437423706
layers[26].self_attn.v_proj
time 6.91
========================================
time111111
8.232898473739624
layers[26].self_attn.q_proj
time 6.78
========================================
time111111
8.371079206466675
layers[26].self_attn.o_proj
time 6.58
========================================
time111111
9.95194935798645
layers[26].mlp.up_proj
time 8.43
========================================
time111111
12.203987121582031
layers[26].mlp.gate_proj
time 8.22
========================================
time111111
12.448611497879028
layers[26].mlp.down_proj
time 18.93
========================================
time111111
36.866689682006836
layers[27].self_attn.k_proj
time 7.07
========================================
time111111
8.075154542922974
layers[27].self_attn.v_proj
time 6.83
========================================
time111111
8.183798789978027
layers[27].self_attn.q_proj
time 6.94
========================================
time111111
8.536664962768555
layers[27].self_attn.o_proj
time 6.26
========================================
time111111
9.646028518676758
layers[27].mlp.up_proj
time 8.23
========================================
time111111
12.02846097946167
layers[27].mlp.gate_proj
time 8.31
========================================
time111111
12.523691415786743
layers[27].mlp.down_proj
time 19.81
========================================
time111111
37.76741075515747
layers[28].self_attn.k_proj
time 6.98
========================================
time111111
7.985492944717407
layers[28].self_attn.v_proj
time 7.08
========================================
time111111
8.420344352722168
layers[28].self_attn.q_proj
time 7.07
========================================
time111111
8.697334051132202
layers[28].self_attn.o_proj
time 6.32
========================================
time111111
9.690124034881592
layers[28].mlp.up_proj
time 8.11
========================================
time111111
11.888779878616333
layers[28].mlp.gate_proj
time 8.48
========================================
time111111
12.695661067962646
layers[28].mlp.down_proj
time 20.30
========================================
time111111
38.284703731536865
layers[29].self_attn.k_proj
time 7.30
========================================
time111111
8.300703525543213
layers[29].self_attn.v_proj
time 6.96
========================================
time111111
8.323307991027832
layers[29].self_attn.q_proj
time 7.01
========================================
time111111
8.625118017196655
layers[29].self_attn.o_proj
time 6.05
========================================
time111111
9.43315052986145
layers[29].mlp.up_proj
time 8.47
========================================
time111111
12.263594388961792
layers[29].mlp.gate_proj
time 8.57
========================================
time111111
12.798152923583984
layers[29].mlp.down_proj
time 19.63
========================================
time111111
37.59620785713196
layers[30].self_attn.k_proj
time 6.93
========================================
time111111
7.928739070892334
layers[30].self_attn.v_proj
time 7.06
========================================
time111111
8.402554035186768
layers[30].self_attn.q_proj
time 6.59
========================================
time111111
8.218138694763184
layers[30].self_attn.o_proj
time 6.37
========================================
time111111
9.719818830490112
layers[30].mlp.up_proj
time 8.41
========================================
time111111
12.211590051651001
layers[30].mlp.gate_proj
time 8.35
========================================
time111111
12.567271947860718
layers[30].mlp.down_proj
time 20.30
========================================
time111111
38.22735786437988
layers[31].self_attn.k_proj
time 7.17
========================================
time111111
8.160638093948364
layers[31].self_attn.v_proj
time 6.92
========================================
time111111
8.285249948501587
layers[31].self_attn.q_proj
time 6.87
========================================
time111111
8.498172044754028
layers[31].self_attn.o_proj
time 6.38
========================================
time111111
9.751363277435303
layers[31].mlp.up_proj
time 8.38
========================================
time111111
12.14382553100586
layers[31].mlp.gate_proj
time 8.49
========================================
time111111
12.717903852462769
layers[31].mlp.down_proj
time 20.34
========================================
time111111
38.282657861709595
layers[32].self_attn.k_proj
time 7.28
========================================
time111111
8.285364866256714
layers[32].self_attn.v_proj
time 6.95
========================================
time111111
8.308674573898315
layers[32].self_attn.q_proj
time 6.75
========================================
time111111
8.362081289291382
layers[32].self_attn.o_proj
time 6.32
========================================
time111111
9.68069839477539
layers[32].mlp.up_proj
time 8.11
========================================
time111111
11.884172677993774
layers[32].mlp.gate_proj
time 8.28
========================================
time111111
12.497272729873657
layers[32].mlp.down_proj
time 19.55
========================================
time111111
37.51756310462952
layers[33].self_attn.k_proj
time 6.66
========================================
time111111
7.665298938751221
layers[33].self_attn.v_proj
time 6.96
========================================
time111111
8.287348985671997
layers[33].self_attn.q_proj
time 6.70
========================================
time111111
8.311989307403564
layers[33].self_attn.o_proj
time 6.34
========================================
time111111
9.678637742996216
layers[33].mlp.up_proj
time 8.20
========================================
time111111
11.966797828674316
layers[33].mlp.gate_proj
time 8.46
========================================
time111111
12.69441294670105
layers[33].mlp.down_proj
time 20.13
========================================
time111111
38.110671520233154
layers[34].self_attn.k_proj
time 7.01
========================================
time111111
8.010047674179077
layers[34].self_attn.v_proj
time 7.14
========================================
time111111
8.481866598129272
layers[34].self_attn.q_proj
time 6.87
========================================
time111111
8.48934006690979
layers[34].self_attn.o_proj
time 6.16
========================================
time111111
9.517852067947388
layers[34].mlp.up_proj
time 8.07
========================================
time111111
11.849085092544556
layers[34].mlp.gate_proj
time 8.40
========================================
time111111
12.609527826309204
layers[34].mlp.down_proj
time 20.19
========================================
time111111
38.11231279373169
layers[35].self_attn.k_proj
time 7.14
========================================
time111111
8.134038925170898
layers[35].self_attn.v_proj
time 6.93
========================================
time111111
8.27685809135437
layers[35].self_attn.q_proj
time 6.97
========================================
time111111
8.5879487991333
layers[35].self_attn.o_proj
time 6.58
========================================
time111111
9.935749769210815
layers[35].mlp.up_proj
time 8.25
========================================
time111111
12.044868469238281
layers[35].mlp.gate_proj
time 8.31
========================================
time111111
12.536744356155396
layers[35].mlp.down_proj
time 19.54
========================================
time111111
37.46135497093201
layers[36].self_attn.k_proj
time 6.63
========================================
time111111
7.625454664230347
layers[36].self_attn.v_proj
time 6.52
========================================
time111111
7.831289768218994
layers[36].self_attn.q_proj
time 6.67
========================================
time111111
8.270021915435791
layers[36].self_attn.o_proj
time 6.15
========================================
time111111
9.506922960281372
layers[36].mlp.up_proj
time 8.12
========================================
time111111
11.888646602630615
layers[36].mlp.gate_proj
time 8.24
========================================
time111111
12.451579809188843
layers[36].mlp.down_proj
time 19.72
========================================
time111111
37.67619848251343
layers[37].self_attn.k_proj
time 7.14
========================================
time111111
8.146636486053467
layers[37].self_attn.v_proj
time 6.58
========================================
time111111
7.92667031288147
layers[37].self_attn.q_proj
time 6.60
========================================
time111111
8.190928936004639
layers[37].self_attn.o_proj
time 5.97
========================================
time111111
9.325397729873657
layers[37].mlp.up_proj
time 8.07
========================================
time111111
11.85756802558899
layers[37].mlp.gate_proj
time 8.25
========================================
time111111
12.471308708190918
layers[37].mlp.down_proj
time 19.67
========================================
time111111
37.60437607765198
layers[38].self_attn.k_proj
time 7.31
========================================
time111111
8.30761194229126
layers[38].self_attn.v_proj
time 7.10
========================================
time111111
8.422343254089355
layers[38].self_attn.q_proj
time 6.61
========================================
time111111
8.214035511016846
layers[38].self_attn.o_proj
time 6.57
========================================
time111111
9.925418853759766
layers[38].mlp.up_proj
time 8.03
========================================
time111111
11.786154747009277
layers[38].mlp.gate_proj
time 8.49
========================================
time111111
12.694696187973022
layers[38].mlp.down_proj
time 20.31
========================================
time111111
38.20772695541382
layers[39].self_attn.k_proj
time 6.72
========================================
time111111
7.716144561767578
layers[39].self_attn.v_proj
time 6.96
========================================
time111111
8.29298186302185
layers[39].self_attn.q_proj
time 6.87
========================================
time111111
8.479310750961304
layers[39].self_attn.o_proj
time 6.16
========================================
time111111
9.513415098190308
layers[39].mlp.up_proj
time 8.29
========================================
time111111
12.061428308486938
layers[39].mlp.gate_proj
time 8.46
========================================
time111111
12.684221744537354
layers[39].mlp.down_proj
time 20.06
========================================
time111111
37.984824895858765
layers[40].self_attn.k_proj
time 6.89
========================================
time111111
7.88776159286499
layers[40].self_attn.v_proj
time 7.01
========================================
time111111
8.337354183197021
layers[40].self_attn.q_proj
time 7.06
========================================
time111111
8.652611017227173
layers[40].self_attn.o_proj
time 6.10
========================================
time111111
9.458445072174072
layers[40].mlp.up_proj
time 8.29
========================================
time111111
12.041651487350464
layers[40].mlp.gate_proj
time 8.38
========================================
time111111
12.607105255126953
layers[40].mlp.down_proj
time 19.73
========================================
time111111
37.68132567405701
layers[41].self_attn.k_proj
time 7.23
========================================
time111111
8.22843313217163
layers[41].self_attn.v_proj
time 6.64
========================================
time111111
7.980281114578247
layers[41].self_attn.q_proj
time 6.43
========================================
time111111
8.04904294013977
layers[41].self_attn.o_proj
time 6.24
========================================
time111111
9.597252607345581
layers[41].mlp.up_proj
time 8.43
========================================
time111111
12.200939655303955
layers[41].mlp.gate_proj
time 8.41
========================================
time111111
12.641308069229126
layers[41].mlp.down_proj
time 20.20
========================================
time111111
38.10229969024658
layers[42].self_attn.k_proj
time 7.05
========================================
time111111
8.041919708251953
layers[42].self_attn.v_proj
time 6.68
========================================
time111111
8.020392179489136
layers[42].self_attn.q_proj
time 6.90
========================================
time111111
8.505749940872192
layers[42].self_attn.o_proj
time 6.41
========================================
time111111
9.757048606872559
layers[42].mlp.up_proj
time 8.40
========================================
time111111
12.180455207824707
layers[42].mlp.gate_proj
time 8.28
========================================
time111111
12.505377054214478
layers[42].mlp.down_proj
time 20.62
========================================
time111111
38.53482484817505
layers[43].self_attn.k_proj
time 7.15
========================================
time111111
8.14753532409668
layers[43].self_attn.v_proj
time 6.70
========================================
time111111
8.042606592178345
layers[43].self_attn.q_proj
time 6.89
========================================
time111111
8.491304636001587
layers[43].self_attn.o_proj
time 6.23
========================================
time111111
9.585927963256836
layers[43].mlp.up_proj
time 8.42
========================================
time111111
12.17686128616333
layers[43].mlp.gate_proj
time 8.06
========================================
time111111
12.266716957092285
layers[43].mlp.down_proj
time 20.21
========================================
time111111
38.086538553237915
layers[44].self_attn.k_proj
time 7.06
========================================
time111111
8.05701208114624
layers[44].self_attn.v_proj
time 6.97
========================================
time111111
8.297160863876343
layers[44].self_attn.q_proj
time 6.69
========================================
time111111
8.284989356994629
layers[44].self_attn.o_proj
time 6.37
========================================
time111111
9.72287106513977
layers[44].mlp.up_proj
time 8.15
========================================
time111111
11.941548824310303
layers[44].mlp.gate_proj
time 8.44
========================================
time111111
12.65387749671936
layers[44].mlp.down_proj
time 20.29
========================================
time111111
38.16943168640137
layers[45].self_attn.k_proj
time 7.15
========================================
time111111
8.142798900604248
layers[45].self_attn.v_proj
time 6.93
========================================
time111111
8.271910429000854
layers[45].self_attn.q_proj
time 7.11
========================================
time111111
8.70728588104248
layers[45].self_attn.o_proj
time 6.49
========================================
time111111
9.868161916732788
layers[45].mlp.up_proj
time 8.26
========================================
time111111
12.014184474945068
layers[45].mlp.gate_proj
time 8.60
========================================
time111111
12.812588930130005
layers[45].mlp.down_proj
time 20.27
========================================
time111111
38.19977593421936
layers[46].self_attn.k_proj
time 7.30
========================================
time111111
8.29541301727295
layers[46].self_attn.v_proj
time 7.08
========================================
time111111
8.442280530929565
layers[46].self_attn.q_proj
time 6.66
========================================
time111111
8.265050411224365
layers[46].self_attn.o_proj
time 5.91
========================================
time111111
9.251389741897583
layers[46].mlp.up_proj
time 8.24
========================================
time111111
11.996510028839111
layers[46].mlp.gate_proj
time 8.19
========================================
time111111
12.38744831085205
layers[46].mlp.down_proj
time 20.25
========================================
time111111
38.10947632789612
layers[47].self_attn.k_proj
time 6.96
========================================
time111111
7.9498515129089355
layers[47].self_attn.v_proj
time 6.92
========================================
time111111
8.249947309494019
layers[47].self_attn.q_proj
time 6.89
========================================
time111111
8.49479055404663
layers[47].self_attn.o_proj
time 6.38
========================================
time111111
9.7301185131073
layers[47].mlp.up_proj
time 8.43
========================================
time111111
12.218665599822998
layers[47].mlp.gate_proj
time 8.57
========================================
time111111
12.791934728622437
layers[47].mlp.down_proj
time 19.63
========================================
time111111
37.492196798324585
layers[48].self_attn.k_proj
time 6.83
========================================
time111111
7.830289602279663
layers[48].self_attn.v_proj
time 6.98
========================================
time111111
8.304589748382568
layers[48].self_attn.q_proj
time 6.79
========================================
time111111
8.393035888671875
layers[48].self_attn.o_proj
time 6.27
========================================
time111111
9.636907577514648
layers[48].mlp.up_proj
time 8.24
========================================
time111111
12.02362585067749
layers[48].mlp.gate_proj
time 8.52
========================================
time111111
12.747118949890137
layers[48].mlp.down_proj
time 19.80
========================================
time111111
37.64859199523926
layers[49].self_attn.k_proj
time 7.07
========================================
time111111
8.0696861743927
layers[49].self_attn.v_proj
time 7.29
========================================
time111111
8.616716384887695
layers[49].self_attn.q_proj
time 7.10
========================================
time111111
8.730712175369263
layers[49].self_attn.o_proj
time 6.30
========================================
time111111
9.660555124282837
layers[49].mlp.up_proj
time 8.50
========================================
time111111
12.25602126121521
layers[49].mlp.gate_proj
time 8.55
========================================
time111111
12.777645349502563
layers[49].mlp.down_proj
time 20.49
========================================
time111111
38.38156533241272
layers[50].self_attn.k_proj
time 7.05
========================================
time111111
8.046000719070435
layers[50].self_attn.v_proj
time 6.92
========================================
time111111
8.234925985336304
layers[50].self_attn.q_proj
time 6.46
========================================
time111111
8.04563021659851
layers[50].self_attn.o_proj
time 5.94
========================================
time111111
9.290037870407104
layers[50].mlp.up_proj
time 8.23
========================================
time111111
11.98600721359253
layers[50].mlp.gate_proj
time 8.47
========================================
time111111
12.703485012054443
layers[50].mlp.down_proj
time 19.44
========================================
time111111
37.33459687232971
layers[51].self_attn.k_proj
time 7.09
========================================
time111111
8.086840152740479
layers[51].self_attn.v_proj
time 6.75
========================================
time111111
8.081566333770752
layers[51].self_attn.q_proj
time 6.74
========================================
time111111
8.338496923446655
layers[51].self_attn.o_proj
time 6.27
========================================
time111111
9.640555143356323
layers[51].mlp.up_proj
time 8.28
========================================
time111111
12.045337915420532
layers[51].mlp.gate_proj
time 8.08
========================================
time111111
12.299241542816162
layers[51].mlp.down_proj
time 19.66
========================================
time111111
37.57080602645874
layers[52].self_attn.k_proj
time 7.11
========================================
time111111
8.107074737548828
layers[52].self_attn.v_proj
time 6.91
========================================
time111111
8.22958755493164
layers[52].self_attn.q_proj
time 6.68
========================================
time111111
8.285269737243652
layers[52].self_attn.o_proj
time 6.14
========================================
time111111
9.482990503311157
layers[52].mlp.up_proj
time 8.34
========================================
time111111
12.113839864730835
layers[52].mlp.gate_proj
time 8.24
========================================
time111111
12.471847295761108
layers[52].mlp.down_proj
time 20.47
========================================
time111111
38.358309268951416
layers[53].self_attn.k_proj
time 7.34
========================================
time111111
8.336119413375854
layers[53].self_attn.v_proj
time 7.19
========================================
time111111
8.535192966461182
layers[53].self_attn.q_proj
time 6.75
========================================
time111111
8.34266448020935
layers[53].self_attn.o_proj
time 6.54
========================================
time111111
9.90807843208313
layers[53].mlp.up_proj
time 8.07
========================================
time111111
11.85095763206482
layers[53].mlp.gate_proj
time 8.32
========================================
time111111
12.52505087852478
layers[53].mlp.down_proj
time 20.31
========================================
time111111
38.18491220474243
layers[54].self_attn.k_proj
time 7.18
========================================
time111111
8.169086217880249
layers[54].self_attn.v_proj
time 6.92
========================================
time111111
8.240729808807373
layers[54].self_attn.q_proj
time 6.93
========================================
time111111
8.524059534072876
layers[54].self_attn.o_proj
time 6.17
========================================
time111111
9.515108346939087
layers[54].mlp.up_proj
time 8.40
========================================
time111111
12.191571712493896
layers[54].mlp.gate_proj
time 8.52
========================================
time111111
12.741920232772827
layers[54].mlp.down_proj
time 19.44
========================================
time111111
37.3197455406189
layers[55].self_attn.k_proj
time 7.20
========================================
time111111
8.19987940788269
layers[55].self_attn.v_proj
time 6.98
========================================
time111111
8.32183027267456
layers[55].self_attn.q_proj
time 6.83
========================================
time111111
8.419535875320435
layers[55].self_attn.o_proj
time 6.51
========================================
time111111
9.865603923797607
layers[55].mlp.up_proj
time 8.49
========================================
time111111
12.266588687896729
layers[55].mlp.gate_proj
time 8.49
========================================
time111111
12.720134258270264
layers[55].mlp.down_proj
time 19.60
========================================
time111111
37.570863246917725
layers[56].self_attn.k_proj
time 7.28
========================================
time111111
8.277527332305908
layers[56].self_attn.v_proj
time 6.71
========================================
time111111
8.077670097351074
layers[56].self_attn.q_proj
time 6.51
========================================
time111111
8.1203773021698
layers[56].self_attn.o_proj
time 6.57
========================================
time111111
9.92458462715149
layers[56].mlp.up_proj
time 8.18
========================================
time111111
11.941690921783447
layers[56].mlp.gate_proj
time 8.42
========================================
time111111
12.62998080253601
layers[56].mlp.down_proj
time 20.40
========================================
time111111
38.40001916885376
layers[57].self_attn.k_proj
time 6.87
========================================
time111111
7.864596843719482
layers[57].self_attn.v_proj
time 7.05
========================================
time111111
8.368906259536743
layers[57].self_attn.q_proj
time 6.96
========================================
time111111
8.57529592514038
layers[57].self_attn.o_proj
time 6.53
========================================
time111111
9.870213508605957
layers[57].mlp.up_proj
time 8.28
========================================
time111111
12.049235582351685
layers[57].mlp.gate_proj
time 8.24
========================================
time111111
12.467107057571411
layers[57].mlp.down_proj
time 18.60
========================================
time111111
36.447126150131226
layers[58].self_attn.k_proj
time 7.26
========================================
time111111
8.25502324104309
layers[58].self_attn.v_proj
time 6.62
========================================
time111111
7.957959890365601
layers[58].self_attn.q_proj
time 6.45
========================================
time111111
8.038410663604736
layers[58].self_attn.o_proj
time 6.39
========================================
time111111
9.734509944915771
layers[58].mlp.up_proj
time 8.67
========================================
time111111
12.45592451095581
layers[58].mlp.gate_proj
time 8.41
========================================
time111111
12.649272203445435
layers[58].mlp.down_proj
time 19.92
========================================
time111111
37.84850096702576
layers[59].self_attn.k_proj
time 7.24
========================================
time111111
8.239436388015747
layers[59].self_attn.v_proj
time 6.52
========================================
time111111
7.86491060256958
layers[59].self_attn.q_proj
time 6.61
========================================
time111111
8.198518514633179
layers[59].self_attn.o_proj
time 6.42
========================================
time111111
9.775230169296265
layers[59].mlp.up_proj
time 8.17
========================================
time111111
11.958884954452515
layers[59].mlp.gate_proj
time 8.50
========================================
time111111
12.717941522598267
layers[59].mlp.down_proj
time 19.79
========================================
time111111
37.75603413581848
layers[60].self_attn.k_proj
time 7.24
========================================
time111111
8.243494510650635
layers[60].self_attn.v_proj
time 6.86
========================================
time111111
8.200175285339355
layers[60].self_attn.q_proj
time 6.96
========================================
time111111
8.583178997039795
layers[60].self_attn.o_proj
time 6.50
========================================
time111111
9.848743915557861
layers[60].mlp.up_proj
time 8.54
========================================
time111111
12.298337459564209
layers[60].mlp.gate_proj
time 8.47
========================================
time111111
12.71796464920044
layers[60].mlp.down_proj
time 19.25
========================================
time111111
37.20105171203613
layers[61].self_attn.k_proj
time 7.29
========================================
time111111
8.284446477890015
layers[61].self_attn.v_proj
time 6.98
========================================
time111111
8.343042373657227
layers[61].self_attn.q_proj
time 6.65
========================================
time111111
8.259497880935669
layers[61].self_attn.o_proj
time 6.40
========================================
time111111
9.744604587554932
layers[61].mlp.up_proj
time 8.11
========================================
time111111
11.901585340499878
layers[61].mlp.gate_proj
time 8.22
========================================
time111111
12.42686414718628
layers[61].mlp.down_proj
time 20.42
========================================
time111111
38.29294037818909
layers[62].self_attn.k_proj
time 7.22
========================================
time111111
8.21951150894165
layers[62].self_attn.v_proj
time 7.03
========================================
time111111
8.389552116394043
layers[62].self_attn.q_proj
time 6.75
========================================
time111111
8.340829372406006
layers[62].self_attn.o_proj
time 5.96
========================================
time111111
9.327340364456177
layers[62].mlp.up_proj
time 8.20
========================================
time111111
11.974422454833984
layers[62].mlp.gate_proj
time 8.33
========================================
time111111
12.528218269348145
layers[62].mlp.down_proj
time 19.98
========================================
time111111
37.88487529754639
layers[63].self_attn.k_proj
time 6.67
========================================
time111111
7.66383695602417
layers[63].self_attn.v_proj
time 7.16
========================================
time111111
8.483983278274536
layers[63].self_attn.q_proj
time 6.98
========================================
time111111
8.584312677383423
layers[63].self_attn.o_proj
time 6.07
========================================
time111111
9.446447372436523
layers[63].mlp.up_proj
time 8.48
========================================
time111111
12.274076461791992
layers[63].mlp.gate_proj
time 8.57
========================================
time111111
12.805620193481445
layers[63].mlp.down_proj
time 20.03
========================================
time111111
37.981672525405884
layers[64].self_attn.k_proj
time 7.16
========================================
time111111
8.162205219268799
layers[64].self_attn.v_proj
time 7.09
========================================
time111111
8.448177576065063
layers[64].self_attn.q_proj
time 6.88
========================================
time111111
8.512449979782104
layers[64].self_attn.o_proj
time 5.97
========================================
time111111
9.325835943222046
layers[64].mlp.up_proj
time 8.31
========================================
time111111
12.060465574264526
layers[64].mlp.gate_proj
time 8.40
========================================
time111111
12.608741044998169
layers[64].mlp.down_proj
time 20.27
========================================
time111111
38.19368052482605
layers[65].self_attn.k_proj
time 6.69
========================================
time111111
7.689058303833008
layers[65].self_attn.v_proj
time 6.58
========================================
time111111
7.897292375564575
layers[65].self_attn.q_proj
time 7.06
========================================
time111111
8.679559230804443
layers[65].self_attn.o_proj
time 6.49
========================================
time111111
9.875638961791992
layers[65].mlp.up_proj
time 8.21
========================================
time111111
12.009997606277466
layers[65].mlp.gate_proj
time 8.17
========================================
time111111
12.383918762207031
layers[65].mlp.down_proj
time 19.09
========================================
time111111
36.98370003700256
layers[66].self_attn.k_proj
time 7.11
========================================
time111111
8.105684280395508
layers[66].self_attn.v_proj
time 6.58
========================================
time111111
7.919195890426636
layers[66].self_attn.q_proj
time 6.96
========================================
time111111
8.550469636917114
layers[66].self_attn.o_proj
time 6.64
========================================
time111111
10.018927812576294
layers[66].mlp.up_proj
time 8.15
========================================
time111111
11.949409008026123
layers[66].mlp.gate_proj
time 8.10
========================================
time111111
12.318772554397583
layers[66].mlp.down_proj
time 19.80
========================================
time111111
37.72180223464966
layers[67].self_attn.k_proj
time 6.87
========================================
time111111
7.861713409423828
layers[67].self_attn.v_proj
time 6.77
========================================
time111111
8.103505611419678
layers[67].self_attn.q_proj
time 6.79
========================================
time111111
8.384082317352295
layers[67].self_attn.o_proj
time 6.49
========================================
time111111
9.857773780822754
layers[67].mlp.up_proj
time 7.99
========================================
time111111
11.792302131652832
layers[67].mlp.gate_proj
time 8.10
========================================
time111111
12.310205936431885
layers[67].mlp.down_proj
time 19.83
========================================
time111111
37.79811882972717
layers[68].self_attn.k_proj
time 6.95
========================================
time111111
7.951632022857666
layers[68].self_attn.v_proj
time 6.97
========================================
time111111
8.291702032089233
layers[68].self_attn.q_proj
time 6.82
========================================
time111111
8.423522233963013
layers[68].self_attn.o_proj
time 6.31
========================================
time111111
9.655479192733765
layers[68].mlp.up_proj
time 8.13
========================================
time111111
11.89778470993042
layers[68].mlp.gate_proj
time 7.94
========================================
time111111
12.150659322738647
layers[68].mlp.down_proj
time 20.52
========================================
time111111
38.42448806762695
layers[69].self_attn.k_proj
time 7.25
========================================
time111111
8.252002716064453
layers[69].self_attn.v_proj
time 6.91
========================================
time111111
8.254706621170044
layers[69].self_attn.q_proj
time 6.71
========================================
time111111
8.31668758392334
layers[69].self_attn.o_proj
time 6.50
========================================
time111111
9.839612007141113
layers[69].mlp.up_proj
time 8.29
========================================
time111111
12.063288688659668
layers[69].mlp.gate_proj
time 8.44
========================================
time111111
12.66558027267456
layers[69].mlp.down_proj
time 20.27
========================================
time111111
38.198147773742676
layers[70].self_attn.k_proj
time 7.01
========================================
time111111
8.005040884017944
layers[70].self_attn.v_proj
time 6.95
========================================
time111111
8.271162271499634
layers[70].self_attn.q_proj
time 6.50
========================================
time111111
8.094700813293457
layers[70].self_attn.o_proj
time 6.39
========================================
time111111
9.718702554702759
layers[70].mlp.up_proj
time 8.19
========================================
time111111
11.996045589447021
layers[70].mlp.gate_proj
time 8.49
========================================
time111111
12.707035303115845
layers[70].mlp.down_proj
time 20.12
========================================
time111111
38.0150101184845
layers[71].self_attn.k_proj
time 6.72
========================================
time111111
7.7129225730896
layers[71].self_attn.v_proj
time 6.60
========================================
time111111
7.933922290802002
layers[71].self_attn.q_proj
time 7.03
========================================
time111111
8.624768018722534
layers[71].self_attn.o_proj
time 6.39
========================================
time111111
9.751073122024536
layers[71].mlp.up_proj
time 8.25
========================================
time111111
12.050020456314087
layers[71].mlp.gate_proj
time 8.31
========================================
time111111
12.527498245239258
layers[71].mlp.down_proj
time 20.23
========================================
time111111
38.20945692062378
layers[72].self_attn.k_proj
time 6.88
========================================
time111111
7.8797972202301025
layers[72].self_attn.v_proj
time 6.96
========================================
time111111
8.305933475494385
layers[72].self_attn.q_proj
time 6.44
========================================
time111111
8.055724620819092
layers[72].self_attn.o_proj
time 6.60
========================================
time111111
9.955627679824829
layers[72].mlp.up_proj
time 8.15
========================================
time111111
11.935112476348877
layers[72].mlp.gate_proj
time 8.45
========================================
time111111
12.664775848388672
layers[72].mlp.down_proj
time 19.69
========================================
time111111
37.63333201408386
layers[73].self_attn.k_proj
time 7.03
========================================
time111111
8.036807537078857
layers[73].self_attn.v_proj
time 7.14
========================================
time111111
8.46732783317566
layers[73].self_attn.q_proj
time 6.89
========================================
time111111
8.489619970321655
layers[73].self_attn.o_proj
time 6.30
========================================
time111111
9.662973165512085
layers[73].mlp.up_proj
time 8.28
========================================
time111111
12.036152601242065
layers[73].mlp.gate_proj
time 8.37
========================================
time111111
12.596066236495972
layers[73].mlp.down_proj
time 19.71
========================================
time111111
37.62534976005554
layers[74].self_attn.k_proj
time 6.83
========================================
time111111
7.824833869934082
layers[74].self_attn.v_proj
time 7.05
========================================
time111111
8.386458396911621
layers[74].self_attn.q_proj
time 7.10
========================================
time111111
8.709678649902344
layers[74].self_attn.o_proj
time 6.63
========================================
time111111
9.98296308517456
layers[74].mlp.up_proj
time 8.10
========================================
time111111
11.883018970489502
layers[74].mlp.gate_proj
time 8.50
========================================
time111111
12.710730075836182
layers[74].mlp.down_proj
time 20.13
========================================
time111111
38.01011371612549
layers[75].self_attn.k_proj
time 6.75
========================================
time111111
7.7431089878082275
layers[75].self_attn.v_proj
time 6.89
========================================
time111111
8.216005086898804
layers[75].self_attn.q_proj
time 6.53
========================================
time111111
8.121983289718628
layers[75].self_attn.o_proj
time 6.38
========================================
time111111
9.738714456558228
layers[75].mlp.up_proj
time 8.11
========================================
time111111
11.899224996566772
layers[75].mlp.gate_proj
time 8.49
========================================
time111111
12.711299419403076
layers[75].mlp.down_proj
time 20.10
========================================
time111111
37.999671936035156
layers[76].self_attn.k_proj
time 7.05
========================================
time111111
8.03952693939209
layers[76].self_attn.v_proj
time 7.13
========================================
time111111
8.45089602470398
layers[76].self_attn.q_proj
time 6.90
========================================
time111111
8.497495174407959
layers[76].self_attn.o_proj
time 6.33
========================================
time111111
9.677538871765137
layers[76].mlp.up_proj
time 8.25
========================================
time111111
12.030973672866821
layers[76].mlp.gate_proj
time 8.59
========================================
time111111
12.80648684501648
layers[76].mlp.down_proj
time 19.52
========================================
time111111
37.38244366645813
layers[77].self_attn.k_proj
time 6.97
========================================
time111111
7.966065883636475
layers[77].self_attn.v_proj
time 7.08
========================================
time111111
8.40177845954895
layers[77].self_attn.q_proj
time 6.52
========================================
time111111
8.132762432098389
layers[77].self_attn.o_proj
time 6.07
========================================
time111111
9.403640747070312
layers[77].mlp.up_proj
time 7.98
========================================
time111111
11.751383066177368
layers[77].mlp.gate_proj
time 8.16
========================================
time111111
12.366949558258057
layers[77].mlp.down_proj
time 19.03
========================================
time111111
36.92106795310974
layers[78].self_attn.k_proj
time 7.01
========================================
time111111
8.00630807876587
layers[78].self_attn.v_proj
time 6.96
========================================
time111111
8.283028841018677
layers[78].self_attn.q_proj
time 6.88
========================================
time111111
8.482540845870972
layers[78].self_attn.o_proj
time 6.45
========================================
time111111
9.826677560806274
layers[78].mlp.up_proj
time 8.26
========================================
time111111
12.035351753234863
layers[78].mlp.gate_proj
time 8.20
========================================
time111111
12.414305925369263
layers[78].mlp.down_proj
time 20.39
========================================
time111111
38.312870502471924
layers[79].self_attn.k_proj
time 6.73
========================================
time111111
7.72331976890564
layers[79].self_attn.v_proj
time 7.08
========================================
time111111
8.405849695205688
layers[79].self_attn.q_proj
time 7.02
========================================
time111111
8.6374831199646
layers[79].self_attn.o_proj
time 6.44
========================================
time111111
9.825994729995728
layers[79].mlp.up_proj
time 8.08
========================================
time111111
11.862585306167603
layers[79].mlp.gate_proj
time 8.45
========================================
time111111
12.662626028060913
layers[79].mlp.down_proj
time 20.22
========================================
time111111
38.165040731430054
8112.106909036636
wikitext2
Evaluating ...
0
1
2
3
4
5
6
7
8
9
10
11
12
13
14
15
16
17
18
19
20
21
22
23
24
25
26
27
28
29
30
31
32
33
34
35
36
37
38
39
40
41
42
43
44
45
46
47
48
49
50
51
52
53
54
55
56
57
58
59
60
61
62
63
64
65
66
67
68
69
70
71
72
73
74
75
76
77
78
79
3.6519997119903564
ptb-new
Evaluating ...
0
1
2
3
4
5
6
7
8
9
10
11
12
13
14
15
16
17
18
19
20
21
22
23
24
25
26
27
28
29
30
31
32
33
34
35
36
37
38
39
40
41
42
43
44
45
46
47
48
49
50
51
52
53
54
55
56
57
58
59
60
61
62
63
64
65
66
67
68
69
70
71
72
73
74
75
76
77
78
79
24.2195987701416
c4-new
Evaluating ...
0
1
2
3
4
5
6
7
8
9
10
11
12
13
14
15
16
17
18
19
20
21
22
23
24
25
26
27
28
29
30
31
32
33
34
35
36
37
38
39
40
41
42
43
44
45
46
47
48
49
50
51
52
53
54
55
56
57
58
59
60
61
62
63
64
65
66
67
68
69
70
71
72
73
74
75
76
77
78
79
5.874564170837402
