CUDA extension not installed.
model over
data over
Starting ...
Ready.
layers[0].self_attn.k_proj
time 3.10
========================================
time111111
3.8749892711639404
layers[0].self_attn.v_proj
time 2.99
========================================
time111111
3.3659801483154297
layers[0].self_attn.q_proj
time 3.00
========================================
time111111
3.4543840885162354
layers[0].self_attn.o_proj
time 2.98
========================================
time111111
4.0898284912109375
layers[0].mlp.up_proj
time 3.40
========================================
time111111
4.668306350708008
layers[0].mlp.gate_proj
time 3.41
========================================
time111111
4.762283802032471
layers[0].mlp.down_proj
time 8.01
========================================
time111111
12.777147054672241
layers[1].self_attn.k_proj
time 3.11
========================================
time111111
3.3760428428649902
layers[1].self_attn.v_proj
time 3.06
========================================
time111111
3.4373862743377686
layers[1].self_attn.q_proj
time 3.01
========================================
time111111
3.4317636489868164
layers[1].self_attn.o_proj
time 2.89
========================================
time111111
3.9942269325256348
layers[1].mlp.up_proj
time 3.49
========================================
time111111
4.719368934631348
layers[1].mlp.gate_proj
time 3.45
========================================
time111111
4.80928897857666
layers[1].mlp.down_proj
time 7.97
========================================
time111111
12.747457265853882
layers[2].self_attn.k_proj
time 2.94
========================================
time111111
3.3615665435791016
layers[2].self_attn.v_proj
time 3.09
========================================
time111111
3.4611239433288574
layers[2].self_attn.q_proj
time 3.07
========================================
time111111
3.5398471355438232
layers[2].self_attn.o_proj
time 2.87
========================================
time111111
3.9737863540649414
layers[2].mlp.up_proj
time 3.36
========================================
time111111
4.595944166183472
layers[2].mlp.gate_proj
time 3.42
========================================
time111111
4.78149151802063
layers[2].mlp.down_proj
time 8.12
========================================
time111111
12.894887208938599
layers[3].self_attn.k_proj
time 3.08
========================================
time111111
3.3459365367889404
layers[3].self_attn.v_proj
time 3.08
========================================
time111111
3.4258902072906494
layers[3].self_attn.q_proj
time 3.04
========================================
time111111
3.4900319576263428
layers[3].self_attn.o_proj
time 3.09
========================================
time111111
4.210831165313721
layers[3].mlp.up_proj
time 3.44
========================================
time111111
4.693594932556152
layers[3].mlp.gate_proj
time 3.50
========================================
time111111
4.858010530471802
layers[3].mlp.down_proj
time 8.08
========================================
time111111
12.846893072128296
layers[4].self_attn.k_proj
time 3.07
========================================
time111111
3.3363327980041504
layers[4].self_attn.v_proj
time 2.99
========================================
time111111
3.3779537677764893
layers[4].self_attn.q_proj
time 2.96
========================================
time111111
3.369797468185425
layers[4].self_attn.o_proj
time 2.89
========================================
time111111
3.9656882286071777
layers[4].mlp.up_proj
time 3.45
========================================
time111111
4.690108776092529
layers[4].mlp.gate_proj
time 3.41
========================================
time111111
4.754065036773682
layers[4].mlp.down_proj
time 8.38
========================================
time111111
13.162438154220581
layers[5].self_attn.k_proj
time 3.09
========================================
time111111
3.3513689041137695
layers[5].self_attn.v_proj
time 3.06
========================================
time111111
3.433112859725952
layers[5].self_attn.q_proj
time 3.04
========================================
time111111
3.4793763160705566
layers[5].self_attn.o_proj
time 3.10
========================================
time111111
4.195928573608398
layers[5].mlp.up_proj
time 3.43
========================================
time111111
4.65528416633606
layers[5].mlp.gate_proj
time 3.51
========================================
time111111
4.857549428939819
layers[5].mlp.down_proj
time 8.00
========================================
time111111
12.802110195159912
layers[6].self_attn.k_proj
time 3.04
========================================
time111111
3.3061530590057373
layers[6].self_attn.v_proj
time 3.06
========================================
time111111
3.433812141418457
layers[6].self_attn.q_proj
time 2.98
========================================
time111111
3.42744779586792
layers[6].self_attn.o_proj
time 2.95
========================================
time111111
4.04803729057312
layers[6].mlp.up_proj
time 3.38
========================================
time111111
4.603626012802124
layers[6].mlp.gate_proj
time 3.35
========================================
time111111
4.684132099151611
layers[6].mlp.down_proj
time 7.80
========================================
time111111
12.549983978271484
layers[7].self_attn.k_proj
time 3.07
========================================
time111111
3.335376262664795
layers[7].self_attn.v_proj
time 3.05
========================================
time111111
3.430217742919922
layers[7].self_attn.q_proj
time 3.02
========================================
time111111
3.468531370162964
layers[7].self_attn.o_proj
time 2.95
========================================
time111111
4.046594142913818
layers[7].mlp.up_proj
time 3.37
========================================
time111111
4.598906993865967
layers[7].mlp.gate_proj
time 3.42
========================================
time111111
4.769113779067993
layers[7].mlp.down_proj
time 7.94
========================================
time111111
12.7243013381958
layers[8].self_attn.k_proj
time 3.00
========================================
time111111
3.264352321624756
layers[8].self_attn.v_proj
time 3.08
========================================
time111111
3.421060800552368
layers[8].self_attn.q_proj
time 3.02
========================================
time111111
3.45647931098938
layers[8].self_attn.o_proj
time 2.95
========================================
time111111
4.023210525512695
layers[8].mlp.up_proj
time 3.30
========================================
time111111
4.515124320983887
layers[8].mlp.gate_proj
time 3.36
========================================
time111111
4.68907904624939
layers[8].mlp.down_proj
time 7.92
========================================
time111111
12.669464111328125
layers[9].self_attn.k_proj
time 3.05
========================================
time111111
3.3189432621002197
layers[9].self_attn.v_proj
time 3.04
========================================
time111111
3.4176807403564453
layers[9].self_attn.q_proj
time 3.03
========================================
time111111
3.4807190895080566
layers[9].self_attn.o_proj
time 2.90
========================================
time111111
3.9860036373138428
layers[9].mlp.up_proj
time 3.39
========================================
time111111
4.600310325622559
layers[9].mlp.gate_proj
time 3.45
========================================
time111111
4.800557374954224
layers[9].mlp.down_proj
time 7.97
========================================
time111111
12.74591851234436
layers[10].self_attn.k_proj
time 3.09
========================================
time111111
3.350555658340454
layers[10].self_attn.v_proj
time 2.99
========================================
time111111
3.3295767307281494
layers[10].self_attn.q_proj
time 3.08
========================================
time111111
3.522524356842041
layers[10].self_attn.o_proj
time 2.98
========================================
time111111
4.087244272232056
layers[10].mlp.up_proj
time 3.61
========================================
time111111
4.856427192687988
layers[10].mlp.gate_proj
time 3.52
========================================
time111111
4.879023313522339
layers[10].mlp.down_proj
time 8.33
========================================
time111111
13.099905014038086
layers[11].self_attn.k_proj
time 3.07
========================================
time111111
3.3320224285125732
layers[11].self_attn.v_proj
time 3.10
========================================
time111111
3.458871603012085
layers[11].self_attn.q_proj
time 2.97
========================================
time111111
3.4312193393707275
layers[11].self_attn.o_proj
time 3.02
========================================
time111111
4.134840250015259
layers[11].mlp.up_proj
time 3.55
========================================
time111111
4.784074306488037
layers[11].mlp.gate_proj
time 3.46
========================================
time111111
4.819439888000488
layers[11].mlp.down_proj
time 8.34
========================================
time111111
13.115847110748291
layers[12].self_attn.k_proj
time 2.94
========================================
time111111
3.201493978500366
layers[12].self_attn.v_proj
time 3.15
========================================
time111111
3.487318277359009
layers[12].self_attn.q_proj
time 3.03
========================================
time111111
3.5015790462493896
layers[12].self_attn.o_proj
time 2.95
========================================
time111111
4.056129693984985
layers[12].mlp.up_proj
time 3.38
========================================
time111111
4.6192827224731445
layers[12].mlp.gate_proj
time 3.38
========================================
time111111
4.738458871841431
layers[12].mlp.down_proj
time 8.03
========================================
time111111
12.806703805923462
layers[13].self_attn.k_proj
time 3.09
========================================
time111111
3.357875108718872
layers[13].self_attn.v_proj
time 2.99
========================================
time111111
3.3572845458984375
layers[13].self_attn.q_proj
time 2.80
========================================
time111111
3.256422758102417
layers[13].self_attn.o_proj
time 2.89
========================================
time111111
3.9676289558410645
layers[13].mlp.up_proj
time 3.36
========================================
time111111
4.614245414733887
layers[13].mlp.gate_proj
time 3.33
========================================
time111111
4.699490785598755
layers[13].mlp.down_proj
time 7.93
========================================
time111111
12.67402958869934
layers[14].self_attn.k_proj
time 2.94
========================================
time111111
3.2004904747009277
layers[14].self_attn.v_proj
time 2.96
========================================
time111111
3.3001742362976074
layers[14].self_attn.q_proj
time 2.97
========================================
time111111
3.3780112266540527
layers[14].self_attn.o_proj
time 2.96
========================================
time111111
4.036284923553467
layers[14].mlp.up_proj
time 3.41
========================================
time111111
4.643879652023315
layers[14].mlp.gate_proj
time 3.52
========================================
time111111
4.870602607727051
layers[14].mlp.down_proj
time 7.62
========================================
time111111
12.394133567810059
layers[15].self_attn.k_proj
time 3.04
========================================
time111111
3.3030405044555664
layers[15].self_attn.v_proj
time 3.06
========================================
time111111
3.433394432067871
layers[15].self_attn.q_proj
time 3.17
========================================
time111111
3.628791093826294
layers[15].self_attn.o_proj
time 2.91
========================================
time111111
4.038769960403442
layers[15].mlp.up_proj
time 3.52
========================================
time111111
4.777308702468872
layers[15].mlp.gate_proj
time 3.63
========================================
time111111
4.994707345962524
layers[15].mlp.down_proj
time 8.05
========================================
time111111
12.81858229637146
layers[16].self_attn.k_proj
time 3.08
========================================
time111111
3.344651222229004
layers[16].self_attn.v_proj
time 3.06
========================================
time111111
3.4565467834472656
layers[16].self_attn.q_proj
time 2.78
========================================
time111111
3.2383766174316406
layers[16].self_attn.o_proj
time 2.90
========================================
time111111
3.9827969074249268
layers[16].mlp.up_proj
time 3.45
========================================
time111111
4.711695671081543
layers[16].mlp.gate_proj
time 3.46
========================================
time111111
4.817062616348267
layers[16].mlp.down_proj
time 8.12
========================================
time111111
12.894853591918945
layers[17].self_attn.k_proj
time 3.06
========================================
time111111
3.324345827102661
layers[17].self_attn.v_proj
time 3.05
========================================
time111111
3.4412784576416016
layers[17].self_attn.q_proj
time 3.02
========================================
time111111
3.4786267280578613
layers[17].self_attn.o_proj
time 2.83
========================================
time111111
3.92646861076355
layers[17].mlp.up_proj
time 3.45
========================================
time111111
4.709127187728882
layers[17].mlp.gate_proj
time 3.54
========================================
time111111
4.90091872215271
layers[17].mlp.down_proj
time 8.30
========================================
time111111
13.062604188919067
layers[18].self_attn.k_proj
time 3.13
========================================
time111111
3.3953452110290527
layers[18].self_attn.v_proj
time 3.10
========================================
time111111
3.4893851280212402
layers[18].self_attn.q_proj
time 3.13
========================================
time111111
3.581336259841919
layers[18].self_attn.o_proj
time 2.98
========================================
time111111
4.096403121948242
layers[18].mlp.up_proj
time 3.37
========================================
time111111
4.601192951202393
layers[18].mlp.gate_proj
time 3.39
========================================
time111111
4.7490575313568115
layers[18].mlp.down_proj
time 8.05
========================================
time111111
12.839906692504883
layers[19].self_attn.k_proj
time 3.00
========================================
time111111
3.264693260192871
layers[19].self_attn.v_proj
time 2.85
========================================
time111111
3.1908185482025146
layers[19].self_attn.q_proj
time 3.00
========================================
time111111
3.4103899002075195
layers[19].self_attn.o_proj
time 2.78
========================================
time111111
3.883474349975586
layers[19].mlp.up_proj
time 3.41
========================================
time111111
4.626801252365112
layers[19].mlp.gate_proj
time 3.40
========================================
time111111
4.751056671142578
layers[19].mlp.down_proj
time 7.89
========================================
time111111
12.665109634399414
layers[20].self_attn.k_proj
time 3.04
========================================
time111111
3.301067352294922
layers[20].self_attn.v_proj
time 2.89
========================================
time111111
3.2361114025115967
layers[20].self_attn.q_proj
time 3.02
========================================
time111111
3.4360837936401367
layers[20].self_attn.o_proj
time 3.07
========================================
time111111
4.18267560005188
layers[20].mlp.up_proj
time 3.56
========================================
time111111
4.798686742782593
layers[20].mlp.gate_proj
time 3.58
========================================
time111111
4.943520545959473
layers[20].mlp.down_proj
time 8.32
========================================
time111111
13.105373859405518
layers[21].self_attn.k_proj
time 3.08
========================================
time111111
3.3475730419158936
layers[21].self_attn.v_proj
time 3.11
========================================
time111111
3.4835731983184814
layers[21].self_attn.q_proj
time 3.19
========================================
time111111
3.6439788341522217
layers[21].self_attn.o_proj
time 2.95
========================================
time111111
4.083179950714111
layers[21].mlp.up_proj
time 3.47
========================================
time111111
4.711673736572266
layers[21].mlp.gate_proj
time 3.47
========================================
time111111
4.828622817993164
layers[21].mlp.down_proj
time 8.45
========================================
time111111
13.216254472732544
layers[22].self_attn.k_proj
time 3.14
========================================
time111111
3.406870126724243
layers[22].self_attn.v_proj
time 3.17
========================================
time111111
3.5332415103912354
layers[22].self_attn.q_proj
time 2.93
========================================
time111111
3.3883907794952393
layers[22].self_attn.o_proj
time 3.00
========================================
time111111
4.124185085296631
layers[22].mlp.up_proj
time 3.38
========================================
time111111
4.6162614822387695
layers[22].mlp.gate_proj
time 3.36
========================================
time111111
4.712376594543457
layers[22].mlp.down_proj
time 7.95
========================================
time111111
12.720635175704956
layers[23].self_attn.k_proj
time 3.12
========================================
time111111
3.3804879188537598
layers[23].self_attn.v_proj
time 3.04
========================================
time111111
3.4247469902038574
layers[23].self_attn.q_proj
time 2.99
========================================
time111111
3.444234848022461
layers[23].self_attn.o_proj
time 2.99
========================================
time111111
4.1056153774261475
layers[23].mlp.up_proj
time 3.40
========================================
time111111
4.62898850440979
layers[23].mlp.gate_proj
time 3.41
========================================
time111111
4.738109350204468
layers[23].mlp.down_proj
time 7.96
========================================
time111111
12.736669063568115
layers[24].self_attn.k_proj
time 3.03
========================================
time111111
3.297563076019287
layers[24].self_attn.v_proj
time 3.02
========================================
time111111
3.401052236557007
layers[24].self_attn.q_proj
time 2.98
========================================
time111111
3.438663959503174
layers[24].self_attn.o_proj
time 2.98
========================================
time111111
4.091482400894165
layers[24].mlp.up_proj
time 3.44
========================================
time111111
4.666387557983398
layers[24].mlp.gate_proj
time 3.35
========================================
time111111
4.715419054031372
layers[24].mlp.down_proj
time 7.89
========================================
time111111
12.740335702896118
layers[25].self_attn.k_proj
time 3.18
========================================
time111111
3.441584348678589
layers[25].self_attn.v_proj
time 3.26
========================================
time111111
3.6475670337677
layers[25].self_attn.q_proj
time 3.08
========================================
time111111
3.5296409130096436
layers[25].self_attn.o_proj
time 3.00
========================================
time111111
4.1157066822052
layers[25].mlp.up_proj
time 3.38
========================================
time111111
4.623972177505493
layers[25].mlp.gate_proj
time 3.51
========================================
time111111
4.871111154556274
layers[25].mlp.down_proj
time 7.96
========================================
time111111
12.725168704986572
layers[26].self_attn.k_proj
time 3.08
========================================
time111111
3.346937894821167
layers[26].self_attn.v_proj
time 3.05
========================================
time111111
3.4295895099639893
layers[26].self_attn.q_proj
time 3.25
========================================
time111111
3.699963331222534
layers[26].self_attn.o_proj
time 2.94
========================================
time111111
4.043418884277344
layers[26].mlp.up_proj
time 3.40
========================================
time111111
4.626326322555542
layers[26].mlp.gate_proj
time 3.49
========================================
time111111
4.847862720489502
layers[26].mlp.down_proj
time 7.88
========================================
time111111
12.676185131072998
layers[27].self_attn.k_proj
time 3.06
========================================
time111111
3.327230453491211
layers[27].self_attn.v_proj
time 3.07
========================================
time111111
3.4096195697784424
layers[27].self_attn.q_proj
time 3.05
========================================
time111111
3.4977450370788574
layers[27].self_attn.o_proj
time 2.94
========================================
time111111
4.0584876537323
layers[27].mlp.up_proj
time 3.43
========================================
time111111
4.676193714141846
layers[27].mlp.gate_proj
time 3.45
========================================
time111111
4.798693656921387
layers[27].mlp.down_proj
time 7.98
========================================
time111111
12.747352123260498
layers[28].self_attn.k_proj
time 2.99
========================================
time111111
3.249145030975342
layers[28].self_attn.v_proj
time 3.05
========================================
time111111
3.4454009532928467
layers[28].self_attn.q_proj
time 2.98
========================================
time111111
3.4414849281311035
layers[28].self_attn.o_proj
time 2.85
========================================
time111111
3.9630935192108154
layers[28].mlp.up_proj
time 3.42
========================================
time111111
4.6570916175842285
layers[28].mlp.gate_proj
time 3.41
========================================
time111111
4.793017625808716
layers[28].mlp.down_proj
time 8.24
========================================
time111111
12.995539903640747
layers[29].self_attn.k_proj
time 3.18
========================================
time111111
3.4407639503479004
layers[29].self_attn.v_proj
time 3.22
========================================
time111111
3.5835630893707275
layers[29].self_attn.q_proj
time 2.88
========================================
time111111
3.3207790851593018
layers[29].self_attn.o_proj
time 2.96
========================================
time111111
4.033643007278442
layers[29].mlp.up_proj
time 3.47
========================================
time111111
4.723625898361206
layers[29].mlp.gate_proj
time 3.46
========================================
time111111
4.80850887298584
layers[29].mlp.down_proj
time 7.92
========================================
time111111
12.684062480926514
layers[30].self_attn.k_proj
time 3.14
========================================
time111111
3.4021575450897217
layers[30].self_attn.v_proj
time 2.86
========================================
time111111
3.22839617729187
layers[30].self_attn.q_proj
time 2.95
========================================
time111111
3.3656139373779297
layers[30].self_attn.o_proj
time 2.89
========================================
time111111
3.9994990825653076
layers[30].mlp.up_proj
time 3.54
========================================
time111111
4.784382581710815
layers[30].mlp.gate_proj
time 3.40
========================================
time111111
4.777696847915649
layers[30].mlp.down_proj
time 8.19
========================================
time111111
12.94345998764038
layers[31].self_attn.k_proj
time 3.14
========================================
time111111
3.3992252349853516
layers[31].self_attn.v_proj
time 3.00
========================================
time111111
3.3840219974517822
layers[31].self_attn.q_proj
time 2.94
========================================
time111111
3.3867075443267822
layers[31].self_attn.o_proj
time 2.98
========================================
time111111
4.077850103378296
layers[31].mlp.up_proj
time 3.41
========================================
time111111
4.661600589752197
layers[31].mlp.gate_proj
time 3.51
========================================
time111111
4.860733985900879
layers[31].mlp.down_proj
time 7.99
========================================
time111111
12.758090734481812
1220.9326281547546
wikitext2
Evaluating ...
0
1
2
3
4
5
6
7
8
9
10
11
12
13
14
15
16
17
18
19
20
21
22
23
24
25
26
27
28
29
30
31
12.686208724975586
ptb-new
Evaluating ...
0
1
2
3
4
5
6
7
8
9
10
11
12
13
14
15
16
17
18
19
20
21
22
23
24
25
26
27
28
29
30
31
273.4867858886719
c4-new
Evaluating ...
0
1
2
3
4
5
6
7
8
9
10
11
12
13
14
15
16
17
18
19
20
21
22
23
24
25
26
27
28
29
30
31
15.486923217773438
