CUDA extension not installed.
model over
data over
Starting ...
Ready.
layers[0].self_attn.k_proj
time 4.55
========================================
time111111
5.366333246231079
layers[0].self_attn.v_proj
time 3.04
========================================
time111111
3.4099438190460205
layers[0].self_attn.q_proj
time 3.04
========================================
time111111
3.4807915687561035
layers[0].self_attn.o_proj
time 2.92
========================================
time111111
4.023379325866699
layers[0].mlp.up_proj
time 3.37
========================================
time111111
4.615005254745483
layers[0].mlp.gate_proj
time 3.38
========================================
time111111
4.701235771179199
layers[0].mlp.down_proj
time 8.45
========================================
time111111
13.2037992477417
layers[1].self_attn.k_proj
time 3.10
========================================
time111111
3.3646247386932373
layers[1].self_attn.v_proj
time 3.11
========================================
time111111
3.5023863315582275
layers[1].self_attn.q_proj
time 3.07
========================================
time111111
3.5147271156311035
layers[1].self_attn.o_proj
time 2.97
========================================
time111111
4.070791959762573
layers[1].mlp.up_proj
time 3.46
========================================
time111111
4.704570055007935
layers[1].mlp.gate_proj
time 3.48
========================================
time111111
4.824761390686035
layers[1].mlp.down_proj
time 8.08
========================================
time111111
12.81619668006897
layers[2].self_attn.k_proj
time 3.12
========================================
time111111
3.3797967433929443
layers[2].self_attn.v_proj
time 3.06
========================================
time111111
3.4403412342071533
layers[2].self_attn.q_proj
time 3.07
========================================
time111111
3.51562237739563
layers[2].self_attn.o_proj
time 2.99
========================================
time111111
4.107723712921143
layers[2].mlp.up_proj
time 3.50
========================================
time111111
4.739573001861572
layers[2].mlp.gate_proj
time 3.43
========================================
time111111
4.809622287750244
layers[2].mlp.down_proj
time 8.22
========================================
time111111
12.968892335891724
layers[3].self_attn.k_proj
time 3.10
========================================
time111111
3.3581652641296387
layers[3].self_attn.v_proj
time 3.09
========================================
time111111
3.4764156341552734
layers[3].self_attn.q_proj
time 2.96
========================================
time111111
3.3986613750457764
layers[3].self_attn.o_proj
time 2.93
========================================
time111111
4.027085065841675
layers[3].mlp.up_proj
time 3.46
========================================
time111111
4.697388648986816
layers[3].mlp.gate_proj
time 3.53
========================================
time111111
4.892348051071167
layers[3].mlp.down_proj
time 8.20
========================================
time111111
12.952824354171753
layers[4].self_attn.k_proj
time 3.23
========================================
time111111
3.4939002990722656
layers[4].self_attn.v_proj
time 3.12
========================================
time111111
3.5102996826171875
layers[4].self_attn.q_proj
time 3.03
========================================
time111111
3.4591503143310547
layers[4].self_attn.o_proj
time 3.02
========================================
time111111
4.122849225997925
layers[4].mlp.up_proj
time 3.41
========================================
time111111
4.64496636390686
layers[4].mlp.gate_proj
time 3.45
========================================
time111111
4.802847385406494
layers[4].mlp.down_proj
time 8.18
========================================
time111111
12.924537420272827
layers[5].self_attn.k_proj
time 3.13
========================================
time111111
3.3933701515197754
layers[5].self_attn.v_proj
time 3.06
========================================
time111111
3.426957130432129
layers[5].self_attn.q_proj
time 3.00
========================================
time111111
3.43330454826355
layers[5].self_attn.o_proj
time 2.96
========================================
time111111
4.044997692108154
layers[5].mlp.up_proj
time 3.43
========================================
time111111
4.658916711807251
layers[5].mlp.gate_proj
time 3.46
========================================
time111111
4.8196799755096436
layers[5].mlp.down_proj
time 7.95
========================================
time111111
12.712046146392822
layers[6].self_attn.k_proj
time 2.99
========================================
time111111
3.2508323192596436
layers[6].self_attn.v_proj
time 3.02
========================================
time111111
3.3603885173797607
layers[6].self_attn.q_proj
time 3.11
========================================
time111111
3.560420274734497
layers[6].self_attn.o_proj
time 3.00
========================================
time111111
4.122206211090088
layers[6].mlp.up_proj
time 3.45
========================================
time111111
4.6870338916778564
layers[6].mlp.gate_proj
time 3.44
========================================
time111111
4.781997442245483
layers[6].mlp.down_proj
time 8.01
========================================
time111111
12.743114233016968
layers[7].self_attn.k_proj
time 3.04
========================================
time111111
3.3059887886047363
layers[7].self_attn.v_proj
time 3.01
========================================
time111111
3.3803069591522217
layers[7].self_attn.q_proj
time 3.00
========================================
time111111
3.447648763656616
layers[7].self_attn.o_proj
time 3.04
========================================
time111111
4.143704891204834
layers[7].mlp.up_proj
time 3.50
========================================
time111111
4.754092693328857
layers[7].mlp.gate_proj
time 3.41
========================================
time111111
4.743841171264648
layers[7].mlp.down_proj
time 8.29
========================================
time111111
13.040096998214722
layers[8].self_attn.k_proj
time 3.04
========================================
time111111
3.29758358001709
layers[8].self_attn.v_proj
time 3.14
========================================
time111111
3.489903211593628
layers[8].self_attn.q_proj
time 3.00
========================================
time111111
3.4541208744049072
layers[8].self_attn.o_proj
time 2.92
========================================
time111111
4.024340391159058
layers[8].mlp.up_proj
time 3.41
========================================
time111111
4.645188808441162
layers[8].mlp.gate_proj
time 3.45
========================================
time111111
4.793390989303589
layers[8].mlp.down_proj
time 8.09
========================================
time111111
12.835581541061401
layers[9].self_attn.k_proj
time 3.20
========================================
time111111
3.4631736278533936
layers[9].self_attn.v_proj
time 3.16
========================================
time111111
3.526888370513916
layers[9].self_attn.q_proj
time 2.97
========================================
time111111
3.4284095764160156
layers[9].self_attn.o_proj
time 2.93
========================================
time111111
4.036319971084595
layers[9].mlp.up_proj
time 3.35
========================================
time111111
4.585824012756348
layers[9].mlp.gate_proj
time 3.37
========================================
time111111
4.7233545780181885
layers[9].mlp.down_proj
time 8.25
========================================
time111111
12.966553449630737
layers[10].self_attn.k_proj
time 3.08
========================================
time111111
3.3391172885894775
layers[10].self_attn.v_proj
time 3.12
========================================
time111111
3.5145692825317383
layers[10].self_attn.q_proj
time 3.01
========================================
time111111
3.4516940116882324
layers[10].self_attn.o_proj
time 2.90
========================================
time111111
3.981004238128662
layers[10].mlp.up_proj
time 3.34
========================================
time111111
4.563831329345703
layers[10].mlp.gate_proj
time 3.46
========================================
time111111
4.811051607131958
layers[10].mlp.down_proj
time 8.07
========================================
time111111
12.828205347061157
layers[11].self_attn.k_proj
time 3.13
========================================
time111111
3.3916735649108887
layers[11].self_attn.v_proj
time 2.99
========================================
time111111
3.3651251792907715
layers[11].self_attn.q_proj
time 2.94
========================================
time111111
3.3823394775390625
layers[11].self_attn.o_proj
time 2.94
========================================
time111111
4.049804210662842
layers[11].mlp.up_proj
time 3.38
========================================
time111111
4.612981557846069
layers[11].mlp.gate_proj
time 3.63
========================================
time111111
4.977568626403809
layers[11].mlp.down_proj
time 8.03
========================================
time111111
12.790547370910645
layers[12].self_attn.k_proj
time 3.11
========================================
time111111
3.370776414871216
layers[12].self_attn.v_proj
time 3.11
========================================
time111111
3.4876551628112793
layers[12].self_attn.q_proj
time 3.01
========================================
time111111
3.461496591567993
layers[12].self_attn.o_proj
time 2.90
========================================
time111111
4.0190818309783936
layers[12].mlp.up_proj
time 3.42
========================================
time111111
4.659291982650757
layers[12].mlp.gate_proj
time 3.44
========================================
time111111
4.801614761352539
layers[12].mlp.down_proj
time 8.48
========================================
time111111
13.234225273132324
layers[13].self_attn.k_proj
time 3.06
========================================
time111111
3.3234574794769287
layers[13].self_attn.v_proj
time 3.24
========================================
time111111
3.599669933319092
layers[13].self_attn.q_proj
time 3.02
========================================
time111111
3.461589813232422
layers[13].self_attn.o_proj
time 2.99
========================================
time111111
4.075437307357788
layers[13].mlp.up_proj
time 3.34
========================================
time111111
4.598136901855469
layers[13].mlp.gate_proj
time 3.44
========================================
time111111
4.777978897094727
layers[13].mlp.down_proj
time 7.97
========================================
time111111
12.704525470733643
layers[14].self_attn.k_proj
time 3.07
========================================
time111111
3.3285884857177734
layers[14].self_attn.v_proj
time 3.08
========================================
time111111
3.4562795162200928
layers[14].self_attn.q_proj
time 2.95
========================================
time111111
3.387786388397217
layers[14].self_attn.o_proj
time 2.90
========================================
time111111
3.9991025924682617
layers[14].mlp.up_proj
time 3.36
========================================
time111111
4.598970413208008
layers[14].mlp.gate_proj
time 3.35
========================================
time111111
4.706968307495117
layers[14].mlp.down_proj
time 8.19
========================================
time111111
12.905158996582031
layers[15].self_attn.k_proj
time 2.96
========================================
time111111
3.2219133377075195
layers[15].self_attn.v_proj
time 2.96
========================================
time111111
3.2997732162475586
layers[15].self_attn.q_proj
time 3.00
========================================
time111111
3.407034397125244
layers[15].self_attn.o_proj
time 3.02
========================================
time111111
4.103498220443726
layers[15].mlp.up_proj
time 3.41
========================================
time111111
4.659550666809082
layers[15].mlp.gate_proj
time 3.39
========================================
time111111
4.75394606590271
layers[15].mlp.down_proj
time 7.95
========================================
time111111
12.661301612854004
layers[16].self_attn.k_proj
time 3.03
========================================
time111111
3.2961831092834473
layers[16].self_attn.v_proj
time 3.11
========================================
time111111
3.4895505905151367
layers[16].self_attn.q_proj
time 3.00
========================================
time111111
3.4409337043762207
layers[16].self_attn.o_proj
time 2.99
========================================
time111111
4.052889347076416
layers[16].mlp.up_proj
time 3.40
========================================
time111111
4.653397083282471
layers[16].mlp.gate_proj
time 3.40
========================================
time111111
4.763391971588135
layers[16].mlp.down_proj
time 8.26
========================================
time111111
12.971360206604004
layers[17].self_attn.k_proj
time 3.10
========================================
time111111
3.3625051975250244
layers[17].self_attn.v_proj
time 3.04
========================================
time111111
3.4243810176849365
layers[17].self_attn.q_proj
time 2.98
========================================
time111111
3.439908504486084
layers[17].self_attn.o_proj
time 2.90
========================================
time111111
4.001852989196777
layers[17].mlp.up_proj
time 3.40
========================================
time111111
4.648731708526611
layers[17].mlp.gate_proj
time 3.46
========================================
time111111
4.810797691345215
layers[17].mlp.down_proj
time 8.10
========================================
time111111
12.85396695137024
layers[18].self_attn.k_proj
time 3.13
========================================
time111111
3.3958141803741455
layers[18].self_attn.v_proj
time 3.06
========================================
time111111
3.440129041671753
layers[18].self_attn.q_proj
time 3.07
========================================
time111111
3.5201282501220703
layers[18].self_attn.o_proj
time 3.00
========================================
time111111
4.113722085952759
layers[18].mlp.up_proj
time 3.41
========================================
time111111
4.646306753158569
layers[18].mlp.gate_proj
time 3.46
========================================
time111111
4.802421569824219
layers[18].mlp.down_proj
time 8.18
========================================
time111111
12.920582056045532
layers[19].self_attn.k_proj
time 3.01
========================================
time111111
3.271420478820801
layers[19].self_attn.v_proj
time 3.06
========================================
time111111
3.4532299041748047
layers[19].self_attn.q_proj
time 3.08
========================================
time111111
3.5340261459350586
layers[19].self_attn.o_proj
time 2.96
========================================
time111111
4.067084789276123
layers[19].mlp.up_proj
time 3.36
========================================
time111111
4.6121251583099365
layers[19].mlp.gate_proj
time 3.36
========================================
time111111
4.726320028305054
layers[19].mlp.down_proj
time 8.08
========================================
time111111
12.811444997787476
layers[20].self_attn.k_proj
time 3.17
========================================
time111111
3.431511402130127
layers[20].self_attn.v_proj
time 3.08
========================================
time111111
3.4468090534210205
layers[20].self_attn.q_proj
time 3.03
========================================
time111111
3.472546339035034
layers[20].self_attn.o_proj
time 2.96
========================================
time111111
4.07725191116333
layers[20].mlp.up_proj
time 3.45
========================================
time111111
4.689840316772461
layers[20].mlp.gate_proj
time 3.46
========================================
time111111
4.802916765213013
layers[20].mlp.down_proj
time 8.05
========================================
time111111
12.786575555801392
layers[21].self_attn.k_proj
time 3.18
========================================
time111111
3.436614990234375
layers[21].self_attn.v_proj
time 3.01
========================================
time111111
3.3851544857025146
layers[21].self_attn.q_proj
time 3.08
========================================
time111111
3.5151519775390625
layers[21].self_attn.o_proj
time 2.97
========================================
time111111
4.09050178527832
layers[21].mlp.up_proj
time 3.38
========================================
time111111
4.61021876335144
layers[21].mlp.gate_proj
time 3.49
========================================
time111111
4.8403027057647705
layers[21].mlp.down_proj
time 8.29
========================================
time111111
13.035617589950562
layers[22].self_attn.k_proj
time 3.24
========================================
time111111
3.506108045578003
layers[22].self_attn.v_proj
time 3.04
========================================
time111111
3.414217472076416
layers[22].self_attn.q_proj
time 2.96
========================================
time111111
3.404015064239502
layers[22].self_attn.o_proj
time 3.01
========================================
time111111
4.0783326625823975
layers[22].mlp.up_proj
time 3.39
========================================
time111111
4.638033866882324
layers[22].mlp.gate_proj
time 3.37
========================================
time111111
4.73936128616333
layers[22].mlp.down_proj
time 8.29
========================================
time111111
13.021203756332397
layers[23].self_attn.k_proj
time 3.19
========================================
time111111
3.4495768547058105
layers[23].self_attn.v_proj
time 3.35
========================================
time111111
3.708753824234009
layers[23].self_attn.q_proj
time 3.17
========================================
time111111
3.6292026042938232
layers[23].self_attn.o_proj
time 3.05
========================================
time111111
4.160280227661133
layers[23].mlp.up_proj
time 3.44
========================================
time111111
4.6745476722717285
layers[23].mlp.gate_proj
time 3.50
========================================
time111111
4.866732358932495
layers[23].mlp.down_proj
time 8.27
========================================
time111111
13.01481008529663
layers[24].self_attn.k_proj
time 3.07
========================================
time111111
3.333829164505005
layers[24].self_attn.v_proj
time 3.03
========================================
time111111
3.384821653366089
layers[24].self_attn.q_proj
time 3.01
========================================
time111111
3.437814235687256
layers[24].self_attn.o_proj
time 2.99
========================================
time111111
4.083392381668091
layers[24].mlp.up_proj
time 3.36
========================================
time111111
4.610175609588623
layers[24].mlp.gate_proj
time 3.40
========================================
time111111
4.770554065704346
layers[24].mlp.down_proj
time 7.97
========================================
time111111
12.69345474243164
layers[25].self_attn.k_proj
time 3.08
========================================
time111111
3.3425450325012207
layers[25].self_attn.v_proj
time 3.13
========================================
time111111
3.4734036922454834
layers[25].self_attn.q_proj
time 3.07
========================================
time111111
3.5317323207855225
layers[25].self_attn.o_proj
time 2.95
========================================
time111111
4.034636497497559
layers[25].mlp.up_proj
time 3.38
========================================
time111111
4.613310098648071
layers[25].mlp.gate_proj
time 3.41
========================================
time111111
4.755723714828491
layers[25].mlp.down_proj
time 8.21
========================================
time111111
12.950556516647339
layers[26].self_attn.k_proj
time 3.10
========================================
time111111
3.3595519065856934
layers[26].self_attn.v_proj
time 3.06
========================================
time111111
3.4366819858551025
layers[26].self_attn.q_proj
time 3.00
========================================
time111111
3.41758131980896
layers[26].self_attn.o_proj
time 2.92
========================================
time111111
3.9922280311584473
layers[26].mlp.up_proj
time 3.43
========================================
time111111
4.649726629257202
layers[26].mlp.gate_proj
time 3.44
========================================
time111111
4.795047760009766
layers[26].mlp.down_proj
time 8.10
========================================
time111111
12.828614711761475
layers[27].self_attn.k_proj
time 3.04
========================================
time111111
3.297112464904785
layers[27].self_attn.v_proj
time 3.05
========================================
time111111
3.4384593963623047
layers[27].self_attn.q_proj
time 3.08
========================================
time111111
3.5282576084136963
layers[27].self_attn.o_proj
time 2.97
========================================
time111111
4.0844950675964355
layers[27].mlp.up_proj
time 3.44
========================================
time111111
4.680667877197266
layers[27].mlp.gate_proj
time 3.39
========================================
time111111
4.736623048782349
layers[27].mlp.down_proj
time 8.08
========================================
time111111
12.844362735748291
layers[28].self_attn.k_proj
time 3.11
========================================
time111111
3.368903160095215
layers[28].self_attn.v_proj
time 3.21
========================================
time111111
3.587376832962036
layers[28].self_attn.q_proj
time 3.20
========================================
time111111
3.655897855758667
layers[28].self_attn.o_proj
time 3.11
========================================
time111111
4.216118812561035
layers[28].mlp.up_proj
time 3.36
========================================
time111111
4.595046043395996
layers[28].mlp.gate_proj
time 3.35
========================================
time111111
4.702955961227417
layers[28].mlp.down_proj
time 8.11
========================================
time111111
12.833563804626465
layers[29].self_attn.k_proj
time 3.13
========================================
time111111
3.3874759674072266
layers[29].self_attn.v_proj
time 3.00
========================================
time111111
3.369025468826294
layers[29].self_attn.q_proj
time 3.01
========================================
time111111
3.444803476333618
layers[29].self_attn.o_proj
time 2.84
========================================
time111111
3.9324944019317627
layers[29].mlp.up_proj
time 3.45
========================================
time111111
4.700379848480225
layers[29].mlp.gate_proj
time 3.40
========================================
time111111
4.741382360458374
layers[29].mlp.down_proj
time 8.03
========================================
time111111
12.785949945449829
layers[30].self_attn.k_proj
time 3.06
========================================
time111111
3.3177132606506348
layers[30].self_attn.v_proj
time 3.05
========================================
time111111
3.44795298576355
layers[30].self_attn.q_proj
time 2.99
========================================
time111111
3.44344425201416
layers[30].self_attn.o_proj
time 2.91
========================================
time111111
4.013710975646973
layers[30].mlp.up_proj
time 3.41
========================================
time111111
4.648738622665405
layers[30].mlp.gate_proj
time 3.43
========================================
time111111
4.776530742645264
layers[30].mlp.down_proj
time 8.02
========================================
time111111
12.775953531265259
layers[31].self_attn.k_proj
time 3.01
========================================
time111111
3.274282217025757
layers[31].self_attn.v_proj
time 3.02
========================================
time111111
3.3902528285980225
layers[31].self_attn.q_proj
time 2.97
========================================
time111111
3.427586793899536
layers[31].self_attn.o_proj
time 2.90
========================================
time111111
4.013083457946777
layers[31].mlp.up_proj
time 3.34
========================================
time111111
4.580400705337524
layers[31].mlp.gate_proj
time 3.42
========================================
time111111
4.78678822517395
layers[31].mlp.down_proj
time 8.20
========================================
time111111
12.917326211929321
1225.6158154010773
wikitext2
Evaluating ...
0
1
2
3
4
5
6
7
8
9
10
11
12
13
14
15
16
17
18
19
20
21
22
23
24
25
26
27
28
29
30
31
6.351017951965332
ptb-new
Evaluating ...
0
1
2
3
4
5
6
7
8
9
10
11
12
13
14
15
16
17
18
19
20
21
22
23
24
25
26
27
28
29
30
31
50.891082763671875
c4-new
Evaluating ...
0
1
2
3
4
5
6
7
8
9
10
11
12
13
14
15
16
17
18
19
20
21
22
23
24
25
26
27
28
29
30
31
8.264434814453125
