CUDA extension not installed.
model over
data over
Starting ...
Ready.
layers[0].self_attn.k_proj
time 3.67
========================================
time111111
5.844073057174683
layers[0].self_attn.v_proj
time 2.80
========================================
time111111
3.146017551422119
layers[0].self_attn.q_proj
time 2.78
========================================
time111111
3.194737672805786
layers[0].self_attn.o_proj
time 2.71
========================================
time111111
3.788062334060669
layers[0].mlp.up_proj
time 3.15
========================================
time111111
4.3669092655181885
layers[0].mlp.gate_proj
time 3.23
========================================
time111111
4.560286045074463
layers[0].mlp.down_proj
time 7.61
========================================
time111111
12.372721910476685
layers[1].self_attn.k_proj
time 2.83
========================================
time111111
3.0897867679595947
layers[1].self_attn.v_proj
time 2.72
========================================
time111111
3.059840440750122
layers[1].self_attn.q_proj
time 2.73
========================================
time111111
3.1452016830444336
layers[1].self_attn.o_proj
time 2.71
========================================
time111111
3.782949209213257
layers[1].mlp.up_proj
time 3.21
========================================
time111111
4.41768741607666
layers[1].mlp.gate_proj
time 3.23
========================================
time111111
4.55729079246521
layers[1].mlp.down_proj
time 7.56
========================================
time111111
12.316922426223755
layers[2].self_attn.k_proj
time 2.93
========================================
time111111
3.189627170562744
layers[2].self_attn.v_proj
time 2.86
========================================
time111111
3.239771842956543
layers[2].self_attn.q_proj
time 2.76
========================================
time111111
3.2174131870269775
layers[2].self_attn.o_proj
time 2.80
========================================
time111111
3.873732805252075
layers[2].mlp.up_proj
time 3.22
========================================
time111111
4.4321129322052
layers[2].mlp.gate_proj
time 3.27
========================================
time111111
4.598431825637817
layers[2].mlp.down_proj
time 7.55
========================================
time111111
12.32325530052185
layers[3].self_attn.k_proj
time 2.90
========================================
time111111
3.1600654125213623
layers[3].self_attn.v_proj
time 2.88
========================================
time111111
3.2228477001190186
layers[3].self_attn.q_proj
time 2.74
========================================
time111111
3.1548497676849365
layers[3].self_attn.o_proj
time 2.73
========================================
time111111
3.799114465713501
layers[3].mlp.up_proj
time 3.20
========================================
time111111
4.4084930419921875
layers[3].mlp.gate_proj
time 3.32
========================================
time111111
4.649229049682617
layers[3].mlp.down_proj
time 7.65
========================================
time111111
12.392967939376831
layers[4].self_attn.k_proj
time 2.91
========================================
time111111
3.174699068069458
layers[4].self_attn.v_proj
time 2.88
========================================
time111111
3.221558094024658
layers[4].self_attn.q_proj
time 2.72
========================================
time111111
3.1344027519226074
layers[4].self_attn.o_proj
time 2.78
========================================
time111111
3.8520500659942627
layers[4].mlp.up_proj
time 3.28
========================================
time111111
4.488028526306152
layers[4].mlp.gate_proj
time 3.20
========================================
time111111
4.530454158782959
layers[4].mlp.down_proj
time 7.53
========================================
time111111
12.279980897903442
layers[5].self_attn.k_proj
time 2.90
========================================
time111111
3.164776086807251
layers[5].self_attn.v_proj
time 2.86
========================================
time111111
3.2064146995544434
layers[5].self_attn.q_proj
time 2.75
========================================
time111111
3.1620423793792725
layers[5].self_attn.o_proj
time 2.59
========================================
time111111
3.6724085807800293
layers[5].mlp.up_proj
time 3.24
========================================
time111111
4.449746131896973
layers[5].mlp.gate_proj
time 3.28
========================================
time111111
4.609320878982544
layers[5].mlp.down_proj
time 7.64
========================================
time111111
12.393141746520996
layers[6].self_attn.k_proj
time 2.90
========================================
time111111
3.160966396331787
layers[6].self_attn.v_proj
time 2.86
========================================
time111111
3.2463724613189697
layers[6].self_attn.q_proj
time 2.83
========================================
time111111
3.236079692840576
layers[6].self_attn.o_proj
time 2.65
========================================
time111111
3.729729175567627
layers[6].mlp.up_proj
time 3.22
========================================
time111111
4.4307990074157715
layers[6].mlp.gate_proj
time 3.23
========================================
time111111
4.56416392326355
layers[6].mlp.down_proj
time 7.69
========================================
time111111
12.432305097579956
layers[7].self_attn.k_proj
time 2.95
========================================
time111111
3.2085747718811035
layers[7].self_attn.v_proj
time 2.89
========================================
time111111
3.2778401374816895
layers[7].self_attn.q_proj
time 2.75
========================================
time111111
3.1585047245025635
layers[7].self_attn.o_proj
time 2.71
========================================
time111111
3.7812860012054443
layers[7].mlp.up_proj
time 3.30
========================================
time111111
4.514632940292358
layers[7].mlp.gate_proj
time 3.23
========================================
time111111
4.562646865844727
layers[7].mlp.down_proj
time 7.57
========================================
time111111
12.342585563659668
layers[8].self_attn.k_proj
time 2.81
========================================
time111111
3.073042631149292
layers[8].self_attn.v_proj
time 2.88
========================================
time111111
3.218672037124634
layers[8].self_attn.q_proj
time 2.83
========================================
time111111
3.246591329574585
layers[8].self_attn.o_proj
time 2.78
========================================
time111111
3.8755908012390137
layers[8].mlp.up_proj
time 3.26
========================================
time111111
4.4763572216033936
layers[8].mlp.gate_proj
time 3.27
========================================
time111111
4.597630739212036
layers[8].mlp.down_proj
time 7.68
========================================
time111111
12.42081594467163
layers[9].self_attn.k_proj
time 2.84
========================================
time111111
3.100532293319702
layers[9].self_attn.v_proj
time 2.82
========================================
time111111
3.163198471069336
layers[9].self_attn.q_proj
time 2.75
========================================
time111111
3.1577444076538086
layers[9].self_attn.o_proj
time 2.74
========================================
time111111
3.8110790252685547
layers[9].mlp.up_proj
time 3.18
========================================
time111111
4.395528078079224
layers[9].mlp.gate_proj
time 3.22
========================================
time111111
4.555200815200806
layers[9].mlp.down_proj
time 7.81
========================================
time111111
12.557632684707642
layers[10].self_attn.k_proj
time 2.87
========================================
time111111
3.135128974914551
layers[10].self_attn.v_proj
time 2.82
========================================
time111111
3.1638128757476807
layers[10].self_attn.q_proj
time 2.78
========================================
time111111
3.190457820892334
layers[10].self_attn.o_proj
time 2.77
========================================
time111111
3.8971800804138184
layers[10].mlp.up_proj
time 3.31
========================================
time111111
4.528319597244263
layers[10].mlp.gate_proj
time 3.25
========================================
time111111
4.584518909454346
layers[10].mlp.down_proj
time 7.76
========================================
time111111
12.51093339920044
layers[11].self_attn.k_proj
time 2.91
========================================
time111111
3.175211191177368
layers[11].self_attn.v_proj
time 2.74
========================================
time111111
3.078505039215088
layers[11].self_attn.q_proj
time 2.75
========================================
time111111
3.160792827606201
layers[11].self_attn.o_proj
time 2.69
========================================
time111111
3.7628049850463867
layers[11].mlp.up_proj
time 3.25
========================================
time111111
4.461928844451904
layers[11].mlp.gate_proj
time 3.34
========================================
time111111
4.672602415084839
layers[11].mlp.down_proj
time 7.70
========================================
time111111
12.467264175415039
layers[12].self_attn.k_proj
time 2.86
========================================
time111111
3.1219403743743896
layers[12].self_attn.v_proj
time 2.80
========================================
time111111
3.1432008743286133
layers[12].self_attn.q_proj
time 2.77
========================================
time111111
3.182514190673828
layers[12].self_attn.o_proj
time 2.75
========================================
time111111
3.828460931777954
layers[12].mlp.up_proj
time 3.25
========================================
time111111
4.463272571563721
layers[12].mlp.gate_proj
time 3.27
========================================
time111111
4.5971434116363525
layers[12].mlp.down_proj
time 7.69
========================================
time111111
12.431073427200317
layers[13].self_attn.k_proj
time 2.91
========================================
time111111
3.175480604171753
layers[13].self_attn.v_proj
time 2.85
========================================
time111111
3.2455661296844482
layers[13].self_attn.q_proj
time 2.83
========================================
time111111
3.238621950149536
layers[13].self_attn.o_proj
time 2.75
========================================
time111111
3.830566644668579
layers[13].mlp.up_proj
time 3.21
========================================
time111111
4.423788070678711
layers[13].mlp.gate_proj
time 3.23
========================================
time111111
4.559100866317749
layers[13].mlp.down_proj
time 7.48
========================================
time111111
12.22355318069458
layers[14].self_attn.k_proj
time 2.90
========================================
time111111
3.158968687057495
layers[14].self_attn.v_proj
time 2.85
========================================
time111111
3.190178394317627
layers[14].self_attn.q_proj
time 2.80
========================================
time111111
3.209693431854248
layers[14].self_attn.o_proj
time 2.73
========================================
time111111
3.799762010574341
layers[14].mlp.up_proj
time 3.26
========================================
time111111
4.471111536026001
layers[14].mlp.gate_proj
time 3.18
========================================
time111111
4.549435138702393
layers[14].mlp.down_proj
time 7.36
========================================
time111111
12.095589399337769
layers[15].self_attn.k_proj
time 2.90
========================================
time111111
3.161058187484741
layers[15].self_attn.v_proj
time 2.88
========================================
time111111
3.2205095291137695
layers[15].self_attn.q_proj
time 2.82
========================================
time111111
3.2339603900909424
layers[15].self_attn.o_proj
time 2.77
========================================
time111111
3.8420791625976562
layers[15].mlp.up_proj
time 3.18
========================================
time111111
4.3856000900268555
layers[15].mlp.gate_proj
time 3.18
========================================
time111111
4.502886772155762
layers[15].mlp.down_proj
time 7.54
========================================
time111111
12.265170812606812
layers[16].self_attn.k_proj
time 2.94
========================================
time111111
3.2057182788848877
layers[16].self_attn.v_proj
time 2.82
========================================
time111111
3.158672571182251
layers[16].self_attn.q_proj
time 2.80
========================================
time111111
3.2121269702911377
layers[16].self_attn.o_proj
time 2.73
========================================
time111111
3.80554461479187
layers[16].mlp.up_proj
time 3.26
========================================
time111111
4.471643924713135
layers[16].mlp.gate_proj
time 3.34
========================================
time111111
4.668887138366699
layers[16].mlp.down_proj
time 7.62
========================================
time111111
12.386192321777344
layers[17].self_attn.k_proj
time 2.86
========================================
time111111
3.1251742839813232
layers[17].self_attn.v_proj
time 2.80
========================================
time111111
3.1377406120300293
layers[17].self_attn.q_proj
time 2.79
========================================
time111111
3.2021920680999756
layers[17].self_attn.o_proj
time 2.69
========================================
time111111
3.7688679695129395
layers[17].mlp.up_proj
time 3.25
========================================
time111111
4.457358360290527
layers[17].mlp.gate_proj
time 3.21
========================================
time111111
4.534163236618042
layers[17].mlp.down_proj
time 7.49
========================================
time111111
12.223849534988403
layers[18].self_attn.k_proj
time 2.92
========================================
time111111
3.1857974529266357
layers[18].self_attn.v_proj
time 2.80
========================================
time111111
3.144908905029297
layers[18].self_attn.q_proj
time 2.86
========================================
time111111
3.269458293914795
layers[18].self_attn.o_proj
time 2.70
========================================
time111111
3.780550956726074
layers[18].mlp.up_proj
time 3.19
========================================
time111111
4.404039621353149
layers[18].mlp.gate_proj
time 3.19
========================================
time111111
4.524859428405762
layers[18].mlp.down_proj
time 7.74
========================================
time111111
12.473111152648926
layers[19].self_attn.k_proj
time 2.84
========================================
time111111
3.106579303741455
layers[19].self_attn.v_proj
time 2.82
========================================
time111111
3.1601853370666504
layers[19].self_attn.q_proj
time 2.84
========================================
time111111
3.259258985519409
layers[19].self_attn.o_proj
time 2.77
========================================
time111111
3.8532228469848633
layers[19].mlp.up_proj
time 3.16
========================================
time111111
4.387950420379639
layers[19].mlp.gate_proj
time 3.26
========================================
time111111
4.602184772491455
layers[19].mlp.down_proj
time 7.62
========================================
time111111
12.39924693107605
layers[20].self_attn.k_proj
time 2.92
========================================
time111111
3.1865086555480957
layers[20].self_attn.v_proj
time 2.91
========================================
time111111
3.305978536605835
layers[20].self_attn.q_proj
time 2.79
========================================
time111111
3.201127529144287
layers[20].self_attn.o_proj
time 2.80
========================================
time111111
3.884369373321533
layers[20].mlp.up_proj
time 3.23
========================================
time111111
4.461413383483887
layers[20].mlp.gate_proj
time 3.32
========================================
time111111
4.6678478717803955
layers[20].mlp.down_proj
time 7.50
========================================
time111111
12.326849222183228
layers[21].self_attn.k_proj
time 2.96
========================================
time111111
3.218756914138794
layers[21].self_attn.v_proj
time 2.90
========================================
time111111
3.2402114868164062
layers[21].self_attn.q_proj
time 2.82
========================================
time111111
3.2719480991363525
layers[21].self_attn.o_proj
time 2.83
========================================
time111111
3.952575922012329
layers[21].mlp.up_proj
time 3.39
========================================
time111111
4.59790301322937
layers[21].mlp.gate_proj
time 3.26
========================================
time111111
4.603809833526611
layers[21].mlp.down_proj
time 7.56
========================================
time111111
12.31798505783081
layers[22].self_attn.k_proj
time 2.88
========================================
time111111
3.141916275024414
layers[22].self_attn.v_proj
time 2.81
========================================
time111111
3.156066417694092
layers[22].self_attn.q_proj
time 2.79
========================================
time111111
3.2023634910583496
layers[22].self_attn.o_proj
time 2.76
========================================
time111111
3.834775686264038
layers[22].mlp.up_proj
time 3.20
========================================
time111111
4.416409492492676
layers[22].mlp.gate_proj
time 3.23
========================================
time111111
4.558924198150635
layers[22].mlp.down_proj
time 7.68
========================================
time111111
12.424965620040894
layers[23].self_attn.k_proj
time 2.93
========================================
time111111
3.1934731006622314
layers[23].self_attn.v_proj
time 2.95
========================================
time111111
3.33487868309021
layers[23].self_attn.q_proj
time 2.84
========================================
time111111
3.2502379417419434
layers[23].self_attn.o_proj
time 2.77
========================================
time111111
3.845388174057007
layers[23].mlp.up_proj
time 3.24
========================================
time111111
4.45396876335144
layers[23].mlp.gate_proj
time 3.22
========================================
time111111
4.551825523376465
layers[23].mlp.down_proj
time 7.76
========================================
time111111
12.503793478012085
layers[24].self_attn.k_proj
time 2.83
========================================
time111111
3.096055507659912
layers[24].self_attn.v_proj
time 2.89
========================================
time111111
3.227783441543579
layers[24].self_attn.q_proj
time 2.77
========================================
time111111
3.215137481689453
layers[24].self_attn.o_proj
time 2.75
========================================
time111111
3.8255808353424072
layers[24].mlp.up_proj
time 3.17
========================================
time111111
4.411545038223267
layers[24].mlp.gate_proj
time 3.26
========================================
time111111
4.594699859619141
layers[24].mlp.down_proj
time 7.52
========================================
time111111
12.264118671417236
layers[25].self_attn.k_proj
time 2.83
========================================
time111111
3.0927467346191406
layers[25].self_attn.v_proj
time 2.89
========================================
time111111
3.2329952716827393
layers[25].self_attn.q_proj
time 2.77
========================================
time111111
3.189136266708374
layers[25].self_attn.o_proj
time 2.75
========================================
time111111
3.822517156600952
layers[25].mlp.up_proj
time 3.21
========================================
time111111
4.419764518737793
layers[25].mlp.gate_proj
time 3.20
========================================
time111111
4.529217720031738
layers[25].mlp.down_proj
time 7.71
========================================
time111111
12.451977252960205
layers[26].self_attn.k_proj
time 2.94
========================================
time111111
3.203810453414917
layers[26].self_attn.v_proj
time 2.91
========================================
time111111
3.2779290676116943
layers[26].self_attn.q_proj
time 2.88
========================================
time111111
3.288553476333618
layers[26].self_attn.o_proj
time 2.73
========================================
time111111
3.8039278984069824
layers[26].mlp.up_proj
time 3.26
========================================
time111111
4.47226095199585
layers[26].mlp.gate_proj
time 3.24
========================================
time111111
4.574117422103882
layers[26].mlp.down_proj
time 7.52
========================================
time111111
12.27037787437439
layers[27].self_attn.k_proj
time 2.91
========================================
time111111
3.1749184131622314
layers[27].self_attn.v_proj
time 2.88
========================================
time111111
3.219691038131714
layers[27].self_attn.q_proj
time 2.94
========================================
time111111
3.35290789604187
layers[27].self_attn.o_proj
time 2.68
========================================
time111111
3.8061716556549072
layers[27].mlp.up_proj
time 3.22
========================================
time111111
4.434888601303101
layers[27].mlp.gate_proj
time 3.26
========================================
time111111
4.584704637527466
layers[27].mlp.down_proj
time 7.68
========================================
time111111
12.423643589019775
layers[28].self_attn.k_proj
time 2.82
========================================
time111111
3.087568759918213
layers[28].self_attn.v_proj
time 2.77
========================================
time111111
3.110140800476074
layers[28].self_attn.q_proj
time 2.67
========================================
time111111
3.077315092086792
layers[28].self_attn.o_proj
time 2.71
========================================
time111111
3.7842094898223877
layers[28].mlp.up_proj
time 3.21
========================================
time111111
4.422435998916626
layers[28].mlp.gate_proj
time 3.23
========================================
time111111
4.559374570846558
layers[28].mlp.down_proj
time 7.55
========================================
time111111
12.28621220588684
layers[29].self_attn.k_proj
time 2.90
========================================
time111111
3.1614577770233154
layers[29].self_attn.v_proj
time 2.87
========================================
time111111
3.2148754596710205
layers[29].self_attn.q_proj
time 2.79
========================================
time111111
3.212083101272583
layers[29].self_attn.o_proj
time 2.64
========================================
time111111
3.728364944458008
layers[29].mlp.up_proj
time 3.24
========================================
time111111
4.467119216918945
layers[29].mlp.gate_proj
time 3.25
========================================
time111111
4.585691928863525
layers[29].mlp.down_proj
time 7.59
========================================
time111111
12.334266662597656
layers[30].self_attn.k_proj
time 2.84
========================================
time111111
3.102707862854004
layers[30].self_attn.v_proj
time 2.82
========================================
time111111
3.1581826210021973
layers[30].self_attn.q_proj
time 2.69
========================================
time111111
3.098081111907959
layers[30].self_attn.o_proj
time 2.60
========================================
time111111
3.6759560108184814
layers[30].mlp.up_proj
time 3.09
========================================
time111111
4.306453704833984
layers[30].mlp.gate_proj
time 3.24
========================================
time111111
4.568489074707031
layers[30].mlp.down_proj
time 7.49
========================================
time111111
12.231907367706299
layers[31].self_attn.k_proj
time 2.87
========================================
time111111
3.1360116004943848
layers[31].self_attn.v_proj
time 2.66
========================================
time111111
3.005561351776123
layers[31].self_attn.q_proj
time 2.65
========================================
time111111
3.057403564453125
layers[31].self_attn.o_proj
time 2.66
========================================
time111111
3.7354395389556885
layers[31].mlp.up_proj
time 3.09
========================================
time111111
4.3056135177612305
layers[31].mlp.gate_proj
time 3.12
========================================
time111111
4.446194171905518
layers[31].mlp.down_proj
time 7.62
========================================
time111111
12.368357181549072
1163.4416151046753
wikitext2
Evaluating ...
0
1
2
3
4
5
6
7
8
9
10
11
12
13
14
15
16
17
18
19
20
21
22
23
24
25
26
27
28
29
30
31
5.846256256103516
ptb-new
Evaluating ...
0
1
2
3
4
5
6
7
8
9
10
11
12
13
14
15
16
17
18
19
20
21
22
23
24
25
26
27
28
29
30
31
44.44303512573242
c4-new
Evaluating ...
0
1
2
3
4
5
6
7
8
9
10
11
12
13
14
15
16
17
18
19
20
21
22
23
24
25
26
27
28
29
30
31
7.527100086212158
