CUDA extension not installed.
Starting ...
Ready.
0 self_attn.k_proj
Quantizing ...
time 1.99
error 573194.75
0 self_attn.v_proj
Quantizing ...
time 1.65
error 348277.0
0 self_attn.q_proj
Quantizing ...
time 1.64
error 639324.5
0 self_attn.out_proj
Quantizing ...
time 1.76
error 718.2551879882812
0 fc1
Quantizing ...
time 1.70
error 663796.5625
0 fc2
Quantizing ...
time 8.57
error 1798.863037109375
1 self_attn.k_proj
Quantizing ...
time 1.78
error 71403.46875
1 self_attn.v_proj
Quantizing ...
time 1.86
error 19263.38671875
1 self_attn.q_proj
Quantizing ...
time 1.64
error 82853.5546875
1 self_attn.out_proj
Quantizing ...
time 1.63
error 605.32958984375
1 fc1
Quantizing ...
time 1.69
error 346720.9375
1 fc2
Quantizing ...
time 8.50
error 1241.327392578125
2 self_attn.k_proj
Quantizing ...
time 1.81
error 71632.765625
2 self_attn.v_proj
Quantizing ...
time 1.64
error 20215.69140625
2 self_attn.q_proj
Quantizing ...
time 1.63
error 107662.765625
2 self_attn.out_proj
Quantizing ...
time 1.63
error 13.184408187866211
2 fc1
Quantizing ...
time 1.73
error 302907.8125
2 fc2
Quantizing ...
time 8.55
error 820.1715698242188
3 self_attn.k_proj
Quantizing ...
time 1.77
error 97303.953125
3 self_attn.v_proj
Quantizing ...
time 1.73
error 24341.74609375
3 self_attn.q_proj
Quantizing ...
time 1.64
error 132405.125
3 self_attn.out_proj
Quantizing ...
time 1.63
error 22.604877471923828
3 fc1
Quantizing ...
time 1.70
error 327028.28125
3 fc2
Quantizing ...
time 8.49
error 930.05517578125
4 self_attn.k_proj
Quantizing ...
time 1.81
error 289651.1875
4 self_attn.v_proj
Quantizing ...
time 1.63
error 27967.560546875
4 self_attn.q_proj
Quantizing ...
time 1.64
error 219548.75
4 self_attn.out_proj
Quantizing ...
time 1.66
error 57.51326370239258
4 fc1
Quantizing ...
time 1.70
error 337019.5
4 fc2
Quantizing ...
time 8.81
error 1079.5721435546875
5 self_attn.k_proj
Quantizing ...
time 1.76
error 821837.5
5 self_attn.v_proj
Quantizing ...
time 1.67
error 32766.91796875
5 self_attn.q_proj
Quantizing ...
time 1.61
error 355803.78125
5 self_attn.out_proj
Quantizing ...
time 1.60
error 178.57814025878906
5 fc1
Quantizing ...
time 1.74
error 407590.0625
5 fc2
Quantizing ...
time 8.42
error 1638.3759765625
6 self_attn.k_proj
Quantizing ...
time 1.75
error 1532219.375
6 self_attn.v_proj
Quantizing ...
time 1.61
error 41416.2109375
6 self_attn.q_proj
Quantizing ...
time 1.62
error 334053.1875
6 self_attn.out_proj
Quantizing ...
time 1.62
error 561.5301513671875
6 fc1
Quantizing ...
time 1.68
error 475500.875
6 fc2
Quantizing ...
time 8.41
error 2507.43701171875
7 self_attn.k_proj
Quantizing ...
time 1.75
error 2061526.375
7 self_attn.v_proj
Quantizing ...
time 1.63
error 53878.6171875
7 self_attn.q_proj
Quantizing ...
time 1.63
error 347637.34375
7 self_attn.out_proj
Quantizing ...
time 1.61
error 1082.060302734375
7 fc1
Quantizing ...
time 1.66
error 569643.25
7 fc2
Quantizing ...
time 8.37
error 3394.8154296875
8 self_attn.k_proj
Quantizing ...
time 1.87
error 2503932.0
8 self_attn.v_proj
Quantizing ...
time 1.61
error 66234.5859375
8 self_attn.q_proj
Quantizing ...
time 1.65
error 335633.6875
8 self_attn.out_proj
Quantizing ...
time 1.63
error 1337.92041015625
8 fc1
Quantizing ...
time 1.66
error 689927.875
8 fc2
Quantizing ...
time 8.48
error 4445.068359375
9 self_attn.k_proj
Quantizing ...
time 1.75
error 1953232.5
9 self_attn.v_proj
Quantizing ...
time 1.62
error 81013.65625
9 self_attn.q_proj
Quantizing ...
time 1.73
error 300282.6875
9 self_attn.out_proj
Quantizing ...
time 1.60
error 1660.208251953125
9 fc1
Quantizing ...
time 1.67
error 837902.625
9 fc2
Quantizing ...
time 8.34
error 5426.53955078125
10 self_attn.k_proj
Quantizing ...
time 1.74
error 1847966.625
10 self_attn.v_proj
Quantizing ...
time 1.68
error 98213.796875
10 self_attn.q_proj
Quantizing ...
time 1.65
error 353922.9375
10 self_attn.out_proj
Quantizing ...
time 1.62
error 1439.5546875
10 fc1
Quantizing ...
time 1.85
error 967451.875
10 fc2
Quantizing ...
time 8.38
error 6663.7763671875
11 self_attn.k_proj
Quantizing ...
time 1.75
error 1768496.75
11 self_attn.v_proj
Quantizing ...
time 1.61
error 124897.40625
11 self_attn.q_proj
Quantizing ...
time 1.74
error 436857.9375
11 self_attn.out_proj
Quantizing ...
time 1.80
error 2187.968994140625
11 fc1
Quantizing ...
time 1.69
error 1150005.875
11 fc2
Quantizing ...
time 8.51
error 7106.3037109375
12 self_attn.k_proj
Quantizing ...
time 1.75
error 1329502.25
12 self_attn.v_proj
Quantizing ...
time 1.62
error 150310.625
12 self_attn.q_proj
Quantizing ...
time 1.61
error 468523.3125
12 self_attn.out_proj
Quantizing ...
time 1.62
error 1909.2027587890625
12 fc1
Quantizing ...
time 1.81
error 1296450.125
12 fc2
Quantizing ...
time 8.33
error 8220.25
13 self_attn.k_proj
Quantizing ...
time 1.75
error 1297783.75
13 self_attn.v_proj
Quantizing ...
time 1.62
error 177345.9375
13 self_attn.q_proj
Quantizing ...
time 1.62
error 535391.5625
13 self_attn.out_proj
Quantizing ...
time 1.63
error 3217.42919921875
13 fc1
Quantizing ...
time 1.71
error 1512506.875
13 fc2
Quantizing ...
time 8.35
error 10971.2802734375
14 self_attn.k_proj
Quantizing ...
time 1.87
error 1096580.875
14 self_attn.v_proj
Quantizing ...
time 1.60
error 224296.109375
14 self_attn.q_proj
Quantizing ...
time 1.60
error 606166.375
14 self_attn.out_proj
Quantizing ...
time 1.62
error 2701.748046875
14 fc1
Quantizing ...
time 1.67
error 1764906.5
14 fc2
Quantizing ...
time 8.35
error 13189.04296875
15 self_attn.k_proj
Quantizing ...
time 1.77
error 1079581.25
15 self_attn.v_proj
Quantizing ...
time 1.64
error 261752.984375
15 self_attn.q_proj
Quantizing ...
time 1.62
error 671676.875
15 self_attn.out_proj
Quantizing ...
time 1.63
error 3698.858642578125
15 fc1
Quantizing ...
time 1.69
error 2036636.5
15 fc2
Quantizing ...
time 8.40
error 13146.2890625
16 self_attn.k_proj
Quantizing ...
time 1.77
error 1038935.0
16 self_attn.v_proj
Quantizing ...
time 1.61
error 307759.375
16 self_attn.q_proj
Quantizing ...
time 1.63
error 780292.0
16 self_attn.out_proj
Quantizing ...
time 1.62
error 4627.88525390625
16 fc1
Quantizing ...
time 1.68
error 2363900.25
16 fc2
Quantizing ...
time 8.36
error 16157.02734375
17 self_attn.k_proj
Quantizing ...
time 1.91
error 1216333.375
17 self_attn.v_proj
Quantizing ...
time 1.61
error 374925.25
17 self_attn.q_proj
Quantizing ...
time 1.60
error 879041.75
17 self_attn.out_proj
Quantizing ...
time 1.61
error 5208.12646484375
17 fc1
Quantizing ...
time 1.69
error 2734581.75
17 fc2
Quantizing ...
time 8.53
error 22578.15234375
18 self_attn.k_proj
Quantizing ...
time 1.83
error 1351470.25
18 self_attn.v_proj
Quantizing ...
time 1.61
error 432288.3125
18 self_attn.q_proj
Quantizing ...
time 1.61
error 967808.75
18 self_attn.out_proj
Quantizing ...
time 1.61
error 5738.416015625
18 fc1
Quantizing ...
time 1.68
error 3120064.5
18 fc2
Quantizing ...
time 8.37
error 29110.1796875
19 self_attn.k_proj
Quantizing ...
time 1.76
error 1626930.0
19 self_attn.v_proj
Quantizing ...
time 1.68
error 501184.15625
19 self_attn.q_proj
Quantizing ...
time 1.64
error 1114956.375
19 self_attn.out_proj
Quantizing ...
time 1.62
error 10251.326171875
19 fc1
Quantizing ...
time 1.67
error 3525632.5
19 fc2
Quantizing ...
time 8.34
error 34373.921875
20 self_attn.k_proj
Quantizing ...
time 1.76
error 1726444.25
20 self_attn.v_proj
Quantizing ...
time 1.64
error 600051.875
20 self_attn.q_proj
Quantizing ...
time 1.60
error 1272666.0
20 self_attn.out_proj
Quantizing ...
time 1.62
error 11587.9375
20 fc1
Quantizing ...
time 1.68
error 3968171.5
20 fc2
Quantizing ...
time 8.37
error 49700.140625
21 self_attn.k_proj
Quantizing ...
time 1.91
error 2031502.625
21 self_attn.v_proj
Quantizing ...
time 1.60
error 650584.5
21 self_attn.q_proj
Quantizing ...
time 1.60
error 1375419.0
21 self_attn.out_proj
Quantizing ...
time 1.73
error 17349.712890625
21 fc1
Quantizing ...
time 1.68
error 4447312.0
21 fc2
Quantizing ...
time 8.45
error 60957.77734375
22 self_attn.k_proj
Quantizing ...
time 1.77
error 2145860.5
22 self_attn.v_proj
Quantizing ...
time 1.64
error 752946.125
22 self_attn.q_proj
Quantizing ...
time 1.64
error 1550895.0
22 self_attn.out_proj
Quantizing ...
time 1.73
error 20993.484375
22 fc1
Quantizing ...
time 1.66
error 4869101.5
22 fc2
Quantizing ...
time 8.47
error 74355.046875
23 self_attn.k_proj
Quantizing ...
time 1.76
error 2334706.0
23 self_attn.v_proj
Quantizing ...
time 1.66
error 875725.5
23 self_attn.q_proj
Quantizing ...
time 1.62
error 1652431.75
23 self_attn.out_proj
Quantizing ...
time 1.70
error 28159.22265625
23 fc1
Quantizing ...
time 1.67
error 5373592.5
23 fc2
Quantizing ...
time 8.48
error 99974.203125
24 self_attn.k_proj
Quantizing ...
time 1.75
error 2689341.0
24 self_attn.v_proj
Quantizing ...
time 1.60
error 998139.6875
24 self_attn.q_proj
Quantizing ...
time 1.68
error 1797733.875
24 self_attn.out_proj
Quantizing ...
time 1.64
error 33337.11328125
24 fc1
Quantizing ...
time 1.77
error 5870633.0
24 fc2
Quantizing ...
time 8.36
error 109958.0234375
25 self_attn.k_proj
Quantizing ...
time 1.76
error 2673570.0
25 self_attn.v_proj
Quantizing ...
time 1.64
error 1166581.25
25 self_attn.q_proj
Quantizing ...
time 1.61
error 1894911.0
25 self_attn.out_proj
Quantizing ...
time 1.62
error 33303.2421875
25 fc1
Quantizing ...
time 1.68
error 6363753.0
25 fc2
Quantizing ...
time 8.39
error 128514.1796875
26 self_attn.k_proj
Quantizing ...
time 1.81
error 2859229.0
26 self_attn.v_proj
Quantizing ...
time 1.63
error 1246524.25
26 self_attn.q_proj
Quantizing ...
time 1.61
error 1941985.25
26 self_attn.out_proj
Quantizing ...
time 1.62
error 55600.59375
26 fc1
Quantizing ...
time 1.67
error 6855733.0
26 fc2
Quantizing ...
time 8.42
error 150617.203125
27 self_attn.k_proj
Quantizing ...
time 1.87
error 2659299.25
27 self_attn.v_proj
Quantizing ...
time 1.67
error 1340754.25
27 self_attn.q_proj
Quantizing ...
time 1.64
error 1942328.25
27 self_attn.out_proj
Quantizing ...
time 1.65
error 61186.95703125
27 fc1
Quantizing ...
time 1.69
error 7350387.5
27 fc2
Quantizing ...
time 8.69
error 186391.0625
28 self_attn.k_proj
Quantizing ...
time 1.75
error 2597586.75
28 self_attn.v_proj
Quantizing ...
time 1.78
error 1479748.5
28 self_attn.q_proj
Quantizing ...
time 1.60
error 1958650.125
28 self_attn.out_proj
Quantizing ...
time 1.70
error 65883.140625
28 fc1
Quantizing ...
time 1.67
error 7851501.5
28 fc2
Quantizing ...
time 8.42
error 218829.890625
29 self_attn.k_proj
Quantizing ...
time 1.75
error 2415459.0
29 self_attn.v_proj
Quantizing ...
time 1.61
error 1579848.5
29 self_attn.q_proj
Quantizing ...
time 1.62
error 1993635.375
29 self_attn.out_proj
Quantizing ...
time 1.64
error 76414.8125
29 fc1
Quantizing ...
time 1.73
error 8484553.0
29 fc2
Quantizing ...
time 8.74
error 260106.25
30 self_attn.k_proj
Quantizing ...
time 1.75
error 2226580.0
30 self_attn.v_proj
Quantizing ...
time 1.67
error 1665373.875
30 self_attn.q_proj
Quantizing ...
time 1.62
error 1876408.375
30 self_attn.out_proj
Quantizing ...
time 1.64
error 90558.8125
30 fc1
Quantizing ...
time 1.67
error 8540254.0
30 fc2
Quantizing ...
time 8.40
error 242361.609375
31 self_attn.k_proj
Quantizing ...
time 1.77
error 2240325.0
31 self_attn.v_proj
Quantizing ...
time 1.64
error 1622866.875
31 self_attn.q_proj
Quantizing ...
time 1.63
error 1971206.5
31 self_attn.out_proj
Quantizing ...
time 1.61
error 133979.96875
31 fc1
Quantizing ...
time 1.79
error 8839063.0
31 fc2
Quantizing ...
time 8.35
error 277163.3125
32 self_attn.k_proj
Quantizing ...
time 1.78
error 2199536.75
32 self_attn.v_proj
Quantizing ...
time 1.61
error 1665414.875
32 self_attn.q_proj
Quantizing ...
time 1.60
error 2022550.0
32 self_attn.out_proj
Quantizing ...
time 1.64
error 128291.7421875
32 fc1
Quantizing ...
time 1.74
error 9169045.0
32 fc2
Quantizing ...
time 8.74
error 275664.90625
33 self_attn.k_proj
Quantizing ...
time 1.75
error 2276641.0
33 self_attn.v_proj
Quantizing ...
time 1.62
error 1769300.0
33 self_attn.q_proj
Quantizing ...
time 1.61
error 2074238.75
33 self_attn.out_proj
Quantizing ...
time 1.62
error 185252.34375
33 fc1
Quantizing ...
time 1.74
error 9146952.0
33 fc2
Quantizing ...
time 8.39
error 291936.8125
34 self_attn.k_proj
Quantizing ...
time 1.74
error 2334845.75
34 self_attn.v_proj
Quantizing ...
time 1.71
error 1812786.25
34 self_attn.q_proj
Quantizing ...
time 1.61
error 2086267.75
34 self_attn.out_proj
Quantizing ...
time 1.70
error 161130.40625
34 fc1
Quantizing ...
time 1.70
error 9281642.0
34 fc2
Quantizing ...
time 8.38
error 346180.9375
35 self_attn.k_proj
Quantizing ...
time 1.74
error 2442145.0
35 self_attn.v_proj
Quantizing ...
time 1.63
error 1757406.375
35 self_attn.q_proj
Quantizing ...
time 1.60
error 2214124.0
35 self_attn.out_proj
Quantizing ...
time 1.75
error 290465.25
35 fc1
Quantizing ...
time 1.67
error 9329127.0
35 fc2
Quantizing ...
time 8.33
error 404859.5
36 self_attn.k_proj
Quantizing ...
time 1.91
error 2525892.25
36 self_attn.v_proj
Quantizing ...
time 1.63
error 1740229.875
36 self_attn.q_proj
Quantizing ...
time 1.66
error 2336789.5
36 self_attn.out_proj
Quantizing ...
time 1.63
error 332673.875
36 fc1
Quantizing ...
time 1.66
error 9357580.0
36 fc2
Quantizing ...
time 8.46
error 425230.5625
37 self_attn.k_proj
Quantizing ...
time 1.74
error 2430194.5
37 self_attn.v_proj
Quantizing ...
time 1.63
error 1697099.5
37 self_attn.q_proj
Quantizing ...
time 1.61
error 2299093.0
37 self_attn.out_proj
Quantizing ...
time 1.63
error 366426.5625
37 fc1
Quantizing ...
time 1.67
error 9077419.0
37 fc2
Quantizing ...
time 8.43
error 472586.6875
38 self_attn.k_proj
Quantizing ...
time 1.74
error 2327200.0
38 self_attn.v_proj
Quantizing ...
time 1.61
error 1707620.25
38 self_attn.q_proj
Quantizing ...
time 1.62
error 2253237.5
38 self_attn.out_proj
Quantizing ...
time 1.66
error 340419.5
38 fc1
Quantizing ...
time 1.89
error 8474923.0
38 fc2
Quantizing ...
time 8.42
error 417580.34375
39 self_attn.k_proj
Quantizing ...
time 1.82
error 2077798.625
39 self_attn.v_proj
Quantizing ...
time 1.63
error 1550666.75
39 self_attn.q_proj
Quantizing ...
time 1.60
error 2164338.25
39 self_attn.out_proj
Quantizing ...
time 1.63
error 258090.796875
39 fc1
Quantizing ...
time 1.66
error 7960532.0
39 fc2
Quantizing ...
time 8.40
error 325319.84375
1637.06756067276
wikitext2
Evaluating ...
0
1
2
3
4
5
6
7
8
9
10
11
12
13
14
15
16
17
18
19
20
21
22
23
24
25
26
27
28
29
30
31
32
33
34
35
36
37
38
39
303.77728271484375
ptb-new
Evaluating ...
0
1
2
3
4
5
6
7
8
9
10
11
12
13
14
15
16
17
18
19
20
21
22
23
24
25
26
27
28
29
30
31
32
33
34
35
36
37
38
39
246.221923828125
c4-new
Evaluating ...
0
1
2
3
4
5
6
7
8
9
10
11
12
13
14
15
16
17
18
19
20
21
22
23
24
25
26
27
28
29
30
31
32
33
34
35
36
37
38
39
125.88360595703125
