CUDA extension not installed.
Starting ...
Ready.
0 self_attn.k_proj
Quantizing ...
time 4.24
error 23733.650390625
0 self_attn.v_proj
Quantizing ...
time 1.77
error 14386.322265625
0 self_attn.q_proj
Quantizing ...
time 1.70
error 27186.435546875
0 self_attn.out_proj
Quantizing ...
time 1.74
error 17.17145538330078
0 fc1
Quantizing ...
time 1.89
error 13652.25390625
0 fc2
Quantizing ...
time 8.89
error 804.1897583007812
1 self_attn.k_proj
Quantizing ...
time 1.84
error 3114.47509765625
1 self_attn.v_proj
Quantizing ...
time 1.74
error 1127.6273193359375
1 self_attn.q_proj
Quantizing ...
time 1.69
error 3107.65966796875
1 self_attn.out_proj
Quantizing ...
time 1.76
error 2.9535043239593506
1 fc1
Quantizing ...
time 1.74
error 14382.755859375
1 fc2
Quantizing ...
time 8.80
error 181.17654418945312
2 self_attn.k_proj
Quantizing ...
time 1.83
error 3528.273193359375
2 self_attn.v_proj
Quantizing ...
time 1.70
error 1344.6658935546875
2 self_attn.q_proj
Quantizing ...
time 1.69
error 3534.542724609375
2 self_attn.out_proj
Quantizing ...
time 1.69
error 0.26738905906677246
2 fc1
Quantizing ...
time 1.75
error 15105.416015625
2 fc2
Quantizing ...
time 9.03
error 38.391075134277344
3 self_attn.k_proj
Quantizing ...
time 1.88
error 3504.74267578125
3 self_attn.v_proj
Quantizing ...
time 1.69
error 1640.351806640625
3 self_attn.q_proj
Quantizing ...
time 1.69
error 4837.6904296875
3 self_attn.out_proj
Quantizing ...
time 1.69
error 0.5040925741195679
3 fc1
Quantizing ...
time 1.75
error 15731.3232421875
3 fc2
Quantizing ...
time 8.73
error 41.056068420410156
4 self_attn.k_proj
Quantizing ...
time 1.85
error 7245.056640625
4 self_attn.v_proj
Quantizing ...
time 1.73
error 1864.6318359375
4 self_attn.q_proj
Quantizing ...
time 1.72
error 6947.0849609375
4 self_attn.out_proj
Quantizing ...
time 1.71
error 1.758004903793335
4 fc1
Quantizing ...
time 1.79
error 17181.666015625
4 fc2
Quantizing ...
time 8.86
error 47.94751739501953
5 self_attn.k_proj
Quantizing ...
time 1.84
error 23681.96484375
5 self_attn.v_proj
Quantizing ...
time 1.74
error 2163.44482421875
5 self_attn.q_proj
Quantizing ...
time 1.71
error 10151.28515625
5 self_attn.out_proj
Quantizing ...
time 1.78
error 3.9821953773498535
5 fc1
Quantizing ...
time 1.74
error 20049.98046875
5 fc2
Quantizing ...
time 8.79
error 64.3995361328125
6 self_attn.k_proj
Quantizing ...
time 1.83
error 48764.00390625
6 self_attn.v_proj
Quantizing ...
time 1.74
error 2607.56201171875
6 self_attn.q_proj
Quantizing ...
time 1.70
error 10345.4453125
6 self_attn.out_proj
Quantizing ...
time 1.72
error 8.759521484375
6 fc1
Quantizing ...
time 1.76
error 24299.6953125
6 fc2
Quantizing ...
time 8.80
error 92.4405288696289
7 self_attn.k_proj
Quantizing ...
time 1.84
error 59008.8046875
7 self_attn.v_proj
Quantizing ...
time 1.70
error 3100.89697265625
7 self_attn.q_proj
Quantizing ...
time 1.69
error 11376.7119140625
7 self_attn.out_proj
Quantizing ...
time 1.71
error 14.446194648742676
7 fc1
Quantizing ...
time 1.74
error 28512.962890625
7 fc2
Quantizing ...
time 8.71
error 133.3004608154297
8 self_attn.k_proj
Quantizing ...
time 1.88
error 86560.765625
8 self_attn.v_proj
Quantizing ...
time 1.83
error 3504.56396484375
8 self_attn.q_proj
Quantizing ...
time 1.69
error 11389.078125
8 self_attn.out_proj
Quantizing ...
time 1.69
error 18.20240592956543
8 fc1
Quantizing ...
time 1.75
error 33409.8203125
8 fc2
Quantizing ...
time 8.79
error 184.002197265625
9 self_attn.k_proj
Quantizing ...
time 1.88
error 56205.4765625
9 self_attn.v_proj
Quantizing ...
time 1.69
error 3926.80419921875
9 self_attn.q_proj
Quantizing ...
time 1.69
error 10678.953125
9 self_attn.out_proj
Quantizing ...
time 1.69
error 26.02842140197754
9 fc1
Quantizing ...
time 1.76
error 37807.6640625
9 fc2
Quantizing ...
time 8.71
error 227.19508361816406
10 self_attn.k_proj
Quantizing ...
time 1.83
error 72110.375
10 self_attn.v_proj
Quantizing ...
time 1.75
error 4555.98046875
10 self_attn.q_proj
Quantizing ...
time 1.70
error 12192.302734375
10 self_attn.out_proj
Quantizing ...
time 1.70
error 27.22333335876465
10 fc1
Quantizing ...
time 1.86
error 42710.38671875
10 fc2
Quantizing ...
time 8.81
error 295.0916748046875
11 self_attn.k_proj
Quantizing ...
time 1.95
error 80682.875
11 self_attn.v_proj
Quantizing ...
time 1.77
error 5583.140625
11 self_attn.q_proj
Quantizing ...
time 1.74
error 14951.1640625
11 self_attn.out_proj
Quantizing ...
time 1.74
error 52.82054138183594
11 fc1
Quantizing ...
time 1.81
error 48747.2890625
11 fc2
Quantizing ...
time 8.84
error 355.3477783203125
12 self_attn.k_proj
Quantizing ...
time 1.83
error 75580.109375
12 self_attn.v_proj
Quantizing ...
time 1.73
error 6402.458984375
12 self_attn.q_proj
Quantizing ...
time 1.71
error 15590.572265625
12 self_attn.out_proj
Quantizing ...
time 1.78
error 62.74601745605469
12 fc1
Quantizing ...
time 1.76
error 54644.078125
12 fc2
Quantizing ...
time 8.71
error 415.23321533203125
13 self_attn.k_proj
Quantizing ...
time 1.83
error 87834.1640625
13 self_attn.v_proj
Quantizing ...
time 1.71
error 7545.78076171875
13 self_attn.q_proj
Quantizing ...
time 1.68
error 18769.125
13 self_attn.out_proj
Quantizing ...
time 1.69
error 159.27699279785156
13 fc1
Quantizing ...
time 1.77
error 63379.25
13 fc2
Quantizing ...
time 8.67
error 532.748046875
14 self_attn.k_proj
Quantizing ...
time 1.86
error 58070.4296875
14 self_attn.v_proj
Quantizing ...
time 1.73
error 9160.44140625
14 self_attn.q_proj
Quantizing ...
time 1.72
error 20179.978515625
14 self_attn.out_proj
Quantizing ...
time 1.71
error 125.56307983398438
14 fc1
Quantizing ...
time 1.81
error 71789.125
14 fc2
Quantizing ...
time 8.75
error 666.8453369140625
15 self_attn.k_proj
Quantizing ...
time 1.87
error 52680.359375
15 self_attn.v_proj
Quantizing ...
time 1.72
error 10537.744140625
15 self_attn.q_proj
Quantizing ...
time 1.69
error 23047.34765625
15 self_attn.out_proj
Quantizing ...
time 1.70
error 215.6536102294922
15 fc1
Quantizing ...
time 1.80
error 82197.8125
15 fc2
Quantizing ...
time 8.65
error 747.7987670898438
16 self_attn.k_proj
Quantizing ...
time 1.84
error 46098.5703125
16 self_attn.v_proj
Quantizing ...
time 1.72
error 12168.451171875
16 self_attn.q_proj
Quantizing ...
time 1.72
error 25977.216796875
16 self_attn.out_proj
Quantizing ...
time 1.71
error 260.6315612792969
16 fc1
Quantizing ...
time 1.77
error 93871.9140625
16 fc2
Quantizing ...
time 8.74
error 895.8111572265625
17 self_attn.k_proj
Quantizing ...
time 1.86
error 58284.53515625
17 self_attn.v_proj
Quantizing ...
time 1.78
error 14749.896484375
17 self_attn.q_proj
Quantizing ...
time 1.70
error 30475.08203125
17 self_attn.out_proj
Quantizing ...
time 1.69
error 249.18592834472656
17 fc1
Quantizing ...
time 1.76
error 106362.40625
17 fc2
Quantizing ...
time 8.72
error 1121.577880859375
18 self_attn.k_proj
Quantizing ...
time 1.83
error 64009.375
18 self_attn.v_proj
Quantizing ...
time 1.69
error 16443.173828125
18 self_attn.q_proj
Quantizing ...
time 1.70
error 32419.00390625
18 self_attn.out_proj
Quantizing ...
time 1.75
error 267.3287353515625
18 fc1
Quantizing ...
time 1.75
error 119188.375
18 fc2
Quantizing ...
time 8.70
error 1452.875
19 self_attn.k_proj
Quantizing ...
time 1.85
error 78313.640625
19 self_attn.v_proj
Quantizing ...
time 1.70
error 18869.923828125
19 self_attn.q_proj
Quantizing ...
time 1.70
error 39133.125
19 self_attn.out_proj
Quantizing ...
time 1.72
error 565.5864868164062
19 fc1
Quantizing ...
time 1.74
error 133206.328125
19 fc2
Quantizing ...
time 8.69
error 1936.4185791015625
20 self_attn.k_proj
Quantizing ...
time 1.85
error 82913.7734375
20 self_attn.v_proj
Quantizing ...
time 1.71
error 22371.3671875
20 self_attn.q_proj
Quantizing ...
time 1.69
error 44365.15625
20 self_attn.out_proj
Quantizing ...
time 1.69
error 643.6641845703125
20 fc1
Quantizing ...
time 1.76
error 149713.0625
20 fc2
Quantizing ...
time 8.68
error 2801.529052734375
21 self_attn.k_proj
Quantizing ...
time 1.89
error 104881.9375
21 self_attn.v_proj
Quantizing ...
time 1.69
error 24828.966796875
21 self_attn.q_proj
Quantizing ...
time 1.69
error 49622.58984375
21 self_attn.out_proj
Quantizing ...
time 1.73
error 987.6137084960938
21 fc1
Quantizing ...
time 1.75
error 170438.03125
21 fc2
Quantizing ...
time 8.71
error 3785.28369140625
22 self_attn.k_proj
Quantizing ...
time 1.84
error 107785.703125
22 self_attn.v_proj
Quantizing ...
time 1.69
error 29074.830078125
22 self_attn.q_proj
Quantizing ...
time 1.68
error 57087.01171875
22 self_attn.out_proj
Quantizing ...
time 1.69
error 1319.330810546875
22 fc1
Quantizing ...
time 1.74
error 190430.46875
22 fc2
Quantizing ...
time 8.84
error 5143.6328125
23 self_attn.k_proj
Quantizing ...
time 1.86
error 115339.375
23 self_attn.v_proj
Quantizing ...
time 1.71
error 34565.2109375
23 self_attn.q_proj
Quantizing ...
time 1.71
error 62509.390625
23 self_attn.out_proj
Quantizing ...
time 1.73
error 1619.346435546875
23 fc1
Quantizing ...
time 1.76
error 213442.046875
23 fc2
Quantizing ...
time 8.72
error 6696.81494140625
24 self_attn.k_proj
Quantizing ...
time 1.83
error 138000.453125
24 self_attn.v_proj
Quantizing ...
time 1.76
error 40039.5625
24 self_attn.q_proj
Quantizing ...
time 1.78
error 69686.1953125
24 self_attn.out_proj
Quantizing ...
time 1.81
error 2398.8662109375
24 fc1
Quantizing ...
time 1.83
error 239939.59375
24 fc2
Quantizing ...
time 8.84
error 8325.353515625
25 self_attn.k_proj
Quantizing ...
time 1.83
error 131657.65625
25 self_attn.v_proj
Quantizing ...
time 1.74
error 48106.03125
25 self_attn.q_proj
Quantizing ...
time 1.69
error 76296.21875
25 self_attn.out_proj
Quantizing ...
time 1.69
error 2737.16259765625
25 fc1
Quantizing ...
time 1.75
error 265614.6875
25 fc2
Quantizing ...
time 8.68
error 10242.34765625
26 self_attn.k_proj
Quantizing ...
time 1.85
error 152891.453125
26 self_attn.v_proj
Quantizing ...
time 1.69
error 52944.48046875
26 self_attn.q_proj
Quantizing ...
time 1.69
error 80689.1328125
26 self_attn.out_proj
Quantizing ...
time 1.69
error 3632.27734375
26 fc1
Quantizing ...
time 1.76
error 296025.25
26 fc2
Quantizing ...
time 8.65
error 12828.376953125
27 self_attn.k_proj
Quantizing ...
time 1.85
error 140402.828125
27 self_attn.v_proj
Quantizing ...
time 1.74
error 58706.9921875
27 self_attn.q_proj
Quantizing ...
time 1.69
error 83467.421875
27 self_attn.out_proj
Quantizing ...
time 1.69
error 3817.58349609375
27 fc1
Quantizing ...
time 1.77
error 329238.34375
27 fc2
Quantizing ...
time 8.67
error 15527.873046875
28 self_attn.k_proj
Quantizing ...
time 1.83
error 137799.1875
28 self_attn.v_proj
Quantizing ...
time 1.70
error 66183.875
28 self_attn.q_proj
Quantizing ...
time 1.71
error 86542.3515625
28 self_attn.out_proj
Quantizing ...
time 1.69
error 4457.6748046875
28 fc1
Quantizing ...
time 1.77
error 363992.71875
28 fc2
Quantizing ...
time 8.63
error 17984.13671875
29 self_attn.k_proj
Quantizing ...
time 1.84
error 124272.8515625
29 self_attn.v_proj
Quantizing ...
time 1.70
error 72797.734375
29 self_attn.q_proj
Quantizing ...
time 1.70
error 90304.5703125
29 self_attn.out_proj
Quantizing ...
time 1.70
error 4748.8642578125
29 fc1
Quantizing ...
time 1.76
error 406869.84375
29 fc2
Quantizing ...
time 8.74
error 22438.37109375
30 self_attn.k_proj
Quantizing ...
time 1.84
error 118561.3125
30 self_attn.v_proj
Quantizing ...
time 1.70
error 80987.6484375
30 self_attn.q_proj
Quantizing ...
time 1.72
error 90469.859375
30 self_attn.out_proj
Quantizing ...
time 1.70
error 5169.9404296875
30 fc1
Quantizing ...
time 1.78
error 435567.75
30 fc2
Quantizing ...
time 8.68
error 24633.90234375
31 self_attn.k_proj
Quantizing ...
time 1.88
error 122763.15625
31 self_attn.v_proj
Quantizing ...
time 1.69
error 82888.1171875
31 self_attn.q_proj
Quantizing ...
time 1.69
error 99071.4296875
31 self_attn.out_proj
Quantizing ...
time 1.70
error 5345.6708984375
31 fc1
Quantizing ...
time 1.80
error 454190.25
31 fc2
Quantizing ...
time 8.72
error 27814.74609375
32 self_attn.k_proj
Quantizing ...
time 1.84
error 120709.7421875
32 self_attn.v_proj
Quantizing ...
time 1.71
error 85700.1875
32 self_attn.q_proj
Quantizing ...
time 1.71
error 102696.21875
32 self_attn.out_proj
Quantizing ...
time 1.73
error 5216.6357421875
32 fc1
Quantizing ...
time 1.76
error 469870.75
32 fc2
Quantizing ...
time 8.66
error 28963.83984375
33 self_attn.k_proj
Quantizing ...
time 1.84
error 125604.390625
33 self_attn.v_proj
Quantizing ...
time 1.70
error 90150.6640625
33 self_attn.q_proj
Quantizing ...
time 1.69
error 104560.875
33 self_attn.out_proj
Quantizing ...
time 1.70
error 5965.71484375
33 fc1
Quantizing ...
time 1.74
error 474646.25
33 fc2
Quantizing ...
time 8.66
error 31342.3984375
34 self_attn.k_proj
Quantizing ...
time 1.83
error 131143.71875
34 self_attn.v_proj
Quantizing ...
time 1.71
error 93489.421875
34 self_attn.q_proj
Quantizing ...
time 1.70
error 105930.3125
34 self_attn.out_proj
Quantizing ...
time 1.69
error 4397.705078125
34 fc1
Quantizing ...
time 1.76
error 482114.25
34 fc2
Quantizing ...
time 8.65
error 34578.3828125
35 self_attn.k_proj
Quantizing ...
time 1.83
error 137021.3125
35 self_attn.v_proj
Quantizing ...
time 1.70
error 90960.3515625
35 self_attn.q_proj
Quantizing ...
time 1.71
error 112689.1875
35 self_attn.out_proj
Quantizing ...
time 1.69
error 4809.2333984375
35 fc1
Quantizing ...
time 1.75
error 484312.6875
35 fc2
Quantizing ...
time 8.70
error 37482.859375
36 self_attn.k_proj
Quantizing ...
time 1.84
error 141354.03125
36 self_attn.v_proj
Quantizing ...
time 1.75
error 89810.3046875
36 self_attn.q_proj
Quantizing ...
time 1.70
error 117997.296875
36 self_attn.out_proj
Quantizing ...
time 1.75
error 4508.83740234375
36 fc1
Quantizing ...
time 1.75
error 481367.46875
36 fc2
Quantizing ...
time 8.68
error 40467.8984375
37 self_attn.k_proj
Quantizing ...
time 1.83
error 134624.421875
37 self_attn.v_proj
Quantizing ...
time 1.70
error 87569.671875
37 self_attn.q_proj
Quantizing ...
time 1.70
error 116006.1875
37 self_attn.out_proj
Quantizing ...
time 1.70
error 4037.92529296875
37 fc1
Quantizing ...
time 1.75
error 467548.9375
37 fc2
Quantizing ...
time 8.72
error 41850.984375
38 self_attn.k_proj
Quantizing ...
time 1.84
error 127531.4765625
38 self_attn.v_proj
Quantizing ...
time 1.70
error 87785.46875
38 self_attn.q_proj
Quantizing ...
time 1.70
error 112990.8359375
38 self_attn.out_proj
Quantizing ...
time 1.70
error 2574.77685546875
38 fc1
Quantizing ...
time 1.75
error 442685.75
38 fc2
Quantizing ...
time 8.69
error 39806.4296875
39 self_attn.k_proj
Quantizing ...
time 1.83
error 112717.03125
39 self_attn.v_proj
Quantizing ...
time 1.70
error 80025.8515625
39 self_attn.q_proj
Quantizing ...
time 1.70
error 109522.8671875
39 self_attn.out_proj
Quantizing ...
time 1.70
error 2328.937255859375
39 fc1
Quantizing ...
time 1.76
error 404837.03125
39 fc2
Quantizing ...
time 8.69
error 27080.75
1664.037751197815
wikitext2
Evaluating ...
0
1
2
3
4
5
6
7
8
9
10
11
12
13
14
15
16
17
18
19
20
21
22
23
24
25
26
27
28
29
30
31
32
33
34
35
36
37
38
39
10.306673049926758
ptb-new
Evaluating ...
0
1
2
3
4
5
6
7
8
9
10
11
12
13
14
15
16
17
18
19
20
21
22
23
24
25
26
27
28
29
30
31
32
33
34
35
36
37
38
39
14.851439476013184
c4-new
Evaluating ...
0
1
2
3
4
5
6
7
8
9
10
11
12
13
14
15
16
17
18
19
20
21
22
23
24
25
26
27
28
29
30
31
32
33
34
35
36
37
38
39
12.261286735534668
