CUDA extension not installed.
Starting ...
Ready.
0 self_attn.k_proj
Quantizing ...
time 0.80
error 19555.193359375
0 self_attn.v_proj
Quantizing ...
time 0.72
error 2506.6748046875
0 self_attn.q_proj
Quantizing ...
time 0.72
error 16782.00390625
0 self_attn.out_proj
Quantizing ...
time 0.72
error 17.873645782470703
0 fc1
Quantizing ...
time 0.74
error 13996.8515625
0 fc2
Quantizing ...
time 3.06
error 251.720458984375
1 self_attn.k_proj
Quantizing ...
time 0.74
error 7487.5048828125
1 self_attn.v_proj
Quantizing ...
time 0.71
error 813.68310546875
1 self_attn.q_proj
Quantizing ...
time 0.71
error 9847.90234375
1 self_attn.out_proj
Quantizing ...
time 0.70
error 2.9016337394714355
1 fc1
Quantizing ...
time 0.72
error 18157.6484375
1 fc2
Quantizing ...
time 3.02
error 214.76126098632812
2 self_attn.k_proj
Quantizing ...
time 0.76
error 9158.4638671875
2 self_attn.v_proj
Quantizing ...
time 0.73
error 1336.988037109375
2 self_attn.q_proj
Quantizing ...
time 0.73
error 10583.603515625
2 self_attn.out_proj
Quantizing ...
time 0.74
error 8.990774154663086
2 fc1
Quantizing ...
time 0.74
error 21391.353515625
2 fc2
Quantizing ...
time 3.03
error 233.8314666748047
3 self_attn.k_proj
Quantizing ...
time 0.74
error 11506.23046875
3 self_attn.v_proj
Quantizing ...
time 0.71
error 1998.028564453125
3 self_attn.q_proj
Quantizing ...
time 0.71
error 13701.916015625
3 self_attn.out_proj
Quantizing ...
time 0.71
error 14.898488998413086
3 fc1
Quantizing ...
time 0.72
error 24941.328125
3 fc2
Quantizing ...
time 2.98
error 206.07199096679688
4 self_attn.k_proj
Quantizing ...
time 0.73
error 26052.05078125
4 self_attn.v_proj
Quantizing ...
time 0.72
error 2737.7568359375
4 self_attn.q_proj
Quantizing ...
time 0.71
error 27142.18359375
4 self_attn.out_proj
Quantizing ...
time 0.72
error 34.7796745300293
4 fc1
Quantizing ...
time 0.73
error 30430.79296875
4 fc2
Quantizing ...
time 3.00
error 247.57012939453125
5 self_attn.k_proj
Quantizing ...
time 0.74
error 35765.578125
5 self_attn.v_proj
Quantizing ...
time 0.72
error 3780.5244140625
5 self_attn.q_proj
Quantizing ...
time 0.72
error 37194.11328125
5 self_attn.out_proj
Quantizing ...
time 0.72
error 37.99433135986328
5 fc1
Quantizing ...
time 0.73
error 36868.0390625
5 fc2
Quantizing ...
time 3.12
error 286.7052001953125
6 self_attn.k_proj
Quantizing ...
time 0.74
error 62971.33984375
6 self_attn.v_proj
Quantizing ...
time 0.72
error 5109.5966796875
6 self_attn.q_proj
Quantizing ...
time 0.71
error 44857.4140625
6 self_attn.out_proj
Quantizing ...
time 0.71
error 80.62405395507812
6 fc1
Quantizing ...
time 0.72
error 47455.3203125
6 fc2
Quantizing ...
time 3.02
error 408.814697265625
7 self_attn.k_proj
Quantizing ...
time 0.74
error 71339.828125
7 self_attn.v_proj
Quantizing ...
time 0.71
error 6298.0810546875
7 self_attn.q_proj
Quantizing ...
time 0.71
error 45173.8671875
7 self_attn.out_proj
Quantizing ...
time 0.71
error 122.9898681640625
7 fc1
Quantizing ...
time 0.72
error 61579.625
7 fc2
Quantizing ...
time 3.02
error 616.089599609375
8 self_attn.k_proj
Quantizing ...
time 0.75
error 81718.953125
8 self_attn.v_proj
Quantizing ...
time 0.71
error 7334.5625
8 self_attn.q_proj
Quantizing ...
time 0.71
error 46096.7734375
8 self_attn.out_proj
Quantizing ...
time 0.72
error 166.2872772216797
8 fc1
Quantizing ...
time 0.73
error 75770.40625
8 fc2
Quantizing ...
time 3.02
error 838.2116088867188
9 self_attn.k_proj
Quantizing ...
time 0.74
error 90255.6796875
9 self_attn.v_proj
Quantizing ...
time 0.72
error 8544.162109375
9 self_attn.q_proj
Quantizing ...
time 0.72
error 47754.46875
9 self_attn.out_proj
Quantizing ...
time 0.72
error 239.38641357421875
9 fc1
Quantizing ...
time 0.73
error 86502.0234375
9 fc2
Quantizing ...
time 3.03
error 1191.779052734375
10 self_attn.k_proj
Quantizing ...
time 0.74
error 88590.21875
10 self_attn.v_proj
Quantizing ...
time 0.72
error 10853.1435546875
10 self_attn.q_proj
Quantizing ...
time 0.71
error 43652.51953125
10 self_attn.out_proj
Quantizing ...
time 0.72
error 335.490234375
10 fc1
Quantizing ...
time 0.73
error 96925.3125
10 fc2
Quantizing ...
time 3.01
error 1967.0406494140625
11 self_attn.k_proj
Quantizing ...
time 0.72
error 87855.53125
11 self_attn.v_proj
Quantizing ...
time 0.70
error 13559.99609375
11 self_attn.q_proj
Quantizing ...
time 0.69
error 42400.26953125
11 self_attn.out_proj
Quantizing ...
time 0.69
error 519.6751708984375
11 fc1
Quantizing ...
time 0.71
error 106853.3125
11 fc2
Quantizing ...
time 2.95
error 2751.772705078125
12 self_attn.k_proj
Quantizing ...
time 0.74
error 108518.859375
12 self_attn.v_proj
Quantizing ...
time 0.70
error 15123.94921875
12 self_attn.q_proj
Quantizing ...
time 0.71
error 44092.34375
12 self_attn.out_proj
Quantizing ...
time 0.72
error 776.5383911132812
12 fc1
Quantizing ...
time 0.72
error 112703.5859375
12 fc2
Quantizing ...
time 3.00
error 3511.40185546875
13 self_attn.k_proj
Quantizing ...
time 0.74
error 128713.625
13 self_attn.v_proj
Quantizing ...
time 0.72
error 17343.896484375
13 self_attn.q_proj
Quantizing ...
time 0.72
error 46819.5546875
13 self_attn.out_proj
Quantizing ...
time 0.71
error 1064.9678955078125
13 fc1
Quantizing ...
time 0.73
error 128550.9296875
13 fc2
Quantizing ...
time 2.99
error 4679.70263671875
14 self_attn.k_proj
Quantizing ...
time 0.74
error 118056.8203125
14 self_attn.v_proj
Quantizing ...
time 0.72
error 22779.13671875
14 self_attn.q_proj
Quantizing ...
time 0.71
error 44600.1640625
14 self_attn.out_proj
Quantizing ...
time 0.78
error 1274.060546875
14 fc1
Quantizing ...
time 0.72
error 146518.859375
14 fc2
Quantizing ...
time 2.98
error 7111.2978515625
15 self_attn.k_proj
Quantizing ...
time 0.74
error 103692.2578125
15 self_attn.v_proj
Quantizing ...
time 0.72
error 30670.845703125
15 self_attn.q_proj
Quantizing ...
time 0.74
error 46626.7734375
15 self_attn.out_proj
Quantizing ...
time 0.72
error 1880.1922607421875
15 fc1
Quantizing ...
time 0.68
error 163568.125
15 fc2
Quantizing ...
time 3.00
error 9202.376953125
16 self_attn.k_proj
Quantizing ...
time 0.74
error 124980.703125
16 self_attn.v_proj
Quantizing ...
time 0.68
error 34241.1171875
16 self_attn.q_proj
Quantizing ...
time 0.71
error 43297.90625
16 self_attn.out_proj
Quantizing ...
time 0.72
error 2546.41943359375
16 fc1
Quantizing ...
time 0.72
error 182013.5625
16 fc2
Quantizing ...
time 3.06
error 11890.2451171875
17 self_attn.k_proj
Quantizing ...
time 0.70
error 123590.453125
17 self_attn.v_proj
Quantizing ...
time 0.72
error 38033.58203125
17 self_attn.q_proj
Quantizing ...
time 0.71
error 44928.640625
17 self_attn.out_proj
Quantizing ...
time 0.71
error 2719.70361328125
17 fc1
Quantizing ...
time 0.72
error 200066.296875
17 fc2
Quantizing ...
time 2.90
error 14777.359375
18 self_attn.k_proj
Quantizing ...
time 0.74
error 101099.46875
18 self_attn.v_proj
Quantizing ...
time 0.69
error 43225.5703125
18 self_attn.q_proj
Quantizing ...
time 0.66
error 43698.84375
18 self_attn.out_proj
Quantizing ...
time 0.71
error 3910.0546875
18 fc1
Quantizing ...
time 0.70
error 213745.59375
18 fc2
Quantizing ...
time 2.97
error 18222.36328125
19 self_attn.k_proj
Quantizing ...
time 0.74
error 102307.09375
19 self_attn.v_proj
Quantizing ...
time 0.71
error 55511.765625
19 self_attn.q_proj
Quantizing ...
time 0.71
error 43192.22265625
19 self_attn.out_proj
Quantizing ...
time 0.71
error 5093.86181640625
19 fc1
Quantizing ...
time 0.68
error 230519.375
19 fc2
Quantizing ...
time 3.05
error 22048.96484375
20 self_attn.k_proj
Quantizing ...
time 0.71
error 112930.1484375
20 self_attn.v_proj
Quantizing ...
time 0.72
error 64957.75
20 self_attn.q_proj
Quantizing ...
time 0.71
error 43210.49609375
20 self_attn.out_proj
Quantizing ...
time 0.71
error 5940.7138671875
20 fc1
Quantizing ...
time 0.73
error 243071.21875
20 fc2
Quantizing ...
time 3.08
error 26583.240234375
21 self_attn.k_proj
Quantizing ...
time 0.74
error 85365.59375
21 self_attn.v_proj
Quantizing ...
time 0.72
error 68267.3125
21 self_attn.q_proj
Quantizing ...
time 0.71
error 47171.0390625
21 self_attn.out_proj
Quantizing ...
time 0.68
error 4892.79296875
21 fc1
Quantizing ...
time 0.83
error 244321.5625
21 fc2
Quantizing ...
time 2.92
error 33941.98828125
22 self_attn.k_proj
Quantizing ...
time 0.73
error 71933.1875
22 self_attn.v_proj
Quantizing ...
time 0.71
error 75399.34375
22 self_attn.q_proj
Quantizing ...
time 0.72
error 56276.7890625
22 self_attn.out_proj
Quantizing ...
time 0.72
error 4255.021484375
22 fc1
Quantizing ...
time 0.69
error 233964.9375
22 fc2
Quantizing ...
time 3.01
error 37730.4921875
23 self_attn.k_proj
Quantizing ...
time 0.74
error 54381.87109375
23 self_attn.v_proj
Quantizing ...
time 0.71
error 53817.0234375
23 self_attn.q_proj
Quantizing ...
time 0.70
error 102234.2265625
23 self_attn.out_proj
Quantizing ...
time 0.71
error 4744.1630859375
23 fc1
Quantizing ...
time 0.68
error 222210.375
23 fc2
Quantizing ...
time 2.94
error 31591.109375
278.48913860321045
wikitext2
Evaluating ...
0
1
2
3
4
5
6
7
8
9
10
11
12
13
14
15
16
17
18
19
20
21
22
23
15.500450134277344
ptb-new
Evaluating ...
0
1
2
3
4
5
6
7
8
9
10
11
12
13
14
15
16
17
18
19
20
21
22
23
22.0367374420166
c4-new
Evaluating ...
0
1
2
3
4
5
6
7
8
9
10
11
12
13
14
15
16
17
18
19
20
21
22
23
16.98085594177246
