CUDA extension not installed.
Starting ...
Ready.
0 self_attn.k_proj
Quantizing ...
time 0.77
error 385591.375
0 self_attn.v_proj
Quantizing ...
time 0.66
error 58196.8203125
0 self_attn.q_proj
Quantizing ...
time 0.66
error 332200.8125
0 self_attn.out_proj
Quantizing ...
time 0.66
error 560.8933715820312
0 fc1
Quantizing ...
time 0.67
error 276359.34375
0 fc2
Quantizing ...
time 2.83
error 5558.39453125
1 self_attn.k_proj
Quantizing ...
time 0.70
error 175661.15625
1 self_attn.v_proj
Quantizing ...
time 0.68
error 16286.91015625
1 self_attn.q_proj
Quantizing ...
time 0.68
error 215478.625
1 self_attn.out_proj
Quantizing ...
time 0.72
error 67.6478500366211
1 fc1
Quantizing ...
time 0.69
error 382891.53125
1 fc2
Quantizing ...
time 2.85
error 2427.73974609375
2 self_attn.k_proj
Quantizing ...
time 0.69
error 218187.5
2 self_attn.v_proj
Quantizing ...
time 0.68
error 23962.3359375
2 self_attn.q_proj
Quantizing ...
time 0.67
error 207389.0
2 self_attn.out_proj
Quantizing ...
time 0.68
error 158.29600524902344
2 fc1
Quantizing ...
time 0.68
error 377129.0625
2 fc2
Quantizing ...
time 2.84
error 2427.6142578125
3 self_attn.k_proj
Quantizing ...
time 0.68
error 223388.453125
3 self_attn.v_proj
Quantizing ...
time 0.67
error 34911.1875
3 self_attn.q_proj
Quantizing ...
time 0.67
error 207399.71875
3 self_attn.out_proj
Quantizing ...
time 0.67
error 364.17608642578125
3 fc1
Quantizing ...
time 0.68
error 392447.6875
3 fc2
Quantizing ...
time 2.86
error 2506.437255859375
4 self_attn.k_proj
Quantizing ...
time 0.69
error 351955.53125
4 self_attn.v_proj
Quantizing ...
time 0.68
error 47253.2734375
4 self_attn.q_proj
Quantizing ...
time 0.79
error 301996.5
4 self_attn.out_proj
Quantizing ...
time 0.72
error 649.5634765625
4 fc1
Quantizing ...
time 0.69
error 463377.875
4 fc2
Quantizing ...
time 2.86
error 3044.15771484375
5 self_attn.k_proj
Quantizing ...
time 0.68
error 444005.75
5 self_attn.v_proj
Quantizing ...
time 0.68
error 66094.015625
5 self_attn.q_proj
Quantizing ...
time 0.68
error 423674.78125
5 self_attn.out_proj
Quantizing ...
time 0.70
error 925.7632446289062
5 fc1
Quantizing ...
time 0.71
error 568935.75
5 fc2
Quantizing ...
time 2.92
error 3294.16455078125
6 self_attn.k_proj
Quantizing ...
time 0.69
error 784419.6875
6 self_attn.v_proj
Quantizing ...
time 0.68
error 89932.2109375
6 self_attn.q_proj
Quantizing ...
time 0.67
error 545101.6875
6 self_attn.out_proj
Quantizing ...
time 0.67
error 1402.58837890625
6 fc1
Quantizing ...
time 0.68
error 720097.375
6 fc2
Quantizing ...
time 2.85
error 4501.224609375
7 self_attn.k_proj
Quantizing ...
time 0.68
error 905500.0
7 self_attn.v_proj
Quantizing ...
time 0.68
error 111392.515625
7 self_attn.q_proj
Quantizing ...
time 0.67
error 579879.5625
7 self_attn.out_proj
Quantizing ...
time 0.67
error 1698.5487060546875
7 fc1
Quantizing ...
time 0.68
error 929590.6875
7 fc2
Quantizing ...
time 2.87
error 6391.97900390625
8 self_attn.k_proj
Quantizing ...
time 0.68
error 1064598.25
8 self_attn.v_proj
Quantizing ...
time 0.67
error 133954.140625
8 self_attn.q_proj
Quantizing ...
time 0.67
error 619640.625
8 self_attn.out_proj
Quantizing ...
time 0.67
error 2437.969482421875
8 fc1
Quantizing ...
time 0.68
error 1192547.0
8 fc2
Quantizing ...
time 2.84
error 8256.234375
9 self_attn.k_proj
Quantizing ...
time 0.69
error 1196776.5
9 self_attn.v_proj
Quantizing ...
time 0.67
error 159409.4375
9 self_attn.q_proj
Quantizing ...
time 0.66
error 694614.0
9 self_attn.out_proj
Quantizing ...
time 0.67
error 3664.34130859375
9 fc1
Quantizing ...
time 0.68
error 1452537.75
9 fc2
Quantizing ...
time 2.82
error 11007.341796875
10 self_attn.k_proj
Quantizing ...
time 0.70
error 1254333.625
10 self_attn.v_proj
Quantizing ...
time 0.67
error 212776.390625
10 self_attn.q_proj
Quantizing ...
time 0.66
error 716512.25
10 self_attn.out_proj
Quantizing ...
time 0.67
error 4779.0087890625
10 fc1
Quantizing ...
time 0.68
error 1721562.25
10 fc2
Quantizing ...
time 2.86
error 16401.171875
11 self_attn.k_proj
Quantizing ...
time 0.68
error 1277471.625
11 self_attn.v_proj
Quantizing ...
time 0.68
error 270257.375
11 self_attn.q_proj
Quantizing ...
time 0.67
error 752343.0625
11 self_attn.out_proj
Quantizing ...
time 0.67
error 6509.91748046875
11 fc1
Quantizing ...
time 0.69
error 1959193.25
11 fc2
Quantizing ...
time 2.83
error 24487.763671875
12 self_attn.k_proj
Quantizing ...
time 0.68
error 1533693.75
12 self_attn.v_proj
Quantizing ...
time 0.67
error 312468.09375
12 self_attn.q_proj
Quantizing ...
time 0.67
error 822845.375
12 self_attn.out_proj
Quantizing ...
time 0.67
error 8516.830078125
12 fc1
Quantizing ...
time 0.69
error 2153428.25
12 fc2
Quantizing ...
time 2.83
error 28267.755859375
13 self_attn.k_proj
Quantizing ...
time 0.68
error 1650044.25
13 self_attn.v_proj
Quantizing ...
time 0.68
error 343404.65625
13 self_attn.q_proj
Quantizing ...
time 0.68
error 848667.75
13 self_attn.out_proj
Quantizing ...
time 0.67
error 10819.16015625
13 fc1
Quantizing ...
time 0.69
error 2342512.0
13 fc2
Quantizing ...
time 2.88
error 36216.68359375
14 self_attn.k_proj
Quantizing ...
time 0.68
error 1526187.75
14 self_attn.v_proj
Quantizing ...
time 0.67
error 441158.875
14 self_attn.q_proj
Quantizing ...
time 0.68
error 831664.5
14 self_attn.out_proj
Quantizing ...
time 0.66
error 17309.919921875
14 fc1
Quantizing ...
time 0.68
error 2696276.5
14 fc2
Quantizing ...
time 2.86
error 57666.5859375
15 self_attn.k_proj
Quantizing ...
time 0.68
error 1410782.0
15 self_attn.v_proj
Quantizing ...
time 0.67
error 594669.625
15 self_attn.q_proj
Quantizing ...
time 0.66
error 886039.875
15 self_attn.out_proj
Quantizing ...
time 0.67
error 24566.6796875
15 fc1
Quantizing ...
time 0.67
error 3012018.0
15 fc2
Quantizing ...
time 2.84
error 76139.421875
16 self_attn.k_proj
Quantizing ...
time 0.68
error 1547777.5
16 self_attn.v_proj
Quantizing ...
time 0.67
error 671153.625
16 self_attn.q_proj
Quantizing ...
time 0.67
error 838998.5
16 self_attn.out_proj
Quantizing ...
time 0.67
error 32882.2578125
16 fc1
Quantizing ...
time 0.68
error 3436560.75
16 fc2
Quantizing ...
time 2.82
error 98848.28125
17 self_attn.k_proj
Quantizing ...
time 0.69
error 1581814.0
17 self_attn.v_proj
Quantizing ...
time 0.68
error 762736.875
17 self_attn.q_proj
Quantizing ...
time 0.67
error 886651.5625
17 self_attn.out_proj
Quantizing ...
time 0.67
error 36164.6171875
17 fc1
Quantizing ...
time 0.68
error 3923538.75
17 fc2
Quantizing ...
time 2.85
error 129182.9140625
18 self_attn.k_proj
Quantizing ...
time 0.69
error 1456464.25
18 self_attn.v_proj
Quantizing ...
time 0.67
error 892653.0
18 self_attn.q_proj
Quantizing ...
time 0.66
error 884445.375
18 self_attn.out_proj
Quantizing ...
time 0.67
error 50904.1328125
18 fc1
Quantizing ...
time 0.68
error 4172693.0
18 fc2
Quantizing ...
time 2.82
error 149489.59375
19 self_attn.k_proj
Quantizing ...
time 0.69
error 1436784.25
19 self_attn.v_proj
Quantizing ...
time 0.68
error 1149083.125
19 self_attn.q_proj
Quantizing ...
time 0.67
error 898026.3125
19 self_attn.out_proj
Quantizing ...
time 0.67
error 54744.890625
19 fc1
Quantizing ...
time 0.68
error 4541853.0
19 fc2
Quantizing ...
time 2.83
error 193135.8125
20 self_attn.k_proj
Quantizing ...
time 0.69
error 1482587.25
20 self_attn.v_proj
Quantizing ...
time 0.67
error 1342704.0
20 self_attn.q_proj
Quantizing ...
time 0.66
error 899734.75
20 self_attn.out_proj
Quantizing ...
time 0.66
error 57873.6015625
20 fc1
Quantizing ...
time 0.69
error 4794359.5
20 fc2
Quantizing ...
time 2.85
error 229027.4375
21 self_attn.k_proj
Quantizing ...
time 0.68
error 1288773.0
21 self_attn.v_proj
Quantizing ...
time 0.67
error 1389324.25
21 self_attn.q_proj
Quantizing ...
time 0.67
error 970453.875
21 self_attn.out_proj
Quantizing ...
time 0.67
error 42715.23828125
21 fc1
Quantizing ...
time 0.68
error 4858156.0
21 fc2
Quantizing ...
time 2.85
error 299472.65625
22 self_attn.k_proj
Quantizing ...
time 0.68
error 1205402.5
22 self_attn.v_proj
Quantizing ...
time 0.67
error 1538351.0
22 self_attn.q_proj
Quantizing ...
time 0.67
error 1167186.75
22 self_attn.out_proj
Quantizing ...
time 0.67
error 92033.4375
22 fc1
Quantizing ...
time 0.68
error 4738074.0
22 fc2
Quantizing ...
time 2.82
error 371297.0
23 self_attn.k_proj
Quantizing ...
time 0.69
error 1069942.25
23 self_attn.v_proj
Quantizing ...
time 0.67
error 1066852.375
23 self_attn.q_proj
Quantizing ...
time 0.67
error 2346757.0
23 self_attn.out_proj
Quantizing ...
time 0.67
error 33780.8359375
23 fc1
Quantizing ...
time 0.68
error 4553282.0
23 fc2
Quantizing ...
time 2.85
error 311815.625
271.81487011909485
wikitext2
Evaluating ...
0
1
2
3
4
5
6
7
8
9
10
11
12
13
14
15
16
17
18
19
20
21
22
23
8293.3916015625
ptb-new
Evaluating ...
0
1
2
3
4
5
6
7
8
9
10
11
12
13
14
15
16
17
18
19
20
21
22
23
7472.9814453125
c4-new
Evaluating ...
0
1
2
3
4
5
6
7
8
9
10
11
12
13
14
15
16
17
18
19
20
21
22
23
4342.7646484375
