CUDA extension not installed.
Starting ...
Ready.
0 self_attn.k_proj
Quantizing ...
time 2.55
error 87317.0625
0 self_attn.v_proj
Quantizing ...
time 0.65
error 11429.9521484375
0 self_attn.q_proj
Quantizing ...
time 0.64
error 72926.46875
0 self_attn.out_proj
Quantizing ...
time 0.64
error 84.21768188476562
0 fc1
Quantizing ...
time 0.65
error 62152.2265625
0 fc2
Quantizing ...
time 2.77
error 1115.3583984375
1 self_attn.k_proj
Quantizing ...
time 0.67
error 35903.875
1 self_attn.v_proj
Quantizing ...
time 0.65
error 3329.40478515625
1 self_attn.q_proj
Quantizing ...
time 0.64
error 47561.1328125
1 self_attn.out_proj
Quantizing ...
time 0.64
error 13.724273681640625
1 fc1
Quantizing ...
time 0.70
error 89460.65625
1 fc2
Quantizing ...
time 2.71
error 926.954345703125
2 self_attn.k_proj
Quantizing ...
time 0.66
error 41520.6796875
2 self_attn.v_proj
Quantizing ...
time 0.64
error 5693.0986328125
2 self_attn.q_proj
Quantizing ...
time 0.64
error 48321.1953125
2 self_attn.out_proj
Quantizing ...
time 0.65
error 40.97369384765625
2 fc1
Quantizing ...
time 0.67
error 93549.171875
2 fc2
Quantizing ...
time 2.80
error 1013.7855224609375
3 self_attn.k_proj
Quantizing ...
time 0.67
error 52938.39453125
3 self_attn.v_proj
Quantizing ...
time 0.65
error 8764.5546875
3 self_attn.q_proj
Quantizing ...
time 0.63
error 60622.6328125
3 self_attn.out_proj
Quantizing ...
time 0.63
error 65.80732727050781
3 fc1
Quantizing ...
time 0.64
error 104732.140625
3 fc2
Quantizing ...
time 2.70
error 897.367431640625
4 self_attn.k_proj
Quantizing ...
time 0.66
error 110031.609375
4 self_attn.v_proj
Quantizing ...
time 0.64
error 11927.513671875
4 self_attn.q_proj
Quantizing ...
time 0.63
error 107472.15625
4 self_attn.out_proj
Quantizing ...
time 0.64
error 161.92108154296875
4 fc1
Quantizing ...
time 0.64
error 125852.9765625
4 fc2
Quantizing ...
time 2.71
error 1061.1046142578125
5 self_attn.k_proj
Quantizing ...
time 0.66
error 139257.015625
5 self_attn.v_proj
Quantizing ...
time 0.64
error 16499.68359375
5 self_attn.q_proj
Quantizing ...
time 0.64
error 136450.46875
5 self_attn.out_proj
Quantizing ...
time 0.64
error 160.48931884765625
5 fc1
Quantizing ...
time 0.65
error 153301.5
5 fc2
Quantizing ...
time 2.70
error 1212.1923828125
6 self_attn.k_proj
Quantizing ...
time 0.66
error 246758.4375
6 self_attn.v_proj
Quantizing ...
time 0.64
error 22202.771484375
6 self_attn.q_proj
Quantizing ...
time 0.63
error 167881.15625
6 self_attn.out_proj
Quantizing ...
time 0.63
error 336.14324951171875
6 fc1
Quantizing ...
time 0.70
error 192597.328125
6 fc2
Quantizing ...
time 2.69
error 1692.648681640625
7 self_attn.k_proj
Quantizing ...
time 0.65
error 300280.875
7 self_attn.v_proj
Quantizing ...
time 0.64
error 27431.78515625
7 self_attn.q_proj
Quantizing ...
time 0.64
error 184374.609375
7 self_attn.out_proj
Quantizing ...
time 0.64
error 455.19427490234375
7 fc1
Quantizing ...
time 0.65
error 251453.6875
7 fc2
Quantizing ...
time 2.89
error 2499.62890625
8 self_attn.k_proj
Quantizing ...
time 0.69
error 357849.0625
8 self_attn.v_proj
Quantizing ...
time 0.64
error 32377.771484375
8 self_attn.q_proj
Quantizing ...
time 0.63
error 192918.21875
8 self_attn.out_proj
Quantizing ...
time 0.70
error 633.3950805664062
8 fc1
Quantizing ...
time 0.64
error 320605.3125
8 fc2
Quantizing ...
time 2.68
error 3599.6044921875
9 self_attn.k_proj
Quantizing ...
time 0.67
error 387503.1875
9 self_attn.v_proj
Quantizing ...
time 0.64
error 38192.796875
9 self_attn.q_proj
Quantizing ...
time 0.63
error 202058.1875
9 self_attn.out_proj
Quantizing ...
time 0.63
error 984.046142578125
9 fc1
Quantizing ...
time 0.64
error 373332.75
9 fc2
Quantizing ...
time 2.70
error 5048.8818359375
10 self_attn.k_proj
Quantizing ...
time 0.67
error 382531.25
10 self_attn.v_proj
Quantizing ...
time 0.65
error 48984.5
10 self_attn.q_proj
Quantizing ...
time 0.68
error 188478.453125
10 self_attn.out_proj
Quantizing ...
time 0.64
error 1404.0623779296875
10 fc1
Quantizing ...
time 0.65
error 430503.375
10 fc2
Quantizing ...
time 2.69
error 8169.986328125
11 self_attn.k_proj
Quantizing ...
time 0.65
error 395764.6875
11 self_attn.v_proj
Quantizing ...
time 0.64
error 61559.140625
11 self_attn.q_proj
Quantizing ...
time 0.63
error 191636.78125
11 self_attn.out_proj
Quantizing ...
time 0.63
error 1975.496826171875
11 fc1
Quantizing ...
time 0.64
error 480369.25
11 fc2
Quantizing ...
time 2.79
error 11861.87890625
12 self_attn.k_proj
Quantizing ...
time 0.65
error 484410.21875
12 self_attn.v_proj
Quantizing ...
time 0.63
error 69489.0
12 self_attn.q_proj
Quantizing ...
time 0.65
error 201700.46875
12 self_attn.out_proj
Quantizing ...
time 0.64
error 3228.8037109375
12 fc1
Quantizing ...
time 0.65
error 519794.96875
12 fc2
Quantizing ...
time 2.86
error 15202.306640625
13 self_attn.k_proj
Quantizing ...
time 0.76
error 578449.0
13 self_attn.v_proj
Quantizing ...
time 0.64
error 80278.734375
13 self_attn.q_proj
Quantizing ...
time 0.72
error 216191.640625
13 self_attn.out_proj
Quantizing ...
time 0.63
error 4077.2998046875
13 fc1
Quantizing ...
time 0.64
error 592748.875
13 fc2
Quantizing ...
time 2.68
error 20236.052734375
14 self_attn.k_proj
Quantizing ...
time 0.66
error 526101.0
14 self_attn.v_proj
Quantizing ...
time 0.64
error 105301.4375
14 self_attn.q_proj
Quantizing ...
time 0.64
error 206838.84375
14 self_attn.out_proj
Quantizing ...
time 0.64
error 5493.7197265625
14 fc1
Quantizing ...
time 0.65
error 680129.0625
14 fc2
Quantizing ...
time 2.73
error 30399.55078125
15 self_attn.k_proj
Quantizing ...
time 0.66
error 466085.25
15 self_attn.v_proj
Quantizing ...
time 0.70
error 142980.453125
15 self_attn.q_proj
Quantizing ...
time 0.63
error 217913.046875
15 self_attn.out_proj
Quantizing ...
time 0.63
error 7502.4052734375
15 fc1
Quantizing ...
time 0.80
error 763556.625
15 fc2
Quantizing ...
time 2.71
error 40698.89453125
16 self_attn.k_proj
Quantizing ...
time 0.66
error 551099.1875
16 self_attn.v_proj
Quantizing ...
time 0.73
error 160692.765625
16 self_attn.q_proj
Quantizing ...
time 0.63
error 203717.96875
16 self_attn.out_proj
Quantizing ...
time 0.64
error 11318.49609375
16 fc1
Quantizing ...
time 0.64
error 855473.125
16 fc2
Quantizing ...
time 2.71
error 52417.51171875
17 self_attn.k_proj
Quantizing ...
time 0.68
error 545837.6875
17 self_attn.v_proj
Quantizing ...
time 0.64
error 178679.875
17 self_attn.q_proj
Quantizing ...
time 0.63
error 210827.09375
17 self_attn.out_proj
Quantizing ...
time 0.64
error 12630.84765625
17 fc1
Quantizing ...
time 0.65
error 936983.0625
17 fc2
Quantizing ...
time 2.75
error 64778.53125
18 self_attn.k_proj
Quantizing ...
time 0.68
error 447156.25
18 self_attn.v_proj
Quantizing ...
time 0.64
error 202789.609375
18 self_attn.q_proj
Quantizing ...
time 0.63
error 202878.859375
18 self_attn.out_proj
Quantizing ...
time 0.64
error 15852.072265625
18 fc1
Quantizing ...
time 0.66
error 992847.25
18 fc2
Quantizing ...
time 2.75
error 79599.265625
19 self_attn.k_proj
Quantizing ...
time 0.66
error 445836.4375
19 self_attn.v_proj
Quantizing ...
time 0.64
error 260533.53125
19 self_attn.q_proj
Quantizing ...
time 0.63
error 201775.21875
19 self_attn.out_proj
Quantizing ...
time 0.63
error 20318.99609375
19 fc1
Quantizing ...
time 0.73
error 1067181.75
19 fc2
Quantizing ...
time 2.68
error 96008.71875
20 self_attn.k_proj
Quantizing ...
time 0.66
error 482862.625
20 self_attn.v_proj
Quantizing ...
time 0.67
error 304485.03125
20 self_attn.q_proj
Quantizing ...
time 0.64
error 201105.6875
20 self_attn.out_proj
Quantizing ...
time 0.64
error 25937.0703125
20 fc1
Quantizing ...
time 0.67
error 1118443.625
20 fc2
Quantizing ...
time 2.66
error 116313.71875
21 self_attn.k_proj
Quantizing ...
time 0.66
error 370803.59375
21 self_attn.v_proj
Quantizing ...
time 0.67
error 314512.46875
21 self_attn.q_proj
Quantizing ...
time 0.66
error 216406.703125
21 self_attn.out_proj
Quantizing ...
time 0.64
error 20599.7265625
21 fc1
Quantizing ...
time 0.65
error 1112283.25
21 fc2
Quantizing ...
time 2.71
error 148476.109375
22 self_attn.k_proj
Quantizing ...
time 0.66
error 317732.09375
22 self_attn.v_proj
Quantizing ...
time 0.64
error 347150.5625
22 self_attn.q_proj
Quantizing ...
time 0.64
error 259516.4375
22 self_attn.out_proj
Quantizing ...
time 0.64
error 18385.50390625
22 fc1
Quantizing ...
time 0.65
error 1068806.25
22 fc2
Quantizing ...
time 2.71
error 165885.65625
23 self_attn.k_proj
Quantizing ...
time 0.65
error 253090.84375
23 self_attn.v_proj
Quantizing ...
time 0.64
error 243978.8125
23 self_attn.q_proj
Quantizing ...
time 0.63
error 461984.5625
23 self_attn.out_proj
Quantizing ...
time 0.63
error 19165.8125
23 fc1
Quantizing ...
time 0.64
error 998153.625
23 fc2
Quantizing ...
time 2.73
error 127464.5703125
268.30386185646057
wikitext2
Evaluating ...
0
1
2
3
4
5
6
7
8
9
10
11
12
13
14
15
16
17
18
19
20
21
22
23
21.824554443359375
ptb-new
Evaluating ...
0
1
2
3
4
5
6
7
8
9
10
11
12
13
14
15
16
17
18
19
20
21
22
23
30.84775733947754
c4-new
Evaluating ...
0
1
2
3
4
5
6
7
8
9
10
11
12
13
14
15
16
17
18
19
20
21
22
23
21.649526596069336
