CUDA extension not installed.
Starting ...
Ready.
0 self_attn.k_proj
Quantizing ...
time 1.81
error 18453.349609375
0 self_attn.v_proj
Quantizing ...
time 0.87
error 3987.252197265625
0 self_attn.q_proj
Quantizing ...
time 0.87
error 18107.330078125
0 self_attn.out_proj
Quantizing ...
time 0.86
error 22.477890014648438
0 fc1
Quantizing ...
time 0.87
error 18213.658203125
0 fc2
Quantizing ...
time 3.72
error 186.65530395507812
1 self_attn.k_proj
Quantizing ...
time 0.90
error 10092.2509765625
1 self_attn.v_proj
Quantizing ...
time 0.86
error 704.4144287109375
1 self_attn.q_proj
Quantizing ...
time 0.85
error 10897.181640625
1 self_attn.out_proj
Quantizing ...
time 0.85
error 1.9077703952789307
1 fc1
Quantizing ...
time 0.87
error 15014.056640625
1 fc2
Quantizing ...
time 3.70
error 135.8616485595703
2 self_attn.k_proj
Quantizing ...
time 0.89
error 12981.798828125
2 self_attn.v_proj
Quantizing ...
time 0.86
error 918.2730102539062
2 self_attn.q_proj
Quantizing ...
time 0.86
error 14783.4296875
2 self_attn.out_proj
Quantizing ...
time 0.86
error 0.5213961601257324
2 fc1
Quantizing ...
time 0.87
error 17182.134765625
2 fc2
Quantizing ...
time 3.69
error 154.757568359375
3 self_attn.k_proj
Quantizing ...
time 0.90
error 11308.017578125
3 self_attn.v_proj
Quantizing ...
time 0.87
error 1121.154296875
3 self_attn.q_proj
Quantizing ...
time 0.87
error 15223.60546875
3 self_attn.out_proj
Quantizing ...
time 0.86
error 1.403447151184082
3 fc1
Quantizing ...
time 0.88
error 17647.013671875
3 fc2
Quantizing ...
time 3.73
error 154.50677490234375
4 self_attn.k_proj
Quantizing ...
time 0.90
error 14257.1103515625
4 self_attn.v_proj
Quantizing ...
time 0.86
error 1593.2589111328125
4 self_attn.q_proj
Quantizing ...
time 0.86
error 17549.31640625
4 self_attn.out_proj
Quantizing ...
time 0.85
error 6.061542510986328
4 fc1
Quantizing ...
time 0.87
error 18716.5390625
4 fc2
Quantizing ...
time 3.70
error 164.10586547851562
5 self_attn.k_proj
Quantizing ...
time 0.90
error 16417.33984375
5 self_attn.v_proj
Quantizing ...
time 0.86
error 1990.5400390625
5 self_attn.q_proj
Quantizing ...
time 0.86
error 19825.7421875
5 self_attn.out_proj
Quantizing ...
time 0.86
error 13.043119430541992
5 fc1
Quantizing ...
time 0.87
error 22169.609375
5 fc2
Quantizing ...
time 3.69
error 171.327880859375
6 self_attn.k_proj
Quantizing ...
time 0.89
error 19173.076171875
6 self_attn.v_proj
Quantizing ...
time 0.86
error 2511.04443359375
6 self_attn.q_proj
Quantizing ...
time 0.86
error 20454.00390625
6 self_attn.out_proj
Quantizing ...
time 0.87
error 19.922290802001953
6 fc1
Quantizing ...
time 0.88
error 26583.42578125
6 fc2
Quantizing ...
time 3.71
error 199.50851440429688
7 self_attn.k_proj
Quantizing ...
time 0.89
error 24394.9296875
7 self_attn.v_proj
Quantizing ...
time 0.86
error 3012.263671875
7 self_attn.q_proj
Quantizing ...
time 0.87
error 23102.3359375
7 self_attn.out_proj
Quantizing ...
time 0.87
error 18.62425994873047
7 fc1
Quantizing ...
time 0.88
error 30270.638671875
7 fc2
Quantizing ...
time 3.69
error 233.42706298828125
8 self_attn.k_proj
Quantizing ...
time 0.89
error 39721.5
8 self_attn.v_proj
Quantizing ...
time 0.86
error 4015.6962890625
8 self_attn.q_proj
Quantizing ...
time 0.85
error 27466.3515625
8 self_attn.out_proj
Quantizing ...
time 0.85
error 33.83292770385742
8 fc1
Quantizing ...
time 0.87
error 35022.91796875
8 fc2
Quantizing ...
time 3.70
error 289.1936950683594
9 self_attn.k_proj
Quantizing ...
time 0.90
error 51051.984375
9 self_attn.v_proj
Quantizing ...
time 0.88
error 4953.748046875
9 self_attn.q_proj
Quantizing ...
time 0.86
error 28970.01953125
9 self_attn.out_proj
Quantizing ...
time 0.86
error 47.60804748535156
9 fc1
Quantizing ...
time 0.88
error 41226.35546875
9 fc2
Quantizing ...
time 3.74
error 359.56500244140625
10 self_attn.k_proj
Quantizing ...
time 0.91
error 65794.6875
10 self_attn.v_proj
Quantizing ...
time 0.86
error 5874.0625
10 self_attn.q_proj
Quantizing ...
time 0.86
error 32469.044921875
10 self_attn.out_proj
Quantizing ...
time 0.86
error 86.6116943359375
10 fc1
Quantizing ...
time 0.87
error 52473.9375
10 fc2
Quantizing ...
time 3.71
error 563.5554809570312
11 self_attn.k_proj
Quantizing ...
time 0.89
error 71742.6953125
11 self_attn.v_proj
Quantizing ...
time 0.85
error 7110.7900390625
11 self_attn.q_proj
Quantizing ...
time 0.85
error 33362.328125
11 self_attn.out_proj
Quantizing ...
time 0.86
error 128.179931640625
11 fc1
Quantizing ...
time 0.87
error 62957.48828125
11 fc2
Quantizing ...
time 3.70
error 695.6090087890625
12 self_attn.k_proj
Quantizing ...
time 0.90
error 75906.109375
12 self_attn.v_proj
Quantizing ...
time 0.87
error 8655.66796875
12 self_attn.q_proj
Quantizing ...
time 0.86
error 32906.296875
12 self_attn.out_proj
Quantizing ...
time 0.86
error 171.39666748046875
12 fc1
Quantizing ...
time 0.98
error 75024.59375
12 fc2
Quantizing ...
time 3.72
error 942.4150390625
13 self_attn.k_proj
Quantizing ...
time 0.89
error 88709.75
13 self_attn.v_proj
Quantizing ...
time 0.87
error 10076.708984375
13 self_attn.q_proj
Quantizing ...
time 0.85
error 37436.6015625
13 self_attn.out_proj
Quantizing ...
time 0.94
error 281.9298095703125
13 fc1
Quantizing ...
time 0.87
error 89170.703125
13 fc2
Quantizing ...
time 3.69
error 1309.674072265625
14 self_attn.k_proj
Quantizing ...
time 0.89
error 91306.7578125
14 self_attn.v_proj
Quantizing ...
time 0.86
error 12131.6943359375
14 self_attn.q_proj
Quantizing ...
time 0.86
error 37922.359375
14 self_attn.out_proj
Quantizing ...
time 0.86
error 326.8041687011719
14 fc1
Quantizing ...
time 0.87
error 102120.875
14 fc2
Quantizing ...
time 3.68
error 1733.49072265625
15 self_attn.k_proj
Quantizing ...
time 0.90
error 113381.65625
15 self_attn.v_proj
Quantizing ...
time 0.86
error 13594.28125
15 self_attn.q_proj
Quantizing ...
time 0.86
error 44269.28125
15 self_attn.out_proj
Quantizing ...
time 0.86
error 600.6868286132812
15 fc1
Quantizing ...
time 0.87
error 114016.65625
15 fc2
Quantizing ...
time 3.71
error 2324.92724609375
16 self_attn.k_proj
Quantizing ...
time 0.89
error 129563.4765625
16 self_attn.v_proj
Quantizing ...
time 0.86
error 16481.3125
16 self_attn.q_proj
Quantizing ...
time 0.86
error 46118.8046875
16 self_attn.out_proj
Quantizing ...
time 0.87
error 816.4061889648438
16 fc1
Quantizing ...
time 0.88
error 127352.625
16 fc2
Quantizing ...
time 3.73
error 3950.2470703125
17 self_attn.k_proj
Quantizing ...
time 0.89
error 133720.671875
17 self_attn.v_proj
Quantizing ...
time 0.86
error 20187.265625
17 self_attn.q_proj
Quantizing ...
time 0.88
error 47023.5390625
17 self_attn.out_proj
Quantizing ...
time 0.88
error 1149.1304931640625
17 fc1
Quantizing ...
time 0.89
error 142263.421875
17 fc2
Quantizing ...
time 3.75
error 4977.84130859375
18 self_attn.k_proj
Quantizing ...
time 0.90
error 129794.9296875
18 self_attn.v_proj
Quantizing ...
time 0.87
error 25055.16015625
18 self_attn.q_proj
Quantizing ...
time 0.86
error 51181.3828125
18 self_attn.out_proj
Quantizing ...
time 0.86
error 1528.35986328125
18 fc1
Quantizing ...
time 0.87
error 163375.1875
18 fc2
Quantizing ...
time 3.69
error 6577.0390625
19 self_attn.k_proj
Quantizing ...
time 0.89
error 156686.375
19 self_attn.v_proj
Quantizing ...
time 0.86
error 31069.5859375
19 self_attn.q_proj
Quantizing ...
time 0.95
error 49237.1875
19 self_attn.out_proj
Quantizing ...
time 0.86
error 1773.4036865234375
19 fc1
Quantizing ...
time 0.88
error 188409.46875
19 fc2
Quantizing ...
time 3.70
error 8921.1513671875
20 self_attn.k_proj
Quantizing ...
time 0.88
error 149535.28125
20 self_attn.v_proj
Quantizing ...
time 0.84
error 39075.1796875
20 self_attn.q_proj
Quantizing ...
time 0.84
error 53879.73046875
20 self_attn.out_proj
Quantizing ...
time 0.84
error 2336.055419921875
20 fc1
Quantizing ...
time 0.85
error 213076.625
20 fc2
Quantizing ...
time 3.60
error 10801.1708984375
21 self_attn.k_proj
Quantizing ...
time 0.89
error 136203.65625
21 self_attn.v_proj
Quantizing ...
time 0.85
error 44914.34375
21 self_attn.q_proj
Quantizing ...
time 0.91
error 58576.44921875
21 self_attn.out_proj
Quantizing ...
time 0.86
error 2668.204345703125
21 fc1
Quantizing ...
time 0.87
error 235200.203125
21 fc2
Quantizing ...
time 3.68
error 13616.50390625
22 self_attn.k_proj
Quantizing ...
time 0.89
error 184762.421875
22 self_attn.v_proj
Quantizing ...
time 0.85
error 49302.9140625
22 self_attn.q_proj
Quantizing ...
time 0.86
error 55572.125
22 self_attn.out_proj
Quantizing ...
time 0.86
error 3859.07470703125
22 fc1
Quantizing ...
time 0.87
error 259490.390625
22 fc2
Quantizing ...
time 3.67
error 16614.041015625
23 self_attn.k_proj
Quantizing ...
time 0.89
error 136285.484375
23 self_attn.v_proj
Quantizing ...
time 0.85
error 54761.55859375
23 self_attn.q_proj
Quantizing ...
time 0.86
error 58143.15625
23 self_attn.out_proj
Quantizing ...
time 0.85
error 4164.5693359375
23 fc1
Quantizing ...
time 0.87
error 280437.3125
23 fc2
Quantizing ...
time 3.68
error 19113.998046875
24 self_attn.k_proj
Quantizing ...
time 0.90
error 136623.625
24 self_attn.v_proj
Quantizing ...
time 0.86
error 62926.609375
24 self_attn.q_proj
Quantizing ...
time 0.86
error 59069.2734375
24 self_attn.out_proj
Quantizing ...
time 0.85
error 4445.80908203125
24 fc1
Quantizing ...
time 0.87
error 299036.25
24 fc2
Quantizing ...
time 3.68
error 21678.814453125
25 self_attn.k_proj
Quantizing ...
time 0.89
error 124681.734375
25 self_attn.v_proj
Quantizing ...
time 0.85
error 74248.609375
25 self_attn.q_proj
Quantizing ...
time 0.85
error 59718.609375
25 self_attn.out_proj
Quantizing ...
time 0.85
error 4517.52001953125
25 fc1
Quantizing ...
time 0.87
error 314170.8125
25 fc2
Quantizing ...
time 3.69
error 25125.34375
26 self_attn.k_proj
Quantizing ...
time 0.89
error 134888.8125
26 self_attn.v_proj
Quantizing ...
time 0.85
error 76905.609375
26 self_attn.q_proj
Quantizing ...
time 0.86
error 59924.671875
26 self_attn.out_proj
Quantizing ...
time 0.86
error 6634.8701171875
26 fc1
Quantizing ...
time 0.87
error 330426.25
26 fc2
Quantizing ...
time 3.68
error 30850.359375
27 self_attn.k_proj
Quantizing ...
time 0.89
error 112502.46875
27 self_attn.v_proj
Quantizing ...
time 0.86
error 85255.5
27 self_attn.q_proj
Quantizing ...
time 0.86
error 63374.02734375
27 self_attn.out_proj
Quantizing ...
time 0.86
error 6721.81005859375
27 fc1
Quantizing ...
time 0.87
error 337670.8125
27 fc2
Quantizing ...
time 3.69
error 34776.06640625
28 self_attn.k_proj
Quantizing ...
time 0.89
error 127157.328125
28 self_attn.v_proj
Quantizing ...
time 0.95
error 88343.4921875
28 self_attn.q_proj
Quantizing ...
time 0.86
error 64608.1953125
28 self_attn.out_proj
Quantizing ...
time 0.86
error 7601.69580078125
28 fc1
Quantizing ...
time 0.87
error 344875.25
28 fc2
Quantizing ...
time 3.68
error 42606.51953125
29 self_attn.k_proj
Quantizing ...
time 0.89
error 94728.9765625
29 self_attn.v_proj
Quantizing ...
time 0.86
error 94418.546875
29 self_attn.q_proj
Quantizing ...
time 0.85
error 75093.609375
29 self_attn.out_proj
Quantizing ...
time 0.85
error 5404.1611328125
29 fc1
Quantizing ...
time 0.87
error 336866.125
29 fc2
Quantizing ...
time 3.68
error 47442.34765625
30 self_attn.k_proj
Quantizing ...
time 0.99
error 83591.0
30 self_attn.v_proj
Quantizing ...
time 0.86
error 98632.0625
30 self_attn.q_proj
Quantizing ...
time 0.86
error 80623.96875
30 self_attn.out_proj
Quantizing ...
time 0.86
error 4396.9404296875
30 fc1
Quantizing ...
time 0.88
error 328986.8125
30 fc2
Quantizing ...
time 3.70
error 50776.59375
31 self_attn.k_proj
Quantizing ...
time 0.89
error 73568.1171875
31 self_attn.v_proj
Quantizing ...
time 0.85
error 93332.5859375
31 self_attn.q_proj
Quantizing ...
time 0.85
error 89787.4375
31 self_attn.out_proj
Quantizing ...
time 0.85
error 5682.23291015625
31 fc1
Quantizing ...
time 0.87
error 307079.25
31 fc2
Quantizing ...
time 3.68
error 38465.1875
487.1796314716339
wikitext2
Evaluating ...
0
1
2
3
4
5
6
7
8
9
10
11
12
13
14
15
16
17
18
19
20
21
22
23
24
25
26
27
28
29
30
31
12.844232559204102
ptb-new
Evaluating ...
0
1
2
3
4
5
6
7
8
9
10
11
12
13
14
15
16
17
18
19
20
21
22
23
24
25
26
27
28
29
30
31
19.145849227905273
c4-new
Evaluating ...
0
1
2
3
4
5
6
7
8
9
10
11
12
13
14
15
16
17
18
19
20
21
22
23
24
25
26
27
28
29
30
31
15.007349014282227
