CUDA extension not installed.
Starting ...
Ready.
0 self_attn.k_proj
Quantizing ...
time 4.02
error 190644.140625
0 self_attn.v_proj
Quantizing ...
time 2.56
error 158920.125
0 self_attn.q_proj
Quantizing ...
time 2.56
error 235463.4375
0 self_attn.out_proj
Quantizing ...
time 2.53
error 501.236572265625
0 fc1
Quantizing ...
time 2.72
error 61126.765625
0 fc2
Quantizing ...
time 15.24
error 369.08734130859375
1 self_attn.k_proj
Quantizing ...
time 2.81
error 15344.75390625
1 self_attn.v_proj
Quantizing ...
time 2.53
error 8076.7568359375
1 self_attn.q_proj
Quantizing ...
time 2.54
error 20181.14453125
1 self_attn.out_proj
Quantizing ...
time 2.54
error 691.2743530273438
1 fc1
Quantizing ...
time 2.68
error 60708.9296875
1 fc2
Quantizing ...
time 15.23
error 219.81451416015625
2 self_attn.k_proj
Quantizing ...
time 2.80
error 14225.5205078125
2 self_attn.v_proj
Quantizing ...
time 2.55
error 8082.2578125
2 self_attn.q_proj
Quantizing ...
time 2.54
error 14029.4296875
2 self_attn.out_proj
Quantizing ...
time 2.56
error 8.09711742401123
2 fc1
Quantizing ...
time 2.72
error 61891.421875
2 fc2
Quantizing ...
time 15.22
error 207.87738037109375
3 self_attn.k_proj
Quantizing ...
time 2.76
error 11664.748046875
3 self_attn.v_proj
Quantizing ...
time 2.55
error 7573.58447265625
3 self_attn.q_proj
Quantizing ...
time 2.53
error 12431.4873046875
3 self_attn.out_proj
Quantizing ...
time 2.52
error 2.7240285873413086
3 fc1
Quantizing ...
time 2.71
error 62466.4609375
3 fc2
Quantizing ...
time 15.19
error 217.3152618408203
4 self_attn.k_proj
Quantizing ...
time 2.80
error 10590.6767578125
4 self_attn.v_proj
Quantizing ...
time 2.55
error 7927.18994140625
4 self_attn.q_proj
Quantizing ...
time 2.53
error 11831.044921875
4 self_attn.out_proj
Quantizing ...
time 2.52
error 3.2561960220336914
4 fc1
Quantizing ...
time 2.71
error 63763.7890625
4 fc2
Quantizing ...
time 15.24
error 230.90615844726562
5 self_attn.k_proj
Quantizing ...
time 2.80
error 11842.1015625
5 self_attn.v_proj
Quantizing ...
time 2.54
error 8527.9755859375
5 self_attn.q_proj
Quantizing ...
time 2.53
error 13160.166015625
5 self_attn.out_proj
Quantizing ...
time 2.53
error 3.5394821166992188
5 fc1
Quantizing ...
time 2.69
error 66261.375
5 fc2
Quantizing ...
time 15.27
error 421.97601318359375
6 self_attn.k_proj
Quantizing ...
time 2.80
error 11337.4697265625
6 self_attn.v_proj
Quantizing ...
time 2.54
error 9127.65234375
6 self_attn.q_proj
Quantizing ...
time 2.55
error 12759.013671875
6 self_attn.out_proj
Quantizing ...
time 2.55
error 3.2758407592773438
6 fc1
Quantizing ...
time 2.70
error 70246.2265625
6 fc2
Quantizing ...
time 15.30
error 388.0997314453125
7 self_attn.k_proj
Quantizing ...
time 2.82
error 14253.5654296875
7 self_attn.v_proj
Quantizing ...
time 2.56
error 10182.169921875
7 self_attn.q_proj
Quantizing ...
time 2.56
error 15295.8984375
7 self_attn.out_proj
Quantizing ...
time 2.55
error 6.422715187072754
7 fc1
Quantizing ...
time 2.70
error 75255.71875
7 fc2
Quantizing ...
time 15.30
error 456.07220458984375
8 self_attn.k_proj
Quantizing ...
time 2.82
error 15917.36328125
8 self_attn.v_proj
Quantizing ...
time 2.53
error 11341.44140625
8 self_attn.q_proj
Quantizing ...
time 2.56
error 16965.95703125
8 self_attn.out_proj
Quantizing ...
time 2.53
error 9.139471054077148
8 fc1
Quantizing ...
time 2.69
error 82079.921875
8 fc2
Quantizing ...
time 15.19
error 462.8841857910156
9 self_attn.k_proj
Quantizing ...
time 2.81
error 18176.765625
9 self_attn.v_proj
Quantizing ...
time 2.55
error 12895.5478515625
9 self_attn.q_proj
Quantizing ...
time 2.53
error 19118.75
9 self_attn.out_proj
Quantizing ...
time 2.56
error 14.069690704345703
9 fc1
Quantizing ...
time 2.72
error 91553.1328125
9 fc2
Quantizing ...
time 15.18
error 430.5938415527344
10 self_attn.k_proj
Quantizing ...
time 2.81
error 23681.064453125
10 self_attn.v_proj
Quantizing ...
time 2.56
error 14693.966796875
10 self_attn.q_proj
Quantizing ...
time 2.53
error 24806.818359375
10 self_attn.out_proj
Quantizing ...
time 2.55
error 19.919763565063477
10 fc1
Quantizing ...
time 2.71
error 102198.1796875
10 fc2
Quantizing ...
time 15.25
error 543.43017578125
11 self_attn.k_proj
Quantizing ...
time 2.89
error 27903.302734375
11 self_attn.v_proj
Quantizing ...
time 2.55
error 16678.9921875
11 self_attn.q_proj
Quantizing ...
time 2.52
error 27125.29296875
11 self_attn.out_proj
Quantizing ...
time 2.54
error 41.289894104003906
11 fc1
Quantizing ...
time 2.70
error 118798.671875
11 fc2
Quantizing ...
time 15.23
error 643.742919921875
12 self_attn.k_proj
Quantizing ...
time 2.79
error 34728.8046875
12 self_attn.v_proj
Quantizing ...
time 2.51
error 18887.07421875
12 self_attn.q_proj
Quantizing ...
time 2.55
error 33899.484375
12 self_attn.out_proj
Quantizing ...
time 2.53
error 79.4424057006836
12 fc1
Quantizing ...
time 2.70
error 142079.75
12 fc2
Quantizing ...
time 15.15
error 883.7817993164062
13 self_attn.k_proj
Quantizing ...
time 2.80
error 50120.9375
13 self_attn.v_proj
Quantizing ...
time 2.55
error 21739.43359375
13 self_attn.q_proj
Quantizing ...
time 2.51
error 38105.93359375
13 self_attn.out_proj
Quantizing ...
time 2.53
error 120.17071533203125
13 fc1
Quantizing ...
time 2.68
error 166718.28125
13 fc2
Quantizing ...
time 15.18
error 1169.1180419921875
14 self_attn.k_proj
Quantizing ...
time 2.79
error 60706.59765625
14 self_attn.v_proj
Quantizing ...
time 2.54
error 24726.228515625
14 self_attn.q_proj
Quantizing ...
time 2.53
error 43456.41015625
14 self_attn.out_proj
Quantizing ...
time 2.53
error 108.7626953125
14 fc1
Quantizing ...
time 2.70
error 193623.40625
14 fc2
Quantizing ...
time 15.21
error 1668.47021484375
15 self_attn.k_proj
Quantizing ...
time 2.80
error 105671.015625
15 self_attn.v_proj
Quantizing ...
time 2.54
error 28907.544921875
15 self_attn.q_proj
Quantizing ...
time 2.54
error 55263.64453125
15 self_attn.out_proj
Quantizing ...
time 2.55
error 230.79750061035156
15 fc1
Quantizing ...
time 2.72
error 227725.921875
15 fc2
Quantizing ...
time 15.29
error 2025.062255859375
16 self_attn.k_proj
Quantizing ...
time 2.81
error 103918.203125
16 self_attn.v_proj
Quantizing ...
time 2.56
error 32231.916015625
16 self_attn.q_proj
Quantizing ...
time 2.57
error 57012.90625
16 self_attn.out_proj
Quantizing ...
time 2.53
error 312.6035461425781
16 fc1
Quantizing ...
time 2.69
error 261255.203125
16 fc2
Quantizing ...
time 15.17
error 2580.923583984375
17 self_attn.k_proj
Quantizing ...
time 2.80
error 148091.09375
17 self_attn.v_proj
Quantizing ...
time 2.53
error 36795.25
17 self_attn.q_proj
Quantizing ...
time 2.56
error 67381.59375
17 self_attn.out_proj
Quantizing ...
time 2.55
error 395.7557067871094
17 fc1
Quantizing ...
time 2.70
error 294752.375
17 fc2
Quantizing ...
time 15.19
error 3213.37109375
18 self_attn.k_proj
Quantizing ...
time 2.81
error 206556.3125
18 self_attn.v_proj
Quantizing ...
time 2.54
error 42924.84375
18 self_attn.q_proj
Quantizing ...
time 2.52
error 83022.9375
18 self_attn.out_proj
Quantizing ...
time 2.54
error 636.295166015625
18 fc1
Quantizing ...
time 2.70
error 337155.9375
18 fc2
Quantizing ...
time 15.19
error 4094.77490234375
19 self_attn.k_proj
Quantizing ...
time 2.82
error 218243.875
19 self_attn.v_proj
Quantizing ...
time 2.55
error 49693.609375
19 self_attn.q_proj
Quantizing ...
time 2.56
error 93056.046875
19 self_attn.out_proj
Quantizing ...
time 2.53
error 949.9376220703125
19 fc1
Quantizing ...
time 2.72
error 381263.0
19 fc2
Quantizing ...
time 15.27
error 4870.26220703125
20 self_attn.k_proj
Quantizing ...
time 2.81
error 285495.34375
20 self_attn.v_proj
Quantizing ...
time 2.57
error 56536.1796875
20 self_attn.q_proj
Quantizing ...
time 2.56
error 111606.65625
20 self_attn.out_proj
Quantizing ...
time 2.56
error 1408.108154296875
20 fc1
Quantizing ...
time 2.74
error 434772.90625
20 fc2
Quantizing ...
time 15.20
error 6244.27880859375
21 self_attn.k_proj
Quantizing ...
time 2.81
error 311623.0625
21 self_attn.v_proj
Quantizing ...
time 2.54
error 68884.890625
21 self_attn.q_proj
Quantizing ...
time 2.54
error 134102.6875
21 self_attn.out_proj
Quantizing ...
time 2.53
error 1903.83154296875
21 fc1
Quantizing ...
time 2.72
error 499070.875
21 fc2
Quantizing ...
time 15.15
error 7709.421875
22 self_attn.k_proj
Quantizing ...
time 2.81
error 355437.0
22 self_attn.v_proj
Quantizing ...
time 2.54
error 78348.1875
22 self_attn.q_proj
Quantizing ...
time 2.54
error 155788.84375
22 self_attn.out_proj
Quantizing ...
time 2.54
error 3125.000244140625
22 fc1
Quantizing ...
time 2.72
error 573498.125
22 fc2
Quantizing ...
time 15.24
error 9569.8154296875
23 self_attn.k_proj
Quantizing ...
time 2.80
error 415912.6875
23 self_attn.v_proj
Quantizing ...
time 2.54
error 92022.046875
23 self_attn.q_proj
Quantizing ...
time 2.55
error 177327.75
23 self_attn.out_proj
Quantizing ...
time 2.54
error 3753.751708984375
23 fc1
Quantizing ...
time 2.69
error 655482.375
23 fc2
Quantizing ...
time 15.27
error 12177.498046875
24 self_attn.k_proj
Quantizing ...
time 2.80
error 435914.46875
24 self_attn.v_proj
Quantizing ...
time 2.51
error 108468.21875
24 self_attn.q_proj
Quantizing ...
time 2.55
error 194232.28125
24 self_attn.out_proj
Quantizing ...
time 2.50
error 5408.4404296875
24 fc1
Quantizing ...
time 2.72
error 740080.25
24 fc2
Quantizing ...
time 15.22
error 16289.04296875
25 self_attn.k_proj
Quantizing ...
time 2.80
error 511735.4375
25 self_attn.v_proj
Quantizing ...
time 2.56
error 125193.5
25 self_attn.q_proj
Quantizing ...
time 2.53
error 226036.6875
25 self_attn.out_proj
Quantizing ...
time 2.53
error 6694.50390625
25 fc1
Quantizing ...
time 2.70
error 842868.75
25 fc2
Quantizing ...
time 15.18
error 22667.80078125
26 self_attn.k_proj
Quantizing ...
time 2.79
error 567711.75
26 self_attn.v_proj
Quantizing ...
time 2.56
error 145660.5
26 self_attn.q_proj
Quantizing ...
time 2.51
error 253713.015625
26 self_attn.out_proj
Quantizing ...
time 2.55
error 9437.8974609375
26 fc1
Quantizing ...
time 2.70
error 966912.875
26 fc2
Quantizing ...
time 15.17
error 28898.4140625
27 self_attn.k_proj
Quantizing ...
time 2.79
error 602720.125
27 self_attn.v_proj
Quantizing ...
time 2.57
error 172512.65625
27 self_attn.q_proj
Quantizing ...
time 2.52
error 301665.21875
27 self_attn.out_proj
Quantizing ...
time 2.57
error 13164.955078125
27 fc1
Quantizing ...
time 2.70
error 1119820.75
27 fc2
Quantizing ...
time 15.19
error 35160.37109375
28 self_attn.k_proj
Quantizing ...
time 2.80
error 544957.75
28 self_attn.v_proj
Quantizing ...
time 2.54
error 204329.6875
28 self_attn.q_proj
Quantizing ...
time 2.53
error 309697.0
28 self_attn.out_proj
Quantizing ...
time 2.51
error 13582.876953125
28 fc1
Quantizing ...
time 2.70
error 1291073.25
28 fc2
Quantizing ...
time 15.14
error 43369.5078125
29 self_attn.k_proj
Quantizing ...
time 2.79
error 612100.4375
29 self_attn.v_proj
Quantizing ...
time 2.53
error 239359.5625
29 self_attn.q_proj
Quantizing ...
time 2.51
error 348968.15625
29 self_attn.out_proj
Quantizing ...
time 2.53
error 16975.591796875
29 fc1
Quantizing ...
time 2.69
error 1479880.625
29 fc2
Quantizing ...
time 15.17
error 53398.359375
30 self_attn.k_proj
Quantizing ...
time 2.81
error 583403.3125
30 self_attn.v_proj
Quantizing ...
time 2.55
error 280615.75
30 self_attn.q_proj
Quantizing ...
time 2.54
error 384174.875
30 self_attn.out_proj
Quantizing ...
time 2.54
error 19147.95703125
30 fc1
Quantizing ...
time 2.72
error 1673288.75
30 fc2
Quantizing ...
time 15.17
error 67731.03125
31 self_attn.k_proj
Quantizing ...
time 2.89
error 713626.9375
31 self_attn.v_proj
Quantizing ...
time 2.56
error 324837.4375
31 self_attn.q_proj
Quantizing ...
time 2.54
error 407105.9375
31 self_attn.out_proj
Quantizing ...
time 2.53
error 26164.1171875
31 fc1
Quantizing ...
time 2.70
error 1900093.75
31 fc2
Quantizing ...
time 15.14
error 81553.421875
32 self_attn.k_proj
Quantizing ...
time 2.79
error 673858.625
32 self_attn.v_proj
Quantizing ...
time 2.51
error 388355.46875
32 self_attn.q_proj
Quantizing ...
time 2.53
error 458861.0625
32 self_attn.out_proj
Quantizing ...
time 2.52
error 27096.953125
32 fc1
Quantizing ...
time 2.67
error 2144229.5
32 fc2
Quantizing ...
time 15.34
error 99950.0
33 self_attn.k_proj
Quantizing ...
time 2.80
error 683800.6875
33 self_attn.v_proj
Quantizing ...
time 2.54
error 422193.6875
33 self_attn.q_proj
Quantizing ...
time 2.54
error 496009.125
33 self_attn.out_proj
Quantizing ...
time 2.55
error 32914.6484375
33 fc1
Quantizing ...
time 2.71
error 2383463.5
33 fc2
Quantizing ...
time 15.14
error 118766.953125
34 self_attn.k_proj
Quantizing ...
time 2.82
error 809754.25
34 self_attn.v_proj
Quantizing ...
time 2.55
error 478515.625
34 self_attn.q_proj
Quantizing ...
time 2.54
error 514804.0
34 self_attn.out_proj
Quantizing ...
time 2.55
error 45012.578125
34 fc1
Quantizing ...
time 2.70
error 2666096.5
34 fc2
Quantizing ...
time 15.17
error 141830.625
35 self_attn.k_proj
Quantizing ...
time 2.81
error 689811.0625
35 self_attn.v_proj
Quantizing ...
time 2.55
error 500091.0625
35 self_attn.q_proj
Quantizing ...
time 2.55
error 523627.75
35 self_attn.out_proj
Quantizing ...
time 2.55
error 33721.8671875
35 fc1
Quantizing ...
time 2.71
error 2977060.5
35 fc2
Quantizing ...
time 15.15
error 161974.125
36 self_attn.k_proj
Quantizing ...
time 2.80
error 774218.125
36 self_attn.v_proj
Quantizing ...
time 2.54
error 557873.5
36 self_attn.q_proj
Quantizing ...
time 2.57
error 551263.625
36 self_attn.out_proj
Quantizing ...
time 2.54
error 46360.578125
36 fc1
Quantizing ...
time 2.69
error 3222560.75
36 fc2
Quantizing ...
time 15.11
error 182468.34375
37 self_attn.k_proj
Quantizing ...
time 2.81
error 762061.0625
37 self_attn.v_proj
Quantizing ...
time 2.54
error 614169.0625
37 self_attn.q_proj
Quantizing ...
time 2.62
error 592793.0
37 self_attn.out_proj
Quantizing ...
time 2.56
error 37320.87109375
37 fc1
Quantizing ...
time 2.70
error 3488546.5
37 fc2
Quantizing ...
time 15.18
error 195287.6875
38 self_attn.k_proj
Quantizing ...
time 2.81
error 774570.0
38 self_attn.v_proj
Quantizing ...
time 2.55
error 642097.5
38 self_attn.q_proj
Quantizing ...
time 2.53
error 597357.625
38 self_attn.out_proj
Quantizing ...
time 2.53
error 45167.2421875
38 fc1
Quantizing ...
time 2.72
error 3688094.75
38 fc2
Quantizing ...
time 15.08
error 222114.796875
39 self_attn.k_proj
Quantizing ...
time 2.80
error 846327.5
39 self_attn.v_proj
Quantizing ...
time 2.53
error 715586.0
39 self_attn.q_proj
Quantizing ...
time 2.53
error 626613.0
39 self_attn.out_proj
Quantizing ...
time 2.55
error 50696.9765625
39 fc1
Quantizing ...
time 2.69
error 3846914.0
39 fc2
Quantizing ...
time 15.40
error 241716.0625
40 self_attn.k_proj
Quantizing ...
time 2.83
error 818129.875
40 self_attn.v_proj
Quantizing ...
time 2.56
error 737717.5
40 self_attn.q_proj
Quantizing ...
time 2.54
error 624240.625
40 self_attn.out_proj
Quantizing ...
time 2.52
error 48645.5078125
40 fc1
Quantizing ...
time 2.70
error 3927639.5
40 fc2
Quantizing ...
time 15.18
error 261065.5
41 self_attn.k_proj
Quantizing ...
time 2.76
error 840219.0625
41 self_attn.v_proj
Quantizing ...
time 2.52
error 712973.625
41 self_attn.q_proj
Quantizing ...
time 2.48
error 621976.0
41 self_attn.out_proj
Quantizing ...
time 2.50
error 47137.55859375
41 fc1
Quantizing ...
time 2.66
error 3977113.0
41 fc2
Quantizing ...
time 14.97
error 282422.78125
42 self_attn.k_proj
Quantizing ...
time 2.75
error 793378.75
42 self_attn.v_proj
Quantizing ...
time 2.50
error 733803.75
42 self_attn.q_proj
Quantizing ...
time 2.52
error 638633.75
42 self_attn.out_proj
Quantizing ...
time 2.50
error 32909.83203125
42 fc1
Quantizing ...
time 2.68
error 3975310.25
42 fc2
Quantizing ...
time 15.02
error 294626.5625
43 self_attn.k_proj
Quantizing ...
time 2.77
error 854690.75
43 self_attn.v_proj
Quantizing ...
time 2.53
error 701501.875
43 self_attn.q_proj
Quantizing ...
time 2.50
error 637467.5
43 self_attn.out_proj
Quantizing ...
time 2.55
error 31463.32421875
43 fc1
Quantizing ...
time 2.71
error 3957215.5
43 fc2
Quantizing ...
time 14.99
error 304201.8125
44 self_attn.k_proj
Quantizing ...
time 2.80
error 916443.25
44 self_attn.v_proj
Quantizing ...
time 2.50
error 712262.125
44 self_attn.q_proj
Quantizing ...
time 2.57
error 633322.625
44 self_attn.out_proj
Quantizing ...
time 2.59
error 34862.8515625
44 fc1
Quantizing ...
time 2.70
error 3888433.5
44 fc2
Quantizing ...
time 15.00
error 315896.5
45 self_attn.k_proj
Quantizing ...
time 2.76
error 798664.875
45 self_attn.v_proj
Quantizing ...
time 2.50
error 701627.5625
45 self_attn.q_proj
Quantizing ...
time 2.52
error 629486.9375
45 self_attn.out_proj
Quantizing ...
time 2.51
error 21706.330078125
45 fc1
Quantizing ...
time 2.69
error 3719385.5
45 fc2
Quantizing ...
time 15.02
error 314237.6875
46 self_attn.k_proj
Quantizing ...
time 2.90
error 797227.25
46 self_attn.v_proj
Quantizing ...
time 2.53
error 628212.25
46 self_attn.q_proj
Quantizing ...
time 2.54
error 607431.8125
46 self_attn.out_proj
Quantizing ...
time 2.49
error 18231.40625
46 fc1
Quantizing ...
time 2.69
error 3443082.5
46 fc2
Quantizing ...
time 14.98
error 301702.875
47 self_attn.k_proj
Quantizing ...
time 2.78
error 706771.0
47 self_attn.v_proj
Quantizing ...
time 2.54
error 490948.625
47 self_attn.q_proj
Quantizing ...
time 2.50
error 592550.125
47 self_attn.out_proj
Quantizing ...
time 2.51
error 13884.7314453125
47 fc1
Quantizing ...
time 2.67
error 3094456.0
47 fc2
Quantizing ...
time 15.00
error 209203.15625
3578.377251625061
wikitext2
Evaluating ...
0
1
2
3
4
5
6
7
8
9
10
11
12
13
14
15
16
17
18
19
20
21
22
23
24
25
26
27
28
29
30
31
32
33
34
35
36
37
38
39
40
41
42
43
44
45
46
47
10.353581428527832
ptb-new
Evaluating ...
0
1
2
3
4
5
6
7
8
9
10
11
12
13
14
15
16
17
18
19
20
21
22
23
24
25
26
27
28
29
30
31
32
33
34
35
36
37
38
39
40
41
42
43
44
45
46
47
15.378373146057129
c4-new
Evaluating ...
0
1
2
3
4
5
6
7
8
9
10
11
12
13
14
15
16
17
18
19
20
21
22
23
24
25
26
27
28
29
30
31
32
33
34
35
36
37
38
39
40
41
42
43
44
45
46
47
12.220707893371582
