CUDA extension not installed.
Starting ...
Ready.
0 self_attn.k_proj
Quantizing ...
time 1.03
error 2374.99072265625
0 self_attn.v_proj
Quantizing ...
time 0.31
error 112.35861206054688
0 self_attn.q_proj
Quantizing ...
time 0.31
error 3780.9658203125
0 self_attn.out_proj
Quantizing ...
time 0.33
error 0.3774741291999817
0 fc1
Quantizing ...
time 0.31
error 586912.5
0 fc2
Quantizing ...
time 1.27
error 10613.73046875
1 self_attn.k_proj
Quantizing ...
time 0.32
error 182851.03125
1 self_attn.v_proj
Quantizing ...
time 0.37
error 89737.9765625
1 self_attn.q_proj
Quantizing ...
time 0.34
error 167673.28125
1 self_attn.out_proj
Quantizing ...
time 0.33
error 3662.93603515625
1 fc1
Quantizing ...
time 0.36
error 734246.625
1 fc2
Quantizing ...
time 1.30
error 12109.86328125
2 self_attn.k_proj
Quantizing ...
time 0.32
error 257938.171875
2 self_attn.v_proj
Quantizing ...
time 0.31
error 133902.78125
2 self_attn.q_proj
Quantizing ...
time 0.32
error 257630.15625
2 self_attn.out_proj
Quantizing ...
time 0.31
error 3217.309326171875
2 fc1
Quantizing ...
time 0.31
error 865856.125
2 fc2
Quantizing ...
time 1.29
error 14655.7080078125
3 self_attn.k_proj
Quantizing ...
time 0.32
error 298296.125
3 self_attn.v_proj
Quantizing ...
time 0.31
error 167193.28125
3 self_attn.q_proj
Quantizing ...
time 0.31
error 309433.78125
3 self_attn.out_proj
Quantizing ...
time 0.32
error 2987.056884765625
3 fc1
Quantizing ...
time 0.31
error 956541.25
3 fc2
Quantizing ...
time 1.29
error 15505.423828125
4 self_attn.k_proj
Quantizing ...
time 0.32
error 321655.34375
4 self_attn.v_proj
Quantizing ...
time 0.32
error 167532.515625
4 self_attn.q_proj
Quantizing ...
time 0.31
error 329286.71875
4 self_attn.out_proj
Quantizing ...
time 0.31
error 3840.10595703125
4 fc1
Quantizing ...
time 0.43
error 1022370.8125
4 fc2
Quantizing ...
time 1.34
error 17203.744140625
5 self_attn.k_proj
Quantizing ...
time 0.34
error 274032.25
5 self_attn.v_proj
Quantizing ...
time 0.31
error 166550.71875
5 self_attn.q_proj
Quantizing ...
time 0.31
error 284473.5625
5 self_attn.out_proj
Quantizing ...
time 0.31
error 3777.635498046875
5 fc1
Quantizing ...
time 0.31
error 1064343.875
5 fc2
Quantizing ...
time 1.28
error 19490.57421875
6 self_attn.k_proj
Quantizing ...
time 0.44
error 339077.40625
6 self_attn.v_proj
Quantizing ...
time 0.31
error 154048.34375
6 self_attn.q_proj
Quantizing ...
time 0.31
error 313012.1875
6 self_attn.out_proj
Quantizing ...
time 0.31
error 6257.04345703125
6 fc1
Quantizing ...
time 0.32
error 1141180.625
6 fc2
Quantizing ...
time 1.26
error 23320.828125
7 self_attn.k_proj
Quantizing ...
time 0.32
error 387282.75
7 self_attn.v_proj
Quantizing ...
time 0.31
error 178318.515625
7 self_attn.q_proj
Quantizing ...
time 0.31
error 354330.25
7 self_attn.out_proj
Quantizing ...
time 0.31
error 7964.90234375
7 fc1
Quantizing ...
time 0.31
error 1247242.875
7 fc2
Quantizing ...
time 1.31
error 30991.103515625
8 self_attn.k_proj
Quantizing ...
time 0.34
error 474938.71875
8 self_attn.v_proj
Quantizing ...
time 0.31
error 198765.71875
8 self_attn.q_proj
Quantizing ...
time 0.31
error 434952.875
8 self_attn.out_proj
Quantizing ...
time 0.33
error 9045.81640625
8 fc1
Quantizing ...
time 0.31
error 1283775.25
8 fc2
Quantizing ...
time 1.28
error 38466.58203125
9 self_attn.k_proj
Quantizing ...
time 0.32
error 465324.6875
9 self_attn.v_proj
Quantizing ...
time 0.32
error 206812.078125
9 self_attn.q_proj
Quantizing ...
time 0.32
error 453177.625
9 self_attn.out_proj
Quantizing ...
time 0.31
error 11214.033203125
9 fc1
Quantizing ...
time 0.32
error 1246917.5
9 fc2
Quantizing ...
time 1.27
error 41004.97265625
10 self_attn.k_proj
Quantizing ...
time 0.32
error 463225.3125
10 self_attn.v_proj
Quantizing ...
time 0.32
error 238340.3125
10 self_attn.q_proj
Quantizing ...
time 0.32
error 462462.1875
10 self_attn.out_proj
Quantizing ...
time 0.33
error 13036.69140625
10 fc1
Quantizing ...
time 0.35
error 1349606.0
10 fc2
Quantizing ...
time 1.37
error 40342.921875
11 self_attn.k_proj
Quantizing ...
time 0.33
error 444214.0625
11 self_attn.v_proj
Quantizing ...
time 0.32
error 269520.625
11 self_attn.q_proj
Quantizing ...
time 0.32
error 430385.0
11 self_attn.out_proj
Quantizing ...
time 0.32
error 9088.474609375
11 fc1
Quantizing ...
time 0.33
error 1348811.75
11 fc2
Quantizing ...
time 1.30
error 45403.15625
12 self_attn.k_proj
Quantizing ...
time 0.32
error 444070.25
12 self_attn.v_proj
Quantizing ...
time 0.32
error 313595.0
12 self_attn.q_proj
Quantizing ...
time 0.34
error 454992.375
12 self_attn.out_proj
Quantizing ...
time 0.32
error 15198.080078125
12 fc1
Quantizing ...
time 0.32
error 1351782.0
12 fc2
Quantizing ...
time 1.29
error 38686.41796875
13 self_attn.k_proj
Quantizing ...
time 0.32
error 444816.3125
13 self_attn.v_proj
Quantizing ...
time 0.33
error 301189.9375
13 self_attn.q_proj
Quantizing ...
time 0.32
error 430050.28125
13 self_attn.out_proj
Quantizing ...
time 0.33
error 15072.470703125
13 fc1
Quantizing ...
time 0.32
error 1312747.75
13 fc2
Quantizing ...
time 1.30
error 39237.2109375
14 self_attn.k_proj
Quantizing ...
time 0.32
error 432583.5
14 self_attn.v_proj
Quantizing ...
time 0.31
error 310592.40625
14 self_attn.q_proj
Quantizing ...
time 0.35
error 437040.71875
14 self_attn.out_proj
Quantizing ...
time 0.31
error 12856.265625
14 fc1
Quantizing ...
time 0.31
error 1253521.625
14 fc2
Quantizing ...
time 1.29
error 30642.115234375
15 self_attn.k_proj
Quantizing ...
time 0.32
error 418566.09375
15 self_attn.v_proj
Quantizing ...
time 0.31
error 279929.375
15 self_attn.q_proj
Quantizing ...
time 0.33
error 417872.34375
15 self_attn.out_proj
Quantizing ...
time 0.31
error 12992.259765625
15 fc1
Quantizing ...
time 0.31
error 1218937.5
15 fc2
Quantizing ...
time 1.29
error 28994.408203125
16 self_attn.k_proj
Quantizing ...
time 0.32
error 408115.375
16 self_attn.v_proj
Quantizing ...
time 0.31
error 299737.0625
16 self_attn.q_proj
Quantizing ...
time 0.31
error 421687.75
16 self_attn.out_proj
Quantizing ...
time 0.31
error 19706.89453125
16 fc1
Quantizing ...
time 0.31
error 1168081.375
16 fc2
Quantizing ...
time 1.26
error 25861.046875
17 self_attn.k_proj
Quantizing ...
time 0.32
error 387718.90625
17 self_attn.v_proj
Quantizing ...
time 0.31
error 278858.625
17 self_attn.q_proj
Quantizing ...
time 0.31
error 404945.75
17 self_attn.out_proj
Quantizing ...
time 0.31
error 20593.05078125
17 fc1
Quantizing ...
time 0.31
error 1100756.625
17 fc2
Quantizing ...
time 1.32
error 30538.80859375
18 self_attn.k_proj
Quantizing ...
time 0.32
error 371757.0
18 self_attn.v_proj
Quantizing ...
time 0.33
error 267736.9375
18 self_attn.q_proj
Quantizing ...
time 0.31
error 395628.0625
18 self_attn.out_proj
Quantizing ...
time 0.31
error 22717.798828125
18 fc1
Quantizing ...
time 0.31
error 1055206.375
18 fc2
Quantizing ...
time 1.26
error 27052.966796875
19 self_attn.k_proj
Quantizing ...
time 0.32
error 371304.625
19 self_attn.v_proj
Quantizing ...
time 0.31
error 233930.4375
19 self_attn.q_proj
Quantizing ...
time 0.32
error 394941.6875
19 self_attn.out_proj
Quantizing ...
time 0.31
error 21177.861328125
19 fc1
Quantizing ...
time 0.32
error 1035864.1875
19 fc2
Quantizing ...
time 1.27
error 28350.09765625
20 self_attn.k_proj
Quantizing ...
time 0.32
error 407807.125
20 self_attn.v_proj
Quantizing ...
time 0.31
error 221863.3125
20 self_attn.q_proj
Quantizing ...
time 0.32
error 406338.625
20 self_attn.out_proj
Quantizing ...
time 0.31
error 28588.6875
20 fc1
Quantizing ...
time 0.32
error 1050956.75
20 fc2
Quantizing ...
time 1.28
error 31124.9921875
21 self_attn.k_proj
Quantizing ...
time 0.32
error 419465.1875
21 self_attn.v_proj
Quantizing ...
time 0.36
error 224935.796875
21 self_attn.q_proj
Quantizing ...
time 0.32
error 433767.59375
21 self_attn.out_proj
Quantizing ...
time 0.31
error 30178.96875
21 fc1
Quantizing ...
time 0.33
error 1050746.25
21 fc2
Quantizing ...
time 1.27
error 45050.7109375
22 self_attn.k_proj
Quantizing ...
time 0.33
error 531134.875
22 self_attn.v_proj
Quantizing ...
time 0.31
error 242683.5
22 self_attn.q_proj
Quantizing ...
time 0.31
error 493831.5625
22 self_attn.out_proj
Quantizing ...
time 0.32
error 41599.8203125
22 fc1
Quantizing ...
time 0.32
error 952591.75
22 fc2
Quantizing ...
time 1.39
error 50102.6328125
23 self_attn.k_proj
Quantizing ...
time 0.32
error 449044.125
23 self_attn.v_proj
Quantizing ...
time 0.33
error 325973.3125
23 self_attn.q_proj
Quantizing ...
time 0.34
error 434912.3125
23 self_attn.out_proj
Quantizing ...
time 0.34
error 42063.453125
23 fc1
Quantizing ...
time 0.35
error 817073.625
23 fc2
Quantizing ...
time 1.38
error 51470.94140625
112.95229315757751
wikitext2
Evaluating ...
0
1
2
3
4
5
6
7
8
9
10
11
12
13
14
15
16
17
18
19
20
21
22
23
17558.099609375
ptb-new
Evaluating ...
0
1
2
3
4
5
6
7
8
9
10
11
12
13
14
15
16
17
18
19
20
21
22
23
11670.978515625
c4-new
Evaluating ...
0
1
2
3
4
5
6
7
8
9
10
11
12
13
14
15
16
17
18
19
20
21
22
23
6329.39697265625
