CUDA extension not installed.
Starting ...
Ready.
0 self_attn.k_proj
Quantizing ...
time 0.83
error 260.9879150390625
0 self_attn.v_proj
Quantizing ...
time 0.32
error 19.590988159179688
0 self_attn.q_proj
Quantizing ...
time 0.32
error 443.336181640625
0 self_attn.out_proj
Quantizing ...
time 0.32
error 0.07201500982046127
0 fc1
Quantizing ...
time 0.32
error 101185.9375
0 fc2
Quantizing ...
time 1.30
error 2017.4046630859375
1 self_attn.k_proj
Quantizing ...
time 0.33
error 31405.984375
1 self_attn.v_proj
Quantizing ...
time 0.32
error 15528.99609375
1 self_attn.q_proj
Quantizing ...
time 0.32
error 28579.8515625
1 self_attn.out_proj
Quantizing ...
time 0.32
error 655.0829467773438
1 fc1
Quantizing ...
time 0.32
error 127311.75
1 fc2
Quantizing ...
time 1.29
error 2349.9033203125
2 self_attn.k_proj
Quantizing ...
time 0.33
error 42920.921875
2 self_attn.v_proj
Quantizing ...
time 0.32
error 22762.83203125
2 self_attn.q_proj
Quantizing ...
time 0.32
error 43125.7109375
2 self_attn.out_proj
Quantizing ...
time 0.32
error 631.5205688476562
2 fc1
Quantizing ...
time 0.32
error 148875.1875
2 fc2
Quantizing ...
time 1.30
error 3071.16943359375
3 self_attn.k_proj
Quantizing ...
time 0.33
error 49271.30078125
3 self_attn.v_proj
Quantizing ...
time 0.32
error 28320.3515625
3 self_attn.q_proj
Quantizing ...
time 0.32
error 51410.5703125
3 self_attn.out_proj
Quantizing ...
time 0.32
error 575.5374755859375
3 fc1
Quantizing ...
time 0.32
error 163851.5625
3 fc2
Quantizing ...
time 1.29
error 3635.09716796875
4 self_attn.k_proj
Quantizing ...
time 0.33
error 53428.7109375
4 self_attn.v_proj
Quantizing ...
time 0.32
error 28607.29296875
4 self_attn.q_proj
Quantizing ...
time 0.32
error 55196.05078125
4 self_attn.out_proj
Quantizing ...
time 0.32
error 836.5648193359375
4 fc1
Quantizing ...
time 0.35
error 175410.90625
4 fc2
Quantizing ...
time 1.28
error 4073.710693359375
5 self_attn.k_proj
Quantizing ...
time 0.32
error 45921.77734375
5 self_attn.v_proj
Quantizing ...
time 0.32
error 28312.66796875
5 self_attn.q_proj
Quantizing ...
time 0.32
error 48608.28125
5 self_attn.out_proj
Quantizing ...
time 0.34
error 716.6061401367188
5 fc1
Quantizing ...
time 0.33
error 182078.8125
5 fc2
Quantizing ...
time 1.32
error 4479.56494140625
6 self_attn.k_proj
Quantizing ...
time 0.32
error 57973.21875
6 self_attn.v_proj
Quantizing ...
time 0.32
error 26191.21875
6 self_attn.q_proj
Quantizing ...
time 0.32
error 53767.46875
6 self_attn.out_proj
Quantizing ...
time 0.32
error 1024.54296875
6 fc1
Quantizing ...
time 0.32
error 194063.0
6 fc2
Quantizing ...
time 1.28
error 5439.10302734375
7 self_attn.k_proj
Quantizing ...
time 0.33
error 65619.1953125
7 self_attn.v_proj
Quantizing ...
time 0.32
error 30076.169921875
7 self_attn.q_proj
Quantizing ...
time 0.32
error 59801.9765625
7 self_attn.out_proj
Quantizing ...
time 0.32
error 1270.71142578125
7 fc1
Quantizing ...
time 0.36
error 210736.6875
7 fc2
Quantizing ...
time 1.28
error 6980.6962890625
8 self_attn.k_proj
Quantizing ...
time 0.36
error 78462.5703125
8 self_attn.v_proj
Quantizing ...
time 0.32
error 33010.13671875
8 self_attn.q_proj
Quantizing ...
time 0.32
error 71457.984375
8 self_attn.out_proj
Quantizing ...
time 0.32
error 2800.418701171875
8 fc1
Quantizing ...
time 0.32
error 217077.625
8 fc2
Quantizing ...
time 1.28
error 9796.1650390625
9 self_attn.k_proj
Quantizing ...
time 0.33
error 77329.5625
9 self_attn.v_proj
Quantizing ...
time 0.32
error 34914.9375
9 self_attn.q_proj
Quantizing ...
time 0.32
error 74872.234375
9 self_attn.out_proj
Quantizing ...
time 0.32
error 3266.776611328125
9 fc1
Quantizing ...
time 0.33
error 222792.25
9 fc2
Quantizing ...
time 1.28
error 10396.490234375
10 self_attn.k_proj
Quantizing ...
time 0.33
error 80613.4453125
10 self_attn.v_proj
Quantizing ...
time 0.32
error 42043.546875
10 self_attn.q_proj
Quantizing ...
time 0.32
error 80310.0703125
10 self_attn.out_proj
Quantizing ...
time 0.32
error 4262.333984375
10 fc1
Quantizing ...
time 0.32
error 242528.25
10 fc2
Quantizing ...
time 1.32
error 10706.3828125
11 self_attn.k_proj
Quantizing ...
time 0.32
error 79766.5546875
11 self_attn.v_proj
Quantizing ...
time 0.32
error 48415.046875
11 self_attn.q_proj
Quantizing ...
time 0.32
error 76385.0390625
11 self_attn.out_proj
Quantizing ...
time 0.32
error 3131.012451171875
11 fc1
Quantizing ...
time 0.32
error 250437.5
11 fc2
Quantizing ...
time 1.29
error 12372.6181640625
12 self_attn.k_proj
Quantizing ...
time 0.33
error 82417.78125
12 self_attn.v_proj
Quantizing ...
time 0.32
error 58605.765625
12 self_attn.q_proj
Quantizing ...
time 0.32
error 84229.203125
12 self_attn.out_proj
Quantizing ...
time 0.32
error 4242.59375
12 fc1
Quantizing ...
time 0.32
error 268540.4375
12 fc2
Quantizing ...
time 1.28
error 11605.69921875
13 self_attn.k_proj
Quantizing ...
time 0.33
error 87102.0
13 self_attn.v_proj
Quantizing ...
time 0.32
error 59139.984375
13 self_attn.q_proj
Quantizing ...
time 0.32
error 83478.9453125
13 self_attn.out_proj
Quantizing ...
time 0.32
error 4024.804931640625
13 fc1
Quantizing ...
time 0.32
error 271245.5
13 fc2
Quantizing ...
time 1.29
error 12409.3681640625
14 self_attn.k_proj
Quantizing ...
time 0.33
error 86630.5390625
14 self_attn.v_proj
Quantizing ...
time 0.32
error 62769.875
14 self_attn.q_proj
Quantizing ...
time 0.32
error 86993.875
14 self_attn.out_proj
Quantizing ...
time 0.32
error 2806.283203125
14 fc1
Quantizing ...
time 0.32
error 270835.59375
14 fc2
Quantizing ...
time 1.29
error 11172.134765625
15 self_attn.k_proj
Quantizing ...
time 0.33
error 87156.765625
15 self_attn.v_proj
Quantizing ...
time 0.32
error 59001.51953125
15 self_attn.q_proj
Quantizing ...
time 0.32
error 86623.65625
15 self_attn.out_proj
Quantizing ...
time 0.32
error 2222.67041015625
15 fc1
Quantizing ...
time 0.32
error 268669.8125
15 fc2
Quantizing ...
time 1.30
error 10599.1533203125
16 self_attn.k_proj
Quantizing ...
time 0.33
error 85546.6953125
16 self_attn.v_proj
Quantizing ...
time 0.32
error 63688.90625
16 self_attn.q_proj
Quantizing ...
time 0.32
error 88211.015625
16 self_attn.out_proj
Quantizing ...
time 0.32
error 2732.784912109375
16 fc1
Quantizing ...
time 0.35
error 264246.3125
16 fc2
Quantizing ...
time 1.40
error 10422.52734375
17 self_attn.k_proj
Quantizing ...
time 0.33
error 82713.546875
17 self_attn.v_proj
Quantizing ...
time 0.32
error 60880.25
17 self_attn.q_proj
Quantizing ...
time 0.32
error 86634.53125
17 self_attn.out_proj
Quantizing ...
time 0.32
error 1769.32373046875
17 fc1
Quantizing ...
time 0.32
error 258153.5625
17 fc2
Quantizing ...
time 1.29
error 9751.552734375
18 self_attn.k_proj
Quantizing ...
time 0.32
error 79467.984375
18 self_attn.v_proj
Quantizing ...
time 0.32
error 59001.73828125
18 self_attn.q_proj
Quantizing ...
time 0.32
error 85192.96875
18 self_attn.out_proj
Quantizing ...
time 0.32
error 1423.809326171875
18 fc1
Quantizing ...
time 0.33
error 247263.921875
18 fc2
Quantizing ...
time 1.28
error 9062.8515625
19 self_attn.k_proj
Quantizing ...
time 0.32
error 78407.3203125
19 self_attn.v_proj
Quantizing ...
time 0.32
error 51019.79296875
19 self_attn.q_proj
Quantizing ...
time 0.32
error 84745.0859375
19 self_attn.out_proj
Quantizing ...
time 0.32
error 2455.7724609375
19 fc1
Quantizing ...
time 0.32
error 231964.6875
19 fc2
Quantizing ...
time 1.30
error 8637.31640625
20 self_attn.k_proj
Quantizing ...
time 0.37
error 83583.234375
20 self_attn.v_proj
Quantizing ...
time 0.32
error 45919.6640625
20 self_attn.q_proj
Quantizing ...
time 0.32
error 84586.390625
20 self_attn.out_proj
Quantizing ...
time 0.32
error 3768.94189453125
20 fc1
Quantizing ...
time 0.32
error 235788.1875
20 fc2
Quantizing ...
time 1.28
error 9724.599609375
21 self_attn.k_proj
Quantizing ...
time 0.32
error 86512.1015625
21 self_attn.v_proj
Quantizing ...
time 0.32
error 45886.1953125
21 self_attn.q_proj
Quantizing ...
time 0.34
error 88089.875
21 self_attn.out_proj
Quantizing ...
time 0.32
error 3921.226806640625
21 fc1
Quantizing ...
time 0.32
error 234419.34375
21 fc2
Quantizing ...
time 1.28
error 13265.2900390625
22 self_attn.k_proj
Quantizing ...
time 0.33
error 110305.703125
22 self_attn.v_proj
Quantizing ...
time 0.32
error 49481.078125
22 self_attn.q_proj
Quantizing ...
time 0.32
error 99757.5625
22 self_attn.out_proj
Quantizing ...
time 0.33
error 7365.14697265625
22 fc1
Quantizing ...
time 0.32
error 220211.203125
22 fc2
Quantizing ...
time 1.34
error 15240.041015625
23 self_attn.k_proj
Quantizing ...
time 0.33
error 91225.6015625
23 self_attn.v_proj
Quantizing ...
time 0.32
error 66054.9296875
23 self_attn.q_proj
Quantizing ...
time 0.32
error 88108.4375
23 self_attn.out_proj
Quantizing ...
time 0.32
error 7154.1376953125
23 fc1
Quantizing ...
time 0.32
error 178956.609375
23 fc2
Quantizing ...
time 1.42
error 13848.142578125
112.87248229980469
wikitext2
Evaluating ...
0
1
2
3
4
5
6
7
8
9
10
11
12
13
14
15
16
17
18
19
20
21
22
23
33.84783172607422
ptb-new
Evaluating ...
0
1
2
3
4
5
6
7
8
9
10
11
12
13
14
15
16
17
18
19
20
21
22
23
45.94759750366211
c4-new
Evaluating ...
0
1
2
3
4
5
6
7
8
9
10
11
12
13
14
15
16
17
18
19
20
21
22
23
31.32689666748047
