CUDA extension not installed.
Starting ...
Ready.
0 self_attention.query_key_value
Quantizing ...
time 0.91
error 30304.5
0 self_attention.dense
Quantizing ...
time 0.51
error 122.64607238769531
0 mlp.dense_h_to_4h
Quantizing ...
time 0.51
error 21374.63671875
0 mlp.dense_4h_to_h
Quantizing ...
time 2.04
error 816.0265502929688
1 self_attention.query_key_value
Quantizing ...
time 0.86
error 37386.8515625
1 self_attention.dense
Quantizing ...
time 0.51
error 144.38055419921875
1 mlp.dense_h_to_4h
Quantizing ...
time 0.51
error 40110.22265625
1 mlp.dense_4h_to_h
Quantizing ...
time 2.09
error 1536.7587890625
2 self_attention.query_key_value
Quantizing ...
time 0.83
error 43114.953125
2 self_attention.dense
Quantizing ...
time 0.48
error 167.39505004882812
2 mlp.dense_h_to_4h
Quantizing ...
time 0.49
error 48627.8515625
2 mlp.dense_4h_to_h
Quantizing ...
time 2.02
error 2014.908203125
3 self_attention.query_key_value
Quantizing ...
time 0.83
error 38889.421875
3 self_attention.dense
Quantizing ...
time 0.48
error 271.5943603515625
3 mlp.dense_h_to_4h
Quantizing ...
time 0.49
error 47631.98046875
3 mlp.dense_4h_to_h
Quantizing ...
time 2.04
error 2833.572265625
4 self_attention.query_key_value
Quantizing ...
time 0.86
error 38364.3984375
4 self_attention.dense
Quantizing ...
time 0.51
error 302.82965087890625
4 mlp.dense_h_to_4h
Quantizing ...
time 0.51
error 27967.12890625
4 mlp.dense_4h_to_h
Quantizing ...
time 2.13
error 1756.415283203125
5 self_attention.query_key_value
Quantizing ...
time 0.92
error 49977.77734375
5 self_attention.dense
Quantizing ...
time 0.52
error 386.0
5 mlp.dense_h_to_4h
Quantizing ...
time 0.52
error 26542.603515625
5 mlp.dense_4h_to_h
Quantizing ...
time 2.04
error 1469.5369873046875
6 self_attention.query_key_value
Quantizing ...
time 0.86
error 59095.5546875
6 self_attention.dense
Quantizing ...
time 0.50
error 522.7841796875
6 mlp.dense_h_to_4h
Quantizing ...
time 0.51
error 35077.03125
6 mlp.dense_4h_to_h
Quantizing ...
time 2.10
error 1747.0137939453125
7 self_attention.query_key_value
Quantizing ...
time 0.86
error 67846.7421875
7 self_attention.dense
Quantizing ...
time 0.52
error 593.299072265625
7 mlp.dense_h_to_4h
Quantizing ...
time 0.52
error 59443.203125
7 mlp.dense_4h_to_h
Quantizing ...
time 2.09
error 2844.616455078125
8 self_attention.query_key_value
Quantizing ...
time 0.86
error 85627.625
8 self_attention.dense
Quantizing ...
time 0.51
error 564.8062133789062
8 mlp.dense_h_to_4h
Quantizing ...
time 0.52
error 24763.87890625
8 mlp.dense_4h_to_h
Quantizing ...
time 2.11
error 1369.6156005859375
9 self_attention.query_key_value
Quantizing ...
time 0.86
error 84415.390625
9 self_attention.dense
Quantizing ...
time 0.51
error 579.7340698242188
9 mlp.dense_h_to_4h
Quantizing ...
time 0.52
error 31196.359375
9 mlp.dense_4h_to_h
Quantizing ...
time 2.08
error 1738.808349609375
10 self_attention.query_key_value
Quantizing ...
time 0.95
error 83656.765625
10 self_attention.dense
Quantizing ...
time 0.51
error 659.1727294921875
10 mlp.dense_h_to_4h
Quantizing ...
time 0.52
error 31399.927734375
10 mlp.dense_4h_to_h
Quantizing ...
time 2.08
error 1538.405517578125
11 self_attention.query_key_value
Quantizing ...
time 0.86
error 104023.5703125
11 self_attention.dense
Quantizing ...
time 0.50
error 611.0760498046875
11 mlp.dense_h_to_4h
Quantizing ...
time 0.51
error 60664.98046875
11 mlp.dense_4h_to_h
Quantizing ...
time 2.10
error 2687.4130859375
12 self_attention.query_key_value
Quantizing ...
time 0.86
error 104510.140625
12 self_attention.dense
Quantizing ...
time 0.51
error 639.0692138671875
12 mlp.dense_h_to_4h
Quantizing ...
time 0.51
error 66971.203125
12 mlp.dense_4h_to_h
Quantizing ...
time 2.03
error 2775.739501953125
13 self_attention.query_key_value
Quantizing ...
time 0.86
error 100279.578125
13 self_attention.dense
Quantizing ...
time 0.51
error 651.3074340820312
13 mlp.dense_h_to_4h
Quantizing ...
time 0.52
error 69907.609375
13 mlp.dense_4h_to_h
Quantizing ...
time 2.05
error 2815.36328125
14 self_attention.query_key_value
Quantizing ...
time 0.86
error 94760.4375
14 self_attention.dense
Quantizing ...
time 0.51
error 623.7093505859375
14 mlp.dense_h_to_4h
Quantizing ...
time 0.52
error 68397.796875
14 mlp.dense_4h_to_h
Quantizing ...
time 2.06
error 2889.546142578125
15 self_attention.query_key_value
Quantizing ...
time 0.86
error 104464.265625
15 self_attention.dense
Quantizing ...
time 0.50
error 631.409912109375
15 mlp.dense_h_to_4h
Quantizing ...
time 0.52
error 68113.0625
15 mlp.dense_4h_to_h
Quantizing ...
time 2.06
error 3269.425048828125
16 self_attention.query_key_value
Quantizing ...
time 0.86
error 108099.203125
16 self_attention.dense
Quantizing ...
time 0.52
error 713.4932861328125
16 mlp.dense_h_to_4h
Quantizing ...
time 0.52
error 69491.6875
16 mlp.dense_4h_to_h
Quantizing ...
time 2.12
error 4395.19873046875
17 self_attention.query_key_value
Quantizing ...
time 0.87
error 109047.0
17 self_attention.dense
Quantizing ...
time 0.52
error 848.5040893554688
17 mlp.dense_h_to_4h
Quantizing ...
time 0.51
error 73016.046875
17 mlp.dense_4h_to_h
Quantizing ...
time 2.11
error 5730.8818359375
18 self_attention.query_key_value
Quantizing ...
time 0.87
error 114657.7421875
18 self_attention.dense
Quantizing ...
time 0.52
error 1166.2122802734375
18 mlp.dense_h_to_4h
Quantizing ...
time 0.52
error 76649.1953125
18 mlp.dense_4h_to_h
Quantizing ...
time 2.03
error 7704.5419921875
19 self_attention.query_key_value
Quantizing ...
time 0.86
error 122887.328125
19 self_attention.dense
Quantizing ...
time 0.51
error 1610.464599609375
19 mlp.dense_h_to_4h
Quantizing ...
time 0.51
error 81307.1875
19 mlp.dense_4h_to_h
Quantizing ...
time 2.10
error 11664.291015625
20 self_attention.query_key_value
Quantizing ...
time 0.86
error 126076.28125
20 self_attention.dense
Quantizing ...
time 0.51
error 2068.380859375
20 mlp.dense_h_to_4h
Quantizing ...
time 0.59
error 90868.5078125
20 mlp.dense_4h_to_h
Quantizing ...
time 2.10
error 16882.193359375
21 self_attention.query_key_value
Quantizing ...
time 0.86
error 138897.59375
21 self_attention.dense
Quantizing ...
time 0.52
error 3587.772216796875
21 mlp.dense_h_to_4h
Quantizing ...
time 0.51
error 95323.6484375
21 mlp.dense_4h_to_h
Quantizing ...
time 2.11
error 22699.0625
22 self_attention.query_key_value
Quantizing ...
time 0.87
error 94730.71875
22 self_attention.dense
Quantizing ...
time 0.50
error 2634.12890625
22 mlp.dense_h_to_4h
Quantizing ...
time 0.51
error 102965.140625
22 mlp.dense_4h_to_h
Quantizing ...
time 2.08
error 22257.896484375
23 self_attention.query_key_value
Quantizing ...
time 0.86
error 80276.375
23 self_attention.dense
Quantizing ...
time 0.51
error 1092.8997802734375
23 mlp.dense_h_to_4h
Quantizing ...
time 0.52
error 90450.65625
23 mlp.dense_4h_to_h
Quantizing ...
time 2.11
error 13043.75
158.02061557769775
wikitext2
Evaluation...
0
1
2
3
4
5
6
7
8
9
10
11
12
13
14
15
16
17
18
19
20
21
22
23
18.857219696044922
ptb-new
Evaluation...
0
1
2
3
4
5
6
7
8
9
10
11
12
13
14
15
16
17
18
19
20
21
22
23
63.3125
c4-new
Evaluation...
0
1
2
3
4
5
6
7
8
9
10
11
12
13
14
15
16
17
18
19
20
21
22
23
23.2352352142334
