CUDA extension not installed.
Starting ...
Ready.
0 self_attention.query_key_value
Quantizing ...
time 0.93
error 639061.0
0 self_attention.dense
Quantizing ...
time 0.53
error 2695.677001953125
0 mlp.dense_h_to_4h
Quantizing ...
time 0.53
error 477112.625
0 mlp.dense_4h_to_h
Quantizing ...
time 2.11
error 15523.9921875
1 self_attention.query_key_value
Quantizing ...
time 0.87
error 917461.75
1 self_attention.dense
Quantizing ...
time 0.52
error 2772.537841796875
1 mlp.dense_h_to_4h
Quantizing ...
time 0.52
error 989560.0
1 mlp.dense_4h_to_h
Quantizing ...
time 2.14
error 26068.130859375
2 self_attention.query_key_value
Quantizing ...
time 0.87
error 1133463.375
2 self_attention.dense
Quantizing ...
time 0.52
error 3123.2109375
2 mlp.dense_h_to_4h
Quantizing ...
time 0.53
error 1273865.125
2 mlp.dense_4h_to_h
Quantizing ...
time 2.24
error 32130.67578125
3 self_attention.query_key_value
Quantizing ...
time 0.86
error 1065915.875
3 self_attention.dense
Quantizing ...
time 0.52
error 4506.8681640625
3 mlp.dense_h_to_4h
Quantizing ...
time 0.51
error 1325880.125
3 mlp.dense_4h_to_h
Quantizing ...
time 2.09
error 47769.7265625
4 self_attention.query_key_value
Quantizing ...
time 0.86
error 1121281.5
4 self_attention.dense
Quantizing ...
time 0.51
error 5435.39599609375
4 mlp.dense_h_to_4h
Quantizing ...
time 0.51
error 783286.3125
4 mlp.dense_4h_to_h
Quantizing ...
time 2.10
error 29941.78515625
5 self_attention.query_key_value
Quantizing ...
time 0.86
error 1446177.0
5 self_attention.dense
Quantizing ...
time 0.51
error 7313.2392578125
5 mlp.dense_h_to_4h
Quantizing ...
time 0.51
error 724999.375
5 mlp.dense_4h_to_h
Quantizing ...
time 2.10
error 25060.72265625
6 self_attention.query_key_value
Quantizing ...
time 0.87
error 1612187.375
6 self_attention.dense
Quantizing ...
time 0.52
error 8779.41015625
6 mlp.dense_h_to_4h
Quantizing ...
time 0.52
error 954757.625
6 mlp.dense_4h_to_h
Quantizing ...
time 2.12
error 28273.326171875
7 self_attention.query_key_value
Quantizing ...
time 0.86
error 1766776.875
7 self_attention.dense
Quantizing ...
time 0.52
error 11119.185546875
7 mlp.dense_h_to_4h
Quantizing ...
time 0.52
error 1590090.0
7 mlp.dense_4h_to_h
Quantizing ...
time 2.10
error 43695.1953125
8 self_attention.query_key_value
Quantizing ...
time 0.87
error 2250988.0
8 self_attention.dense
Quantizing ...
time 0.51
error 9690.353515625
8 mlp.dense_h_to_4h
Quantizing ...
time 0.52
error 669351.125
8 mlp.dense_4h_to_h
Quantizing ...
time 2.11
error 23176.921875
9 self_attention.query_key_value
Quantizing ...
time 0.87
error 2184771.5
9 self_attention.dense
Quantizing ...
time 0.52
error 10005.990234375
9 mlp.dense_h_to_4h
Quantizing ...
time 0.52
error 798052.625
9 mlp.dense_4h_to_h
Quantizing ...
time 2.16
error 24653.369140625
10 self_attention.query_key_value
Quantizing ...
time 0.87
error 2022113.125
10 self_attention.dense
Quantizing ...
time 0.52
error 10166.2109375
10 mlp.dense_h_to_4h
Quantizing ...
time 0.53
error 817247.875
10 mlp.dense_4h_to_h
Quantizing ...
time 2.10
error 22230.6484375
11 self_attention.query_key_value
Quantizing ...
time 0.87
error 2527219.25
11 self_attention.dense
Quantizing ...
time 0.52
error 9847.353515625
11 mlp.dense_h_to_4h
Quantizing ...
time 0.52
error 1568169.5
11 mlp.dense_4h_to_h
Quantizing ...
time 2.07
error 36283.44921875
12 self_attention.query_key_value
Quantizing ...
time 0.87
error 2477340.5
12 self_attention.dense
Quantizing ...
time 0.52
error 9724.9921875
12 mlp.dense_h_to_4h
Quantizing ...
time 0.52
error 1711664.25
12 mlp.dense_4h_to_h
Quantizing ...
time 2.14
error 37142.03125
13 self_attention.query_key_value
Quantizing ...
time 0.86
error 2350656.0
13 self_attention.dense
Quantizing ...
time 0.52
error 9621.515625
13 mlp.dense_h_to_4h
Quantizing ...
time 0.52
error 1765291.25
13 mlp.dense_4h_to_h
Quantizing ...
time 2.11
error 35387.1328125
14 self_attention.query_key_value
Quantizing ...
time 0.87
error 2188771.5
14 self_attention.dense
Quantizing ...
time 0.52
error 7778.8642578125
14 mlp.dense_h_to_4h
Quantizing ...
time 0.52
error 1648253.75
14 mlp.dense_4h_to_h
Quantizing ...
time 2.12
error 36899.953125
15 self_attention.query_key_value
Quantizing ...
time 0.87
error 2301898.0
15 self_attention.dense
Quantizing ...
time 0.52
error 7817.43505859375
15 mlp.dense_h_to_4h
Quantizing ...
time 0.53
error 1641046.75
15 mlp.dense_4h_to_h
Quantizing ...
time 2.14
error 42342.96875
16 self_attention.query_key_value
Quantizing ...
time 0.87
error 2314089.0
16 self_attention.dense
Quantizing ...
time 0.52
error 8206.224609375
16 mlp.dense_h_to_4h
Quantizing ...
time 0.53
error 1601733.5
16 mlp.dense_4h_to_h
Quantizing ...
time 2.12
error 52196.75
17 self_attention.query_key_value
Quantizing ...
time 0.87
error 2217145.75
17 self_attention.dense
Quantizing ...
time 0.52
error 11099.533203125
17 mlp.dense_h_to_4h
Quantizing ...
time 0.52
error 1652668.125
17 mlp.dense_4h_to_h
Quantizing ...
time 2.11
error 61125.13671875
18 self_attention.query_key_value
Quantizing ...
time 0.86
error 2344801.5
18 self_attention.dense
Quantizing ...
time 0.52
error 15477.76953125
18 mlp.dense_h_to_4h
Quantizing ...
time 0.52
error 1712018.375
18 mlp.dense_4h_to_h
Quantizing ...
time 2.07
error 74977.71875
19 self_attention.query_key_value
Quantizing ...
time 0.87
error 2429451.75
19 self_attention.dense
Quantizing ...
time 0.52
error 29055.328125
19 mlp.dense_h_to_4h
Quantizing ...
time 0.52
error 1680105.25
19 mlp.dense_4h_to_h
Quantizing ...
time 2.06
error 86006.5546875
20 self_attention.query_key_value
Quantizing ...
time 0.87
error 2348314.25
20 self_attention.dense
Quantizing ...
time 0.52
error 32119.455078125
20 mlp.dense_h_to_4h
Quantizing ...
time 0.52
error 1750678.0
20 mlp.dense_4h_to_h
Quantizing ...
time 2.08
error 107313.0390625
21 self_attention.query_key_value
Quantizing ...
time 0.86
error 2389385.5
21 self_attention.dense
Quantizing ...
time 0.52
error 39898.9765625
21 mlp.dense_h_to_4h
Quantizing ...
time 0.52
error 1482018.25
21 mlp.dense_4h_to_h
Quantizing ...
time 2.10
error 115800.3515625
22 self_attention.query_key_value
Quantizing ...
time 0.96
error 1676780.625
22 self_attention.dense
Quantizing ...
time 0.52
error 29031.75390625
22 mlp.dense_h_to_4h
Quantizing ...
time 0.52
error 1558712.0
22 mlp.dense_4h_to_h
Quantizing ...
time 2.09
error 143150.640625
23 self_attention.query_key_value
Quantizing ...
time 0.86
error 1370967.75
23 self_attention.dense
Quantizing ...
time 0.52
error 13971.556640625
23 mlp.dense_h_to_4h
Quantizing ...
time 0.52
error 1455654.375
23 mlp.dense_4h_to_h
Quantizing ...
time 2.09
error 109979.5703125
159.39232730865479
wikitext2
Evaluation...
0
1
2
3
4
5
6
7
8
9
10
11
12
13
14
15
16
17
18
19
20
21
22
23
2705.9677734375
ptb-new
Evaluation...
0
1
2
3
4
5
6
7
8
9
10
11
12
13
14
15
16
17
18
19
20
21
22
23
3302.84375
c4-new
Evaluation...
0
1
2
3
4
5
6
7
8
9
10
11
12
13
14
15
16
17
18
19
20
21
22
23
769.3558349609375
