CUDA extension not installed.
Starting ...
Ready.
0 self_attention.query_key_value
Quantizing ...
time 0.91
error 134106.46875
0 self_attention.dense
Quantizing ...
time 0.50
error 549.04248046875
0 mlp.dense_h_to_4h
Quantizing ...
time 0.50
error 96587.8671875
0 mlp.dense_4h_to_h
Quantizing ...
time 2.10
error 3471.93017578125
1 self_attention.query_key_value
Quantizing ...
time 0.83
error 172543.609375
1 self_attention.dense
Quantizing ...
time 0.49
error 630.8947143554688
1 mlp.dense_h_to_4h
Quantizing ...
time 0.50
error 185128.359375
1 mlp.dense_4h_to_h
Quantizing ...
time 2.01
error 6563.27294921875
2 self_attention.query_key_value
Quantizing ...
time 0.84
error 201376.0625
2 self_attention.dense
Quantizing ...
time 0.49
error 731.0912475585938
2 mlp.dense_h_to_4h
Quantizing ...
time 0.49
error 226521.0625
2 mlp.dense_4h_to_h
Quantizing ...
time 2.01
error 8472.4462890625
3 self_attention.query_key_value
Quantizing ...
time 0.84
error 184064.90625
3 self_attention.dense
Quantizing ...
time 0.49
error 1140.53857421875
3 mlp.dense_h_to_4h
Quantizing ...
time 0.49
error 225781.375
3 mlp.dense_4h_to_h
Quantizing ...
time 2.01
error 12196.958984375
4 self_attention.query_key_value
Quantizing ...
time 0.83
error 184835.03125
4 self_attention.dense
Quantizing ...
time 0.49
error 1282.856201171875
4 mlp.dense_h_to_4h
Quantizing ...
time 0.49
error 133571.5
4 mlp.dense_4h_to_h
Quantizing ...
time 2.02
error 7451.43310546875
5 self_attention.query_key_value
Quantizing ...
time 0.83
error 239941.046875
5 self_attention.dense
Quantizing ...
time 0.48
error 1707.7457275390625
5 mlp.dense_h_to_4h
Quantizing ...
time 0.49
error 125604.1875
5 mlp.dense_4h_to_h
Quantizing ...
time 2.01
error 6260.0
6 self_attention.query_key_value
Quantizing ...
time 0.83
error 278139.78125
6 self_attention.dense
Quantizing ...
time 0.48
error 2256.615478515625
6 mlp.dense_h_to_4h
Quantizing ...
time 0.49
error 165454.65625
6 mlp.dense_4h_to_h
Quantizing ...
time 2.01
error 7413.31005859375
7 self_attention.query_key_value
Quantizing ...
time 0.84
error 310804.4375
7 self_attention.dense
Quantizing ...
time 0.49
error 2666.847412109375
7 mlp.dense_h_to_4h
Quantizing ...
time 0.50
error 280059.8125
7 mlp.dense_4h_to_h
Quantizing ...
time 2.00
error 12407.263671875
8 self_attention.query_key_value
Quantizing ...
time 0.83
error 395000.5625
8 self_attention.dense
Quantizing ...
time 0.50
error 2464.17822265625
8 mlp.dense_h_to_4h
Quantizing ...
time 0.48
error 116773.78125
8 mlp.dense_4h_to_h
Quantizing ...
time 1.99
error 6108.0751953125
9 self_attention.query_key_value
Quantizing ...
time 0.83
error 388542.90625
9 self_attention.dense
Quantizing ...
time 0.50
error 2659.902099609375
9 mlp.dense_h_to_4h
Quantizing ...
time 0.48
error 142366.640625
9 mlp.dense_4h_to_h
Quantizing ...
time 2.00
error 7211.6689453125
10 self_attention.query_key_value
Quantizing ...
time 0.83
error 369814.6875
10 self_attention.dense
Quantizing ...
time 0.49
error 2817.99853515625
10 mlp.dense_h_to_4h
Quantizing ...
time 0.51
error 145057.640625
10 mlp.dense_4h_to_h
Quantizing ...
time 2.10
error 6441.6875
11 self_attention.query_key_value
Quantizing ...
time 0.81
error 468650.78125
11 self_attention.dense
Quantizing ...
time 0.50
error 2501.00732421875
11 mlp.dense_h_to_4h
Quantizing ...
time 0.49
error 280228.90625
11 mlp.dense_4h_to_h
Quantizing ...
time 2.01
error 11064.423828125
12 self_attention.query_key_value
Quantizing ...
time 0.84
error 470505.65625
12 self_attention.dense
Quantizing ...
time 0.51
error 2598.0361328125
12 mlp.dense_h_to_4h
Quantizing ...
time 0.49
error 307534.0625
12 mlp.dense_4h_to_h
Quantizing ...
time 2.01
error 11640.09375
13 self_attention.query_key_value
Quantizing ...
time 0.83
error 450924.875
13 self_attention.dense
Quantizing ...
time 0.50
error 2577.123046875
13 mlp.dense_h_to_4h
Quantizing ...
time 0.49
error 318906.9375
13 mlp.dense_4h_to_h
Quantizing ...
time 2.02
error 11558.00390625
14 self_attention.query_key_value
Quantizing ...
time 0.84
error 421534.375
14 self_attention.dense
Quantizing ...
time 0.50
error 2290.80419921875
14 mlp.dense_h_to_4h
Quantizing ...
time 0.49
error 306875.4375
14 mlp.dense_4h_to_h
Quantizing ...
time 2.09
error 11637.171875
15 self_attention.query_key_value
Quantizing ...
time 0.85
error 461288.625
15 self_attention.dense
Quantizing ...
time 0.48
error 2469.34423828125
15 mlp.dense_h_to_4h
Quantizing ...
time 0.49
error 303734.4375
15 mlp.dense_4h_to_h
Quantizing ...
time 2.00
error 13340.3544921875
16 self_attention.query_key_value
Quantizing ...
time 0.83
error 470756.625
16 self_attention.dense
Quantizing ...
time 0.49
error 2756.43505859375
16 mlp.dense_h_to_4h
Quantizing ...
time 0.49
error 307570.28125
16 mlp.dense_4h_to_h
Quantizing ...
time 2.03
error 17300.060546875
17 self_attention.query_key_value
Quantizing ...
time 0.84
error 468543.96875
17 self_attention.dense
Quantizing ...
time 0.49
error 3186.969970703125
17 mlp.dense_h_to_4h
Quantizing ...
time 0.49
error 324473.15625
17 mlp.dense_4h_to_h
Quantizing ...
time 1.98
error 22470.92578125
18 self_attention.query_key_value
Quantizing ...
time 0.84
error 494692.625
18 self_attention.dense
Quantizing ...
time 0.49
error 4538.4375
18 mlp.dense_h_to_4h
Quantizing ...
time 0.51
error 340454.125
18 mlp.dense_4h_to_h
Quantizing ...
time 1.98
error 29456.16015625
19 self_attention.query_key_value
Quantizing ...
time 0.83
error 537291.8125
19 self_attention.dense
Quantizing ...
time 0.51
error 6955.4833984375
19 mlp.dense_h_to_4h
Quantizing ...
time 0.48
error 363356.875
19 mlp.dense_4h_to_h
Quantizing ...
time 2.09
error 42232.10546875
20 self_attention.query_key_value
Quantizing ...
time 0.87
error 555065.125
20 self_attention.dense
Quantizing ...
time 0.52
error 9395.62890625
20 mlp.dense_h_to_4h
Quantizing ...
time 0.53
error 403768.25
20 mlp.dense_4h_to_h
Quantizing ...
time 2.09
error 57738.96875
21 self_attention.query_key_value
Quantizing ...
time 0.85
error 602946.8125
21 self_attention.dense
Quantizing ...
time 0.51
error 12880.7578125
21 mlp.dense_h_to_4h
Quantizing ...
time 0.50
error 404730.6875
21 mlp.dense_4h_to_h
Quantizing ...
time 2.11
error 73989.15625
22 self_attention.query_key_value
Quantizing ...
time 0.84
error 423487.875
22 self_attention.dense
Quantizing ...
time 0.49
error 10075.44921875
22 mlp.dense_h_to_4h
Quantizing ...
time 0.51
error 437851.375
22 mlp.dense_4h_to_h
Quantizing ...
time 2.00
error 77115.546875
23 self_attention.query_key_value
Quantizing ...
time 0.84
error 351826.625
23 self_attention.dense
Quantizing ...
time 0.48
error 4204.2080078125
23 mlp.dense_h_to_4h
Quantizing ...
time 0.49
error 390787.6875
23 mlp.dense_4h_to_h
Quantizing ...
time 2.14
error 46472.765625
155.37592792510986
wikitext2
Evaluation...
0
1
2
3
4
5
6
7
8
9
10
11
12
13
14
15
16
17
18
19
20
21
22
23
24.92845916748047
ptb-new
Evaluation...
0
1
2
3
4
5
6
7
8
9
10
11
12
13
14
15
16
17
18
19
20
21
22
23
86.84576416015625
c4-new
Evaluation...
0
1
2
3
4
5
6
7
8
9
10
11
12
13
14
15
16
17
18
19
20
21
22
23
28.756444931030273
