CUDA extension not installed.
Starting ...
Ready.
0 self_attention.query_key_value
Quantizing ...
time 1.31
error 239732.0
0 self_attention.dense
Quantizing ...
time 0.69
error 1270.95458984375
0 mlp.dense_h_to_4h
Quantizing ...
time 0.69
error 100682.875
0 mlp.dense_4h_to_h
Quantizing ...
time 2.91
error 6349.0107421875
1 self_attention.query_key_value
Quantizing ...
time 1.26
error 281736.3125
1 self_attention.dense
Quantizing ...
time 0.69
error 1491.5438232421875
1 mlp.dense_h_to_4h
Quantizing ...
time 0.69
error 238455.53125
1 mlp.dense_4h_to_h
Quantizing ...
time 2.90
error 14178.365234375
2 self_attention.query_key_value
Quantizing ...
time 1.25
error 261950.953125
2 self_attention.dense
Quantizing ...
time 0.69
error 1772.93115234375
2 mlp.dense_h_to_4h
Quantizing ...
time 0.69
error 226407.421875
2 mlp.dense_4h_to_h
Quantizing ...
time 2.90
error 16636.50390625
3 self_attention.query_key_value
Quantizing ...
time 1.25
error 247736.71875
3 self_attention.dense
Quantizing ...
time 0.69
error 2478.666015625
3 mlp.dense_h_to_4h
Quantizing ...
time 0.69
error 157684.34375
3 mlp.dense_4h_to_h
Quantizing ...
time 2.91
error 12753.978515625
4 self_attention.query_key_value
Quantizing ...
time 1.26
error 271353.625
4 self_attention.dense
Quantizing ...
time 0.69
error 2547.868408203125
4 mlp.dense_h_to_4h
Quantizing ...
time 0.69
error 158183.796875
4 mlp.dense_4h_to_h
Quantizing ...
time 2.87
error 13053.2294921875
5 self_attention.query_key_value
Quantizing ...
time 1.26
error 296682.625
5 self_attention.dense
Quantizing ...
time 0.69
error 3002.0068359375
5 mlp.dense_h_to_4h
Quantizing ...
time 0.70
error 172455.09375
5 mlp.dense_4h_to_h
Quantizing ...
time 2.90
error 12085.7421875
6 self_attention.query_key_value
Quantizing ...
time 1.26
error 325511.8125
6 self_attention.dense
Quantizing ...
time 0.69
error 4410.53515625
6 mlp.dense_h_to_4h
Quantizing ...
time 0.70
error 200499.0625
6 mlp.dense_4h_to_h
Quantizing ...
time 2.93
error 15356.462890625
7 self_attention.query_key_value
Quantizing ...
time 1.25
error 300640.9375
7 self_attention.dense
Quantizing ...
time 0.69
error 4608.45703125
7 mlp.dense_h_to_4h
Quantizing ...
time 0.69
error 232649.828125
7 mlp.dense_4h_to_h
Quantizing ...
time 2.90
error 17947.7734375
8 self_attention.query_key_value
Quantizing ...
time 1.26
error 365974.96875
8 self_attention.dense
Quantizing ...
time 0.69
error 5548.986328125
8 mlp.dense_h_to_4h
Quantizing ...
time 0.70
error 291236.5625
8 mlp.dense_4h_to_h
Quantizing ...
time 2.91
error 22182.5859375
9 self_attention.query_key_value
Quantizing ...
time 1.26
error 410030.1875
9 self_attention.dense
Quantizing ...
time 0.69
error 5765.78125
9 mlp.dense_h_to_4h
Quantizing ...
time 0.69
error 329136.8125
9 mlp.dense_4h_to_h
Quantizing ...
time 2.88
error 24678.982421875
10 self_attention.query_key_value
Quantizing ...
time 1.26
error 441048.09375
10 self_attention.dense
Quantizing ...
time 0.69
error 4599.724609375
10 mlp.dense_h_to_4h
Quantizing ...
time 0.70
error 247030.328125
10 mlp.dense_4h_to_h
Quantizing ...
time 2.91
error 18261.556640625
11 self_attention.query_key_value
Quantizing ...
time 1.26
error 488867.75
11 self_attention.dense
Quantizing ...
time 0.69
error 5213.623046875
11 mlp.dense_h_to_4h
Quantizing ...
time 0.70
error 366737.25
11 mlp.dense_4h_to_h
Quantizing ...
time 2.91
error 24116.93359375
12 self_attention.query_key_value
Quantizing ...
time 1.26
error 438665.0625
12 self_attention.dense
Quantizing ...
time 0.70
error 5270.28515625
12 mlp.dense_h_to_4h
Quantizing ...
time 0.70
error 381811.125
12 mlp.dense_4h_to_h
Quantizing ...
time 2.90
error 25344.904296875
13 self_attention.query_key_value
Quantizing ...
time 1.26
error 499900.4375
13 self_attention.dense
Quantizing ...
time 0.69
error 5587.9716796875
13 mlp.dense_h_to_4h
Quantizing ...
time 0.69
error 389055.4375
13 mlp.dense_4h_to_h
Quantizing ...
time 2.89
error 26651.1171875
14 self_attention.query_key_value
Quantizing ...
time 1.31
error 542980.125
14 self_attention.dense
Quantizing ...
time 0.69
error 5586.91015625
14 mlp.dense_h_to_4h
Quantizing ...
time 0.78
error 395079.625
14 mlp.dense_4h_to_h
Quantizing ...
time 2.92
error 27463.279296875
15 self_attention.query_key_value
Quantizing ...
time 1.34
error 531678.375
15 self_attention.dense
Quantizing ...
time 0.69
error 5873.10986328125
15 mlp.dense_h_to_4h
Quantizing ...
time 0.70
error 393693.125
15 mlp.dense_4h_to_h
Quantizing ...
time 2.87
error 31960.27734375
16 self_attention.query_key_value
Quantizing ...
time 1.25
error 544486.0
16 self_attention.dense
Quantizing ...
time 0.69
error 8860.568359375
16 mlp.dense_h_to_4h
Quantizing ...
time 0.69
error 397727.125
16 mlp.dense_4h_to_h
Quantizing ...
time 2.91
error 39742.6171875
17 self_attention.query_key_value
Quantizing ...
time 1.25
error 536352.1875
17 self_attention.dense
Quantizing ...
time 0.69
error 9290.759765625
17 mlp.dense_h_to_4h
Quantizing ...
time 0.69
error 412975.5
17 mlp.dense_4h_to_h
Quantizing ...
time 2.89
error 54050.76953125
18 self_attention.query_key_value
Quantizing ...
time 1.25
error 570659.8125
18 self_attention.dense
Quantizing ...
time 0.69
error 13604.677734375
18 mlp.dense_h_to_4h
Quantizing ...
time 0.68
error 447684.21875
18 mlp.dense_4h_to_h
Quantizing ...
time 2.90
error 74237.0625
19 self_attention.query_key_value
Quantizing ...
time 1.25
error 557482.4375
19 self_attention.dense
Quantizing ...
time 0.68
error 14486.505859375
19 mlp.dense_h_to_4h
Quantizing ...
time 0.68
error 470441.5625
19 mlp.dense_4h_to_h
Quantizing ...
time 2.88
error 100738.828125
20 self_attention.query_key_value
Quantizing ...
time 1.26
error 526201.375
20 self_attention.dense
Quantizing ...
time 0.68
error 20002.01171875
20 mlp.dense_h_to_4h
Quantizing ...
time 0.70
error 495812.75
20 mlp.dense_4h_to_h
Quantizing ...
time 2.91
error 112777.96875
21 self_attention.query_key_value
Quantizing ...
time 1.26
error 570949.125
21 self_attention.dense
Quantizing ...
time 0.69
error 29862.3359375
21 mlp.dense_h_to_4h
Quantizing ...
time 0.70
error 506129.21875
21 mlp.dense_4h_to_h
Quantizing ...
time 2.89
error 128148.21875
22 self_attention.query_key_value
Quantizing ...
time 1.25
error 501035.75
22 self_attention.dense
Quantizing ...
time 0.68
error 23847.703125
22 mlp.dense_h_to_4h
Quantizing ...
time 0.69
error 497173.4375
22 mlp.dense_4h_to_h
Quantizing ...
time 2.86
error 153048.34375
23 self_attention.query_key_value
Quantizing ...
time 1.26
error 359741.46875
23 self_attention.dense
Quantizing ...
time 0.79
error 11005.73046875
23 mlp.dense_h_to_4h
Quantizing ...
time 0.69
error 469780.25
23 mlp.dense_4h_to_h
Quantizing ...
time 2.92
error 110984.046875
226.9708857536316
wikitext2
Evaluation...
0
1
2
3
4
5
6
7
8
9
10
11
12
13
14
15
16
17
18
19
20
21
22
23
21.118194580078125
ptb-new
Evaluation...
0
1
2
3
4
5
6
7
8
9
10
11
12
13
14
15
16
17
18
19
20
21
22
23
44.609214782714844
c4-new
Evaluation...
0
1
2
3
4
5
6
7
8
9
10
11
12
13
14
15
16
17
18
19
20
21
22
23
25.265762329101562
