CUDA extension not installed.
Starting ...
Ready.
0 self_attention.query_key_value
Quantizing ...
time 1.31
error 52607.01171875
0 self_attention.dense
Quantizing ...
time 0.70
error 288.778076171875
0 mlp.dense_h_to_4h
Quantizing ...
time 0.70
error 22254.392578125
0 mlp.dense_4h_to_h
Quantizing ...
time 2.91
error 1504.9755859375
1 self_attention.query_key_value
Quantizing ...
time 1.36
error 61275.43359375
1 self_attention.dense
Quantizing ...
time 0.67
error 337.78594970703125
1 mlp.dense_h_to_4h
Quantizing ...
time 0.68
error 51630.26171875
1 mlp.dense_4h_to_h
Quantizing ...
time 2.86
error 3320.0595703125
2 self_attention.query_key_value
Quantizing ...
time 1.24
error 55993.70703125
2 self_attention.dense
Quantizing ...
time 0.68
error 415.2694091796875
2 mlp.dense_h_to_4h
Quantizing ...
time 0.69
error 48428.12109375
2 mlp.dense_4h_to_h
Quantizing ...
time 2.87
error 3862.982421875
3 self_attention.query_key_value
Quantizing ...
time 1.24
error 52458.9375
3 self_attention.dense
Quantizing ...
time 0.68
error 587.651123046875
3 mlp.dense_h_to_4h
Quantizing ...
time 0.68
error 33376.82421875
3 mlp.dense_4h_to_h
Quantizing ...
time 2.86
error 3031.963623046875
4 self_attention.query_key_value
Quantizing ...
time 1.24
error 56714.015625
4 self_attention.dense
Quantizing ...
time 0.68
error 615.4224853515625
4 mlp.dense_h_to_4h
Quantizing ...
time 0.68
error 33247.05078125
4 mlp.dense_4h_to_h
Quantizing ...
time 2.85
error 2828.32275390625
5 self_attention.query_key_value
Quantizing ...
time 1.24
error 61866.09375
5 self_attention.dense
Quantizing ...
time 0.68
error 695.0931396484375
5 mlp.dense_h_to_4h
Quantizing ...
time 0.69
error 36355.0859375
5 mlp.dense_4h_to_h
Quantizing ...
time 2.88
error 2886.9521484375
6 self_attention.query_key_value
Quantizing ...
time 1.24
error 68125.203125
6 self_attention.dense
Quantizing ...
time 0.71
error 1020.535888671875
6 mlp.dense_h_to_4h
Quantizing ...
time 0.68
error 42765.23046875
6 mlp.dense_4h_to_h
Quantizing ...
time 2.90
error 3547.989990234375
7 self_attention.query_key_value
Quantizing ...
time 1.24
error 63086.4609375
7 self_attention.dense
Quantizing ...
time 0.67
error 1120.45751953125
7 mlp.dense_h_to_4h
Quantizing ...
time 0.67
error 49702.6328125
7 mlp.dense_4h_to_h
Quantizing ...
time 2.81
error 4112.3818359375
8 self_attention.query_key_value
Quantizing ...
time 1.24
error 77293.765625
8 self_attention.dense
Quantizing ...
time 0.67
error 1300.4307861328125
8 mlp.dense_h_to_4h
Quantizing ...
time 0.67
error 62264.47265625
8 mlp.dense_4h_to_h
Quantizing ...
time 2.86
error 5047.61328125
9 self_attention.query_key_value
Quantizing ...
time 1.23
error 87689.8125
9 self_attention.dense
Quantizing ...
time 0.66
error 1351.402587890625
9 mlp.dense_h_to_4h
Quantizing ...
time 0.67
error 70964.375
9 mlp.dense_4h_to_h
Quantizing ...
time 2.85
error 5712.5556640625
10 self_attention.query_key_value
Quantizing ...
time 1.23
error 94750.6796875
10 self_attention.dense
Quantizing ...
time 0.67
error 1097.7685546875
10 mlp.dense_h_to_4h
Quantizing ...
time 0.68
error 53557.6328125
10 mlp.dense_4h_to_h
Quantizing ...
time 2.85
error 4295.984375
11 self_attention.query_key_value
Quantizing ...
time 1.23
error 105895.421875
11 self_attention.dense
Quantizing ...
time 0.67
error 1281.5325927734375
11 mlp.dense_h_to_4h
Quantizing ...
time 0.69
error 79754.890625
11 mlp.dense_4h_to_h
Quantizing ...
time 2.87
error 5670.58154296875
12 self_attention.query_key_value
Quantizing ...
time 1.23
error 96104.078125
12 self_attention.dense
Quantizing ...
time 0.68
error 1348.307373046875
12 mlp.dense_h_to_4h
Quantizing ...
time 0.68
error 84070.546875
12 mlp.dense_4h_to_h
Quantizing ...
time 2.85
error 6081.484375
13 self_attention.query_key_value
Quantizing ...
time 1.23
error 109534.6953125
13 self_attention.dense
Quantizing ...
time 0.68
error 1474.4691162109375
13 mlp.dense_h_to_4h
Quantizing ...
time 0.68
error 85983.484375
13 mlp.dense_4h_to_h
Quantizing ...
time 2.85
error 6551.5751953125
14 self_attention.query_key_value
Quantizing ...
time 1.24
error 120347.40625
14 self_attention.dense
Quantizing ...
time 0.68
error 1519.6280517578125
14 mlp.dense_h_to_4h
Quantizing ...
time 0.68
error 87990.828125
14 mlp.dense_4h_to_h
Quantizing ...
time 2.85
error 6736.92919921875
15 self_attention.query_key_value
Quantizing ...
time 1.23
error 119027.296875
15 self_attention.dense
Quantizing ...
time 0.67
error 1634.764892578125
15 mlp.dense_h_to_4h
Quantizing ...
time 0.68
error 88295.046875
15 mlp.dense_4h_to_h
Quantizing ...
time 2.85
error 7966.994140625
16 self_attention.query_key_value
Quantizing ...
time 1.22
error 122842.09375
16 self_attention.dense
Quantizing ...
time 0.67
error 2369.080078125
16 mlp.dense_h_to_4h
Quantizing ...
time 0.68
error 89908.7421875
16 mlp.dense_4h_to_h
Quantizing ...
time 2.90
error 10111.7001953125
17 self_attention.query_key_value
Quantizing ...
time 1.23
error 120687.9453125
17 self_attention.dense
Quantizing ...
time 0.67
error 2404.0458984375
17 mlp.dense_h_to_4h
Quantizing ...
time 0.68
error 93141.21875
17 mlp.dense_4h_to_h
Quantizing ...
time 2.85
error 13776.509765625
18 self_attention.query_key_value
Quantizing ...
time 1.23
error 129000.7265625
18 self_attention.dense
Quantizing ...
time 0.67
error 3299.332275390625
18 mlp.dense_h_to_4h
Quantizing ...
time 0.67
error 101754.828125
18 mlp.dense_4h_to_h
Quantizing ...
time 2.87
error 19815.810546875
19 self_attention.query_key_value
Quantizing ...
time 1.23
error 127878.2421875
19 self_attention.dense
Quantizing ...
time 0.67
error 4004.93701171875
19 mlp.dense_h_to_4h
Quantizing ...
time 0.68
error 108902.328125
19 mlp.dense_4h_to_h
Quantizing ...
time 2.85
error 28571.263671875
20 self_attention.query_key_value
Quantizing ...
time 1.23
error 121551.3515625
20 self_attention.dense
Quantizing ...
time 0.67
error 4619.50439453125
20 mlp.dense_h_to_4h
Quantizing ...
time 0.69
error 118583.765625
20 mlp.dense_4h_to_h
Quantizing ...
time 2.88
error 34821.66796875
21 self_attention.query_key_value
Quantizing ...
time 1.23
error 132958.25
21 self_attention.dense
Quantizing ...
time 0.67
error 7719.50244140625
21 mlp.dense_h_to_4h
Quantizing ...
time 0.70
error 126885.078125
21 mlp.dense_4h_to_h
Quantizing ...
time 2.85
error 42606.01171875
22 self_attention.query_key_value
Quantizing ...
time 1.24
error 119698.71875
22 self_attention.dense
Quantizing ...
time 0.67
error 6891.94775390625
22 mlp.dense_h_to_4h
Quantizing ...
time 0.68
error 126362.328125
22 mlp.dense_4h_to_h
Quantizing ...
time 2.88
error 48998.6484375
23 self_attention.query_key_value
Quantizing ...
time 1.23
error 89320.875
23 self_attention.dense
Quantizing ...
time 0.67
error 3611.3056640625
23 mlp.dense_h_to_4h
Quantizing ...
time 0.68
error 118997.9296875
23 mlp.dense_4h_to_h
Quantizing ...
time 2.82
error 32973.55078125
225.84615635871887
wikitext2
Evaluation...
0
1
2
3
4
5
6
7
8
9
10
11
12
13
14
15
16
17
18
19
20
21
22
23
16.36157989501953
ptb-new
Evaluation...
0
1
2
3
4
5
6
7
8
9
10
11
12
13
14
15
16
17
18
19
20
21
22
23
32.493690490722656
c4-new
Evaluation...
0
1
2
3
4
5
6
7
8
9
10
11
12
13
14
15
16
17
18
19
20
21
22
23
20.58025360107422
