CUDA extension not installed.
Starting ...
Ready.
0 self_attention.query_key_value
Quantizing ...
time 1.32
error 1153411.0
0 self_attention.dense
Quantizing ...
time 0.70
error 6155.6904296875
0 mlp.dense_h_to_4h
Quantizing ...
time 0.71
error 510181.125
0 mlp.dense_4h_to_h
Quantizing ...
time 2.94
error 34209.62109375
1 self_attention.query_key_value
Quantizing ...
time 1.26
error 1511636.125
1 self_attention.dense
Quantizing ...
time 0.70
error 6398.818359375
1 mlp.dense_h_to_4h
Quantizing ...
time 0.70
error 1283133.875
1 mlp.dense_4h_to_h
Quantizing ...
time 3.26
error 61247.4453125
2 self_attention.query_key_value
Quantizing ...
time 1.26
error 1507268.0
2 self_attention.dense
Quantizing ...
time 0.69
error 7556.68212890625
2 mlp.dense_h_to_4h
Quantizing ...
time 0.69
error 1280030.125
2 mlp.dense_4h_to_h
Quantizing ...
time 2.95
error 66449.640625
3 self_attention.query_key_value
Quantizing ...
time 1.25
error 1470894.25
3 self_attention.dense
Quantizing ...
time 0.69
error 9595.931640625
3 mlp.dense_h_to_4h
Quantizing ...
time 0.67
error 930056.375
3 mlp.dense_4h_to_h
Quantizing ...
time 2.87
error 52567.03125
4 self_attention.query_key_value
Quantizing ...
time 1.25
error 1671635.0
4 self_attention.dense
Quantizing ...
time 0.68
error 10760.43359375
4 mlp.dense_h_to_4h
Quantizing ...
time 0.69
error 929096.625
4 mlp.dense_4h_to_h
Quantizing ...
time 2.88
error 49436.7890625
5 self_attention.query_key_value
Quantizing ...
time 1.25
error 1862550.375
5 self_attention.dense
Quantizing ...
time 0.69
error 12059.966796875
5 mlp.dense_h_to_4h
Quantizing ...
time 0.68
error 1026276.625
5 mlp.dense_4h_to_h
Quantizing ...
time 2.84
error 49803.2265625
6 self_attention.query_key_value
Quantizing ...
time 1.25
error 2051278.375
6 self_attention.dense
Quantizing ...
time 0.68
error 15590.3505859375
6 mlp.dense_h_to_4h
Quantizing ...
time 0.69
error 1179489.0
6 mlp.dense_4h_to_h
Quantizing ...
time 2.88
error 59370.4296875
7 self_attention.query_key_value
Quantizing ...
time 1.25
error 1883477.375
7 self_attention.dense
Quantizing ...
time 0.69
error 16868.32421875
7 mlp.dense_h_to_4h
Quantizing ...
time 0.69
error 1380456.125
7 mlp.dense_4h_to_h
Quantizing ...
time 2.88
error 68579.2890625
8 self_attention.query_key_value
Quantizing ...
time 1.25
error 2257625.0
8 self_attention.dense
Quantizing ...
time 0.69
error 18228.23828125
8 mlp.dense_h_to_4h
Quantizing ...
time 0.69
error 1771345.75
8 mlp.dense_4h_to_h
Quantizing ...
time 2.89
error 77857.015625
9 self_attention.query_key_value
Quantizing ...
time 1.26
error 2489648.5
9 self_attention.dense
Quantizing ...
time 0.69
error 18876.39453125
9 mlp.dense_h_to_4h
Quantizing ...
time 0.70
error 1959422.75
9 mlp.dense_4h_to_h
Quantizing ...
time 2.87
error 88066.5078125
10 self_attention.query_key_value
Quantizing ...
time 1.25
error 2609673.25
10 self_attention.dense
Quantizing ...
time 0.68
error 15413.982421875
10 mlp.dense_h_to_4h
Quantizing ...
time 0.69
error 1439985.375
10 mlp.dense_4h_to_h
Quantizing ...
time 2.83
error 68007.2265625
11 self_attention.query_key_value
Quantizing ...
time 1.25
error 2866201.75
11 self_attention.dense
Quantizing ...
time 0.68
error 16254.740234375
11 mlp.dense_h_to_4h
Quantizing ...
time 0.69
error 2085161.875
11 mlp.dense_4h_to_h
Quantizing ...
time 2.85
error 77279.84375
12 self_attention.query_key_value
Quantizing ...
time 1.26
error 2465642.25
12 self_attention.dense
Quantizing ...
time 0.68
error 15489.412109375
12 mlp.dense_h_to_4h
Quantizing ...
time 0.70
error 2107746.25
12 mlp.dense_4h_to_h
Quantizing ...
time 2.91
error 74515.6875
13 self_attention.query_key_value
Quantizing ...
time 1.25
error 2682295.0
13 self_attention.dense
Quantizing ...
time 0.67
error 17144.0
13 mlp.dense_h_to_4h
Quantizing ...
time 0.69
error 2058418.25
13 mlp.dense_4h_to_h
Quantizing ...
time 3.00
error 75334.0625
14 self_attention.query_key_value
Quantizing ...
time 1.25
error 2836742.0
14 self_attention.dense
Quantizing ...
time 0.69
error 15651.6552734375
14 mlp.dense_h_to_4h
Quantizing ...
time 0.67
error 2048723.625
14 mlp.dense_4h_to_h
Quantizing ...
time 2.81
error 75520.59375
15 self_attention.query_key_value
Quantizing ...
time 1.24
error 2654926.5
15 self_attention.dense
Quantizing ...
time 0.68
error 15115.310546875
15 mlp.dense_h_to_4h
Quantizing ...
time 0.69
error 1974986.25
15 mlp.dense_4h_to_h
Quantizing ...
time 2.87
error 82273.375
16 self_attention.query_key_value
Quantizing ...
time 1.25
error 2688627.75
16 self_attention.dense
Quantizing ...
time 0.68
error 20120.7421875
16 mlp.dense_h_to_4h
Quantizing ...
time 0.69
error 1973807.25
16 mlp.dense_4h_to_h
Quantizing ...
time 2.97
error 105136.1875
17 self_attention.query_key_value
Quantizing ...
time 1.26
error 2577295.0
17 self_attention.dense
Quantizing ...
time 0.69
error 23222.154296875
17 mlp.dense_h_to_4h
Quantizing ...
time 0.70
error 2034106.25
17 mlp.dense_4h_to_h
Quantizing ...
time 2.87
error 132724.4375
18 self_attention.query_key_value
Quantizing ...
time 1.25
error 2741516.0
18 self_attention.dense
Quantizing ...
time 0.68
error 33220.9765625
18 mlp.dense_h_to_4h
Quantizing ...
time 0.67
error 2105966.0
18 mlp.dense_4h_to_h
Quantizing ...
time 2.85
error 159150.46875
19 self_attention.query_key_value
Quantizing ...
time 1.24
error 2508643.25
19 self_attention.dense
Quantizing ...
time 0.68
error 33459.89453125
19 mlp.dense_h_to_4h
Quantizing ...
time 0.69
error 2070969.0
19 mlp.dense_4h_to_h
Quantizing ...
time 2.89
error 187771.75
20 self_attention.query_key_value
Quantizing ...
time 1.25
error 2368196.0
20 self_attention.dense
Quantizing ...
time 0.68
error 53654.6953125
20 mlp.dense_h_to_4h
Quantizing ...
time 0.69
error 1983489.125
20 mlp.dense_4h_to_h
Quantizing ...
time 2.89
error 181774.125
21 self_attention.query_key_value
Quantizing ...
time 1.25
error 2390800.75
21 self_attention.dense
Quantizing ...
time 0.68
error 69013.7890625
21 mlp.dense_h_to_4h
Quantizing ...
time 0.69
error 1801909.125
21 mlp.dense_4h_to_h
Quantizing ...
time 2.85
error 195101.921875
22 self_attention.query_key_value
Quantizing ...
time 1.25
error 2039728.75
22 self_attention.dense
Quantizing ...
time 0.68
error 76528.2578125
22 mlp.dense_h_to_4h
Quantizing ...
time 0.69
error 1568743.25
22 mlp.dense_4h_to_h
Quantizing ...
time 2.87
error 244371.359375
23 self_attention.query_key_value
Quantizing ...
time 1.27
error 1264805.125
23 self_attention.dense
Quantizing ...
time 0.70
error 26876.515625
23 mlp.dense_h_to_4h
Quantizing ...
time 0.71
error 1535586.5
23 mlp.dense_4h_to_h
Quantizing ...
time 2.89
error 211155.546875
226.5159032344818
wikitext2
Evaluation...
0
1
2
3
4
5
6
7
8
9
10
11
12
13
14
15
16
17
18
19
20
21
22
23
1757.198486328125
ptb-new
Evaluation...
0
1
2
3
4
5
6
7
8
9
10
11
12
13
14
15
16
17
18
19
20
21
22
23
2141.013427734375
c4-new
Evaluation...
0
1
2
3
4
5
6
7
8
9
10
11
12
13
14
15
16
17
18
19
20
21
22
23
557.7855834960938
