CUDA extension not installed.
Starting ...
Ready.
0 self_attention.query_key_value
Quantizing ...
time 3.05
error 57651.77734375
0 self_attention.dense
Quantizing ...
time 0.89
error 494.37286376953125
0 mlp.dense_h_to_4h
Quantizing ...
time 0.91
error 42626.765625
0 mlp.dense_4h_to_h
Quantizing ...
time 3.83
error 2425.29931640625
1 self_attention.query_key_value
Quantizing ...
time 1.76
error 79286.8671875
1 self_attention.dense
Quantizing ...
time 0.88
error 599.6509399414062
1 mlp.dense_h_to_4h
Quantizing ...
time 0.89
error 35692.9921875
1 mlp.dense_4h_to_h
Quantizing ...
time 3.83
error 2811.9521484375
2 self_attention.query_key_value
Quantizing ...
time 1.75
error 72450.7421875
2 self_attention.dense
Quantizing ...
time 0.87
error 662.2620239257812
2 mlp.dense_h_to_4h
Quantizing ...
time 0.90
error 36257.23828125
2 mlp.dense_4h_to_h
Quantizing ...
time 3.87
error 2972.63916015625
3 self_attention.query_key_value
Quantizing ...
time 1.76
error 66251.25
3 self_attention.dense
Quantizing ...
time 0.88
error 713.5595703125
3 mlp.dense_h_to_4h
Quantizing ...
time 0.90
error 36249.015625
3 mlp.dense_4h_to_h
Quantizing ...
time 3.81
error 3153.062255859375
4 self_attention.query_key_value
Quantizing ...
time 1.76
error 63465.421875
4 self_attention.dense
Quantizing ...
time 0.89
error 748.849853515625
4 mlp.dense_h_to_4h
Quantizing ...
time 0.90
error 33347.8984375
4 mlp.dense_4h_to_h
Quantizing ...
time 3.87
error 3281.248291015625
5 self_attention.query_key_value
Quantizing ...
time 1.76
error 66288.65625
5 self_attention.dense
Quantizing ...
time 0.90
error 954.021484375
5 mlp.dense_h_to_4h
Quantizing ...
time 0.91
error 32067.04296875
5 mlp.dense_4h_to_h
Quantizing ...
time 3.84
error 3600.0166015625
6 self_attention.query_key_value
Quantizing ...
time 1.76
error 71753.515625
6 self_attention.dense
Quantizing ...
time 0.88
error 1055.643798828125
6 mlp.dense_h_to_4h
Quantizing ...
time 0.91
error 38591.390625
6 mlp.dense_4h_to_h
Quantizing ...
time 3.85
error 4325.7265625
7 self_attention.query_key_value
Quantizing ...
time 1.76
error 82481.1875
7 self_attention.dense
Quantizing ...
time 0.89
error 1283.203125
7 mlp.dense_h_to_4h
Quantizing ...
time 0.90
error 43260.26953125
7 mlp.dense_4h_to_h
Quantizing ...
time 3.84
error 3740.66015625
8 self_attention.query_key_value
Quantizing ...
time 1.77
error 92399.390625
8 self_attention.dense
Quantizing ...
time 0.89
error 1950.183349609375
8 mlp.dense_h_to_4h
Quantizing ...
time 0.91
error 60700.13671875
8 mlp.dense_4h_to_h
Quantizing ...
time 3.84
error 5485.595703125
9 self_attention.query_key_value
Quantizing ...
time 1.77
error 100684.359375
9 self_attention.dense
Quantizing ...
time 0.88
error 2337.666015625
9 mlp.dense_h_to_4h
Quantizing ...
time 0.91
error 72874.3203125
9 mlp.dense_4h_to_h
Quantizing ...
time 3.84
error 7190.13720703125
10 self_attention.query_key_value
Quantizing ...
time 1.76
error 107841.921875
10 self_attention.dense
Quantizing ...
time 0.89
error 2297.472412109375
10 mlp.dense_h_to_4h
Quantizing ...
time 0.90
error 93478.53125
10 mlp.dense_4h_to_h
Quantizing ...
time 3.85
error 9390.421875
11 self_attention.query_key_value
Quantizing ...
time 1.76
error 115880.390625
11 self_attention.dense
Quantizing ...
time 0.88
error 1993.43212890625
11 mlp.dense_h_to_4h
Quantizing ...
time 0.90
error 102638.0
11 mlp.dense_4h_to_h
Quantizing ...
time 3.83
error 10263.755859375
12 self_attention.query_key_value
Quantizing ...
time 1.76
error 151629.859375
12 self_attention.dense
Quantizing ...
time 0.88
error 2223.112548828125
12 mlp.dense_h_to_4h
Quantizing ...
time 0.89
error 82246.15625
12 mlp.dense_4h_to_h
Quantizing ...
time 3.82
error 7838.212890625
13 self_attention.query_key_value
Quantizing ...
time 1.76
error 143220.15625
13 self_attention.dense
Quantizing ...
time 0.89
error 2297.8134765625
13 mlp.dense_h_to_4h
Quantizing ...
time 0.90
error 77193.359375
13 mlp.dense_4h_to_h
Quantizing ...
time 3.82
error 7068.33642578125
14 self_attention.query_key_value
Quantizing ...
time 1.76
error 145701.140625
14 self_attention.dense
Quantizing ...
time 0.89
error 2407.7646484375
14 mlp.dense_h_to_4h
Quantizing ...
time 0.90
error 98878.078125
14 mlp.dense_4h_to_h
Quantizing ...
time 3.85
error 8383.6328125
15 self_attention.query_key_value
Quantizing ...
time 1.77
error 171727.09375
15 self_attention.dense
Quantizing ...
time 0.89
error 2679.464599609375
15 mlp.dense_h_to_4h
Quantizing ...
time 0.91
error 109714.09375
15 mlp.dense_4h_to_h
Quantizing ...
time 3.82
error 9788.15234375
16 self_attention.query_key_value
Quantizing ...
time 1.76
error 176807.875
16 self_attention.dense
Quantizing ...
time 0.88
error 2564.650146484375
16 mlp.dense_h_to_4h
Quantizing ...
time 0.91
error 117249.515625
16 mlp.dense_4h_to_h
Quantizing ...
time 3.84
error 10127.05078125
17 self_attention.query_key_value
Quantizing ...
time 1.76
error 160153.78125
17 self_attention.dense
Quantizing ...
time 0.90
error 2620.125244140625
17 mlp.dense_h_to_4h
Quantizing ...
time 0.90
error 116195.890625
17 mlp.dense_4h_to_h
Quantizing ...
time 3.85
error 10063.4208984375
18 self_attention.query_key_value
Quantizing ...
time 1.76
error 179562.71875
18 self_attention.dense
Quantizing ...
time 0.89
error 2714.5625
18 mlp.dense_h_to_4h
Quantizing ...
time 0.92
error 117770.53125
18 mlp.dense_4h_to_h
Quantizing ...
time 3.94
error 11139.7958984375
19 self_attention.query_key_value
Quantizing ...
time 1.76
error 175559.375
19 self_attention.dense
Quantizing ...
time 0.89
error 2765.268310546875
19 mlp.dense_h_to_4h
Quantizing ...
time 0.90
error 119909.5390625
19 mlp.dense_4h_to_h
Quantizing ...
time 3.85
error 12046.41015625
20 self_attention.query_key_value
Quantizing ...
time 1.77
error 181940.953125
20 self_attention.dense
Quantizing ...
time 0.89
error 3438.259765625
20 mlp.dense_h_to_4h
Quantizing ...
time 0.91
error 122444.234375
20 mlp.dense_4h_to_h
Quantizing ...
time 3.87
error 15945.9482421875
21 self_attention.query_key_value
Quantizing ...
time 1.77
error 172178.46875
21 self_attention.dense
Quantizing ...
time 0.89
error 3385.93359375
21 mlp.dense_h_to_4h
Quantizing ...
time 0.91
error 127012.5703125
21 mlp.dense_4h_to_h
Quantizing ...
time 3.83
error 18171.734375
22 self_attention.query_key_value
Quantizing ...
time 1.77
error 189199.953125
22 self_attention.dense
Quantizing ...
time 0.89
error 4765.3720703125
22 mlp.dense_h_to_4h
Quantizing ...
time 0.90
error 135740.4375
22 mlp.dense_4h_to_h
Quantizing ...
time 3.86
error 25383.962890625
23 self_attention.query_key_value
Quantizing ...
time 1.76
error 176633.296875
23 self_attention.dense
Quantizing ...
time 0.88
error 4967.3642578125
23 mlp.dense_h_to_4h
Quantizing ...
time 0.91
error 148920.53125
23 mlp.dense_4h_to_h
Quantizing ...
time 3.86
error 37018.25
24 self_attention.query_key_value
Quantizing ...
time 1.76
error 186621.90625
24 self_attention.dense
Quantizing ...
time 0.90
error 5360.8662109375
24 mlp.dense_h_to_4h
Quantizing ...
time 0.91
error 160440.703125
24 mlp.dense_4h_to_h
Quantizing ...
time 3.87
error 44666.29296875
25 self_attention.query_key_value
Quantizing ...
time 1.76
error 175111.84375
25 self_attention.dense
Quantizing ...
time 0.89
error 7523.6259765625
25 mlp.dense_h_to_4h
Quantizing ...
time 0.90
error 173765.890625
25 mlp.dense_4h_to_h
Quantizing ...
time 3.85
error 53978.96875
26 self_attention.query_key_value
Quantizing ...
time 1.77
error 173868.0625
26 self_attention.dense
Quantizing ...
time 0.90
error 9229.515625
26 mlp.dense_h_to_4h
Quantizing ...
time 0.90
error 183866.84375
26 mlp.dense_4h_to_h
Quantizing ...
time 3.83
error 64176.8828125
27 self_attention.query_key_value
Quantizing ...
time 1.76
error 168196.40625
27 self_attention.dense
Quantizing ...
time 0.87
error 11136.0966796875
27 mlp.dense_h_to_4h
Quantizing ...
time 0.91
error 188766.65625
27 mlp.dense_4h_to_h
Quantizing ...
time 3.79
error 79177.984375
28 self_attention.query_key_value
Quantizing ...
time 1.77
error 128530.8828125
28 self_attention.dense
Quantizing ...
time 0.89
error 7345.4453125
28 mlp.dense_h_to_4h
Quantizing ...
time 0.90
error 179038.25
28 mlp.dense_4h_to_h
Quantizing ...
time 3.83
error 77370.15625
29 self_attention.query_key_value
Quantizing ...
time 1.75
error 111383.34375
29 self_attention.dense
Quantizing ...
time 0.89
error 6056.46240234375
29 mlp.dense_h_to_4h
Quantizing ...
time 0.90
error 160172.65625
29 mlp.dense_4h_to_h
Quantizing ...
time 3.84
error 52461.8984375
414.06858229637146
wikitext2
Evaluation...
0
1
2
3
4
5
6
7
8
9
10
11
12
13
14
15
16
17
18
19
20
21
22
23
24
25
26
27
28
29
14.13064956665039
ptb-new
Evaluation...
0
1
2
3
4
5
6
7
8
9
10
11
12
13
14
15
16
17
18
19
20
21
22
23
24
25
26
27
28
29
26.872529983520508
c4-new
Evaluation...
0
1
2
3
4
5
6
7
8
9
10
11
12
13
14
15
16
17
18
19
20
21
22
23
24
25
26
27
28
29
18.06706428527832
