CUDA extension not installed.
Starting ...
Ready.
0 self_attention.query_key_value
Quantizing ...
time 0.57
error 92312.8125
0 self_attention.dense
Quantizing ...
time 0.33
error 323.4290466308594
0 mlp.dense_h_to_4h
Quantizing ...
time 0.33
error 92428.953125
0 mlp.dense_4h_to_h
Quantizing ...
time 1.60
error 2008.647216796875
1 self_attention.query_key_value
Quantizing ...
time 0.51
error 118450.1171875
1 self_attention.dense
Quantizing ...
time 0.32
error 361.2300720214844
1 mlp.dense_h_to_4h
Quantizing ...
time 0.33
error 113637.703125
1 mlp.dense_4h_to_h
Quantizing ...
time 1.31
error 2774.218505859375
2 self_attention.query_key_value
Quantizing ...
time 0.51
error 132477.78125
2 self_attention.dense
Quantizing ...
time 0.33
error 345.9444274902344
2 mlp.dense_h_to_4h
Quantizing ...
time 0.33
error 171088.390625
2 mlp.dense_4h_to_h
Quantizing ...
time 1.31
error 4230.1484375
3 self_attention.query_key_value
Quantizing ...
time 0.51
error 141029.875
3 self_attention.dense
Quantizing ...
time 0.33
error 506.63458251953125
3 mlp.dense_h_to_4h
Quantizing ...
time 0.38
error 189813.78125
3 mlp.dense_4h_to_h
Quantizing ...
time 1.57
error 5530.2275390625
4 self_attention.query_key_value
Quantizing ...
time 0.55
error 141779.25
4 self_attention.dense
Quantizing ...
time 0.36
error 621.2342529296875
4 mlp.dense_h_to_4h
Quantizing ...
time 0.36
error 175444.40625
4 mlp.dense_4h_to_h
Quantizing ...
time 1.45
error 5659.44140625
5 self_attention.query_key_value
Quantizing ...
time 0.53
error 162178.53125
5 self_attention.dense
Quantizing ...
time 0.34
error 994.0325317382812
5 mlp.dense_h_to_4h
Quantizing ...
time 0.36
error 149254.34375
5 mlp.dense_4h_to_h
Quantizing ...
time 1.46
error 4419.5771484375
6 self_attention.query_key_value
Quantizing ...
time 0.51
error 210038.5625
6 self_attention.dense
Quantizing ...
time 0.33
error 1337.2821044921875
6 mlp.dense_h_to_4h
Quantizing ...
time 0.33
error 180117.03125
6 mlp.dense_4h_to_h
Quantizing ...
time 1.31
error 4871.2138671875
7 self_attention.query_key_value
Quantizing ...
time 0.51
error 180707.484375
7 self_attention.dense
Quantizing ...
time 0.32
error 1107.10498046875
7 mlp.dense_h_to_4h
Quantizing ...
time 0.33
error 97073.0390625
7 mlp.dense_4h_to_h
Quantizing ...
time 1.31
error 3259.175048828125
8 self_attention.query_key_value
Quantizing ...
time 0.54
error 259180.34375
8 self_attention.dense
Quantizing ...
time 0.32
error 1241.9847412109375
8 mlp.dense_h_to_4h
Quantizing ...
time 0.32
error 69661.0625
8 mlp.dense_4h_to_h
Quantizing ...
time 1.30
error 2225.93798828125
9 self_attention.query_key_value
Quantizing ...
time 0.51
error 259074.015625
9 self_attention.dense
Quantizing ...
time 0.32
error 1203.33837890625
9 mlp.dense_h_to_4h
Quantizing ...
time 0.32
error 53926.515625
9 mlp.dense_4h_to_h
Quantizing ...
time 1.30
error 1796.324951171875
10 self_attention.query_key_value
Quantizing ...
time 0.51
error 380979.09375
10 self_attention.dense
Quantizing ...
time 0.33
error 1551.90234375
10 mlp.dense_h_to_4h
Quantizing ...
time 0.33
error 154203.046875
10 mlp.dense_4h_to_h
Quantizing ...
time 1.32
error 4374.4580078125
11 self_attention.query_key_value
Quantizing ...
time 0.51
error 270806.25
11 self_attention.dense
Quantizing ...
time 0.33
error 1319.9483642578125
11 mlp.dense_h_to_4h
Quantizing ...
time 0.33
error 159525.203125
11 mlp.dense_4h_to_h
Quantizing ...
time 1.34
error 4440.7568359375
12 self_attention.query_key_value
Quantizing ...
time 0.51
error 324959.15625
12 self_attention.dense
Quantizing ...
time 0.33
error 1319.01416015625
12 mlp.dense_h_to_4h
Quantizing ...
time 0.33
error 198389.28125
12 mlp.dense_4h_to_h
Quantizing ...
time 1.37
error 5026.2099609375
13 self_attention.query_key_value
Quantizing ...
time 0.55
error 315644.625
13 self_attention.dense
Quantizing ...
time 0.36
error 1409.001708984375
13 mlp.dense_h_to_4h
Quantizing ...
time 0.36
error 204320.25
13 mlp.dense_4h_to_h
Quantizing ...
time 1.34
error 5245.2890625
14 self_attention.query_key_value
Quantizing ...
time 0.50
error 313197.90625
14 self_attention.dense
Quantizing ...
time 0.32
error 1050.771484375
14 mlp.dense_h_to_4h
Quantizing ...
time 0.32
error 204505.03125
14 mlp.dense_4h_to_h
Quantizing ...
time 1.30
error 5751.509765625
15 self_attention.query_key_value
Quantizing ...
time 0.51
error 321509.0625
15 self_attention.dense
Quantizing ...
time 0.32
error 1231.280517578125
15 mlp.dense_h_to_4h
Quantizing ...
time 0.33
error 209432.53125
15 mlp.dense_4h_to_h
Quantizing ...
time 1.32
error 6086.5703125
16 self_attention.query_key_value
Quantizing ...
time 0.51
error 334672.1875
16 self_attention.dense
Quantizing ...
time 0.33
error 1315.469970703125
16 mlp.dense_h_to_4h
Quantizing ...
time 0.33
error 210726.421875
16 mlp.dense_4h_to_h
Quantizing ...
time 1.42
error 7262.97314453125
17 self_attention.query_key_value
Quantizing ...
time 0.51
error 293081.65625
17 self_attention.dense
Quantizing ...
time 0.32
error 1310.865478515625
17 mlp.dense_h_to_4h
Quantizing ...
time 0.32
error 214122.96875
17 mlp.dense_4h_to_h
Quantizing ...
time 1.30
error 9350.751953125
18 self_attention.query_key_value
Quantizing ...
time 0.51
error 317114.4375
18 self_attention.dense
Quantizing ...
time 0.32
error 1905.4375
18 mlp.dense_h_to_4h
Quantizing ...
time 0.33
error 221266.140625
18 mlp.dense_4h_to_h
Quantizing ...
time 1.31
error 11421.001953125
19 self_attention.query_key_value
Quantizing ...
time 0.51
error 321871.65625
19 self_attention.dense
Quantizing ...
time 0.32
error 2477.77880859375
19 mlp.dense_h_to_4h
Quantizing ...
time 0.32
error 231531.578125
19 mlp.dense_4h_to_h
Quantizing ...
time 1.31
error 14524.85546875
20 self_attention.query_key_value
Quantizing ...
time 0.51
error 340288.375
20 self_attention.dense
Quantizing ...
time 0.32
error 4647.7060546875
20 mlp.dense_h_to_4h
Quantizing ...
time 0.33
error 234761.875
20 mlp.dense_4h_to_h
Quantizing ...
time 1.30
error 21915.423828125
21 self_attention.query_key_value
Quantizing ...
time 0.51
error 382051.5
21 self_attention.dense
Quantizing ...
time 0.32
error 8987.3076171875
21 mlp.dense_h_to_4h
Quantizing ...
time 0.32
error 239309.21875
21 mlp.dense_4h_to_h
Quantizing ...
time 1.31
error 33598.109375
22 self_attention.query_key_value
Quantizing ...
time 0.53
error 339636.9375
22 self_attention.dense
Quantizing ...
time 0.32
error 8027.9033203125
22 mlp.dense_h_to_4h
Quantizing ...
time 0.32
error 252800.375
22 mlp.dense_4h_to_h
Quantizing ...
time 1.30
error 34411.09765625
23 self_attention.query_key_value
Quantizing ...
time 0.52
error 148978.1875
23 self_attention.dense
Quantizing ...
time 0.32
error 1377.875
23 mlp.dense_h_to_4h
Quantizing ...
time 0.33
error 241318.53125
23 mlp.dense_4h_to_h
Quantizing ...
time 1.32
error 13526.3095703125
100.97982358932495
wikitext2
Evaluation...
0
1
2
3
4
5
6
7
8
9
10
11
12
13
14
15
16
17
18
19
20
21
22
23
32.36879348754883
ptb-new
Evaluation...
0
1
2
3
4
5
6
7
8
9
10
11
12
13
14
15
16
17
18
19
20
21
22
23
67.07942199707031
c4-new
Evaluation...
0
1
2
3
4
5
6
7
8
9
10
11
12
13
14
15
16
17
18
19
20
21
22
23
35.641719818115234
