CUDA extension not installed.
Starting ...
Ready.
0 self_attention.query_key_value
Quantizing ...
time 1.09
error 480677.6875
0 self_attention.dense
Quantizing ...
time 0.33
error 1633.7325439453125
0 mlp.dense_h_to_4h
Quantizing ...
time 0.33
error 475432.0
0 mlp.dense_4h_to_h
Quantizing ...
time 1.34
error 9117.548828125
1 self_attention.query_key_value
Quantizing ...
time 0.73
error 630473.8125
1 self_attention.dense
Quantizing ...
time 0.33
error 1761.552734375
1 mlp.dense_h_to_4h
Quantizing ...
time 0.33
error 604864.1875
1 mlp.dense_4h_to_h
Quantizing ...
time 1.32
error 11308.802734375
2 self_attention.query_key_value
Quantizing ...
time 0.52
error 733001.75
2 self_attention.dense
Quantizing ...
time 0.33
error 1461.752685546875
2 mlp.dense_h_to_4h
Quantizing ...
time 0.33
error 942239.3125
2 mlp.dense_4h_to_h
Quantizing ...
time 1.34
error 15762.423828125
3 self_attention.query_key_value
Quantizing ...
time 0.52
error 792904.625
3 self_attention.dense
Quantizing ...
time 0.33
error 2119.20947265625
3 mlp.dense_h_to_4h
Quantizing ...
time 0.33
error 1070125.0
3 mlp.dense_4h_to_h
Quantizing ...
time 1.34
error 20505.76953125
4 self_attention.query_key_value
Quantizing ...
time 0.51
error 814784.6875
4 self_attention.dense
Quantizing ...
time 0.33
error 2471.41650390625
4 mlp.dense_h_to_4h
Quantizing ...
time 0.33
error 999915.625
4 mlp.dense_4h_to_h
Quantizing ...
time 1.32
error 21505.5078125
5 self_attention.query_key_value
Quantizing ...
time 0.52
error 943695.25
5 self_attention.dense
Quantizing ...
time 0.32
error 3816.30029296875
5 mlp.dense_h_to_4h
Quantizing ...
time 0.33
error 842452.375
5 mlp.dense_4h_to_h
Quantizing ...
time 1.31
error 16981.6171875
6 self_attention.query_key_value
Quantizing ...
time 0.53
error 1202492.25
6 self_attention.dense
Quantizing ...
time 0.32
error 5177.16162109375
6 mlp.dense_h_to_4h
Quantizing ...
time 0.33
error 1022625.875
6 mlp.dense_4h_to_h
Quantizing ...
time 1.33
error 18545.69921875
7 self_attention.query_key_value
Quantizing ...
time 0.51
error 1031892.125
7 self_attention.dense
Quantizing ...
time 0.32
error 4817.205078125
7 mlp.dense_h_to_4h
Quantizing ...
time 0.33
error 547887.4375
7 mlp.dense_4h_to_h
Quantizing ...
time 1.33
error 12580.9970703125
8 self_attention.query_key_value
Quantizing ...
time 0.51
error 1521563.5
8 self_attention.dense
Quantizing ...
time 0.32
error 3690.346435546875
8 mlp.dense_h_to_4h
Quantizing ...
time 0.32
error 393357.9375
8 mlp.dense_4h_to_h
Quantizing ...
time 1.32
error 8627.5458984375
9 self_attention.query_key_value
Quantizing ...
time 0.51
error 1424363.375
9 self_attention.dense
Quantizing ...
time 0.32
error 4057.47900390625
9 mlp.dense_h_to_4h
Quantizing ...
time 0.32
error 290529.1875
9 mlp.dense_4h_to_h
Quantizing ...
time 1.34
error 6615.28857421875
10 self_attention.query_key_value
Quantizing ...
time 0.52
error 2047498.75
10 self_attention.dense
Quantizing ...
time 0.34
error 4298.4384765625
10 mlp.dense_h_to_4h
Quantizing ...
time 0.33
error 837730.875
10 mlp.dense_4h_to_h
Quantizing ...
time 1.35
error 14414.705078125
11 self_attention.query_key_value
Quantizing ...
time 0.52
error 1420387.25
11 self_attention.dense
Quantizing ...
time 0.33
error 3469.12255859375
11 mlp.dense_h_to_4h
Quantizing ...
time 0.34
error 849714.75
11 mlp.dense_4h_to_h
Quantizing ...
time 1.33
error 15058.98828125
12 self_attention.query_key_value
Quantizing ...
time 0.52
error 1664388.25
12 self_attention.dense
Quantizing ...
time 0.33
error 3846.60498046875
12 mlp.dense_h_to_4h
Quantizing ...
time 0.33
error 1054308.5
12 mlp.dense_4h_to_h
Quantizing ...
time 1.33
error 16484.01953125
13 self_attention.query_key_value
Quantizing ...
time 0.52
error 1547067.75
13 self_attention.dense
Quantizing ...
time 0.33
error 3454.896728515625
13 mlp.dense_h_to_4h
Quantizing ...
time 0.33
error 1059821.5
13 mlp.dense_4h_to_h
Quantizing ...
time 1.34
error 15159.5439453125
14 self_attention.query_key_value
Quantizing ...
time 0.52
error 1470776.0
14 self_attention.dense
Quantizing ...
time 0.33
error 2463.32177734375
14 mlp.dense_h_to_4h
Quantizing ...
time 0.33
error 1044878.625
14 mlp.dense_4h_to_h
Quantizing ...
time 1.48
error 15524.8984375
15 self_attention.query_key_value
Quantizing ...
time 0.54
error 1516842.5
15 self_attention.dense
Quantizing ...
time 0.35
error 2047.8818359375
15 mlp.dense_h_to_4h
Quantizing ...
time 0.35
error 1057073.5
15 mlp.dense_4h_to_h
Quantizing ...
time 1.35
error 16507.875
16 self_attention.query_key_value
Quantizing ...
time 0.52
error 1518545.875
16 self_attention.dense
Quantizing ...
time 0.33
error 2250.126953125
16 mlp.dense_h_to_4h
Quantizing ...
time 0.33
error 1036794.3125
16 mlp.dense_4h_to_h
Quantizing ...
time 1.38
error 18888.884765625
17 self_attention.query_key_value
Quantizing ...
time 0.52
error 1327482.5
17 self_attention.dense
Quantizing ...
time 0.32
error 2711.005615234375
17 mlp.dense_h_to_4h
Quantizing ...
time 0.33
error 1008662.375
17 mlp.dense_4h_to_h
Quantizing ...
time 1.32
error 22301.17578125
18 self_attention.query_key_value
Quantizing ...
time 0.52
error 1394406.25
18 self_attention.dense
Quantizing ...
time 0.33
error 4195.35546875
18 mlp.dense_h_to_4h
Quantizing ...
time 0.33
error 997665.4375
18 mlp.dense_4h_to_h
Quantizing ...
time 1.34
error 26439.583984375
19 self_attention.query_key_value
Quantizing ...
time 0.53
error 1349138.0
19 self_attention.dense
Quantizing ...
time 0.34
error 6474.7431640625
19 mlp.dense_h_to_4h
Quantizing ...
time 0.34
error 1022147.3125
19 mlp.dense_4h_to_h
Quantizing ...
time 1.38
error 30304.34375
20 self_attention.query_key_value
Quantizing ...
time 0.52
error 1385379.5
20 self_attention.dense
Quantizing ...
time 0.33
error 11963.3408203125
20 mlp.dense_h_to_4h
Quantizing ...
time 0.33
error 945495.125
20 mlp.dense_4h_to_h
Quantizing ...
time 1.36
error 38712.2890625
21 self_attention.query_key_value
Quantizing ...
time 0.51
error 1517490.875
21 self_attention.dense
Quantizing ...
time 0.32
error 26290.1640625
21 mlp.dense_h_to_4h
Quantizing ...
time 0.32
error 898817.5
21 mlp.dense_4h_to_h
Quantizing ...
time 1.32
error 65458.90625
22 self_attention.query_key_value
Quantizing ...
time 0.51
error 1457585.25
22 self_attention.dense
Quantizing ...
time 0.33
error 25768.396484375
22 mlp.dense_h_to_4h
Quantizing ...
time 0.32
error 923795.1875
22 mlp.dense_4h_to_h
Quantizing ...
time 1.30
error 82164.0625
23 self_attention.query_key_value
Quantizing ...
time 0.51
error 589904.0
23 self_attention.dense
Quantizing ...
time 0.32
error 5265.38525390625
23 mlp.dense_h_to_4h
Quantizing ...
time 0.32
error 906533.875
23 mlp.dense_4h_to_h
Quantizing ...
time 1.31
error 36482.671875
103.33676981925964
wikitext2
Evaluation...
0
1
2
3
4
5
6
7
8
9
10
11
12
13
14
15
16
17
18
19
20
21
22
23
1656.9163818359375
ptb-new
Evaluation...
0
1
2
3
4
5
6
7
8
9
10
11
12
13
14
15
16
17
18
19
20
21
22
23
5750.03076171875
c4-new
Evaluation...
0
1
2
3
4
5
6
7
8
9
10
11
12
13
14
15
16
17
18
19
20
21
22
23
731.5079345703125
