CUDA extension not installed.
Starting ...
Ready.
0 self_attention.query_key_value
Quantizing ...
time 0.58
error 20086.3046875
0 self_attention.dense
Quantizing ...
time 0.34
error 71.20955657958984
0 mlp.dense_h_to_4h
Quantizing ...
time 0.34
error 20189.376953125
0 mlp.dense_4h_to_h
Quantizing ...
time 1.35
error 461.6363525390625
1 self_attention.query_key_value
Quantizing ...
time 0.52
error 25660.978515625
1 self_attention.dense
Quantizing ...
time 0.33
error 82.09046936035156
1 mlp.dense_h_to_4h
Quantizing ...
time 0.34
error 24724.4921875
1 mlp.dense_4h_to_h
Quantizing ...
time 1.34
error 642.5970458984375
2 self_attention.query_key_value
Quantizing ...
time 0.53
error 28358.12890625
2 self_attention.dense
Quantizing ...
time 0.35
error 79.74334716796875
2 mlp.dense_h_to_4h
Quantizing ...
time 0.36
error 36768.1953125
2 mlp.dense_4h_to_h
Quantizing ...
time 1.38
error 993.0050048828125
3 self_attention.query_key_value
Quantizing ...
time 0.53
error 29898.71484375
3 self_attention.dense
Quantizing ...
time 0.35
error 115.50346374511719
3 mlp.dense_h_to_4h
Quantizing ...
time 0.34
error 40517.046875
3 mlp.dense_4h_to_h
Quantizing ...
time 1.48
error 1302.0302734375
4 self_attention.query_key_value
Quantizing ...
time 0.52
error 29713.21875
4 self_attention.dense
Quantizing ...
time 0.33
error 141.81610107421875
4 mlp.dense_h_to_4h
Quantizing ...
time 0.34
error 37132.6796875
4 mlp.dense_4h_to_h
Quantizing ...
time 1.33
error 1299.713134765625
5 self_attention.query_key_value
Quantizing ...
time 0.53
error 33976.296875
5 self_attention.dense
Quantizing ...
time 0.33
error 226.34095764160156
5 mlp.dense_h_to_4h
Quantizing ...
time 0.34
error 31351.798828125
5 mlp.dense_4h_to_h
Quantizing ...
time 1.34
error 1048.568359375
6 self_attention.query_key_value
Quantizing ...
time 0.52
error 44843.6875
6 self_attention.dense
Quantizing ...
time 0.33
error 298.8341064453125
6 mlp.dense_h_to_4h
Quantizing ...
time 0.33
error 38431.95703125
6 mlp.dense_4h_to_h
Quantizing ...
time 1.34
error 1145.24169921875
7 self_attention.query_key_value
Quantizing ...
time 0.52
error 38784.5234375
7 self_attention.dense
Quantizing ...
time 0.34
error 248.9015655517578
7 mlp.dense_h_to_4h
Quantizing ...
time 0.34
error 20746.994140625
7 mlp.dense_4h_to_h
Quantizing ...
time 1.33
error 768.7464599609375
8 self_attention.query_key_value
Quantizing ...
time 0.53
error 56676.53515625
8 self_attention.dense
Quantizing ...
time 0.33
error 309.33221435546875
8 mlp.dense_h_to_4h
Quantizing ...
time 0.34
error 15005.78515625
8 mlp.dense_4h_to_h
Quantizing ...
time 1.36
error 535.45263671875
9 self_attention.query_key_value
Quantizing ...
time 0.52
error 57030.2734375
9 self_attention.dense
Quantizing ...
time 0.33
error 285.972412109375
9 mlp.dense_h_to_4h
Quantizing ...
time 0.33
error 11680.1376953125
9 mlp.dense_4h_to_h
Quantizing ...
time 1.34
error 430.7079162597656
10 self_attention.query_key_value
Quantizing ...
time 0.52
error 83611.546875
10 self_attention.dense
Quantizing ...
time 0.33
error 349.6064453125
10 mlp.dense_h_to_4h
Quantizing ...
time 0.34
error 33828.7265625
10 mlp.dense_4h_to_h
Quantizing ...
time 1.35
error 1092.136962890625
11 self_attention.query_key_value
Quantizing ...
time 0.53
error 60188.8359375
11 self_attention.dense
Quantizing ...
time 0.33
error 313.1264953613281
11 mlp.dense_h_to_4h
Quantizing ...
time 0.33
error 34981.1171875
11 mlp.dense_4h_to_h
Quantizing ...
time 1.35
error 1116.97802734375
12 self_attention.query_key_value
Quantizing ...
time 0.52
error 71998.859375
12 self_attention.dense
Quantizing ...
time 0.33
error 312.2488098144531
12 mlp.dense_h_to_4h
Quantizing ...
time 0.34
error 43540.8359375
12 mlp.dense_4h_to_h
Quantizing ...
time 1.35
error 1274.779052734375
13 self_attention.query_key_value
Quantizing ...
time 0.52
error 69585.1875
13 self_attention.dense
Quantizing ...
time 0.33
error 337.23834228515625
13 mlp.dense_h_to_4h
Quantizing ...
time 0.33
error 44593.52734375
13 mlp.dense_4h_to_h
Quantizing ...
time 1.34
error 1305.376220703125
14 self_attention.query_key_value
Quantizing ...
time 0.53
error 69257.703125
14 self_attention.dense
Quantizing ...
time 0.34
error 252.71316528320312
14 mlp.dense_h_to_4h
Quantizing ...
time 0.34
error 44790.73828125
14 mlp.dense_4h_to_h
Quantizing ...
time 1.36
error 1447.2537841796875
15 self_attention.query_key_value
Quantizing ...
time 0.53
error 71224.625
15 self_attention.dense
Quantizing ...
time 0.33
error 294.9545593261719
15 mlp.dense_h_to_4h
Quantizing ...
time 0.34
error 45989.2578125
15 mlp.dense_4h_to_h
Quantizing ...
time 1.35
error 1523.10693359375
16 self_attention.query_key_value
Quantizing ...
time 0.53
error 74293.859375
16 self_attention.dense
Quantizing ...
time 0.34
error 292.84271240234375
16 mlp.dense_h_to_4h
Quantizing ...
time 0.34
error 46412.140625
16 mlp.dense_4h_to_h
Quantizing ...
time 1.35
error 1795.2711181640625
17 self_attention.query_key_value
Quantizing ...
time 0.53
error 65095.734375
17 self_attention.dense
Quantizing ...
time 0.34
error 309.28399658203125
17 mlp.dense_h_to_4h
Quantizing ...
time 0.34
error 46945.16015625
17 mlp.dense_4h_to_h
Quantizing ...
time 1.41
error 2349.48095703125
18 self_attention.query_key_value
Quantizing ...
time 0.44
error 71088.203125
18 self_attention.dense
Quantizing ...
time 0.33
error 429.56353759765625
18 mlp.dense_h_to_4h
Quantizing ...
time 0.34
error 48719.40234375
18 mlp.dense_4h_to_h
Quantizing ...
time 1.36
error 2905.803466796875
19 self_attention.query_key_value
Quantizing ...
time 0.53
error 71878.875
19 self_attention.dense
Quantizing ...
time 0.33
error 530.0980224609375
19 mlp.dense_h_to_4h
Quantizing ...
time 0.34
error 50943.7578125
19 mlp.dense_4h_to_h
Quantizing ...
time 1.36
error 3799.1484375
20 self_attention.query_key_value
Quantizing ...
time 0.52
error 76457.265625
20 self_attention.dense
Quantizing ...
time 0.34
error 1012.6165771484375
20 mlp.dense_h_to_4h
Quantizing ...
time 0.34
error 52532.4609375
20 mlp.dense_4h_to_h
Quantizing ...
time 1.35
error 6128.517578125
21 self_attention.query_key_value
Quantizing ...
time 0.53
error 85289.125
21 self_attention.dense
Quantizing ...
time 0.33
error 2189.015625
21 mlp.dense_h_to_4h
Quantizing ...
time 0.34
error 56383.59765625
21 mlp.dense_4h_to_h
Quantizing ...
time 1.35
error 10589.0478515625
22 self_attention.query_key_value
Quantizing ...
time 0.53
error 75172.296875
22 self_attention.dense
Quantizing ...
time 0.34
error 2333.316650390625
22 mlp.dense_h_to_4h
Quantizing ...
time 0.34
error 57854.59375
22 mlp.dense_4h_to_h
Quantizing ...
time 1.35
error 10480.525390625
23 self_attention.query_key_value
Quantizing ...
time 0.54
error 33948.46484375
23 self_attention.dense
Quantizing ...
time 0.33
error 426.64532470703125
23 mlp.dense_h_to_4h
Quantizing ...
time 0.33
error 55492.8671875
23 mlp.dense_4h_to_h
Quantizing ...
time 1.36
error 3779.8115234375
100.44707083702087
wikitext2
Evaluation...
0
1
2
3
4
5
6
7
8
9
10
11
12
13
14
15
16
17
18
19
20
21
22
23
24.06695556640625
ptb-new
Evaluation...
0
1
2
3
4
5
6
7
8
9
10
11
12
13
14
15
16
17
18
19
20
21
22
23
47.678462982177734
c4-new
Evaluation...
0
1
2
3
4
5
6
7
8
9
10
11
12
13
14
15
16
17
18
19
20
21
22
23
28.00834083557129
