CUDA extension not installed.
Starting ...
Ready.
0 self_attention.query_key_value
Quantizing ...
time 4.76
error 236320.875
0 self_attention.dense
Quantizing ...
time 1.43
error 2311.16162109375
0 mlp.dense_h_to_4h
Quantizing ...
time 1.43
error 636609.375
0 mlp.dense_4h_to_h
Quantizing ...
time 6.92
error 30539.97265625
1 self_attention.query_key_value
Quantizing ...
time 3.31
error 409780.65625
1 self_attention.dense
Quantizing ...
time 1.29
error 5741.85693359375
1 mlp.dense_h_to_4h
Quantizing ...
time 1.32
error 572806.5
1 mlp.dense_4h_to_h
Quantizing ...
time 6.20
error 42029.76953125
2 self_attention.query_key_value
Quantizing ...
time 3.36
error 529993.5
2 self_attention.dense
Quantizing ...
time 1.34
error 7582.4931640625
2 mlp.dense_h_to_4h
Quantizing ...
time 1.30
error 249548.1875
2 mlp.dense_4h_to_h
Quantizing ...
time 6.14
error 24628.478515625
3 self_attention.query_key_value
Quantizing ...
time 3.33
error 374351.25
3 self_attention.dense
Quantizing ...
time 1.39
error 8698.603515625
3 mlp.dense_h_to_4h
Quantizing ...
time 1.36
error 144450.875
3 mlp.dense_4h_to_h
Quantizing ...
time 6.16
error 19221.408203125
4 self_attention.query_key_value
Quantizing ...
time 3.30
error 297914.0625
4 self_attention.dense
Quantizing ...
time 1.28
error 6939.970703125
4 mlp.dense_h_to_4h
Quantizing ...
time 1.31
error 115925.703125
4 mlp.dense_4h_to_h
Quantizing ...
time 6.17
error 16396.09765625
5 self_attention.query_key_value
Quantizing ...
time 3.32
error 319024.25
5 self_attention.dense
Quantizing ...
time 1.28
error 7555.9921875
5 mlp.dense_h_to_4h
Quantizing ...
time 1.32
error 138572.40625
5 mlp.dense_4h_to_h
Quantizing ...
time 6.17
error 20146.8515625
6 self_attention.query_key_value
Quantizing ...
time 3.32
error 411324.0
6 self_attention.dense
Quantizing ...
time 1.29
error 9266.75
6 mlp.dense_h_to_4h
Quantizing ...
time 1.32
error 196257.546875
6 mlp.dense_4h_to_h
Quantizing ...
time 6.20
error 27097.017578125
7 self_attention.query_key_value
Quantizing ...
time 3.31
error 398984.78125
7 self_attention.dense
Quantizing ...
time 1.28
error 9826.244140625
7 mlp.dense_h_to_4h
Quantizing ...
time 1.33
error 331266.0625
7 mlp.dense_4h_to_h
Quantizing ...
time 6.15
error 41308.77734375
8 self_attention.query_key_value
Quantizing ...
time 3.29
error 486334.75
8 self_attention.dense
Quantizing ...
time 1.28
error 11758.458984375
8 mlp.dense_h_to_4h
Quantizing ...
time 1.33
error 573778.6875
8 mlp.dense_4h_to_h
Quantizing ...
time 6.32
error 71554.7265625
9 self_attention.query_key_value
Quantizing ...
time 3.30
error 566076.5625
9 self_attention.dense
Quantizing ...
time 1.28
error 13646.0078125
9 mlp.dense_h_to_4h
Quantizing ...
time 1.31
error 695460.375
9 mlp.dense_4h_to_h
Quantizing ...
time 6.14
error 82408.578125
10 self_attention.query_key_value
Quantizing ...
time 3.29
error 665403.75
10 self_attention.dense
Quantizing ...
time 1.28
error 18246.431640625
10 mlp.dense_h_to_4h
Quantizing ...
time 1.33
error 763294.5
10 mlp.dense_4h_to_h
Quantizing ...
time 6.12
error 92614.2421875
11 self_attention.query_key_value
Quantizing ...
time 3.29
error 702271.875
11 self_attention.dense
Quantizing ...
time 1.29
error 18235.49609375
11 mlp.dense_h_to_4h
Quantizing ...
time 1.35
error 725439.75
11 mlp.dense_4h_to_h
Quantizing ...
time 6.25
error 84300.6796875
12 self_attention.query_key_value
Quantizing ...
time 3.30
error 906540.75
12 self_attention.dense
Quantizing ...
time 1.28
error 18868.94921875
12 mlp.dense_h_to_4h
Quantizing ...
time 1.33
error 779161.8125
12 mlp.dense_4h_to_h
Quantizing ...
time 6.19
error 88518.703125
13 self_attention.query_key_value
Quantizing ...
time 3.33
error 954134.3125
13 self_attention.dense
Quantizing ...
time 1.36
error 23005.12890625
13 mlp.dense_h_to_4h
Quantizing ...
time 1.36
error 806466.5
13 mlp.dense_4h_to_h
Quantizing ...
time 6.32
error 103311.5546875
14 self_attention.query_key_value
Quantizing ...
time 3.30
error 1169644.375
14 self_attention.dense
Quantizing ...
time 1.35
error 23428.5546875
14 mlp.dense_h_to_4h
Quantizing ...
time 1.32
error 832699.5
14 mlp.dense_4h_to_h
Quantizing ...
time 6.15
error 99919.546875
15 self_attention.query_key_value
Quantizing ...
time 3.31
error 1215551.5
15 self_attention.dense
Quantizing ...
time 1.37
error 28040.875
15 mlp.dense_h_to_4h
Quantizing ...
time 1.38
error 879443.625
15 mlp.dense_4h_to_h
Quantizing ...
time 6.19
error 108401.21875
16 self_attention.query_key_value
Quantizing ...
time 3.29
error 1406368.25
16 self_attention.dense
Quantizing ...
time 1.30
error 35991.00390625
16 mlp.dense_h_to_4h
Quantizing ...
time 1.32
error 923859.25
16 mlp.dense_4h_to_h
Quantizing ...
time 6.22
error 123986.5234375
17 self_attention.query_key_value
Quantizing ...
time 3.31
error 1434710.5
17 self_attention.dense
Quantizing ...
time 1.30
error 35541.19921875
17 mlp.dense_h_to_4h
Quantizing ...
time 1.39
error 939914.5625
17 mlp.dense_4h_to_h
Quantizing ...
time 6.20
error 127884.5234375
18 self_attention.query_key_value
Quantizing ...
time 3.31
error 1518823.25
18 self_attention.dense
Quantizing ...
time 1.28
error 37960.140625
18 mlp.dense_h_to_4h
Quantizing ...
time 1.34
error 991625.125
18 mlp.dense_4h_to_h
Quantizing ...
time 6.30
error 136488.71875
19 self_attention.query_key_value
Quantizing ...
time 3.39
error 1331891.5
19 self_attention.dense
Quantizing ...
time 1.30
error 37905.71484375
19 mlp.dense_h_to_4h
Quantizing ...
time 1.35
error 1017005.8125
19 mlp.dense_4h_to_h
Quantizing ...
time 6.29
error 159759.375
20 self_attention.query_key_value
Quantizing ...
time 3.29
error 1391947.5
20 self_attention.dense
Quantizing ...
time 1.31
error 36898.90625
20 mlp.dense_h_to_4h
Quantizing ...
time 1.32
error 1109858.75
20 mlp.dense_4h_to_h
Quantizing ...
time 6.18
error 192768.953125
21 self_attention.query_key_value
Quantizing ...
time 3.33
error 1378632.0
21 self_attention.dense
Quantizing ...
time 1.29
error 41772.796875
21 mlp.dense_h_to_4h
Quantizing ...
time 1.33
error 1204829.625
21 mlp.dense_4h_to_h
Quantizing ...
time 6.37
error 244434.875
22 self_attention.query_key_value
Quantizing ...
time 3.31
error 1262502.625
22 self_attention.dense
Quantizing ...
time 1.27
error 41802.34765625
22 mlp.dense_h_to_4h
Quantizing ...
time 1.35
error 1347618.25
22 mlp.dense_4h_to_h
Quantizing ...
time 6.14
error 313568.96875
23 self_attention.query_key_value
Quantizing ...
time 3.32
error 1323646.25
23 self_attention.dense
Quantizing ...
time 1.31
error 56265.0546875
23 mlp.dense_h_to_4h
Quantizing ...
time 1.31
error 1538612.5
23 mlp.dense_4h_to_h
Quantizing ...
time 6.38
error 380496.3125
24 self_attention.query_key_value
Quantizing ...
time 3.30
error 1303795.0
24 self_attention.dense
Quantizing ...
time 1.28
error 63275.3828125
24 mlp.dense_h_to_4h
Quantizing ...
time 1.33
error 1727476.0
24 mlp.dense_4h_to_h
Quantizing ...
time 6.16
error 476955.875
25 self_attention.query_key_value
Quantizing ...
time 3.29
error 1251565.125
25 self_attention.dense
Quantizing ...
time 1.33
error 76030.96875
25 mlp.dense_h_to_4h
Quantizing ...
time 1.32
error 1945014.5
25 mlp.dense_4h_to_h
Quantizing ...
time 6.18
error 557291.625
26 self_attention.query_key_value
Quantizing ...
time 3.30
error 1145636.5
26 self_attention.dense
Quantizing ...
time 1.30
error 90839.015625
26 mlp.dense_h_to_4h
Quantizing ...
time 1.32
error 2096226.5
26 mlp.dense_4h_to_h
Quantizing ...
time 6.14
error 659796.6875
27 self_attention.query_key_value
Quantizing ...
time 3.28
error 1209697.0
27 self_attention.dense
Quantizing ...
time 1.28
error 111635.96875
27 mlp.dense_h_to_4h
Quantizing ...
time 1.31
error 2033297.25
27 mlp.dense_4h_to_h
Quantizing ...
time 6.15
error 835835.625
28 self_attention.query_key_value
Quantizing ...
time 3.28
error 879285.0
28 self_attention.dense
Quantizing ...
time 1.28
error 78010.0625
28 mlp.dense_h_to_4h
Quantizing ...
time 1.33
error 1820607.5
28 mlp.dense_4h_to_h
Quantizing ...
time 6.10
error 902079.3125
29 self_attention.query_key_value
Quantizing ...
time 3.30
error 696954.5625
29 self_attention.dense
Quantizing ...
time 1.28
error 41123.05078125
29 mlp.dense_h_to_4h
Quantizing ...
time 1.31
error 1459008.375
29 mlp.dense_4h_to_h
Quantizing ...
time 6.14
error 630986.5
768.6807539463043
wikitext2
Evaluation...
0
1
2
3
4
5
6
7
8
9
10
11
12
13
14
15
16
17
18
19
20
21
22
23
24
25
26
27
28
29
13.75413990020752
ptb-new
Evaluation...
0
1
2
3
4
5
6
7
8
9
10
11
12
13
14
15
16
17
18
19
20
21
22
23
24
25
26
27
28
29
26.482933044433594
c4-new
Evaluation...
0
1
2
3
4
5
6
7
8
9
10
11
12
13
14
15
16
17
18
19
20
21
22
23
24
25
26
27
28
29
17.6307430267334
