CUDA extension not installed.
Starting ...
Ready.
0 self_attention.query_key_value
Quantizing ...
time 5.27
error 1138552.0
0 self_attention.dense
Quantizing ...
time 1.37
error 11492.7587890625
0 mlp.dense_h_to_4h
Quantizing ...
time 1.40
error 3256946.75
0 mlp.dense_4h_to_h
Quantizing ...
time 6.75
error 138723.921875
1 self_attention.query_key_value
Quantizing ...
time 3.36
error 2208929.0
1 self_attention.dense
Quantizing ...
time 1.34
error 24477.208984375
1 mlp.dense_h_to_4h
Quantizing ...
time 1.38
error 3153309.25
1 mlp.dense_4h_to_h
Quantizing ...
time 6.42
error 182485.875
2 self_attention.query_key_value
Quantizing ...
time 3.40
error 3057073.0
2 self_attention.dense
Quantizing ...
time 1.33
error 24940.951171875
2 mlp.dense_h_to_4h
Quantizing ...
time 1.41
error 1474803.5
2 mlp.dense_4h_to_h
Quantizing ...
time 6.38
error 112820.5859375
3 self_attention.query_key_value
Quantizing ...
time 3.35
error 2248945.75
3 self_attention.dense
Quantizing ...
time 1.34
error 30491.671875
3 mlp.dense_h_to_4h
Quantizing ...
time 1.39
error 873593.625
3 mlp.dense_4h_to_h
Quantizing ...
time 6.39
error 86517.734375
4 self_attention.query_key_value
Quantizing ...
time 3.35
error 1804942.5
4 self_attention.dense
Quantizing ...
time 1.40
error 28712.9609375
4 mlp.dense_h_to_4h
Quantizing ...
time 1.37
error 684827.75
4 mlp.dense_4h_to_h
Quantizing ...
time 6.37
error 73427.25
5 self_attention.query_key_value
Quantizing ...
time 3.36
error 1920212.75
5 self_attention.dense
Quantizing ...
time 1.34
error 32559.173828125
5 mlp.dense_h_to_4h
Quantizing ...
time 1.38
error 798680.75
5 mlp.dense_4h_to_h
Quantizing ...
time 6.41
error 87519.359375
6 self_attention.query_key_value
Quantizing ...
time 3.36
error 2440485.5
6 self_attention.dense
Quantizing ...
time 1.36
error 38094.3203125
6 mlp.dense_h_to_4h
Quantizing ...
time 1.38
error 1136907.75
6 mlp.dense_4h_to_h
Quantizing ...
time 6.42
error 117020.34375
7 self_attention.query_key_value
Quantizing ...
time 3.35
error 2362272.0
7 self_attention.dense
Quantizing ...
time 1.33
error 41042.87890625
7 mlp.dense_h_to_4h
Quantizing ...
time 1.39
error 1982007.5
7 mlp.dense_4h_to_h
Quantizing ...
time 6.43
error 177983.21875
8 self_attention.query_key_value
Quantizing ...
time 3.35
error 2885547.0
8 self_attention.dense
Quantizing ...
time 1.38
error 49972.734375
8 mlp.dense_h_to_4h
Quantizing ...
time 1.36
error 3455208.25
8 mlp.dense_4h_to_h
Quantizing ...
time 6.40
error 291120.96875
9 self_attention.query_key_value
Quantizing ...
time 3.37
error 3385898.0
9 self_attention.dense
Quantizing ...
time 1.33
error 53093.04296875
9 mlp.dense_h_to_4h
Quantizing ...
time 1.37
error 4112781.0
9 mlp.dense_4h_to_h
Quantizing ...
time 6.39
error 323325.875
10 self_attention.query_key_value
Quantizing ...
time 3.35
error 3755185.5
10 self_attention.dense
Quantizing ...
time 1.35
error 63487.34765625
10 mlp.dense_h_to_4h
Quantizing ...
time 1.37
error 4436808.0
10 mlp.dense_4h_to_h
Quantizing ...
time 6.48
error 351246.5
11 self_attention.query_key_value
Quantizing ...
time 3.35
error 3801125.5
11 self_attention.dense
Quantizing ...
time 1.34
error 66859.765625
11 mlp.dense_h_to_4h
Quantizing ...
time 1.38
error 4270872.0
11 mlp.dense_4h_to_h
Quantizing ...
time 6.41
error 327859.875
12 self_attention.query_key_value
Quantizing ...
time 3.36
error 4691249.5
12 self_attention.dense
Quantizing ...
time 1.34
error 69327.546875
12 mlp.dense_h_to_4h
Quantizing ...
time 1.39
error 4605257.0
12 mlp.dense_4h_to_h
Quantizing ...
time 6.39
error 344370.75
13 self_attention.query_key_value
Quantizing ...
time 3.36
error 4932969.0
13 self_attention.dense
Quantizing ...
time 1.35
error 80098.640625
13 mlp.dense_h_to_4h
Quantizing ...
time 1.42
error 4585226.0
13 mlp.dense_4h_to_h
Quantizing ...
time 6.44
error 351451.6875
14 self_attention.query_key_value
Quantizing ...
time 3.38
error 5547394.5
14 self_attention.dense
Quantizing ...
time 1.34
error 80171.3046875
14 mlp.dense_h_to_4h
Quantizing ...
time 1.37
error 4550085.0
14 mlp.dense_4h_to_h
Quantizing ...
time 6.42
error 339418.21875
15 self_attention.query_key_value
Quantizing ...
time 3.36
error 5631625.5
15 self_attention.dense
Quantizing ...
time 1.34
error 98756.53125
15 mlp.dense_h_to_4h
Quantizing ...
time 1.38
error 4688276.0
15 mlp.dense_4h_to_h
Quantizing ...
time 6.41
error 344947.15625
16 self_attention.query_key_value
Quantizing ...
time 3.37
error 6246956.0
16 self_attention.dense
Quantizing ...
time 1.35
error 137141.09375
16 mlp.dense_h_to_4h
Quantizing ...
time 1.38
error 4863706.5
16 mlp.dense_4h_to_h
Quantizing ...
time 6.44
error 394158.4375
17 self_attention.query_key_value
Quantizing ...
time 3.36
error 6130574.5
17 self_attention.dense
Quantizing ...
time 1.33
error 128763.5859375
17 mlp.dense_h_to_4h
Quantizing ...
time 1.38
error 4842429.0
17 mlp.dense_4h_to_h
Quantizing ...
time 6.39
error 392991.03125
18 self_attention.query_key_value
Quantizing ...
time 3.35
error 6339840.0
18 self_attention.dense
Quantizing ...
time 1.34
error 131438.875
18 mlp.dense_h_to_4h
Quantizing ...
time 1.38
error 4952137.0
18 mlp.dense_4h_to_h
Quantizing ...
time 6.39
error 407302.75
19 self_attention.query_key_value
Quantizing ...
time 3.36
error 5484904.5
19 self_attention.dense
Quantizing ...
time 1.33
error 117298.9140625
19 mlp.dense_h_to_4h
Quantizing ...
time 1.38
error 4873970.0
19 mlp.dense_4h_to_h
Quantizing ...
time 6.41
error 460133.8125
20 self_attention.query_key_value
Quantizing ...
time 3.35
error 5541966.0
20 self_attention.dense
Quantizing ...
time 1.36
error 104738.28125
20 mlp.dense_h_to_4h
Quantizing ...
time 1.41
error 5054460.0
20 mlp.dense_4h_to_h
Quantizing ...
time 6.40
error 512544.625
21 self_attention.query_key_value
Quantizing ...
time 3.35
error 5273196.0
21 self_attention.dense
Quantizing ...
time 1.35
error 108084.234375
21 mlp.dense_h_to_4h
Quantizing ...
time 1.38
error 5172382.0
21 mlp.dense_4h_to_h
Quantizing ...
time 6.40
error 573048.5
22 self_attention.query_key_value
Quantizing ...
time 3.37
error 4590616.5
22 self_attention.dense
Quantizing ...
time 1.36
error 100225.90625
22 mlp.dense_h_to_4h
Quantizing ...
time 1.40
error 5453515.0
22 mlp.dense_4h_to_h
Quantizing ...
time 6.42
error 684332.75
23 self_attention.query_key_value
Quantizing ...
time 3.37
error 4722726.0
23 self_attention.dense
Quantizing ...
time 1.34
error 132983.375
23 mlp.dense_h_to_4h
Quantizing ...
time 1.42
error 5861131.0
23 mlp.dense_4h_to_h
Quantizing ...
time 6.36
error 767794.875
24 self_attention.query_key_value
Quantizing ...
time 3.35
error 4420865.5
24 self_attention.dense
Quantizing ...
time 1.35
error 146267.109375
24 mlp.dense_h_to_4h
Quantizing ...
time 1.37
error 6063627.0
24 mlp.dense_4h_to_h
Quantizing ...
time 6.40
error 869549.5
25 self_attention.query_key_value
Quantizing ...
time 3.35
error 4140820.0
25 self_attention.dense
Quantizing ...
time 1.36
error 181523.90625
25 mlp.dense_h_to_4h
Quantizing ...
time 1.37
error 6397151.0
25 mlp.dense_4h_to_h
Quantizing ...
time 6.43
error 979209.5
26 self_attention.query_key_value
Quantizing ...
time 3.36
error 3762563.0
26 self_attention.dense
Quantizing ...
time 1.34
error 246531.875
26 mlp.dense_h_to_4h
Quantizing ...
time 1.38
error 6553126.0
26 mlp.dense_4h_to_h
Quantizing ...
time 6.42
error 1095389.75
27 self_attention.query_key_value
Quantizing ...
time 3.36
error 3608338.0
27 self_attention.dense
Quantizing ...
time 1.34
error 279525.34375
27 mlp.dense_h_to_4h
Quantizing ...
time 1.37
error 5815870.0
27 mlp.dense_4h_to_h
Quantizing ...
time 6.44
error 1390802.125
28 self_attention.query_key_value
Quantizing ...
time 3.36
error 2629403.25
28 self_attention.dense
Quantizing ...
time 1.37
error 172081.59375
28 mlp.dense_h_to_4h
Quantizing ...
time 1.38
error 5272754.5
28 mlp.dense_4h_to_h
Quantizing ...
time 6.38
error 1639558.25
29 self_attention.query_key_value
Quantizing ...
time 3.37
error 1968282.5
29 self_attention.dense
Quantizing ...
time 1.35
error 99511.5234375
29 mlp.dense_h_to_4h
Quantizing ...
time 1.38
error 4086902.75
29 mlp.dense_4h_to_h
Quantizing ...
time 6.45
error 1192900.75
780.2511806488037
wikitext2
Evaluation...
0
1
2
3
4
5
6
7
8
9
10
11
12
13
14
15
16
17
18
19
20
21
22
23
24
25
26
27
28
29
203.22764587402344
ptb-new
Evaluation...
0
1
2
3
4
5
6
7
8
9
10
11
12
13
14
15
16
17
18
19
20
21
22
23
24
25
26
27
28
29
460.68927001953125
c4-new
Evaluation...
0
1
2
3
4
5
6
7
8
9
10
11
12
13
14
15
16
17
18
19
20
21
22
23
24
25
26
27
28
29
124.2974624633789
